# Filter Job
# Filter Node
# Job Trace
# Node Structure
# Backfill
# Start Window
# Basic Algorithm
# Info Collect
# Cqsim Sim
               
===============
===============
               
>>>>>>>>>>>>>>>>>>>>>>>>>>>>>>>>>>>>>>>>>>>>>
------------------------------
  Time: 1641021254.0
   {'type': 1, 'time': 1641021254.0, 'prio': 2, 'para': [1, 0]}
------------------------------
  Wait: []
  Run : []
------------------------------
  Tot:2180 Idle:2180 Avail:2180 
------------------------------
[Submit]  0
[Start]  0
               
>>>>>>>>>>>>>>>>>>>>>>>>>>>>>>>>>>>>>>>>>>>>>
------------------------------
  Time: 1641024170.25
   {'type': 1, 'time': 1641024170.25, 'prio': 1, 'para': [2, 0]}
------------------------------
  Wait: []
  Run : [0]
------------------------------
  Tot:2180 Idle:1924 Avail:1924 
------------------------------
[Finish]  0
               
>>>>>>>>>>>>>>>>>>>>>>>>>>>>>>>>>>>>>>>>>>>>>
------------------------------
  Time: 1641025710.0
   {'type': 1, 'time': 1641025710.0, 'prio': 2, 'para': [1, 1]}
------------------------------
  Wait: []
  Run : []
------------------------------
  Tot:2180 Idle:2180 Avail:2180 
------------------------------
[Submit]  1
[Start]  1
               
>>>>>>>>>>>>>>>>>>>>>>>>>>>>>>>>>>>>>>>>>>>>>
------------------------------
  Time: 1641025761.0
   {'type': 1, 'time': 1641025761.0, 'prio': 2, 'para': [1, 2]}
------------------------------
  Wait: []
  Run : [1]
------------------------------
  Tot:2180 Idle:1924 Avail:1924 
------------------------------
[Submit]  2
[Start]  2
               
>>>>>>>>>>>>>>>>>>>>>>>>>>>>>>>>>>>>>>>>>>>>>
------------------------------
  Time: 1641025805.0
   {'type': 1, 'time': 1641025805.0, 'prio': 1, 'para': [2, 1]}
------------------------------
  Wait: []
  Run : [1, 2]
------------------------------
  Tot:2180 Idle:1668 Avail:1668 
------------------------------
[Finish]  1
               
>>>>>>>>>>>>>>>>>>>>>>>>>>>>>>>>>>>>>>>>>>>>>
------------------------------
  Time: 1641025832.25
   {'type': 1, 'time': 1641025832.25, 'prio': 1, 'para': [2, 2]}
------------------------------
  Wait: []
  Run : [2]
------------------------------
  Tot:2180 Idle:1924 Avail:1924 
------------------------------
[Finish]  2
               
>>>>>>>>>>>>>>>>>>>>>>>>>>>>>>>>>>>>>>>>>>>>>
------------------------------
  Time: 1641027787.0
   {'type': 1, 'time': 1641027787.0, 'prio': 2, 'para': [1, 3]}
------------------------------
  Wait: []
  Run : []
------------------------------
  Tot:2180 Idle:2180 Avail:2180 
------------------------------
[Submit]  3
[Start]  3
               
>>>>>>>>>>>>>>>>>>>>>>>>>>>>>>>>>>>>>>>>>>>>>
------------------------------
  Time: 1641029579.0
   {'type': 1, 'time': 1641029579.0, 'prio': 2, 'para': [1, 4]}
------------------------------
  Wait: []
  Run : [3]
------------------------------
  Tot:2180 Idle:1924 Avail:1924 
------------------------------
[Submit]  4
[Start]  4
               
>>>>>>>>>>>>>>>>>>>>>>>>>>>>>>>>>>>>>>>>>>>>>
------------------------------
  Time: 1641032250.75
   {'type': 1, 'time': 1641032250.75, 'prio': 1, 'para': [2, 3]}
------------------------------
  Wait: []
  Run : [3, 4]
------------------------------
  Tot:2180 Idle:1284 Avail:1284 
------------------------------
[Finish]  3
               
>>>>>>>>>>>>>>>>>>>>>>>>>>>>>>>>>>>>>>>>>>>>>
------------------------------
  Time: 1641032812.0
   {'type': 1, 'time': 1641032812.0, 'prio': 2, 'para': [1, 5]}
------------------------------
  Wait: []
  Run : [4]
------------------------------
  Tot:2180 Idle:1540 Avail:1540 
------------------------------
[Submit]  5
[Start]  5
               
>>>>>>>>>>>>>>>>>>>>>>>>>>>>>>>>>>>>>>>>>>>>>
------------------------------
  Time: 1641036878.0
   {'type': 1, 'time': 1641036878.0, 'prio': 2, 'para': [1, 6]}
------------------------------
  Wait: []
  Run : [4, 5]
------------------------------
  Tot:2180 Idle:1284 Avail:1284 
------------------------------
[Submit]  6
[Start]  6
               
>>>>>>>>>>>>>>>>>>>>>>>>>>>>>>>>>>>>>>>>>>>>>
------------------------------
  Time: 1641037010.5
   {'type': 1, 'time': 1641037010.5, 'prio': 1, 'para': [2, 6]}
------------------------------
  Wait: []
  Run : [4, 5, 6]
------------------------------
  Tot:2180 Idle:1156 Avail:1156 
------------------------------
[Finish]  6
               
>>>>>>>>>>>>>>>>>>>>>>>>>>>>>>>>>>>>>>>>>>>>>
------------------------------
  Time: 1641037170.0
   {'type': 1, 'time': 1641037170.0, 'prio': 2, 'para': [1, 7]}
------------------------------
  Wait: []
  Run : [4, 5]
------------------------------
  Tot:2180 Idle:1284 Avail:1284 
------------------------------
[Submit]  7
[Start]  7
               
>>>>>>>>>>>>>>>>>>>>>>>>>>>>>>>>>>>>>>>>>>>>>
------------------------------
  Time: 1641037305.0
   {'type': 1, 'time': 1641037305.0, 'prio': 1, 'para': [2, 7]}
------------------------------
  Wait: []
  Run : [4, 5, 7]
------------------------------
  Tot:2180 Idle:1156 Avail:1156 
------------------------------
[Finish]  7
               
>>>>>>>>>>>>>>>>>>>>>>>>>>>>>>>>>>>>>>>>>>>>>
------------------------------
  Time: 1641039880.0
   {'type': 1, 'time': 1641039880.0, 'prio': 2, 'para': [1, 8]}
------------------------------
  Wait: []
  Run : [4, 5]
------------------------------
  Tot:2180 Idle:1284 Avail:1284 
------------------------------
[Submit]  8
[Start]  8
               
>>>>>>>>>>>>>>>>>>>>>>>>>>>>>>>>>>>>>>>>>>>>>
------------------------------
  Time: 1641039883.0
   {'type': 1, 'time': 1641039883.0, 'prio': 2, 'para': [1, 9]}
------------------------------
  Wait: []
  Run : [4, 5, 8]
------------------------------
  Tot:2180 Idle:1028 Avail:1028 
------------------------------
[Submit]  9
[Start]  9
               
>>>>>>>>>>>>>>>>>>>>>>>>>>>>>>>>>>>>>>>>>>>>>
------------------------------
  Time: 1641041569.5
   {'type': 1, 'time': 1641041569.5, 'prio': 1, 'para': [2, 5]}
------------------------------
  Wait: []
  Run : [4, 5, 8, 9]
------------------------------
  Tot:2180 Idle:516 Avail:516 
------------------------------
[Finish]  5
               
>>>>>>>>>>>>>>>>>>>>>>>>>>>>>>>>>>>>>>>>>>>>>
------------------------------
  Time: 1641042816.25
   {'type': 1, 'time': 1641042816.25, 'prio': 1, 'para': [2, 8]}
------------------------------
  Wait: []
  Run : [4, 8, 9]
------------------------------
  Tot:2180 Idle:772 Avail:772 
------------------------------
[Finish]  8
               
>>>>>>>>>>>>>>>>>>>>>>>>>>>>>>>>>>>>>>>>>>>>>
------------------------------
  Time: 1641044324.25
   {'type': 1, 'time': 1641044324.25, 'prio': 1, 'para': [2, 9]}
------------------------------
  Wait: []
  Run : [4, 9]
------------------------------
  Tot:2180 Idle:1028 Avail:1028 
------------------------------
[Finish]  9
               
>>>>>>>>>>>>>>>>>>>>>>>>>>>>>>>>>>>>>>>>>>>>>
------------------------------
  Time: 1641045002.75
   {'type': 1, 'time': 1641045002.75, 'prio': 1, 'para': [2, 4]}
------------------------------
  Wait: []
  Run : [4]
------------------------------
  Tot:2180 Idle:1540 Avail:1540 
------------------------------
[Finish]  4
               
>>>>>>>>>>>>>>>>>>>>>>>>>>>>>>>>>>>>>>>>>>>>>
------------------------------
  Time: 1641056470.0
   {'type': 1, 'time': 1641056470.0, 'prio': 2, 'para': [1, 10]}
------------------------------
  Wait: []
  Run : []
------------------------------
  Tot:2180 Idle:2180 Avail:2180 
------------------------------
[Submit]  10
[Start]  10
               
>>>>>>>>>>>>>>>>>>>>>>>>>>>>>>>>>>>>>>>>>>>>>
------------------------------
  Time: 1641057716.0
   {'type': 1, 'time': 1641057716.0, 'prio': 2, 'para': [1, 11]}
------------------------------
  Wait: []
  Run : [10]
------------------------------
  Tot:2180 Idle:1924 Avail:1924 
------------------------------
[Submit]  11
[Start]  11
               
>>>>>>>>>>>>>>>>>>>>>>>>>>>>>>>>>>>>>>>>>>>>>
------------------------------
  Time: 1641058444.0
   {'type': 1, 'time': 1641058444.0, 'prio': 2, 'para': [1, 12]}
------------------------------
  Wait: []
  Run : [10, 11]
------------------------------
  Tot:2180 Idle:1796 Avail:1796 
------------------------------
[Submit]  12
[Start]  12
               
>>>>>>>>>>>>>>>>>>>>>>>>>>>>>>>>>>>>>>>>>>>>>
------------------------------
  Time: 1641058521.0
   {'type': 1, 'time': 1641058521.0, 'prio': 2, 'para': [1, 13]}
------------------------------
  Wait: []
  Run : [10, 11, 12]
------------------------------
  Tot:2180 Idle:1540 Avail:1540 
------------------------------
[Submit]  13
[Start]  13
               
>>>>>>>>>>>>>>>>>>>>>>>>>>>>>>>>>>>>>>>>>>>>>
------------------------------
  Time: 1641058582.0
   {'type': 1, 'time': 1641058582.0, 'prio': 2, 'para': [1, 14]}
------------------------------
  Wait: []
  Run : [10, 11, 12, 13]
------------------------------
  Tot:2180 Idle:1284 Avail:1284 
------------------------------
[Submit]  14
[Start]  14
               
>>>>>>>>>>>>>>>>>>>>>>>>>>>>>>>>>>>>>>>>>>>>>
------------------------------
  Time: 1641059506.0
   {'type': 1, 'time': 1641059506.0, 'prio': 2, 'para': [1, 15]}
------------------------------
  Wait: []
  Run : [10, 11, 12, 13, 14]
------------------------------
  Tot:2180 Idle:1028 Avail:1028 
------------------------------
[Submit]  15
[Start]  15
               
>>>>>>>>>>>>>>>>>>>>>>>>>>>>>>>>>>>>>>>>>>>>>
------------------------------
  Time: 1641059639.75
   {'type': 1, 'time': 1641059639.75, 'prio': 1, 'para': [2, 15]}
------------------------------
  Wait: []
  Run : [10, 11, 12, 13, 14, 15]
------------------------------
  Tot:2180 Idle:900 Avail:900 
------------------------------
[Finish]  15
               
>>>>>>>>>>>>>>>>>>>>>>>>>>>>>>>>>>>>>>>>>>>>>
------------------------------
  Time: 1641064047.75
   {'type': 1, 'time': 1641064047.75, 'prio': 1, 'para': [2, 12]}
------------------------------
  Wait: []
  Run : [10, 11, 12, 13, 14]
------------------------------
  Tot:2180 Idle:1028 Avail:1028 
------------------------------
[Finish]  12
               
>>>>>>>>>>>>>>>>>>>>>>>>>>>>>>>>>>>>>>>>>>>>>
------------------------------
  Time: 1641068047.0
   {'type': 1, 'time': 1641068047.0, 'prio': 1, 'para': [2, 14]}
------------------------------
  Wait: []
  Run : [10, 11, 13, 14]
------------------------------
  Tot:2180 Idle:1284 Avail:1284 
------------------------------
[Finish]  14
               
>>>>>>>>>>>>>>>>>>>>>>>>>>>>>>>>>>>>>>>>>>>>>
------------------------------
  Time: 1641071216.0
   {'type': 1, 'time': 1641071216.0, 'prio': 1, 'para': [2, 11]}
------------------------------
  Wait: []
  Run : [10, 11, 13]
------------------------------
  Tot:2180 Idle:1540 Avail:1540 
------------------------------
[Finish]  11
               
>>>>>>>>>>>>>>>>>>>>>>>>>>>>>>>>>>>>>>>>>>>>>
------------------------------
  Time: 1641076569.75
   {'type': 1, 'time': 1641076569.75, 'prio': 1, 'para': [2, 13]}
------------------------------
  Wait: []
  Run : [10, 13]
------------------------------
  Tot:2180 Idle:1668 Avail:1668 
------------------------------
[Finish]  13
               
>>>>>>>>>>>>>>>>>>>>>>>>>>>>>>>>>>>>>>>>>>>>>
------------------------------
  Time: 1641083470.0
   {'type': 1, 'time': 1641083470.0, 'prio': 1, 'para': [2, 10]}
------------------------------
  Wait: []
  Run : [10]
------------------------------
  Tot:2180 Idle:1924 Avail:1924 
------------------------------
[Finish]  10
===============
===============
               
------ Simulating Done!
