               
###############
# Filter Job
###############
               
###############
# Filter Node
###############
               
###############
# Job Trace
###############
---------------
---------------
date: 
start_offset: 0.0
---------------
               
###############
# Node Structure
###############
  node[0]: ['1', '[1]', '1', '-1', '1']
  node[1]: ['2', '[1]', '1', '-1', '1']
  node[2]: ['3', '[1]', '1', '-1', '1']
  node[3]: ['4', '[1]', '1', '-1', '1']
  node[4]: ['5', '[1]', '1', '-1', '1']
  node[5]: ['6', '[1]', '1', '-1', '1']
  node[6]: ['7', '[1]', '1', '-1', '1']
  node[7]: ['8', '[1]', '1', '-1', '1']
  node[8]: ['9', '[1]', '1', '-1', '1']
  node[9]: ['10', '[1]', '1', '-1', '1']
  node[10]: ['11', '[1]', '1', '-1', '1']
  node[11]: ['12', '[1]', '1', '-1', '1']
  node[12]: ['13', '[1]', '1', '-1', '1']
  node[13]: ['14', '[1]', '1', '-1', '1']
  node[14]: ['15', '[1]', '1', '-1', '1']
  node[15]: ['16', '[1]', '1', '-1', '1']
  node[16]: ['17', '[1]', '1', '-1', '1']
  node[17]: ['18', '[1]', '1', '-1', '1']
  node[18]: ['19', '[1]', '1', '-1', '1']
  node[19]: ['20', '[1]', '1', '-1', '1']
  node[20]: ['21', '[1]', '1', '-1', '1']
  node[21]: ['22', '[1]', '1', '-1', '1']
  node[22]: ['23', '[1]', '1', '-1', '1']
  node[23]: ['24', '[1]', '1', '-1', '1']
  node[24]: ['25', '[1]', '1', '-1', '1']
  node[25]: ['26', '[1]', '1', '-1', '1']
  node[26]: ['27', '[1]', '1', '-1', '1']
  node[27]: ['28', '[1]', '1', '-1', '1']
  node[28]: ['29', '[1]', '1', '-1', '1']
  node[29]: ['30', '[1]', '1', '-1', '1']
  node[30]: ['31', '[1]', '1', '-1', '1']
  node[31]: ['32', '[1]', '1', '-1', '1']
  node[32]: ['33', '[1]', '1', '-1', '1']
  node[33]: ['34', '[1]', '1', '-1', '1']
  node[34]: ['35', '[1]', '1', '-1', '1']
  node[35]: ['36', '[1]', '1', '-1', '1']
  node[36]: ['37', '[1]', '1', '-1', '1']
  node[37]: ['38', '[1]', '1', '-1', '1']
  node[38]: ['39', '[1]', '1', '-1', '1']
  node[39]: ['40', '[1]', '1', '-1', '1']
  node[40]: ['41', '[1]', '1', '-1', '1']
  node[41]: ['42', '[1]', '1', '-1', '1']
  node[42]: ['43', '[1]', '1', '-1', '1']
  node[43]: ['44', '[1]', '1', '-1', '1']
  node[44]: ['45', '[1]', '1', '-1', '1']
  node[45]: ['46', '[1]', '1', '-1', '1']
  node[46]: ['47', '[1]', '1', '-1', '1']
  node[47]: ['48', '[1]', '1', '-1', '1']
  node[48]: ['49', '[1]', '1', '-1', '1']
  node[49]: ['50', '[1]', '1', '-1', '1']
  node[50]: ['51', '[1]', '1', '-1', '1']
  node[51]: ['52', '[1]', '1', '-1', '1']
  node[52]: ['53', '[1]', '1', '-1', '1']
  node[53]: ['54', '[1]', '1', '-1', '1']
  node[54]: ['55', '[1]', '1', '-1', '1']
  node[55]: ['56', '[1]', '1', '-1', '1']
  node[56]: ['57', '[1]', '1', '-1', '1']
  node[57]: ['58', '[1]', '1', '-1', '1']
  node[58]: ['59', '[1]', '1', '-1', '1']
  node[59]: ['60', '[1]', '1', '-1', '1']
  Tot:60 Idle:60 Avail:60 
---------------
MaxNodes: 15
MaxProcs: 60
---------------
               
###############
# Backfill
###############
               
###############
# Start Window
###############
               
###############
# Basic Algorithm
###############
               
###############
# Info Collect
###############
               
###############
# Cqsim Sim
###############
---------------
Job Trace ................... Load
---------------
Node Structure ................... Load
---------------
Backfill ................... Load
---------------
Start Window ................... Load
---------------
Basic Algorithm ................... Load
---------------
Info Collect ................... Load
---------------
Output_log ................... Load
---------------
['1', '1708668474.0', '0.0', '4.0', '4', '-1.0', '-1.0', '4', '3600.0', '-1.0', '-1', '-1', '-1', '-1', '-1', '-1', '-1', '0']
  Insert job[2] 0.0
               
===============
===============
['2', '1708668484.0', '0.0', '4.0', '12', '-1.0', '-1.0', '12', '3600.0', '-1.0', '-1', '-1', '-1', '-1', '-1', '-1', '-1', '0']
  Insert job[2] 10.0
               
>>>>>>>>>>>>>>>>>>>>>>>>>>>>>>>>>>>>>>>>>>>>>
------------------------------
  Time: 0.0
   {'type': 1, 'time': 0.0, 'prio': 2, 'para': [1, 0]}
------------------------------
  Wait: []
  Run : []
------------------------------
  Tot:60 Idle:60 Avail:60 
------------------------------
[Submit]  0
[Start]  0
  Allocate[0] Req:4 Avail:56 
 [0] Req:4 Run:4.0 
  Insert mon[5] 0
   {'date': 0.0, 'time': 0.0, 'event': 'S', 'uti': 0.06666666666666667, 'waitNum': 0, 'waitSize': 0, 'inter': 0.0, 'extend': None}
   {'date': 0, 'time': 0, 'event': 'Q', 'uti': 0.06666666666666667, 'waitNum': 0, 'waitSize': 0, 'inter': 4.0, 'extend': None}
               
>>>>>>>>>>>>>>>>>>>>>>>>>>>>>>>>>>>>>>>>>>>>>
------------------------------
  Time: 4.0
   {'type': 1, 'time': 4.0, 'prio': 1, 'para': [2, 0]}
------------------------------
  Wait: []
  Run : [0]
------------------------------
  Tot:60 Idle:56 Avail:56 
------------------------------
[Finish]  0
  Release[0] Req:4 Avail:60 
 [0] Req:4 Run:4.0 
   {'date': 4.0, 'time': 4.0, 'event': 'E', 'uti': 0.0, 'waitNum': 0, 'waitSize': 0, 'inter': 6.0, 'extend': None}
['3', '1708668494.0', '0.0', '6.0', '8', '-1.0', '-1.0', '8', '1800.0', '-1.0', '-1', '-1', '-1', '-1', '-1', '-1', '-1', '0']
  Insert job[2] 20.0
               
>>>>>>>>>>>>>>>>>>>>>>>>>>>>>>>>>>>>>>>>>>>>>
------------------------------
  Time: 10.0
   {'type': 1, 'time': 10.0, 'prio': 2, 'para': [1, 1]}
------------------------------
  Wait: []
  Run : []
------------------------------
  Tot:60 Idle:60 Avail:60 
------------------------------
[Submit]  1
[Start]  1
  Allocate[1] Req:12 Avail:48 
 [1] Req:12 Run:4.0 
   {'date': 10.0, 'time': 10.0, 'event': 'S', 'uti': 0.2, 'waitNum': 0, 'waitSize': 0, 'inter': 4.0, 'extend': None}
               
>>>>>>>>>>>>>>>>>>>>>>>>>>>>>>>>>>>>>>>>>>>>>
------------------------------
  Time: 14.0
   {'type': 1, 'time': 14.0, 'prio': 1, 'para': [2, 1]}
------------------------------
  Wait: []
  Run : [1]
------------------------------
  Tot:60 Idle:48 Avail:48 
------------------------------
[Finish]  1
  Release[1] Req:12 Avail:60 
 [1] Req:12 Run:4.0 
   {'date': 14.0, 'time': 14.0, 'event': 'E', 'uti': 0.0, 'waitNum': 0, 'waitSize': 0, 'inter': 6.0, 'extend': None}
['4', '1708668504.0', '0.0', '3.0', '9', '-1.0', '-1.0', '9', '5400.0', '-1.0', '-1', '-1', '-1', '-1', '-1', '-1', '-1', '0']
  Insert job[2] 30.0
               
>>>>>>>>>>>>>>>>>>>>>>>>>>>>>>>>>>>>>>>>>>>>>
------------------------------
  Time: 20.0
   {'type': 1, 'time': 20.0, 'prio': 2, 'para': [1, 2]}
------------------------------
  Wait: []
  Run : []
------------------------------
  Tot:60 Idle:60 Avail:60 
------------------------------
[Submit]  2
[Start]  2
  Allocate[2] Req:8 Avail:52 
 [2] Req:8 Run:6.0 
   {'date': 20.0, 'time': 20.0, 'event': 'S', 'uti': 0.13333333333333333, 'waitNum': 0, 'waitSize': 0, 'inter': 6.0, 'extend': None}
               
>>>>>>>>>>>>>>>>>>>>>>>>>>>>>>>>>>>>>>>>>>>>>
------------------------------
  Time: 26.0
   {'type': 1, 'time': 26.0, 'prio': 1, 'para': [2, 2]}
------------------------------
  Wait: []
  Run : [2]
------------------------------
  Tot:60 Idle:52 Avail:52 
------------------------------
[Finish]  2
  Release[2] Req:8 Avail:60 
 [2] Req:8 Run:6.0 
   {'date': 26.0, 'time': 26.0, 'event': 'E', 'uti': 0.0, 'waitNum': 0, 'waitSize': 0, 'inter': 4.0, 'extend': None}
['5', '1708668514.0', '0.0', '3.0', '9', '-1.0', '-1.0', '9', '1800.0', '-1.0', '-1', '-1', '-1', '-1', '-1', '-1', '-1', '0']
  Insert job[2] 40.0
               
>>>>>>>>>>>>>>>>>>>>>>>>>>>>>>>>>>>>>>>>>>>>>
------------------------------
  Time: 30.0
   {'type': 1, 'time': 30.0, 'prio': 2, 'para': [1, 3]}
------------------------------
  Wait: []
  Run : []
------------------------------
  Tot:60 Idle:60 Avail:60 
------------------------------
[Submit]  3
[Start]  3
  Allocate[3] Req:9 Avail:51 
 [3] Req:9 Run:3.0 
   {'date': 30.0, 'time': 30.0, 'event': 'S', 'uti': 0.15, 'waitNum': 0, 'waitSize': 0, 'inter': 3.0, 'extend': None}
               
>>>>>>>>>>>>>>>>>>>>>>>>>>>>>>>>>>>>>>>>>>>>>
------------------------------
  Time: 33.0
   {'type': 1, 'time': 33.0, 'prio': 1, 'para': [2, 3]}
------------------------------
  Wait: []
  Run : [3]
------------------------------
  Tot:60 Idle:51 Avail:51 
------------------------------
[Finish]  3
  Release[3] Req:9 Avail:60 
 [3] Req:9 Run:3.0 
   {'date': 33.0, 'time': 33.0, 'event': 'E', 'uti': 0.0, 'waitNum': 0, 'waitSize': 0, 'inter': 7.0, 'extend': None}
               
>>>>>>>>>>>>>>>>>>>>>>>>>>>>>>>>>>>>>>>>>>>>>
------------------------------
  Time: 40.0
   {'type': 1, 'time': 40.0, 'prio': 2, 'para': [1, 4]}
------------------------------
  Wait: []
  Run : []
------------------------------
  Tot:60 Idle:60 Avail:60 
------------------------------
[Submit]  4
[Start]  4
  Allocate[4] Req:9 Avail:51 
 [4] Req:9 Run:3.0 
   {'date': 40.0, 'time': 40.0, 'event': 'S', 'uti': 0.15, 'waitNum': 0, 'waitSize': 0, 'inter': 3.0, 'extend': None}
               
>>>>>>>>>>>>>>>>>>>>>>>>>>>>>>>>>>>>>>>>>>>>>
------------------------------
  Time: 43.0
   {'type': 1, 'time': 43.0, 'prio': 1, 'para': [2, 4]}
------------------------------
  Wait: []
  Run : [4]
------------------------------
  Tot:60 Idle:51 Avail:51 
------------------------------
[Finish]  4
  Release[4] Req:9 Avail:60 
 [4] Req:9 Run:3.0 
   {'date': 43.0, 'time': 43.0, 'event': 'E', 'uti': 0.0, 'waitNum': 0, 'waitSize': 0, 'inter': 0, 'extend': None}
===============
===============
               
------ Simulating Done!
