               
###############
# Filter Job
###############
               
###############
# Filter Node
###############
               
###############
# Job Trace
###############
---------------
---------------
date: 
start_offset: 0.0
---------------
               
###############
# Node Structure
###############
  node[0]: ['1', '[1]', '1', '-1', '1']
  node[1]: ['2', '[1]', '1', '-1', '1']
  node[2]: ['3', '[1]', '1', '-1', '1']
  node[3]: ['4', '[1]', '1', '-1', '1']
  node[4]: ['5', '[1]', '1', '-1', '1']
  node[5]: ['6', '[1]', '1', '-1', '1']
  node[6]: ['7', '[1]', '1', '-1', '1']
  node[7]: ['8', '[1]', '1', '-1', '1']
  node[8]: ['9', '[1]', '1', '-1', '1']
  node[9]: ['10', '[1]', '1', '-1', '1']
  node[10]: ['11', '[1]', '1', '-1', '1']
  node[11]: ['12', '[1]', '1', '-1', '1']
  node[12]: ['13', '[1]', '1', '-1', '1']
  node[13]: ['14', '[1]', '1', '-1', '1']
  node[14]: ['15', '[1]', '1', '-1', '1']
  node[15]: ['16', '[1]', '1', '-1', '1']
  node[16]: ['17', '[1]', '1', '-1', '1']
  node[17]: ['18', '[1]', '1', '-1', '1']
  node[18]: ['19', '[1]', '1', '-1', '1']
  node[19]: ['20', '[1]', '1', '-1', '1']
  node[20]: ['21', '[1]', '1', '-1', '1']
  node[21]: ['22', '[1]', '1', '-1', '1']
  node[22]: ['23', '[1]', '1', '-1', '1']
  node[23]: ['24', '[1]', '1', '-1', '1']
  node[24]: ['25', '[1]', '1', '-1', '1']
  node[25]: ['26', '[1]', '1', '-1', '1']
  node[26]: ['27', '[1]', '1', '-1', '1']
  node[27]: ['28', '[1]', '1', '-1', '1']
  node[28]: ['29', '[1]', '1', '-1', '1']
  node[29]: ['30', '[1]', '1', '-1', '1']
  node[30]: ['31', '[1]', '1', '-1', '1']
  node[31]: ['32', '[1]', '1', '-1', '1']
  node[32]: ['33', '[1]', '1', '-1', '1']
  node[33]: ['34', '[1]', '1', '-1', '1']
  node[34]: ['35', '[1]', '1', '-1', '1']
  node[35]: ['36', '[1]', '1', '-1', '1']
  node[36]: ['37', '[1]', '1', '-1', '1']
  node[37]: ['38', '[1]', '1', '-1', '1']
  node[38]: ['39', '[1]', '1', '-1', '1']
  node[39]: ['40', '[1]', '1', '-1', '1']
  node[40]: ['41', '[1]', '1', '-1', '1']
  node[41]: ['42', '[1]', '1', '-1', '1']
  node[42]: ['43', '[1]', '1', '-1', '1']
  node[43]: ['44', '[1]', '1', '-1', '1']
  node[44]: ['45', '[1]', '1', '-1', '1']
  node[45]: ['46', '[1]', '1', '-1', '1']
  node[46]: ['47', '[1]', '1', '-1', '1']
  node[47]: ['48', '[1]', '1', '-1', '1']
  node[48]: ['49', '[1]', '1', '-1', '1']
  node[49]: ['50', '[1]', '1', '-1', '1']
  node[50]: ['51', '[1]', '1', '-1', '1']
  node[51]: ['52', '[1]', '1', '-1', '1']
  node[52]: ['53', '[1]', '1', '-1', '1']
  node[53]: ['54', '[1]', '1', '-1', '1']
  node[54]: ['55', '[1]', '1', '-1', '1']
  node[55]: ['56', '[1]', '1', '-1', '1']
  node[56]: ['57', '[1]', '1', '-1', '1']
  node[57]: ['58', '[1]', '1', '-1', '1']
  node[58]: ['59', '[1]', '1', '-1', '1']
  node[59]: ['60', '[1]', '1', '-1', '1']
  Tot:60 Idle:60 Avail:60 
---------------
MaxNodes: 15
MaxProcs: 60
---------------
               
###############
# Backfill
###############
               
###############
# Start Window
###############
               
###############
# Basic Algorithm
###############
               
###############
# Info Collect
###############
               
###############
# Cqsim Sim
###############
---------------
Job Trace ................... Load
---------------
Node Structure ................... Load
---------------
Backfill ................... Load
---------------
Start Window ................... Load
---------------
Basic Algorithm ................... Load
---------------
Info Collect ................... Load
---------------
Output_log ................... Load
---------------
['1', '1708676358.0', '0.0', '4.0', '5', '-1.0', '-1.0', '5', '5400.0', '-1.0', '-1', '-1', '-1', '-1', '-1', '-1', '-1', '0']
  Insert job[2] 0.0
               
===============
===============
['3', '1708676378.0', '0.0', '3.0', '10', '-1.0', '-1.0', '10', '5400.0', '-1.0', '-1', '-1', '-1', '-1', '-1', '-1', '-1', '0']
  Insert job[2] 20.0
               
>>>>>>>>>>>>>>>>>>>>>>>>>>>>>>>>>>>>>>>>>>>>>
------------------------------
  Time: 0.0
   {'type': 1, 'time': 0.0, 'prio': 2, 'para': [1, 0]}
------------------------------
  Wait: []
  Run : []
------------------------------
  Tot:60 Idle:60 Avail:60 
------------------------------
[Submit]  0
[Start]  0
  Allocate[0] Req:5 Avail:55 
 [0] Req:5 Run:4.0 
  Insert mon[5] 0
   {'date': 0.0, 'time': 0.0, 'event': 'S', 'uti': 0.08333333333333333, 'waitNum': 0, 'waitSize': 0, 'inter': 0.0, 'extend': None}
   {'date': 0, 'time': 0, 'event': 'Q', 'uti': 0.08333333333333333, 'waitNum': 0, 'waitSize': 0, 'inter': 4.0, 'extend': None}
               
>>>>>>>>>>>>>>>>>>>>>>>>>>>>>>>>>>>>>>>>>>>>>
------------------------------
  Time: 4.0
   {'type': 1, 'time': 4.0, 'prio': 1, 'para': [2, 0]}
------------------------------
  Wait: []
  Run : [0]
------------------------------
  Tot:60 Idle:55 Avail:55 
------------------------------
[Finish]  0
  Release[0] Req:5 Avail:60 
 [0] Req:5 Run:4.0 
   {'date': 4.0, 'time': 4.0, 'event': 'E', 'uti': 0.0, 'waitNum': 0, 'waitSize': 0, 'inter': 16.0, 'extend': None}
['4', '1708676388.0', '0.0', '227.0', '12', '-1.0', '-1.0', '12', '1800.0', '-1.0', '-1', '-1', '-1', '-1', '-1', '-1', '-1', '0']
  Insert job[2] 30.0
               
>>>>>>>>>>>>>>>>>>>>>>>>>>>>>>>>>>>>>>>>>>>>>
------------------------------
  Time: 20.0
   {'type': 1, 'time': 20.0, 'prio': 2, 'para': [1, 1]}
------------------------------
  Wait: []
  Run : []
------------------------------
  Tot:60 Idle:60 Avail:60 
------------------------------
[Submit]  1
[Start]  1
  Allocate[1] Req:10 Avail:50 
 [1] Req:10 Run:3.0 
   {'date': 20.0, 'time': 20.0, 'event': 'S', 'uti': 0.16666666666666666, 'waitNum': 0, 'waitSize': 0, 'inter': 3.0, 'extend': None}
               
>>>>>>>>>>>>>>>>>>>>>>>>>>>>>>>>>>>>>>>>>>>>>
------------------------------
  Time: 23.0
   {'type': 1, 'time': 23.0, 'prio': 1, 'para': [2, 1]}
------------------------------
  Wait: []
  Run : [1]
------------------------------
  Tot:60 Idle:50 Avail:50 
------------------------------
[Finish]  1
  Release[1] Req:10 Avail:60 
 [1] Req:10 Run:3.0 
   {'date': 23.0, 'time': 23.0, 'event': 'E', 'uti': 0.0, 'waitNum': 0, 'waitSize': 0, 'inter': 7.0, 'extend': None}
['5', '1708676398.0', '0.0', '592.0', '4', '-1.0', '-1.0', '4', '1800.0', '-1.0', '-1', '-1', '-1', '-1', '-1', '-1', '-1', '0']
  Insert job[2] 40.0
               
>>>>>>>>>>>>>>>>>>>>>>>>>>>>>>>>>>>>>>>>>>>>>
------------------------------
  Time: 30.0
   {'type': 1, 'time': 30.0, 'prio': 2, 'para': [1, 2]}
------------------------------
  Wait: []
  Run : []
------------------------------
  Tot:60 Idle:60 Avail:60 
------------------------------
[Submit]  2
[Start]  2
  Allocate[2] Req:12 Avail:48 
 [2] Req:12 Run:227.0 
   {'date': 30.0, 'time': 30.0, 'event': 'S', 'uti': 0.2, 'waitNum': 0, 'waitSize': 0, 'inter': 10.0, 'extend': None}
['6', '1708676408.0', '0.0', '626.0', '2', '-1.0', '-1.0', '2', '3600.0', '-1.0', '-1', '-1', '-1', '-1', '-1', '-1', '-1', '0']
  Insert job[2] 50.0
               
>>>>>>>>>>>>>>>>>>>>>>>>>>>>>>>>>>>>>>>>>>>>>
------------------------------
  Time: 40.0
   {'type': 1, 'time': 40.0, 'prio': 2, 'para': [1, 3]}
------------------------------
  Wait: []
  Run : [2]
------------------------------
  Tot:60 Idle:48 Avail:48 
------------------------------
[Submit]  3
[Start]  3
  Allocate[3] Req:4 Avail:44 
 [3] Req:4 Run:592.0 
   {'date': 40.0, 'time': 40.0, 'event': 'S', 'uti': 0.26666666666666666, 'waitNum': 0, 'waitSize': 0, 'inter': 10.0, 'extend': None}
['7', '1708676418.0', '0.0', '4.0', '5', '-1.0', '-1.0', '5', '5400.0', '-1.0', '-1', '-1', '-1', '-1', '-1', '-1', '-1', '0']
  Insert job[2] 60.0
               
>>>>>>>>>>>>>>>>>>>>>>>>>>>>>>>>>>>>>>>>>>>>>
------------------------------
  Time: 50.0
   {'type': 1, 'time': 50.0, 'prio': 2, 'para': [1, 4]}
------------------------------
  Wait: []
  Run : [2, 3]
------------------------------
  Tot:60 Idle:44 Avail:44 
------------------------------
[Submit]  4
[Start]  4
  Allocate[4] Req:2 Avail:42 
 [4] Req:2 Run:626.0 
   {'date': 50.0, 'time': 50.0, 'event': 'S', 'uti': 0.3, 'waitNum': 0, 'waitSize': 0, 'inter': 10.0, 'extend': None}
['8', '1708676428.0', '0.0', '12.0', '8', '-1.0', '-1.0', '8', '5400.0', '-1.0', '-1', '-1', '-1', '-1', '-1', '-1', '-1', '0']
  Insert job[2] 70.0
               
>>>>>>>>>>>>>>>>>>>>>>>>>>>>>>>>>>>>>>>>>>>>>
------------------------------
  Time: 60.0
   {'type': 1, 'time': 60.0, 'prio': 2, 'para': [1, 5]}
------------------------------
  Wait: []
  Run : [2, 3, 4]
------------------------------
  Tot:60 Idle:42 Avail:42 
------------------------------
[Submit]  5
[Start]  5
  Allocate[5] Req:5 Avail:37 
 [5] Req:5 Run:4.0 
   {'date': 60.0, 'time': 60.0, 'event': 'S', 'uti': 0.38333333333333336, 'waitNum': 0, 'waitSize': 0, 'inter': 4.0, 'extend': None}
               
>>>>>>>>>>>>>>>>>>>>>>>>>>>>>>>>>>>>>>>>>>>>>
------------------------------
  Time: 64.0
   {'type': 1, 'time': 64.0, 'prio': 1, 'para': [2, 5]}
------------------------------
  Wait: []
  Run : [2, 3, 4, 5]
------------------------------
  Tot:60 Idle:37 Avail:37 
------------------------------
[Finish]  5
  Release[5] Req:5 Avail:42 
 [5] Req:5 Run:4.0 
   {'date': 64.0, 'time': 64.0, 'event': 'E', 'uti': 0.3, 'waitNum': 0, 'waitSize': 0, 'inter': 6.0, 'extend': None}
['9', '1708676438.0', '1.0', '4.0', '6', '-1.0', '-1.0', '6', '1800.0', '-1.0', '-1', '-1', '-1', '-1', '-1', '-1', '-1', '0']
  Insert job[2] 80.0
               
>>>>>>>>>>>>>>>>>>>>>>>>>>>>>>>>>>>>>>>>>>>>>
------------------------------
  Time: 70.0
   {'type': 1, 'time': 70.0, 'prio': 2, 'para': [1, 6]}
------------------------------
  Wait: []
  Run : [2, 3, 4]
------------------------------
  Tot:60 Idle:42 Avail:42 
------------------------------
[Submit]  6
[Start]  6
  Allocate[6] Req:8 Avail:34 
 [6] Req:8 Run:12.0 
   {'date': 70.0, 'time': 70.0, 'event': 'S', 'uti': 0.43333333333333335, 'waitNum': 0, 'waitSize': 0, 'inter': 10.0, 'extend': None}
['10', '1708676449.0', '0.0', '29.0', '4', '-1.0', '-1.0', '4', '1800.0', '-1.0', '-1', '-1', '-1', '-1', '-1', '-1', '-1', '0']
  Insert job[2] 91.0
               
>>>>>>>>>>>>>>>>>>>>>>>>>>>>>>>>>>>>>>>>>>>>>
------------------------------
  Time: 80.0
   {'type': 1, 'time': 80.0, 'prio': 2, 'para': [1, 7]}
------------------------------
  Wait: []
  Run : [2, 3, 4, 6]
------------------------------
  Tot:60 Idle:34 Avail:34 
------------------------------
[Submit]  7
[Start]  7
  Allocate[7] Req:6 Avail:28 
 [7] Req:6 Run:4.0 
   {'date': 80.0, 'time': 80.0, 'event': 'S', 'uti': 0.5333333333333333, 'waitNum': 0, 'waitSize': 0, 'inter': 2.0, 'extend': None}
               
>>>>>>>>>>>>>>>>>>>>>>>>>>>>>>>>>>>>>>>>>>>>>
------------------------------
  Time: 82.0
   {'type': 1, 'time': 82.0, 'prio': 1, 'para': [2, 6]}
------------------------------
  Wait: []
  Run : [2, 3, 4, 6, 7]
------------------------------
  Tot:60 Idle:28 Avail:28 
------------------------------
[Finish]  6
  Release[6] Req:8 Avail:36 
 [6] Req:8 Run:12.0 
   {'date': 82.0, 'time': 82.0, 'event': 'E', 'uti': 0.4, 'waitNum': 0, 'waitSize': 0, 'inter': 2.0, 'extend': None}
               
>>>>>>>>>>>>>>>>>>>>>>>>>>>>>>>>>>>>>>>>>>>>>
------------------------------
  Time: 84.0
   {'type': 1, 'time': 84.0, 'prio': 1, 'para': [2, 7]}
------------------------------
  Wait: []
  Run : [2, 3, 4, 7]
------------------------------
  Tot:60 Idle:36 Avail:36 
------------------------------
[Finish]  7
  Release[7] Req:6 Avail:42 
 [7] Req:6 Run:4.0 
   {'date': 84.0, 'time': 84.0, 'event': 'E', 'uti': 0.3, 'waitNum': 0, 'waitSize': 0, 'inter': 7.0, 'extend': None}
['11', '1708676459.0', '0.0', '15.0', '6', '-1.0', '-1.0', '6', '5400.0', '-1.0', '-1', '-1', '-1', '-1', '-1', '-1', '-1', '0']
  Insert job[2] 101.0
               
>>>>>>>>>>>>>>>>>>>>>>>>>>>>>>>>>>>>>>>>>>>>>
------------------------------
  Time: 91.0
   {'type': 1, 'time': 91.0, 'prio': 2, 'para': [1, 8]}
------------------------------
  Wait: []
  Run : [2, 3, 4]
------------------------------
  Tot:60 Idle:42 Avail:42 
------------------------------
[Submit]  8
[Start]  8
  Allocate[8] Req:4 Avail:38 
 [8] Req:4 Run:29.0 
   {'date': 91.0, 'time': 91.0, 'event': 'S', 'uti': 0.36666666666666664, 'waitNum': 0, 'waitSize': 0, 'inter': 10.0, 'extend': None}
['12', '1708676469.0', '128.0', '52.0', '2', '-1.0', '-1.0', '2', '1800.0', '-1.0', '-1', '-1', '-1', '-1', '-1', '-1', '-1', '0']
  Insert job[2] 111.0
               
>>>>>>>>>>>>>>>>>>>>>>>>>>>>>>>>>>>>>>>>>>>>>
------------------------------
  Time: 101.0
   {'type': 1, 'time': 101.0, 'prio': 2, 'para': [1, 9]}
------------------------------
  Wait: []
  Run : [2, 3, 4, 8]
------------------------------
  Tot:60 Idle:38 Avail:38 
------------------------------
[Submit]  9
[Start]  9
  Allocate[9] Req:6 Avail:32 
 [9] Req:6 Run:15.0 
   {'date': 101.0, 'time': 101.0, 'event': 'S', 'uti': 0.4666666666666667, 'waitNum': 0, 'waitSize': 0, 'inter': 10.0, 'extend': None}
['13', '1708676479.0', '0.0', '262.0', '2', '-1.0', '-1.0', '2', '5400.0', '-1.0', '-1', '-1', '-1', '-1', '-1', '-1', '-1', '0']
  Insert job[2] 121.0
               
>>>>>>>>>>>>>>>>>>>>>>>>>>>>>>>>>>>>>>>>>>>>>
------------------------------
  Time: 111.0
   {'type': 1, 'time': 111.0, 'prio': 2, 'para': [1, 10]}
------------------------------
  Wait: []
  Run : [2, 3, 4, 8, 9]
------------------------------
  Tot:60 Idle:32 Avail:32 
------------------------------
[Submit]  10
[Start]  10
  Allocate[10] Req:2 Avail:30 
 [10] Req:2 Run:52.0 
   {'date': 111.0, 'time': 111.0, 'event': 'S', 'uti': 0.5, 'waitNum': 0, 'waitSize': 0, 'inter': 5.0, 'extend': None}
               
>>>>>>>>>>>>>>>>>>>>>>>>>>>>>>>>>>>>>>>>>>>>>
------------------------------
  Time: 116.0
   {'type': 1, 'time': 116.0, 'prio': 1, 'para': [2, 9]}
------------------------------
  Wait: []
  Run : [2, 3, 4, 8, 9, 10]
------------------------------
  Tot:60 Idle:30 Avail:30 
------------------------------
[Finish]  9
  Release[9] Req:6 Avail:36 
 [9] Req:6 Run:15.0 
   {'date': 116.0, 'time': 116.0, 'event': 'E', 'uti': 0.4, 'waitNum': 0, 'waitSize': 0, 'inter': 4.0, 'extend': None}
               
>>>>>>>>>>>>>>>>>>>>>>>>>>>>>>>>>>>>>>>>>>>>>
------------------------------
  Time: 120.0
   {'type': 1, 'time': 120.0, 'prio': 1, 'para': [2, 8]}
------------------------------
  Wait: []
  Run : [2, 3, 4, 8, 10]
------------------------------
  Tot:60 Idle:36 Avail:36 
------------------------------
[Finish]  8
  Release[8] Req:4 Avail:40 
 [8] Req:4 Run:29.0 
   {'date': 120.0, 'time': 120.0, 'event': 'E', 'uti': 0.3333333333333333, 'waitNum': 0, 'waitSize': 0, 'inter': 1.0, 'extend': None}
['15', '1708676499.0', '0.0', '5.0', '9', '-1.0', '-1.0', '9', '3600.0', '-1.0', '-1', '-1', '-1', '-1', '-1', '-1', '-1', '0']
  Insert job[2] 141.0
               
>>>>>>>>>>>>>>>>>>>>>>>>>>>>>>>>>>>>>>>>>>>>>
------------------------------
  Time: 121.0
   {'type': 1, 'time': 121.0, 'prio': 2, 'para': [1, 11]}
------------------------------
  Wait: []
  Run : [2, 3, 4, 10]
------------------------------
  Tot:60 Idle:40 Avail:40 
------------------------------
[Submit]  11
[Start]  11
  Allocate[11] Req:2 Avail:38 
 [11] Req:2 Run:262.0 
   {'date': 121.0, 'time': 121.0, 'event': 'S', 'uti': 0.36666666666666664, 'waitNum': 0, 'waitSize': 0, 'inter': 20.0, 'extend': None}
['16', '1708676509.0', '0.0', '39.0', '15', '-1.0', '-1.0', '15', '3600.0', '-1.0', '-1', '-1', '-1', '-1', '-1', '-1', '-1', '0']
  Insert job[2] 151.0
               
>>>>>>>>>>>>>>>>>>>>>>>>>>>>>>>>>>>>>>>>>>>>>
------------------------------
  Time: 141.0
   {'type': 1, 'time': 141.0, 'prio': 2, 'para': [1, 12]}
------------------------------
  Wait: []
  Run : [2, 3, 4, 10, 11]
------------------------------
  Tot:60 Idle:38 Avail:38 
------------------------------
[Submit]  12
[Start]  12
  Allocate[12] Req:9 Avail:29 
 [12] Req:9 Run:5.0 
   {'date': 141.0, 'time': 141.0, 'event': 'S', 'uti': 0.5166666666666667, 'waitNum': 0, 'waitSize': 0, 'inter': 5.0, 'extend': None}
               
>>>>>>>>>>>>>>>>>>>>>>>>>>>>>>>>>>>>>>>>>>>>>
------------------------------
  Time: 146.0
   {'type': 1, 'time': 146.0, 'prio': 1, 'para': [2, 12]}
------------------------------
  Wait: []
  Run : [2, 3, 4, 10, 11, 12]
------------------------------
  Tot:60 Idle:29 Avail:29 
------------------------------
[Finish]  12
  Release[12] Req:9 Avail:38 
 [12] Req:9 Run:5.0 
   {'date': 146.0, 'time': 146.0, 'event': 'E', 'uti': 0.36666666666666664, 'waitNum': 0, 'waitSize': 0, 'inter': 5.0, 'extend': None}
['17', '1708676519.0', '0.0', '36.0', '18', '-1.0', '-1.0', '18', '3600.0', '-1.0', '-1', '-1', '-1', '-1', '-1', '-1', '-1', '0']
  Insert job[2] 161.0
               
>>>>>>>>>>>>>>>>>>>>>>>>>>>>>>>>>>>>>>>>>>>>>
------------------------------
  Time: 151.0
   {'type': 1, 'time': 151.0, 'prio': 2, 'para': [1, 13]}
------------------------------
  Wait: []
  Run : [2, 3, 4, 10, 11]
------------------------------
  Tot:60 Idle:38 Avail:38 
------------------------------
[Submit]  13
[Start]  13
  Allocate[13] Req:15 Avail:23 
 [13] Req:15 Run:39.0 
   {'date': 151.0, 'time': 151.0, 'event': 'S', 'uti': 0.6166666666666667, 'waitNum': 0, 'waitSize': 0, 'inter': 10.0, 'extend': None}
['20', '1708676549.0', '1.0', '1800.0', '15', '-1.0', '-1.0', '15', '1800.0', '-1.0', '-1', '-1', '-1', '-1', '-1', '-1', '-1', '0']
  Insert job[2] 191.0
               
>>>>>>>>>>>>>>>>>>>>>>>>>>>>>>>>>>>>>>>>>>>>>
------------------------------
  Time: 161.0
   {'type': 1, 'time': 161.0, 'prio': 2, 'para': [1, 14]}
------------------------------
  Wait: []
  Run : [2, 3, 4, 10, 11, 13]
------------------------------
  Tot:60 Idle:23 Avail:23 
------------------------------
[Submit]  14
[Start]  14
  Allocate[14] Req:18 Avail:5 
 [14] Req:18 Run:36.0 
   {'date': 161.0, 'time': 161.0, 'event': 'S', 'uti': 0.9166666666666666, 'waitNum': 0, 'waitSize': 0, 'inter': 2.0, 'extend': None}
               
>>>>>>>>>>>>>>>>>>>>>>>>>>>>>>>>>>>>>>>>>>>>>
------------------------------
  Time: 163.0
   {'type': 1, 'time': 163.0, 'prio': 1, 'para': [2, 10]}
------------------------------
  Wait: []
  Run : [2, 3, 4, 10, 11, 13, 14]
------------------------------
  Tot:60 Idle:5 Avail:5 
------------------------------
[Finish]  10
  Release[10] Req:2 Avail:7 
 [10] Req:2 Run:52.0 
   {'date': 163.0, 'time': 163.0, 'event': 'E', 'uti': 0.8833333333333333, 'waitNum': 0, 'waitSize': 0, 'inter': 27.0, 'extend': None}
               
>>>>>>>>>>>>>>>>>>>>>>>>>>>>>>>>>>>>>>>>>>>>>
------------------------------
  Time: 190.0
   {'type': 1, 'time': 190.0, 'prio': 1, 'para': [2, 13]}
------------------------------
  Wait: []
  Run : [2, 3, 4, 11, 13, 14]
------------------------------
  Tot:60 Idle:7 Avail:7 
------------------------------
[Finish]  13
  Release[13] Req:15 Avail:22 
 [13] Req:15 Run:39.0 
   {'date': 190.0, 'time': 190.0, 'event': 'E', 'uti': 0.6333333333333333, 'waitNum': 0, 'waitSize': 0, 'inter': 1.0, 'extend': None}
['21', '1708676559.0', '0.0', '1800.0', '4', '-1.0', '-1.0', '4', '1800.0', '-1.0', '-1', '-1', '-1', '-1', '-1', '-1', '-1', '0']
  Insert job[2] 201.0
               
>>>>>>>>>>>>>>>>>>>>>>>>>>>>>>>>>>>>>>>>>>>>>
------------------------------
  Time: 191.0
   {'type': 1, 'time': 191.0, 'prio': 2, 'para': [1, 15]}
------------------------------
  Wait: []
  Run : [2, 3, 4, 11, 14]
------------------------------
  Tot:60 Idle:22 Avail:22 
------------------------------
[Submit]  15
[Start]  15
  Allocate[15] Req:15 Avail:7 
 [15] Req:15 Run:1800.0 
   {'date': 191.0, 'time': 191.0, 'event': 'S', 'uti': 0.8833333333333333, 'waitNum': 0, 'waitSize': 0, 'inter': 6.0, 'extend': None}
               
>>>>>>>>>>>>>>>>>>>>>>>>>>>>>>>>>>>>>>>>>>>>>
------------------------------
  Time: 197.0
   {'type': 1, 'time': 197.0, 'prio': 1, 'para': [2, 14]}
------------------------------
  Wait: []
  Run : [2, 3, 4, 11, 14, 15]
------------------------------
  Tot:60 Idle:7 Avail:7 
------------------------------
[Finish]  14
  Release[14] Req:18 Avail:25 
 [14] Req:18 Run:36.0 
   {'date': 197.0, 'time': 197.0, 'event': 'E', 'uti': 0.5833333333333334, 'waitNum': 0, 'waitSize': 0, 'inter': 4.0, 'extend': None}
['22', '1708676569.0', '0.0', '488.0', '3', '-1.0', '-1.0', '3', '1800.0', '-1.0', '-1', '-1', '-1', '-1', '-1', '-1', '-1', '0']
  Insert job[2] 211.0
               
>>>>>>>>>>>>>>>>>>>>>>>>>>>>>>>>>>>>>>>>>>>>>
------------------------------
  Time: 201.0
   {'type': 1, 'time': 201.0, 'prio': 2, 'para': [1, 16]}
------------------------------
  Wait: []
  Run : [2, 3, 4, 11, 15]
------------------------------
  Tot:60 Idle:25 Avail:25 
------------------------------
[Submit]  16
[Start]  16
  Allocate[16] Req:4 Avail:21 
 [16] Req:4 Run:1800.0 
   {'date': 201.0, 'time': 201.0, 'event': 'S', 'uti': 0.65, 'waitNum': 0, 'waitSize': 0, 'inter': 10.0, 'extend': None}
['23', '1708676579.0', '0.0', '5.0', '5', '-1.0', '-1.0', '5', '3600.0', '-1.0', '-1', '-1', '-1', '-1', '-1', '-1', '-1', '0']
  Insert job[2] 221.0
               
>>>>>>>>>>>>>>>>>>>>>>>>>>>>>>>>>>>>>>>>>>>>>
------------------------------
  Time: 211.0
   {'type': 1, 'time': 211.0, 'prio': 2, 'para': [1, 17]}
------------------------------
  Wait: []
  Run : [2, 3, 4, 11, 15, 16]
------------------------------
  Tot:60 Idle:21 Avail:21 
------------------------------
[Submit]  17
[Start]  17
  Allocate[17] Req:3 Avail:18 
 [17] Req:3 Run:488.0 
   {'date': 211.0, 'time': 211.0, 'event': 'S', 'uti': 0.7, 'waitNum': 0, 'waitSize': 0, 'inter': 10.0, 'extend': None}
['25', '1708676599.0', '0.0', '131.0', '1', '-1.0', '-1.0', '1', '1800.0', '-1.0', '-1', '-1', '-1', '-1', '-1', '-1', '-1', '0']
  Insert job[2] 241.0
               
>>>>>>>>>>>>>>>>>>>>>>>>>>>>>>>>>>>>>>>>>>>>>
------------------------------
  Time: 221.0
   {'type': 1, 'time': 221.0, 'prio': 2, 'para': [1, 18]}
------------------------------
  Wait: []
  Run : [2, 3, 4, 11, 15, 16, 17]
------------------------------
  Tot:60 Idle:18 Avail:18 
------------------------------
[Submit]  18
[Start]  18
  Allocate[18] Req:5 Avail:13 
 [18] Req:5 Run:5.0 
   {'date': 221.0, 'time': 221.0, 'event': 'S', 'uti': 0.7833333333333333, 'waitNum': 0, 'waitSize': 0, 'inter': 5.0, 'extend': None}
               
>>>>>>>>>>>>>>>>>>>>>>>>>>>>>>>>>>>>>>>>>>>>>
------------------------------
  Time: 226.0
   {'type': 1, 'time': 226.0, 'prio': 1, 'para': [2, 18]}
------------------------------
  Wait: []
  Run : [2, 3, 4, 11, 15, 16, 17, 18]
------------------------------
  Tot:60 Idle:13 Avail:13 
------------------------------
[Finish]  18
  Release[18] Req:5 Avail:18 
 [18] Req:5 Run:5.0 
   {'date': 226.0, 'time': 226.0, 'event': 'E', 'uti': 0.7, 'waitNum': 0, 'waitSize': 0, 'inter': 15.0, 'extend': None}
['26', '1708676609.0', '0.0', '3.0', '2', '-1.0', '-1.0', '2', '1800.0', '-1.0', '-1', '-1', '-1', '-1', '-1', '-1', '-1', '0']
  Insert job[2] 251.0
               
>>>>>>>>>>>>>>>>>>>>>>>>>>>>>>>>>>>>>>>>>>>>>
------------------------------
  Time: 241.0
   {'type': 1, 'time': 241.0, 'prio': 2, 'para': [1, 19]}
------------------------------
  Wait: []
  Run : [2, 3, 4, 11, 15, 16, 17]
------------------------------
  Tot:60 Idle:18 Avail:18 
------------------------------
[Submit]  19
[Start]  19
  Allocate[19] Req:1 Avail:17 
 [19] Req:1 Run:131.0 
   {'date': 241.0, 'time': 241.0, 'event': 'S', 'uti': 0.7166666666666667, 'waitNum': 0, 'waitSize': 0, 'inter': 10.0, 'extend': None}
['27', '1708676619.0', '0.0', '131.0', '8', '-1.0', '-1.0', '8', '3600.0', '-1.0', '-1', '-1', '-1', '-1', '-1', '-1', '-1', '0']
  Insert job[2] 261.0
               
>>>>>>>>>>>>>>>>>>>>>>>>>>>>>>>>>>>>>>>>>>>>>
------------------------------
  Time: 251.0
   {'type': 1, 'time': 251.0, 'prio': 2, 'para': [1, 20]}
------------------------------
  Wait: []
  Run : [2, 3, 4, 11, 15, 16, 17, 19]
------------------------------
  Tot:60 Idle:17 Avail:17 
------------------------------
[Submit]  20
[Start]  20
  Allocate[20] Req:2 Avail:15 
 [20] Req:2 Run:3.0 
   {'date': 251.0, 'time': 251.0, 'event': 'S', 'uti': 0.75, 'waitNum': 0, 'waitSize': 0, 'inter': 3.0, 'extend': None}
               
>>>>>>>>>>>>>>>>>>>>>>>>>>>>>>>>>>>>>>>>>>>>>
------------------------------
  Time: 254.0
   {'type': 1, 'time': 254.0, 'prio': 1, 'para': [2, 20]}
------------------------------
  Wait: []
  Run : [2, 3, 4, 11, 15, 16, 17, 19, 20]
------------------------------
  Tot:60 Idle:15 Avail:15 
------------------------------
[Finish]  20
  Release[20] Req:2 Avail:17 
 [20] Req:2 Run:3.0 
   {'date': 254.0, 'time': 254.0, 'event': 'E', 'uti': 0.7166666666666667, 'waitNum': 0, 'waitSize': 0, 'inter': 3.0, 'extend': None}
               
>>>>>>>>>>>>>>>>>>>>>>>>>>>>>>>>>>>>>>>>>>>>>
------------------------------
  Time: 257.0
   {'type': 1, 'time': 257.0, 'prio': 1, 'para': [2, 2]}
------------------------------
  Wait: []
  Run : [2, 3, 4, 11, 15, 16, 17, 19]
------------------------------
  Tot:60 Idle:17 Avail:17 
------------------------------
[Finish]  2
  Release[2] Req:12 Avail:29 
 [2] Req:12 Run:227.0 
   {'date': 257.0, 'time': 257.0, 'event': 'E', 'uti': 0.5166666666666667, 'waitNum': 0, 'waitSize': 0, 'inter': 4.0, 'extend': None}
['28', '1708676629.0', '0.0', '727.0', '4', '-1.0', '-1.0', '4', '3600.0', '-1.0', '-1', '-1', '-1', '-1', '-1', '-1', '-1', '0']
  Insert job[2] 271.0
               
>>>>>>>>>>>>>>>>>>>>>>>>>>>>>>>>>>>>>>>>>>>>>
------------------------------
  Time: 261.0
   {'type': 1, 'time': 261.0, 'prio': 2, 'para': [1, 21]}
------------------------------
  Wait: []
  Run : [3, 4, 11, 15, 16, 17, 19]
------------------------------
  Tot:60 Idle:29 Avail:29 
------------------------------
[Submit]  21
[Start]  21
  Allocate[21] Req:8 Avail:21 
 [21] Req:8 Run:131.0 
   {'date': 261.0, 'time': 261.0, 'event': 'S', 'uti': 0.65, 'waitNum': 0, 'waitSize': 0, 'inter': 10.0, 'extend': None}
['29', '1708676639.0', '0.0', '22.0', '9', '-1.0', '-1.0', '9', '1800.0', '-1.0', '-1', '-1', '-1', '-1', '-1', '-1', '-1', '0']
  Insert job[2] 281.0
               
>>>>>>>>>>>>>>>>>>>>>>>>>>>>>>>>>>>>>>>>>>>>>
------------------------------
  Time: 271.0
   {'type': 1, 'time': 271.0, 'prio': 2, 'para': [1, 22]}
------------------------------
  Wait: []
  Run : [3, 4, 11, 15, 16, 17, 19, 21]
------------------------------
  Tot:60 Idle:21 Avail:21 
------------------------------
[Submit]  22
[Start]  22
  Allocate[22] Req:4 Avail:17 
 [22] Req:4 Run:727.0 
   {'date': 271.0, 'time': 271.0, 'event': 'S', 'uti': 0.7166666666666667, 'waitNum': 0, 'waitSize': 0, 'inter': 10.0, 'extend': None}
['30', '1708676649.0', '0.0', '866.0', '3', '-1.0', '-1.0', '3', '3600.0', '-1.0', '-1', '-1', '-1', '-1', '-1', '-1', '-1', '0']
  Insert job[2] 291.0
               
>>>>>>>>>>>>>>>>>>>>>>>>>>>>>>>>>>>>>>>>>>>>>
------------------------------
  Time: 281.0
   {'type': 1, 'time': 281.0, 'prio': 2, 'para': [1, 23]}
------------------------------
  Wait: []
  Run : [3, 4, 11, 15, 16, 17, 19, 21, 22]
------------------------------
  Tot:60 Idle:17 Avail:17 
------------------------------
[Submit]  23
[Start]  23
  Allocate[23] Req:9 Avail:8 
 [23] Req:9 Run:22.0 
   {'date': 281.0, 'time': 281.0, 'event': 'S', 'uti': 0.8666666666666667, 'waitNum': 0, 'waitSize': 0, 'inter': 10.0, 'extend': None}
['31', '1708676659.0', '0.0', '8.0', '6', '-1.0', '-1.0', '6', '1800.0', '-1.0', '-1', '-1', '-1', '-1', '-1', '-1', '-1', '0']
  Insert job[2] 301.0
               
>>>>>>>>>>>>>>>>>>>>>>>>>>>>>>>>>>>>>>>>>>>>>
------------------------------
  Time: 291.0
   {'type': 1, 'time': 291.0, 'prio': 2, 'para': [1, 24]}
------------------------------
  Wait: []
  Run : [3, 4, 11, 15, 16, 17, 19, 21, 22, 23]
------------------------------
  Tot:60 Idle:8 Avail:8 
------------------------------
[Submit]  24
[Start]  24
  Allocate[24] Req:3 Avail:5 
 [24] Req:3 Run:866.0 
   {'date': 291.0, 'time': 291.0, 'event': 'S', 'uti': 0.9166666666666666, 'waitNum': 0, 'waitSize': 0, 'inter': 10.0, 'extend': None}
['32', '1708676669.0', '0.0', '59.0', '12', '-1.0', '-1.0', '12', '3600.0', '-1.0', '-1', '-1', '-1', '-1', '-1', '-1', '-1', '0']
  Insert job[2] 311.0
               
>>>>>>>>>>>>>>>>>>>>>>>>>>>>>>>>>>>>>>>>>>>>>
------------------------------
  Time: 301.0
   {'type': 1, 'time': 301.0, 'prio': 2, 'para': [1, 25]}
------------------------------
  Wait: []
  Run : [3, 4, 11, 15, 16, 17, 19, 21, 22, 23, 24]
------------------------------
  Tot:60 Idle:5 Avail:5 
------------------------------
[Submit]  25
   {'date': 301.0, 'time': 301.0, 'event': 'S', 'uti': 0.9166666666666666, 'waitNum': 1, 'waitSize': 6, 'inter': 2.0, 'extend': None}
               
>>>>>>>>>>>>>>>>>>>>>>>>>>>>>>>>>>>>>>>>>>>>>
------------------------------
  Time: 303.0
   {'type': 1, 'time': 303.0, 'prio': 1, 'para': [2, 23]}
------------------------------
  Wait: [25]
  Run : [3, 4, 11, 15, 16, 17, 19, 21, 22, 23, 24]
------------------------------
  Tot:60 Idle:5 Avail:5 
------------------------------
[Finish]  23
  Release[23] Req:9 Avail:14 
 [23] Req:9 Run:22.0 
[Start]  25
  Allocate[25] Req:6 Avail:8 
 [25] Req:6 Run:8.0 
   {'date': 303.0, 'time': 303.0, 'event': 'E', 'uti': 0.8666666666666667, 'waitNum': 0, 'waitSize': 0, 'inter': 8.0, 'extend': None}
['33', '1708676679.0', '0.0', '634.0', '6', '-1.0', '-1.0', '6', '1800.0', '-1.0', '-1', '-1', '-1', '-1', '-1', '-1', '-1', '0']
  Insert job[2] 321.0
               
>>>>>>>>>>>>>>>>>>>>>>>>>>>>>>>>>>>>>>>>>>>>>
------------------------------
  Time: 311.0
   {'type': 1, 'time': 311.0, 'prio': 1, 'para': [2, 25]}
------------------------------
  Wait: []
  Run : [3, 4, 11, 15, 16, 17, 19, 21, 22, 24, 25]
------------------------------
  Tot:60 Idle:8 Avail:8 
------------------------------
[Finish]  25
  Release[25] Req:6 Avail:14 
 [25] Req:6 Run:8.0 
   {'date': 311.0, 'time': 311.0, 'event': 'E', 'uti': 0.7666666666666667, 'waitNum': 0, 'waitSize': 0, 'inter': 0.0, 'extend': None}
               
>>>>>>>>>>>>>>>>>>>>>>>>>>>>>>>>>>>>>>>>>>>>>
------------------------------
  Time: 311.0
   {'type': 1, 'time': 311.0, 'prio': 2, 'para': [1, 26]}
------------------------------
  Wait: []
  Run : [3, 4, 11, 15, 16, 17, 19, 21, 22, 24]
------------------------------
  Tot:60 Idle:14 Avail:14 
------------------------------
[Submit]  26
[Start]  26
  Allocate[26] Req:12 Avail:2 
 [26] Req:12 Run:59.0 
   {'date': 311.0, 'time': 311.0, 'event': 'S', 'uti': 0.9666666666666667, 'waitNum': 0, 'waitSize': 0, 'inter': 10.0, 'extend': None}
['34', '1708676689.0', '40.0', '519.0', '10', '-1.0', '-1.0', '10', '3600.0', '-1.0', '-1', '-1', '-1', '-1', '-1', '-1', '-1', '0']
  Insert job[2] 331.0
               
>>>>>>>>>>>>>>>>>>>>>>>>>>>>>>>>>>>>>>>>>>>>>
------------------------------
  Time: 321.0
   {'type': 1, 'time': 321.0, 'prio': 2, 'para': [1, 27]}
------------------------------
  Wait: []
  Run : [3, 4, 11, 15, 16, 17, 19, 21, 22, 24, 26]
------------------------------
  Tot:60 Idle:2 Avail:2 
------------------------------
[Submit]  27
   {'date': 321.0, 'time': 321.0, 'event': 'S', 'uti': 0.9666666666666667, 'waitNum': 1, 'waitSize': 6, 'inter': 10.0, 'extend': None}
['35', '1708676699.0', '0.0', '11.0', '4', '-1.0', '-1.0', '4', '1800.0', '-1.0', '-1', '-1', '-1', '-1', '-1', '-1', '-1', '0']
  Insert job[2] 341.0
               
>>>>>>>>>>>>>>>>>>>>>>>>>>>>>>>>>>>>>>>>>>>>>
------------------------------
  Time: 331.0
   {'type': 1, 'time': 331.0, 'prio': 2, 'para': [1, 28]}
------------------------------
  Wait: [27]
  Run : [3, 4, 11, 15, 16, 17, 19, 21, 22, 24, 26]
------------------------------
  Tot:60 Idle:2 Avail:2 
------------------------------
[Submit]  28
   {'date': 331.0, 'time': 331.0, 'event': 'S', 'uti': 0.9666666666666667, 'waitNum': 2, 'waitSize': 16, 'inter': 10.0, 'extend': None}
['36', '1708676709.0', '1.0', '582.0', '6', '-1.0', '-1.0', '6', '3600.0', '-1.0', '-1', '-1', '-1', '-1', '-1', '-1', '-1', '0']
  Insert job[2] 351.0
               
>>>>>>>>>>>>>>>>>>>>>>>>>>>>>>>>>>>>>>>>>>>>>
------------------------------
  Time: 341.0
   {'type': 1, 'time': 341.0, 'prio': 2, 'para': [1, 29]}
------------------------------
  Wait: [27, 28]
  Run : [3, 4, 11, 15, 16, 17, 19, 21, 22, 24, 26]
------------------------------
  Tot:60 Idle:2 Avail:2 
------------------------------
[Submit]  29
   {'date': 341.0, 'time': 341.0, 'event': 'S', 'uti': 0.9666666666666667, 'waitNum': 3, 'waitSize': 20, 'inter': 10.0, 'extend': None}
['37', '1708676720.0', '0.0', '1986.0', '9', '-1.0', '-1.0', '9', '5400.0', '-1.0', '-1', '-1', '-1', '-1', '-1', '-1', '-1', '0']
  Insert job[2] 362.0
               
>>>>>>>>>>>>>>>>>>>>>>>>>>>>>>>>>>>>>>>>>>>>>
------------------------------
  Time: 351.0
   {'type': 1, 'time': 351.0, 'prio': 2, 'para': [1, 30]}
------------------------------
  Wait: [27, 28, 29]
  Run : [3, 4, 11, 15, 16, 17, 19, 21, 22, 24, 26]
------------------------------
  Tot:60 Idle:2 Avail:2 
------------------------------
[Submit]  30
   {'date': 351.0, 'time': 351.0, 'event': 'S', 'uti': 0.9666666666666667, 'waitNum': 4, 'waitSize': 26, 'inter': 11.0, 'extend': None}
['38', '1708676730.0', '0.0', '273.0', '6', '-1.0', '-1.0', '6', '5400.0', '-1.0', '-1', '-1', '-1', '-1', '-1', '-1', '-1', '0']
  Insert job[2] 372.0
               
>>>>>>>>>>>>>>>>>>>>>>>>>>>>>>>>>>>>>>>>>>>>>
------------------------------
  Time: 362.0
   {'type': 1, 'time': 362.0, 'prio': 2, 'para': [1, 31]}
------------------------------
  Wait: [27, 28, 29, 30]
  Run : [3, 4, 11, 15, 16, 17, 19, 21, 22, 24, 26]
------------------------------
  Tot:60 Idle:2 Avail:2 
------------------------------
[Submit]  31
   {'date': 362.0, 'time': 362.0, 'event': 'S', 'uti': 0.9666666666666667, 'waitNum': 5, 'waitSize': 35, 'inter': 8.0, 'extend': None}
               
>>>>>>>>>>>>>>>>>>>>>>>>>>>>>>>>>>>>>>>>>>>>>
------------------------------
  Time: 370.0
   {'type': 1, 'time': 370.0, 'prio': 1, 'para': [2, 26]}
------------------------------
  Wait: [27, 28, 29, 30, 31]
  Run : [3, 4, 11, 15, 16, 17, 19, 21, 22, 24, 26]
------------------------------
  Tot:60 Idle:2 Avail:2 
------------------------------
[Finish]  26
  Release[26] Req:12 Avail:14 
 [26] Req:12 Run:59.0 
[Start]  27
  Allocate[27] Req:6 Avail:8 
 [27] Req:6 Run:634.0 
[Start]  29
  Allocate[29] Req:4 Avail:4 
 [29] Req:4 Run:11.0 
   {'date': 370.0, 'time': 370.0, 'event': 'E', 'uti': 0.9333333333333333, 'waitNum': 3, 'waitSize': 25, 'inter': 2.0, 'extend': None}
['39', '1708676740.0', '12.0', '87.0', '6', '-1.0', '-1.0', '6', '1800.0', '-1.0', '-1', '-1', '-1', '-1', '-1', '-1', '-1', '0']
  Insert job[2] 382.0
               
>>>>>>>>>>>>>>>>>>>>>>>>>>>>>>>>>>>>>>>>>>>>>
------------------------------
  Time: 372.0
   {'type': 1, 'time': 372.0, 'prio': 1, 'para': [2, 19]}
------------------------------
  Wait: [28, 30, 31]
  Run : [3, 4, 11, 15, 16, 17, 19, 21, 22, 24, 27, 29]
------------------------------
  Tot:60 Idle:4 Avail:4 
------------------------------
[Finish]  19
  Release[19] Req:1 Avail:5 
 [19] Req:1 Run:131.0 
   {'date': 372.0, 'time': 372.0, 'event': 'E', 'uti': 0.9166666666666666, 'waitNum': 3, 'waitSize': 25, 'inter': 0.0, 'extend': None}
               
>>>>>>>>>>>>>>>>>>>>>>>>>>>>>>>>>>>>>>>>>>>>>
------------------------------
  Time: 372.0
   {'type': 1, 'time': 372.0, 'prio': 2, 'para': [1, 32]}
------------------------------
  Wait: [28, 30, 31]
  Run : [3, 4, 11, 15, 16, 17, 21, 22, 24, 27, 29]
------------------------------
  Tot:60 Idle:5 Avail:5 
------------------------------
[Submit]  32
   {'date': 372.0, 'time': 372.0, 'event': 'S', 'uti': 0.9166666666666666, 'waitNum': 4, 'waitSize': 31, 'inter': 9.0, 'extend': None}
               
>>>>>>>>>>>>>>>>>>>>>>>>>>>>>>>>>>>>>>>>>>>>>
------------------------------
  Time: 381.0
   {'type': 1, 'time': 381.0, 'prio': 1, 'para': [2, 29]}
------------------------------
  Wait: [28, 30, 31, 32]
  Run : [3, 4, 11, 15, 16, 17, 21, 22, 24, 27, 29]
------------------------------
  Tot:60 Idle:5 Avail:5 
------------------------------
[Finish]  29
  Release[29] Req:4 Avail:9 
 [29] Req:4 Run:11.0 
[Start]  30
  Allocate[30] Req:6 Avail:3 
 [30] Req:6 Run:582.0 
   {'date': 381.0, 'time': 381.0, 'event': 'E', 'uti': 0.95, 'waitNum': 3, 'waitSize': 25, 'inter': 1.0, 'extend': None}
['40', '1708676750.0', '2.0', '583.0', '6', '-1.0', '-1.0', '6', '1800.0', '-1.0', '-1', '-1', '-1', '-1', '-1', '-1', '-1', '0']
  Insert job[2] 392.0
               
>>>>>>>>>>>>>>>>>>>>>>>>>>>>>>>>>>>>>>>>>>>>>
------------------------------
  Time: 382.0
   {'type': 1, 'time': 382.0, 'prio': 2, 'para': [1, 33]}
------------------------------
  Wait: [28, 31, 32]
  Run : [3, 4, 11, 15, 16, 17, 21, 22, 24, 27, 30]
------------------------------
  Tot:60 Idle:3 Avail:3 
------------------------------
[Submit]  33
   {'date': 382.0, 'time': 382.0, 'event': 'S', 'uti': 0.95, 'waitNum': 4, 'waitSize': 31, 'inter': 1.0, 'extend': None}
               
>>>>>>>>>>>>>>>>>>>>>>>>>>>>>>>>>>>>>>>>>>>>>
------------------------------
  Time: 383.0
   {'type': 1, 'time': 383.0, 'prio': 1, 'para': [2, 11]}
------------------------------
  Wait: [28, 31, 32, 33]
  Run : [3, 4, 11, 15, 16, 17, 21, 22, 24, 27, 30]
------------------------------
  Tot:60 Idle:3 Avail:3 
------------------------------
[Finish]  11
  Release[11] Req:2 Avail:5 
 [11] Req:2 Run:262.0 
   {'date': 383.0, 'time': 383.0, 'event': 'E', 'uti': 0.9166666666666666, 'waitNum': 4, 'waitSize': 31, 'inter': 9.0, 'extend': None}
['41', '1708676760.0', '489.0', '238.0', '12', '-1.0', '-1.0', '12', '3600.0', '-1.0', '-1', '-1', '-1', '-1', '-1', '-1', '-1', '0']
  Insert job[2] 402.0
               
>>>>>>>>>>>>>>>>>>>>>>>>>>>>>>>>>>>>>>>>>>>>>
------------------------------
  Time: 392.0
   {'type': 1, 'time': 392.0, 'prio': 1, 'para': [2, 21]}
------------------------------
  Wait: [28, 31, 32, 33]
  Run : [3, 4, 15, 16, 17, 21, 22, 24, 27, 30]
------------------------------
  Tot:60 Idle:5 Avail:5 
------------------------------
[Finish]  21
  Release[21] Req:8 Avail:13 
 [21] Req:8 Run:131.0 
[Start]  28
  Allocate[28] Req:10 Avail:3 
 [28] Req:10 Run:519.0 
   {'date': 392.0, 'time': 392.0, 'event': 'E', 'uti': 0.95, 'waitNum': 3, 'waitSize': 21, 'inter': 0.0, 'extend': None}
               
>>>>>>>>>>>>>>>>>>>>>>>>>>>>>>>>>>>>>>>>>>>>>
------------------------------
  Time: 392.0
   {'type': 1, 'time': 392.0, 'prio': 2, 'para': [1, 34]}
------------------------------
  Wait: [31, 32, 33]
  Run : [3, 4, 15, 16, 17, 22, 24, 27, 30, 28]
------------------------------
  Tot:60 Idle:3 Avail:3 
------------------------------
[Submit]  34
   {'date': 392.0, 'time': 392.0, 'event': 'S', 'uti': 0.95, 'waitNum': 4, 'waitSize': 27, 'inter': 10.0, 'extend': None}
['42', '1708676770.0', '0.0', '11.0', '6', '-1.0', '-1.0', '6', '5400.0', '-1.0', '-1', '-1', '-1', '-1', '-1', '-1', '-1', '0']
  Insert job[2] 412.0
               
>>>>>>>>>>>>>>>>>>>>>>>>>>>>>>>>>>>>>>>>>>>>>
------------------------------
  Time: 402.0
   {'type': 1, 'time': 402.0, 'prio': 2, 'para': [1, 35]}
------------------------------
  Wait: [31, 32, 33, 34]
  Run : [3, 4, 15, 16, 17, 22, 24, 27, 30, 28]
------------------------------
  Tot:60 Idle:3 Avail:3 
------------------------------
[Submit]  35
   {'date': 402.0, 'time': 402.0, 'event': 'S', 'uti': 0.95, 'waitNum': 5, 'waitSize': 39, 'inter': 10.0, 'extend': None}
['43', '1708676780.0', '185.0', '168.0', '4', '-1.0', '-1.0', '4', '1800.0', '-1.0', '-1', '-1', '-1', '-1', '-1', '-1', '-1', '0']
  Insert job[2] 422.0
               
>>>>>>>>>>>>>>>>>>>>>>>>>>>>>>>>>>>>>>>>>>>>>
------------------------------
  Time: 412.0
   {'type': 1, 'time': 412.0, 'prio': 2, 'para': [1, 36]}
------------------------------
  Wait: [31, 32, 33, 34, 35]
  Run : [3, 4, 15, 16, 17, 22, 24, 27, 30, 28]
------------------------------
  Tot:60 Idle:3 Avail:3 
------------------------------
[Submit]  36
   {'date': 412.0, 'time': 412.0, 'event': 'S', 'uti': 0.95, 'waitNum': 6, 'waitSize': 45, 'inter': 10.0, 'extend': None}
['44', '1708676790.0', '0.0', '34.0', '4', '-1.0', '-1.0', '4', '1800.0', '-1.0', '-1', '-1', '-1', '-1', '-1', '-1', '-1', '0']
  Insert job[2] 432.0
               
>>>>>>>>>>>>>>>>>>>>>>>>>>>>>>>>>>>>>>>>>>>>>
------------------------------
  Time: 422.0
   {'type': 1, 'time': 422.0, 'prio': 2, 'para': [1, 37]}
------------------------------
  Wait: [31, 32, 33, 34, 35, 36]
  Run : [3, 4, 15, 16, 17, 22, 24, 27, 30, 28]
------------------------------
  Tot:60 Idle:3 Avail:3 
------------------------------
[Submit]  37
   {'date': 422.0, 'time': 422.0, 'event': 'S', 'uti': 0.95, 'waitNum': 7, 'waitSize': 49, 'inter': 10.0, 'extend': None}
['47', '1708676820.0', '185.0', '7.0', '3', '-1.0', '-1.0', '3', '5400.0', '-1.0', '-1', '-1', '-1', '-1', '-1', '-1', '-1', '0']
  Insert job[2] 462.0
               
>>>>>>>>>>>>>>>>>>>>>>>>>>>>>>>>>>>>>>>>>>>>>
------------------------------
  Time: 432.0
   {'type': 1, 'time': 432.0, 'prio': 2, 'para': [1, 38]}
------------------------------
  Wait: [31, 32, 33, 34, 35, 36, 37]
  Run : [3, 4, 15, 16, 17, 22, 24, 27, 30, 28]
------------------------------
  Tot:60 Idle:3 Avail:3 
------------------------------
[Submit]  38
   {'date': 432.0, 'time': 432.0, 'event': 'S', 'uti': 0.95, 'waitNum': 8, 'waitSize': 53, 'inter': 30.0, 'extend': None}
['48', '1708676830.0', '1537.0', '19.0', '9', '-1.0', '-1.0', '9', '1800.0', '-1.0', '-1', '-1', '-1', '-1', '-1', '-1', '-1', '0']
  Insert job[2] 472.0
               
>>>>>>>>>>>>>>>>>>>>>>>>>>>>>>>>>>>>>>>>>>>>>
------------------------------
  Time: 462.0
   {'type': 1, 'time': 462.0, 'prio': 2, 'para': [1, 39]}
------------------------------
  Wait: [31, 32, 33, 34, 35, 36, 37, 38]
  Run : [3, 4, 15, 16, 17, 22, 24, 27, 30, 28]
------------------------------
  Tot:60 Idle:3 Avail:3 
------------------------------
[Submit]  39
[Start]  39
  Allocate[39] Req:3 Avail:0 
 [39] Req:3 Run:7.0 
   {'date': 462.0, 'time': 462.0, 'event': 'S', 'uti': 1.0, 'waitNum': 8, 'waitSize': 53, 'inter': 7.0, 'extend': None}
               
>>>>>>>>>>>>>>>>>>>>>>>>>>>>>>>>>>>>>>>>>>>>>
------------------------------
  Time: 469.0
   {'type': 1, 'time': 469.0, 'prio': 1, 'para': [2, 39]}
------------------------------
  Wait: [31, 32, 33, 34, 35, 36, 37, 38]
  Run : [3, 4, 15, 16, 17, 22, 24, 27, 30, 28, 39]
------------------------------
  Tot:60 Idle:0 Avail:0 
------------------------------
[Finish]  39
  Release[39] Req:3 Avail:3 
 [39] Req:3 Run:7.0 
   {'date': 469.0, 'time': 469.0, 'event': 'E', 'uti': 0.95, 'waitNum': 8, 'waitSize': 53, 'inter': 3.0, 'extend': None}
['49', '1708676840.0', '151.0', '62.0', '4', '-1.0', '-1.0', '4', '3600.0', '-1.0', '-1', '-1', '-1', '-1', '-1', '-1', '-1', '0']
  Insert job[2] 482.0
               
>>>>>>>>>>>>>>>>>>>>>>>>>>>>>>>>>>>>>>>>>>>>>
------------------------------
  Time: 472.0
   {'type': 1, 'time': 472.0, 'prio': 2, 'para': [1, 40]}
------------------------------
  Wait: [31, 32, 33, 34, 35, 36, 37, 38]
  Run : [3, 4, 15, 16, 17, 22, 24, 27, 30, 28]
------------------------------
  Tot:60 Idle:3 Avail:3 
------------------------------
[Submit]  40
   {'date': 472.0, 'time': 472.0, 'event': 'S', 'uti': 0.95, 'waitNum': 9, 'waitSize': 62, 'inter': 10.0, 'extend': None}
['50', '1708676850.0', '1517.0', '367.0', '10', '-1.0', '-1.0', '10', '5400.0', '-1.0', '-1', '-1', '-1', '-1', '-1', '-1', '-1', '0']
  Insert job[2] 492.0
               
>>>>>>>>>>>>>>>>>>>>>>>>>>>>>>>>>>>>>>>>>>>>>
------------------------------
  Time: 482.0
   {'type': 1, 'time': 482.0, 'prio': 2, 'para': [1, 41]}
------------------------------
  Wait: [31, 32, 33, 34, 35, 36, 37, 38, 40]
  Run : [3, 4, 15, 16, 17, 22, 24, 27, 30, 28]
------------------------------
  Tot:60 Idle:3 Avail:3 
------------------------------
[Submit]  41
   {'date': 482.0, 'time': 482.0, 'event': 'S', 'uti': 0.95, 'waitNum': 10, 'waitSize': 66, 'inter': 10.0, 'extend': None}
['51', '1708676860.0', '0.0', '669.0', '3', '-1.0', '-1.0', '3', '1800.0', '-1.0', '-1', '-1', '-1', '-1', '-1', '-1', '-1', '0']
  Insert job[2] 502.0
               
>>>>>>>>>>>>>>>>>>>>>>>>>>>>>>>>>>>>>>>>>>>>>
------------------------------
  Time: 492.0
   {'type': 1, 'time': 492.0, 'prio': 2, 'para': [1, 42]}
------------------------------
  Wait: [31, 32, 33, 34, 35, 36, 37, 38, 40, 41]
  Run : [3, 4, 15, 16, 17, 22, 24, 27, 30, 28]
------------------------------
  Tot:60 Idle:3 Avail:3 
------------------------------
[Submit]  42
  Insert mon[5] 500
   {'date': 492.0, 'time': 492.0, 'event': 'S', 'uti': 0.95, 'waitNum': 11, 'waitSize': 76, 'inter': 8.0, 'extend': None}
   {'date': 500, 'time': 500, 'event': 'Q', 'uti': 0.95, 'waitNum': 11, 'waitSize': 76, 'inter': 2.0, 'extend': None}
['52', '1708676870.0', '0.0', '247.0', '3', '-1.0', '-1.0', '3', '1800.0', '-1.0', '-1', '-1', '-1', '-1', '-1', '-1', '-1', '0']
  Insert job[2] 512.0
               
>>>>>>>>>>>>>>>>>>>>>>>>>>>>>>>>>>>>>>>>>>>>>
------------------------------
  Time: 502.0
   {'type': 1, 'time': 502.0, 'prio': 2, 'para': [1, 43]}
------------------------------
  Wait: [31, 32, 33, 34, 35, 36, 37, 38, 40, 41, 42]
  Run : [3, 4, 15, 16, 17, 22, 24, 27, 30, 28]
------------------------------
  Tot:60 Idle:3 Avail:3 
------------------------------
[Submit]  43
[Start]  43
  Allocate[43] Req:3 Avail:0 
 [43] Req:3 Run:669.0 
   {'date': 502.0, 'time': 502.0, 'event': 'S', 'uti': 1.0, 'waitNum': 11, 'waitSize': 76, 'inter': 10.0, 'extend': None}
['53', '1708676880.0', '178.0', '86.0', '5', '-1.0', '-1.0', '5', '1800.0', '-1.0', '-1', '-1', '-1', '-1', '-1', '-1', '-1', '0']
  Insert job[2] 522.0
               
>>>>>>>>>>>>>>>>>>>>>>>>>>>>>>>>>>>>>>>>>>>>>
------------------------------
  Time: 512.0
   {'type': 1, 'time': 512.0, 'prio': 2, 'para': [1, 44]}
------------------------------
  Wait: [31, 32, 33, 34, 35, 36, 37, 38, 40, 41, 42]
  Run : [3, 4, 15, 16, 17, 22, 24, 27, 30, 28, 43]
------------------------------
  Tot:60 Idle:0 Avail:0 
------------------------------
[Submit]  44
   {'date': 512.0, 'time': 512.0, 'event': 'S', 'uti': 1.0, 'waitNum': 12, 'waitSize': 79, 'inter': 10.0, 'extend': None}
['54', '1708676890.0', '115.0', '3.0', '3', '-1.0', '-1.0', '3', '5400.0', '-1.0', '-1', '-1', '-1', '-1', '-1', '-1', '-1', '0']
  Insert job[2] 532.0
               
>>>>>>>>>>>>>>>>>>>>>>>>>>>>>>>>>>>>>>>>>>>>>
------------------------------
  Time: 522.0
   {'type': 1, 'time': 522.0, 'prio': 2, 'para': [1, 45]}
------------------------------
  Wait: [31, 32, 33, 34, 35, 36, 37, 38, 40, 41, 42, 44]
  Run : [3, 4, 15, 16, 17, 22, 24, 27, 30, 28, 43]
------------------------------
  Tot:60 Idle:0 Avail:0 
------------------------------
[Submit]  45
   {'date': 522.0, 'time': 522.0, 'event': 'S', 'uti': 1.0, 'waitNum': 13, 'waitSize': 84, 'inter': 10.0, 'extend': None}
['55', '1708676900.0', '0.0', '20.0', '2', '-1.0', '-1.0', '2', '3600.0', '-1.0', '-1', '-1', '-1', '-1', '-1', '-1', '-1', '0']
  Insert job[2] 542.0
               
>>>>>>>>>>>>>>>>>>>>>>>>>>>>>>>>>>>>>>>>>>>>>
------------------------------
  Time: 532.0
   {'type': 1, 'time': 532.0, 'prio': 2, 'para': [1, 46]}
------------------------------
  Wait: [31, 32, 33, 34, 35, 36, 37, 38, 40, 41, 42, 44, 45]
  Run : [3, 4, 15, 16, 17, 22, 24, 27, 30, 28, 43]
------------------------------
  Tot:60 Idle:0 Avail:0 
------------------------------
[Submit]  46
   {'date': 532.0, 'time': 532.0, 'event': 'S', 'uti': 1.0, 'waitNum': 14, 'waitSize': 87, 'inter': 10.0, 'extend': None}
['57', '1708676920.0', '93.0', '348.0', '2', '-1.0', '-1.0', '2', '1800.0', '-1.0', '-1', '-1', '-1', '-1', '-1', '-1', '-1', '0']
  Insert job[2] 562.0
               
>>>>>>>>>>>>>>>>>>>>>>>>>>>>>>>>>>>>>>>>>>>>>
------------------------------
  Time: 542.0
   {'type': 1, 'time': 542.0, 'prio': 2, 'para': [1, 47]}
------------------------------
  Wait: [31, 32, 33, 34, 35, 36, 37, 38, 40, 41, 42, 44, 45, 46]
  Run : [3, 4, 15, 16, 17, 22, 24, 27, 30, 28, 43]
------------------------------
  Tot:60 Idle:0 Avail:0 
------------------------------
[Submit]  47
   {'date': 542.0, 'time': 542.0, 'event': 'S', 'uti': 1.0, 'waitNum': 15, 'waitSize': 89, 'inter': 20.0, 'extend': None}
['58', '1708676930.0', '1457.0', '140.0', '6', '-1.0', '-1.0', '6', '3600.0', '-1.0', '-1', '-1', '-1', '-1', '-1', '-1', '-1', '0']
  Insert job[2] 572.0
               
>>>>>>>>>>>>>>>>>>>>>>>>>>>>>>>>>>>>>>>>>>>>>
------------------------------
  Time: 562.0
   {'type': 1, 'time': 562.0, 'prio': 2, 'para': [1, 48]}
------------------------------
  Wait: [31, 32, 33, 34, 35, 36, 37, 38, 40, 41, 42, 44, 45, 46, 47]
  Run : [3, 4, 15, 16, 17, 22, 24, 27, 30, 28, 43]
------------------------------
  Tot:60 Idle:0 Avail:0 
------------------------------
[Submit]  48
   {'date': 562.0, 'time': 562.0, 'event': 'S', 'uti': 1.0, 'waitNum': 16, 'waitSize': 91, 'inter': 10.0, 'extend': None}
['60', '1708676951.0', '1578.0', '3.0', '9', '-1.0', '-1.0', '9', '1800.0', '-1.0', '-1', '-1', '-1', '-1', '-1', '-1', '-1', '0']
  Insert job[2] 593.0
               
>>>>>>>>>>>>>>>>>>>>>>>>>>>>>>>>>>>>>>>>>>>>>
------------------------------
  Time: 572.0
   {'type': 1, 'time': 572.0, 'prio': 2, 'para': [1, 49]}
------------------------------
  Wait: [31, 32, 33, 34, 35, 36, 37, 38, 40, 41, 42, 44, 45, 46, 47, 48]
  Run : [3, 4, 15, 16, 17, 22, 24, 27, 30, 28, 43]
------------------------------
  Tot:60 Idle:0 Avail:0 
------------------------------
[Submit]  49
   {'date': 572.0, 'time': 572.0, 'event': 'S', 'uti': 1.0, 'waitNum': 17, 'waitSize': 97, 'inter': 21.0, 'extend': None}
['61', '1708676961.0', '185.0', '552.0', '6', '-1.0', '-1.0', '6', '5400.0', '-1.0', '-1', '-1', '-1', '-1', '-1', '-1', '-1', '0']
  Insert job[2] 603.0
               
>>>>>>>>>>>>>>>>>>>>>>>>>>>>>>>>>>>>>>>>>>>>>
------------------------------
  Time: 593.0
   {'type': 1, 'time': 593.0, 'prio': 2, 'para': [1, 50]}
------------------------------
  Wait: [31, 32, 33, 34, 35, 36, 37, 38, 40, 41, 42, 44, 45, 46, 47, 48, 49]
  Run : [3, 4, 15, 16, 17, 22, 24, 27, 30, 28, 43]
------------------------------
  Tot:60 Idle:0 Avail:0 
------------------------------
[Submit]  50
   {'date': 593.0, 'time': 593.0, 'event': 'S', 'uti': 1.0, 'waitNum': 18, 'waitSize': 106, 'inter': 10.0, 'extend': None}
['62', '1708676971.0', '0.0', '15.0', '1', '-1.0', '-1.0', '1', '3600.0', '-1.0', '-1', '-1', '-1', '-1', '-1', '-1', '-1', '0']
  Insert job[2] 613.0
               
>>>>>>>>>>>>>>>>>>>>>>>>>>>>>>>>>>>>>>>>>>>>>
------------------------------
  Time: 603.0
   {'type': 1, 'time': 603.0, 'prio': 2, 'para': [1, 51]}
------------------------------
  Wait: [31, 32, 33, 34, 35, 36, 37, 38, 40, 41, 42, 44, 45, 46, 47, 48, 49, 50]
  Run : [3, 4, 15, 16, 17, 22, 24, 27, 30, 28, 43]
------------------------------
  Tot:60 Idle:0 Avail:0 
------------------------------
[Submit]  51
   {'date': 603.0, 'time': 603.0, 'event': 'S', 'uti': 1.0, 'waitNum': 19, 'waitSize': 112, 'inter': 10.0, 'extend': None}
['63', '1708676981.0', '94.0', '401.0', '3', '-1.0', '-1.0', '3', '5400.0', '-1.0', '-1', '-1', '-1', '-1', '-1', '-1', '-1', '0']
  Insert job[2] 623.0
               
>>>>>>>>>>>>>>>>>>>>>>>>>>>>>>>>>>>>>>>>>>>>>
------------------------------
  Time: 613.0
   {'type': 1, 'time': 613.0, 'prio': 2, 'para': [1, 52]}
------------------------------
  Wait: [31, 32, 33, 34, 35, 36, 37, 38, 40, 41, 42, 44, 45, 46, 47, 48, 49, 50, 51]
  Run : [3, 4, 15, 16, 17, 22, 24, 27, 30, 28, 43]
------------------------------
  Tot:60 Idle:0 Avail:0 
------------------------------
[Submit]  52
   {'date': 613.0, 'time': 613.0, 'event': 'S', 'uti': 1.0, 'waitNum': 20, 'waitSize': 113, 'inter': 10.0, 'extend': None}
['65', '1708677001.0', '74.0', '520.0', '4', '-1.0', '-1.0', '4', '3600.0', '-1.0', '-1', '-1', '-1', '-1', '-1', '-1', '-1', '0']
  Insert job[2] 643.0
               
>>>>>>>>>>>>>>>>>>>>>>>>>>>>>>>>>>>>>>>>>>>>>
------------------------------
  Time: 623.0
   {'type': 1, 'time': 623.0, 'prio': 2, 'para': [1, 53]}
------------------------------
  Wait: [31, 32, 33, 34, 35, 36, 37, 38, 40, 41, 42, 44, 45, 46, 47, 48, 49, 50, 51, 52]
  Run : [3, 4, 15, 16, 17, 22, 24, 27, 30, 28, 43]
------------------------------
  Tot:60 Idle:0 Avail:0 
------------------------------
[Submit]  53
   {'date': 623.0, 'time': 623.0, 'event': 'S', 'uti': 1.0, 'waitNum': 21, 'waitSize': 116, 'inter': 9.0, 'extend': None}
               
>>>>>>>>>>>>>>>>>>>>>>>>>>>>>>>>>>>>>>>>>>>>>
------------------------------
  Time: 632.0
   {'type': 1, 'time': 632.0, 'prio': 1, 'para': [2, 3]}
------------------------------
  Wait: [31, 32, 33, 34, 35, 36, 37, 38, 40, 41, 42, 44, 45, 46, 47, 48, 49, 50, 51, 52, 53]
  Run : [3, 4, 15, 16, 17, 22, 24, 27, 30, 28, 43]
------------------------------
  Tot:60 Idle:0 Avail:0 
------------------------------
[Finish]  3
  Release[3] Req:4 Avail:4 
 [3] Req:4 Run:592.0 
[Start]  37
  Allocate[37] Req:4 Avail:0 
 [37] Req:4 Run:168.0 
   {'date': 632.0, 'time': 632.0, 'event': 'E', 'uti': 1.0, 'waitNum': 20, 'waitSize': 112, 'inter': 11.0, 'extend': None}
['71', '1708677061.0', '299.0', '179.0', '4', '-1.0', '-1.0', '4', '1800.0', '-1.0', '-1', '-1', '-1', '-1', '-1', '-1', '-1', '0']
  Insert job[2] 703.0
               
>>>>>>>>>>>>>>>>>>>>>>>>>>>>>>>>>>>>>>>>>>>>>
------------------------------
  Time: 643.0
   {'type': 1, 'time': 643.0, 'prio': 2, 'para': [1, 54]}
------------------------------
  Wait: [31, 32, 33, 34, 35, 36, 38, 40, 41, 42, 44, 45, 46, 47, 48, 49, 50, 51, 52, 53]
  Run : [4, 15, 16, 17, 22, 24, 27, 30, 28, 43, 37]
------------------------------
  Tot:60 Idle:0 Avail:0 
------------------------------
[Submit]  54
   {'date': 643.0, 'time': 643.0, 'event': 'S', 'uti': 1.0, 'waitNum': 21, 'waitSize': 116, 'inter': 33.0, 'extend': None}
               
>>>>>>>>>>>>>>>>>>>>>>>>>>>>>>>>>>>>>>>>>>>>>
------------------------------
  Time: 676.0
   {'type': 1, 'time': 676.0, 'prio': 1, 'para': [2, 4]}
------------------------------
  Wait: [31, 32, 33, 34, 35, 36, 38, 40, 41, 42, 44, 45, 46, 47, 48, 49, 50, 51, 52, 53, 54]
  Run : [4, 15, 16, 17, 22, 24, 27, 30, 28, 43, 37]
------------------------------
  Tot:60 Idle:0 Avail:0 
------------------------------
[Finish]  4
  Release[4] Req:2 Avail:2 
 [4] Req:2 Run:626.0 
[Start]  47
  Allocate[47] Req:2 Avail:0 
 [47] Req:2 Run:20.0 
   {'date': 676.0, 'time': 676.0, 'event': 'E', 'uti': 1.0, 'waitNum': 20, 'waitSize': 114, 'inter': 20.0, 'extend': None}
               
>>>>>>>>>>>>>>>>>>>>>>>>>>>>>>>>>>>>>>>>>>>>>
------------------------------
  Time: 696.0
   {'type': 1, 'time': 696.0, 'prio': 1, 'para': [2, 47]}
------------------------------
  Wait: [31, 32, 33, 34, 35, 36, 38, 40, 41, 42, 44, 45, 46, 48, 49, 50, 51, 52, 53, 54]
  Run : [15, 16, 17, 22, 24, 27, 30, 28, 43, 37, 47]
------------------------------
  Tot:60 Idle:0 Avail:0 
------------------------------
[Finish]  47
  Release[47] Req:2 Avail:2 
 [47] Req:2 Run:20.0 
[Start]  48
  Allocate[48] Req:2 Avail:0 
 [48] Req:2 Run:348.0 
   {'date': 696.0, 'time': 696.0, 'event': 'E', 'uti': 1.0, 'waitNum': 19, 'waitSize': 112, 'inter': 3.0, 'extend': None}
               
>>>>>>>>>>>>>>>>>>>>>>>>>>>>>>>>>>>>>>>>>>>>>
------------------------------
  Time: 699.0
   {'type': 1, 'time': 699.0, 'prio': 1, 'para': [2, 17]}
------------------------------
  Wait: [31, 32, 33, 34, 35, 36, 38, 40, 41, 42, 44, 45, 46, 49, 50, 51, 52, 53, 54]
  Run : [15, 16, 17, 22, 24, 27, 30, 28, 43, 37, 48]
------------------------------
  Tot:60 Idle:0 Avail:0 
------------------------------
[Finish]  17
  Release[17] Req:3 Avail:3 
 [17] Req:3 Run:488.0 
[Start]  44
  Allocate[44] Req:3 Avail:0 
 [44] Req:3 Run:247.0 
   {'date': 699.0, 'time': 699.0, 'event': 'E', 'uti': 1.0, 'waitNum': 18, 'waitSize': 109, 'inter': 4.0, 'extend': None}
['72', '1708677071.0', '289.0', '122.0', '4', '-1.0', '-1.0', '4', '5400.0', '-1.0', '-1', '-1', '-1', '-1', '-1', '-1', '-1', '0']
  Insert job[2] 713.0
               
>>>>>>>>>>>>>>>>>>>>>>>>>>>>>>>>>>>>>>>>>>>>>
------------------------------
  Time: 703.0
   {'type': 1, 'time': 703.0, 'prio': 2, 'para': [1, 55]}
------------------------------
  Wait: [31, 32, 33, 34, 35, 36, 38, 40, 41, 42, 45, 46, 49, 50, 51, 52, 53, 54]
  Run : [15, 16, 22, 24, 27, 30, 28, 43, 37, 48, 44]
------------------------------
  Tot:60 Idle:0 Avail:0 
------------------------------
[Submit]  55
   {'date': 703.0, 'time': 703.0, 'event': 'S', 'uti': 1.0, 'waitNum': 19, 'waitSize': 113, 'inter': 10.0, 'extend': None}
['75', '1708677101.0', '18.0', '1637.0', '2', '-1.0', '-1.0', '2', '1800.0', '-1.0', '-1', '-1', '-1', '-1', '-1', '-1', '-1', '0']
  Insert job[2] 743.0
               
>>>>>>>>>>>>>>>>>>>>>>>>>>>>>>>>>>>>>>>>>>>>>
------------------------------
  Time: 713.0
   {'type': 1, 'time': 713.0, 'prio': 2, 'para': [1, 56]}
------------------------------
  Wait: [31, 32, 33, 34, 35, 36, 38, 40, 41, 42, 45, 46, 49, 50, 51, 52, 53, 54, 55]
  Run : [15, 16, 22, 24, 27, 30, 28, 43, 37, 48, 44]
------------------------------
  Tot:60 Idle:0 Avail:0 
------------------------------
[Submit]  56
   {'date': 713.0, 'time': 713.0, 'event': 'S', 'uti': 1.0, 'waitNum': 20, 'waitSize': 117, 'inter': 30.0, 'extend': None}
['77', '1708677121.0', '29.0', '864.0', '2', '-1.0', '-1.0', '2', '5400.0', '-1.0', '-1', '-1', '-1', '-1', '-1', '-1', '-1', '0']
  Insert job[2] 763.0
               
>>>>>>>>>>>>>>>>>>>>>>>>>>>>>>>>>>>>>>>>>>>>>
------------------------------
  Time: 743.0
   {'type': 1, 'time': 743.0, 'prio': 2, 'para': [1, 57]}
------------------------------
  Wait: [31, 32, 33, 34, 35, 36, 38, 40, 41, 42, 45, 46, 49, 50, 51, 52, 53, 54, 55, 56]
  Run : [15, 16, 22, 24, 27, 30, 28, 43, 37, 48, 44]
------------------------------
  Tot:60 Idle:0 Avail:0 
------------------------------
[Submit]  57
   {'date': 743.0, 'time': 743.0, 'event': 'S', 'uti': 1.0, 'waitNum': 21, 'waitSize': 119, 'inter': 20.0, 'extend': None}
['79', '1708677141.0', '559.0', '234.0', '6', '-1.0', '-1.0', '6', '3600.0', '-1.0', '-1', '-1', '-1', '-1', '-1', '-1', '-1', '0']
  Insert job[2] 783.0
               
>>>>>>>>>>>>>>>>>>>>>>>>>>>>>>>>>>>>>>>>>>>>>
------------------------------
  Time: 763.0
   {'type': 1, 'time': 763.0, 'prio': 2, 'para': [1, 58]}
------------------------------
  Wait: [31, 32, 33, 34, 35, 36, 38, 40, 41, 42, 45, 46, 49, 50, 51, 52, 53, 54, 55, 56, 57]
  Run : [15, 16, 22, 24, 27, 30, 28, 43, 37, 48, 44]
------------------------------
  Tot:60 Idle:0 Avail:0 
------------------------------
[Submit]  58
   {'date': 763.0, 'time': 763.0, 'event': 'S', 'uti': 1.0, 'waitNum': 22, 'waitSize': 121, 'inter': 20.0, 'extend': None}
['81', '1708677161.0', '355.0', '285.0', '5', '-1.0', '-1.0', '5', '1800.0', '-1.0', '-1', '-1', '-1', '-1', '-1', '-1', '-1', '0']
  Insert job[2] 803.0
               
>>>>>>>>>>>>>>>>>>>>>>>>>>>>>>>>>>>>>>>>>>>>>
------------------------------
  Time: 783.0
   {'type': 1, 'time': 783.0, 'prio': 2, 'para': [1, 59]}
------------------------------
  Wait: [31, 32, 33, 34, 35, 36, 38, 40, 41, 42, 45, 46, 49, 50, 51, 52, 53, 54, 55, 56, 57, 58]
  Run : [15, 16, 22, 24, 27, 30, 28, 43, 37, 48, 44]
------------------------------
  Tot:60 Idle:0 Avail:0 
------------------------------
[Submit]  59
   {'date': 783.0, 'time': 783.0, 'event': 'S', 'uti': 1.0, 'waitNum': 23, 'waitSize': 127, 'inter': 17.0, 'extend': None}
               
>>>>>>>>>>>>>>>>>>>>>>>>>>>>>>>>>>>>>>>>>>>>>
------------------------------
  Time: 800.0
   {'type': 1, 'time': 800.0, 'prio': 1, 'para': [2, 37]}
------------------------------
  Wait: [31, 32, 33, 34, 35, 36, 38, 40, 41, 42, 45, 46, 49, 50, 51, 52, 53, 54, 55, 56, 57, 58, 59]
  Run : [15, 16, 22, 24, 27, 30, 28, 43, 37, 48, 44]
------------------------------
  Tot:60 Idle:0 Avail:0 
------------------------------
[Finish]  37
  Release[37] Req:4 Avail:4 
 [37] Req:4 Run:168.0 
[Start]  38
  Allocate[38] Req:4 Avail:0 
 [38] Req:4 Run:34.0 
   {'date': 800.0, 'time': 800.0, 'event': 'E', 'uti': 1.0, 'waitNum': 22, 'waitSize': 123, 'inter': 3.0, 'extend': None}
['82', '1708677171.0', '659.0', '93.0', '6', '-1.0', '-1.0', '6', '5400.0', '-1.0', '-1', '-1', '-1', '-1', '-1', '-1', '-1', '0']
  Insert job[2] 813.0
               
>>>>>>>>>>>>>>>>>>>>>>>>>>>>>>>>>>>>>>>>>>>>>
------------------------------
  Time: 803.0
   {'type': 1, 'time': 803.0, 'prio': 2, 'para': [1, 60]}
------------------------------
  Wait: [31, 32, 33, 34, 35, 36, 40, 41, 42, 45, 46, 49, 50, 51, 52, 53, 54, 55, 56, 57, 58, 59]
  Run : [15, 16, 22, 24, 27, 30, 28, 43, 48, 44, 38]
------------------------------
  Tot:60 Idle:0 Avail:0 
------------------------------
[Submit]  60
   {'date': 803.0, 'time': 803.0, 'event': 'S', 'uti': 1.0, 'waitNum': 23, 'waitSize': 128, 'inter': 10.0, 'extend': None}
['83', '1708677181.0', '161.0', '14.0', '6', '-1.0', '-1.0', '6', '3600.0', '-1.0', '-1', '-1', '-1', '-1', '-1', '-1', '-1', '0']
  Insert job[2] 823.0
               
>>>>>>>>>>>>>>>>>>>>>>>>>>>>>>>>>>>>>>>>>>>>>
------------------------------
  Time: 813.0
   {'type': 1, 'time': 813.0, 'prio': 2, 'para': [1, 61]}
------------------------------
  Wait: [31, 32, 33, 34, 35, 36, 40, 41, 42, 45, 46, 49, 50, 51, 52, 53, 54, 55, 56, 57, 58, 59, 60]
  Run : [15, 16, 22, 24, 27, 30, 28, 43, 48, 44, 38]
------------------------------
  Tot:60 Idle:0 Avail:0 
------------------------------
[Submit]  61
   {'date': 813.0, 'time': 813.0, 'event': 'S', 'uti': 1.0, 'waitNum': 24, 'waitSize': 134, 'inter': 10.0, 'extend': None}
['85', '1708677201.0', '659.0', '148.0', '6', '-1.0', '-1.0', '6', '5400.0', '-1.0', '-1', '-1', '-1', '-1', '-1', '-1', '-1', '0']
  Insert job[2] 843.0
               
>>>>>>>>>>>>>>>>>>>>>>>>>>>>>>>>>>>>>>>>>>>>>
------------------------------
  Time: 823.0
   {'type': 1, 'time': 823.0, 'prio': 2, 'para': [1, 62]}
------------------------------
  Wait: [31, 32, 33, 34, 35, 36, 40, 41, 42, 45, 46, 49, 50, 51, 52, 53, 54, 55, 56, 57, 58, 59, 60, 61]
  Run : [15, 16, 22, 24, 27, 30, 28, 43, 48, 44, 38]
------------------------------
  Tot:60 Idle:0 Avail:0 
------------------------------
[Submit]  62
   {'date': 823.0, 'time': 823.0, 'event': 'S', 'uti': 1.0, 'waitNum': 25, 'waitSize': 140, 'inter': 11.0, 'extend': None}
               
>>>>>>>>>>>>>>>>>>>>>>>>>>>>>>>>>>>>>>>>>>>>>
------------------------------
  Time: 834.0
   {'type': 1, 'time': 834.0, 'prio': 1, 'para': [2, 38]}
------------------------------
  Wait: [31, 32, 33, 34, 35, 36, 40, 41, 42, 45, 46, 49, 50, 51, 52, 53, 54, 55, 56, 57, 58, 59, 60, 61, 62]
  Run : [15, 16, 22, 24, 27, 30, 28, 43, 48, 44, 38]
------------------------------
  Tot:60 Idle:0 Avail:0 
------------------------------
[Finish]  38
  Release[38] Req:4 Avail:4 
 [38] Req:4 Run:34.0 
[Start]  41
  Allocate[41] Req:4 Avail:0 
 [41] Req:4 Run:62.0 
   {'date': 834.0, 'time': 834.0, 'event': 'E', 'uti': 1.0, 'waitNum': 24, 'waitSize': 136, 'inter': 9.0, 'extend': None}
['86', '1708677212.0', '318.0', '268.0', '3', '-1.0', '-1.0', '3', '5400.0', '-1.0', '-1', '-1', '-1', '-1', '-1', '-1', '-1', '0']
  Insert job[2] 854.0
               
>>>>>>>>>>>>>>>>>>>>>>>>>>>>>>>>>>>>>>>>>>>>>
------------------------------
  Time: 843.0
   {'type': 1, 'time': 843.0, 'prio': 2, 'para': [1, 63]}
------------------------------
  Wait: [31, 32, 33, 34, 35, 36, 40, 42, 45, 46, 49, 50, 51, 52, 53, 54, 55, 56, 57, 58, 59, 60, 61, 62]
  Run : [15, 16, 22, 24, 27, 30, 28, 43, 48, 44, 41]
------------------------------
  Tot:60 Idle:0 Avail:0 
------------------------------
[Submit]  63
   {'date': 843.0, 'time': 843.0, 'event': 'S', 'uti': 1.0, 'waitNum': 25, 'waitSize': 142, 'inter': 11.0, 'extend': None}
['91', '1708677262.0', '59.0', '761.0', '1', '-1.0', '-1.0', '1', '3600.0', '-1.0', '-1', '-1', '-1', '-1', '-1', '-1', '-1', '0']
  Insert job[2] 904.0
               
>>>>>>>>>>>>>>>>>>>>>>>>>>>>>>>>>>>>>>>>>>>>>
------------------------------
  Time: 854.0
   {'type': 1, 'time': 854.0, 'prio': 2, 'para': [1, 64]}
------------------------------
  Wait: [31, 32, 33, 34, 35, 36, 40, 42, 45, 46, 49, 50, 51, 52, 53, 54, 55, 56, 57, 58, 59, 60, 61, 62, 63]
  Run : [15, 16, 22, 24, 27, 30, 28, 43, 48, 44, 41]
------------------------------
  Tot:60 Idle:0 Avail:0 
------------------------------
[Submit]  64
   {'date': 854.0, 'time': 854.0, 'event': 'S', 'uti': 1.0, 'waitNum': 26, 'waitSize': 145, 'inter': 42.0, 'extend': None}
               
>>>>>>>>>>>>>>>>>>>>>>>>>>>>>>>>>>>>>>>>>>>>>
------------------------------
  Time: 896.0
   {'type': 1, 'time': 896.0, 'prio': 1, 'para': [2, 41]}
------------------------------
  Wait: [31, 32, 33, 34, 35, 36, 40, 42, 45, 46, 49, 50, 51, 52, 53, 54, 55, 56, 57, 58, 59, 60, 61, 62, 63, 64]
  Run : [15, 16, 22, 24, 27, 30, 28, 43, 48, 44, 41]
------------------------------
  Tot:60 Idle:0 Avail:0 
------------------------------
[Finish]  41
  Release[41] Req:4 Avail:4 
 [41] Req:4 Run:62.0 
[Start]  46
  Allocate[46] Req:3 Avail:1 
 [46] Req:3 Run:3.0 
[Start]  52
  Allocate[52] Req:1 Avail:0 
 [52] Req:1 Run:15.0 
   {'date': 896.0, 'time': 896.0, 'event': 'E', 'uti': 1.0, 'waitNum': 24, 'waitSize': 141, 'inter': 3.0, 'extend': None}
               
>>>>>>>>>>>>>>>>>>>>>>>>>>>>>>>>>>>>>>>>>>>>>
------------------------------
  Time: 899.0
   {'type': 1, 'time': 899.0, 'prio': 1, 'para': [2, 46]}
------------------------------
  Wait: [31, 32, 33, 34, 35, 36, 40, 42, 45, 49, 50, 51, 53, 54, 55, 56, 57, 58, 59, 60, 61, 62, 63, 64]
  Run : [15, 16, 22, 24, 27, 30, 28, 43, 48, 44, 46, 52]
------------------------------
  Tot:60 Idle:0 Avail:0 
------------------------------
[Finish]  46
  Release[46] Req:3 Avail:3 
 [46] Req:3 Run:3.0 
[Start]  53
  Allocate[53] Req:3 Avail:0 
 [53] Req:3 Run:401.0 
   {'date': 899.0, 'time': 899.0, 'event': 'E', 'uti': 1.0, 'waitNum': 23, 'waitSize': 138, 'inter': 5.0, 'extend': None}
['92', '1708677272.0', '206.0', '124.0', '3', '-1.0', '-1.0', '3', '3600.0', '-1.0', '-1', '-1', '-1', '-1', '-1', '-1', '-1', '0']
  Insert job[2] 914.0
               
>>>>>>>>>>>>>>>>>>>>>>>>>>>>>>>>>>>>>>>>>>>>>
------------------------------
  Time: 904.0
   {'type': 1, 'time': 904.0, 'prio': 2, 'para': [1, 65]}
------------------------------
  Wait: [31, 32, 33, 34, 35, 36, 40, 42, 45, 49, 50, 51, 54, 55, 56, 57, 58, 59, 60, 61, 62, 63, 64]
  Run : [15, 16, 22, 24, 27, 30, 28, 43, 48, 44, 52, 53]
------------------------------
  Tot:60 Idle:0 Avail:0 
------------------------------
[Submit]  65
   {'date': 904.0, 'time': 904.0, 'event': 'S', 'uti': 1.0, 'waitNum': 24, 'waitSize': 139, 'inter': 7.0, 'extend': None}
               
>>>>>>>>>>>>>>>>>>>>>>>>>>>>>>>>>>>>>>>>>>>>>
------------------------------
  Time: 911.0
   {'type': 1, 'time': 911.0, 'prio': 1, 'para': [2, 28]}
------------------------------
  Wait: [31, 32, 33, 34, 35, 36, 40, 42, 45, 49, 50, 51, 54, 55, 56, 57, 58, 59, 60, 61, 62, 63, 64, 65]
  Run : [15, 16, 22, 24, 27, 30, 28, 43, 48, 44, 52, 53]
------------------------------
  Tot:60 Idle:0 Avail:0 
------------------------------
[Finish]  28
  Release[28] Req:10 Avail:10 
 [28] Req:10 Run:519.0 
[Start]  31
  Allocate[31] Req:9 Avail:1 
 [31] Req:9 Run:1986.0 
[Start]  65
  Allocate[65] Req:1 Avail:0 
 [65] Req:1 Run:761.0 
   {'date': 911.0, 'time': 911.0, 'event': 'E', 'uti': 1.0, 'waitNum': 22, 'waitSize': 129, 'inter': 0.0, 'extend': None}
               
>>>>>>>>>>>>>>>>>>>>>>>>>>>>>>>>>>>>>>>>>>>>>
------------------------------
  Time: 911.0
   {'type': 1, 'time': 911.0, 'prio': 1, 'para': [2, 52]}
------------------------------
  Wait: [32, 33, 34, 35, 36, 40, 42, 45, 49, 50, 51, 54, 55, 56, 57, 58, 59, 60, 61, 62, 63, 64]
  Run : [15, 16, 22, 24, 27, 30, 43, 48, 44, 52, 53, 31, 65]
------------------------------
  Tot:60 Idle:0 Avail:0 
------------------------------
[Finish]  52
  Release[52] Req:1 Avail:1 
 [52] Req:1 Run:15.0 
   {'date': 911.0, 'time': 911.0, 'event': 'E', 'uti': 0.9833333333333333, 'waitNum': 22, 'waitSize': 129, 'inter': 3.0, 'extend': None}
['96', '1708677312.0', '228.0', '104.0', '3', '-1.0', '-1.0', '3', '5400.0', '-1.0', '-1', '-1', '-1', '-1', '-1', '-1', '-1', '0']
  Insert job[2] 954.0
               
>>>>>>>>>>>>>>>>>>>>>>>>>>>>>>>>>>>>>>>>>>>>>
------------------------------
  Time: 914.0
   {'type': 1, 'time': 914.0, 'prio': 2, 'para': [1, 66]}
------------------------------
  Wait: [32, 33, 34, 35, 36, 40, 42, 45, 49, 50, 51, 54, 55, 56, 57, 58, 59, 60, 61, 62, 63, 64]
  Run : [15, 16, 22, 24, 27, 30, 43, 48, 44, 53, 31, 65]
------------------------------
  Tot:60 Idle:1 Avail:1 
------------------------------
[Submit]  66
   {'date': 914.0, 'time': 914.0, 'event': 'S', 'uti': 0.9833333333333333, 'waitNum': 23, 'waitSize': 132, 'inter': 32.0, 'extend': None}
               
>>>>>>>>>>>>>>>>>>>>>>>>>>>>>>>>>>>>>>>>>>>>>
------------------------------
  Time: 946.0
   {'type': 1, 'time': 946.0, 'prio': 1, 'para': [2, 44]}
------------------------------
  Wait: [32, 33, 34, 35, 36, 40, 42, 45, 49, 50, 51, 54, 55, 56, 57, 58, 59, 60, 61, 62, 63, 64, 66]
  Run : [15, 16, 22, 24, 27, 30, 43, 48, 44, 53, 31, 65]
------------------------------
  Tot:60 Idle:1 Avail:1 
------------------------------
[Finish]  44
  Release[44] Req:3 Avail:4 
 [44] Req:3 Run:247.0 
[Start]  54
  Allocate[54] Req:4 Avail:0 
 [54] Req:4 Run:520.0 
   {'date': 946.0, 'time': 946.0, 'event': 'E', 'uti': 1.0, 'waitNum': 22, 'waitSize': 128, 'inter': 8.0, 'extend': None}
['97', '1708677322.0', '762.0', '8.0', '8', '-1.0', '-1.0', '8', '1800.0', '-1.0', '-1', '-1', '-1', '-1', '-1', '-1', '-1', '0']
  Insert job[2] 964.0
               
>>>>>>>>>>>>>>>>>>>>>>>>>>>>>>>>>>>>>>>>>>>>>
------------------------------
  Time: 954.0
   {'type': 1, 'time': 954.0, 'prio': 2, 'para': [1, 67]}
------------------------------
  Wait: [32, 33, 34, 35, 36, 40, 42, 45, 49, 50, 51, 55, 56, 57, 58, 59, 60, 61, 62, 63, 64, 66]
  Run : [15, 16, 22, 24, 27, 30, 43, 48, 53, 31, 65, 54]
------------------------------
  Tot:60 Idle:0 Avail:0 
------------------------------
[Submit]  67
   {'date': 954.0, 'time': 954.0, 'event': 'S', 'uti': 1.0, 'waitNum': 23, 'waitSize': 131, 'inter': 9.0, 'extend': None}
               
>>>>>>>>>>>>>>>>>>>>>>>>>>>>>>>>>>>>>>>>>>>>>
------------------------------
  Time: 963.0
   {'type': 1, 'time': 963.0, 'prio': 1, 'para': [2, 30]}
------------------------------
  Wait: [32, 33, 34, 35, 36, 40, 42, 45, 49, 50, 51, 55, 56, 57, 58, 59, 60, 61, 62, 63, 64, 66, 67]
  Run : [15, 16, 22, 24, 27, 30, 43, 48, 53, 31, 65, 54]
------------------------------
  Tot:60 Idle:0 Avail:0 
------------------------------
[Finish]  30
  Release[30] Req:6 Avail:6 
 [30] Req:6 Run:582.0 
[Start]  32
  Allocate[32] Req:6 Avail:0 
 [32] Req:6 Run:273.0 
   {'date': 963.0, 'time': 963.0, 'event': 'E', 'uti': 1.0, 'waitNum': 22, 'waitSize': 125, 'inter': 1.0, 'extend': None}
['98', '1708677332.0', '264.0', '40.0', '3', '-1.0', '-1.0', '3', '5400.0', '-1.0', '-1', '-1', '-1', '-1', '-1', '-1', '-1', '0']
  Insert job[2] 974.0
               
>>>>>>>>>>>>>>>>>>>>>>>>>>>>>>>>>>>>>>>>>>>>>
------------------------------
  Time: 964.0
   {'type': 1, 'time': 964.0, 'prio': 2, 'para': [1, 68]}
------------------------------
  Wait: [33, 34, 35, 36, 40, 42, 45, 49, 50, 51, 55, 56, 57, 58, 59, 60, 61, 62, 63, 64, 66, 67]
  Run : [15, 16, 22, 24, 27, 43, 48, 53, 31, 65, 54, 32]
------------------------------
  Tot:60 Idle:0 Avail:0 
------------------------------
[Submit]  68
   {'date': 964.0, 'time': 964.0, 'event': 'S', 'uti': 1.0, 'waitNum': 23, 'waitSize': 133, 'inter': 10.0, 'extend': None}
               
>>>>>>>>>>>>>>>>>>>>>>>>>>>>>>>>>>>>>>>>>>>>>
------------------------------
  Time: 974.0
   {'type': 1, 'time': 974.0, 'prio': 2, 'para': [1, 69]}
------------------------------
  Wait: [33, 34, 35, 36, 40, 42, 45, 49, 50, 51, 55, 56, 57, 58, 59, 60, 61, 62, 63, 64, 66, 67, 68]
  Run : [15, 16, 22, 24, 27, 43, 48, 53, 31, 65, 54, 32]
------------------------------
  Tot:60 Idle:0 Avail:0 
------------------------------
[Submit]  69
   {'date': 974.0, 'time': 974.0, 'event': 'S', 'uti': 1.0, 'waitNum': 24, 'waitSize': 136, 'inter': 24.0, 'extend': None}
               
>>>>>>>>>>>>>>>>>>>>>>>>>>>>>>>>>>>>>>>>>>>>>
------------------------------
  Time: 998.0
   {'type': 1, 'time': 998.0, 'prio': 1, 'para': [2, 22]}
------------------------------
  Wait: [33, 34, 35, 36, 40, 42, 45, 49, 50, 51, 55, 56, 57, 58, 59, 60, 61, 62, 63, 64, 66, 67, 68, 69]
  Run : [15, 16, 22, 24, 27, 43, 48, 53, 31, 65, 54, 32]
------------------------------
  Tot:60 Idle:0 Avail:0 
------------------------------
[Finish]  22
  Release[22] Req:4 Avail:4 
 [22] Req:4 Run:727.0 
[Start]  55
  Allocate[55] Req:4 Avail:0 
 [55] Req:4 Run:179.0 
  Insert mon[5] 1000
   {'date': 998.0, 'time': 998.0, 'event': 'E', 'uti': 1.0, 'waitNum': 23, 'waitSize': 132, 'inter': 2.0, 'extend': None}
   {'date': 1000, 'time': 1000, 'event': 'Q', 'uti': 1.0, 'waitNum': 23, 'waitSize': 132, 'inter': 4.0, 'extend': None}
               
>>>>>>>>>>>>>>>>>>>>>>>>>>>>>>>>>>>>>>>>>>>>>
------------------------------
  Time: 1004.0
   {'type': 1, 'time': 1004.0, 'prio': 1, 'para': [2, 27]}
------------------------------
  Wait: [33, 34, 35, 36, 40, 42, 45, 49, 50, 51, 56, 57, 58, 59, 60, 61, 62, 63, 64, 66, 67, 68, 69]
  Run : [15, 16, 24, 27, 43, 48, 53, 31, 65, 54, 32, 55]
------------------------------
  Tot:60 Idle:0 Avail:0 
------------------------------
[Finish]  27
  Release[27] Req:6 Avail:6 
 [27] Req:6 Run:634.0 
[Start]  33
  Allocate[33] Req:6 Avail:0 
 [33] Req:6 Run:87.0 
   {'date': 1004.0, 'time': 1004.0, 'event': 'E', 'uti': 1.0, 'waitNum': 22, 'waitSize': 126, 'inter': 40.0, 'extend': None}
               
>>>>>>>>>>>>>>>>>>>>>>>>>>>>>>>>>>>>>>>>>>>>>
------------------------------
  Time: 1044.0
   {'type': 1, 'time': 1044.0, 'prio': 1, 'para': [2, 48]}
------------------------------
  Wait: [34, 35, 36, 40, 42, 45, 49, 50, 51, 56, 57, 58, 59, 60, 61, 62, 63, 64, 66, 67, 68, 69]
  Run : [15, 16, 24, 43, 48, 53, 31, 65, 54, 32, 55, 33]
------------------------------
  Tot:60 Idle:0 Avail:0 
------------------------------
[Finish]  48
  Release[48] Req:2 Avail:2 
 [48] Req:2 Run:348.0 
[Start]  58
  Allocate[58] Req:2 Avail:0 
 [58] Req:2 Run:864.0 
   {'date': 1044.0, 'time': 1044.0, 'event': 'E', 'uti': 1.0, 'waitNum': 21, 'waitSize': 124, 'inter': 47.0, 'extend': None}
               
>>>>>>>>>>>>>>>>>>>>>>>>>>>>>>>>>>>>>>>>>>>>>
------------------------------
  Time: 1091.0
   {'type': 1, 'time': 1091.0, 'prio': 1, 'para': [2, 33]}
------------------------------
  Wait: [34, 35, 36, 40, 42, 45, 49, 50, 51, 56, 57, 59, 60, 61, 62, 63, 64, 66, 67, 68, 69]
  Run : [15, 16, 24, 43, 53, 31, 65, 54, 32, 55, 33, 58]
------------------------------
  Tot:60 Idle:0 Avail:0 
------------------------------
[Finish]  33
  Release[33] Req:6 Avail:6 
 [33] Req:6 Run:87.0 
[Start]  34
  Allocate[34] Req:6 Avail:0 
 [34] Req:6 Run:583.0 
   {'date': 1091.0, 'time': 1091.0, 'event': 'E', 'uti': 1.0, 'waitNum': 20, 'waitSize': 118, 'inter': 66.0, 'extend': None}
               
>>>>>>>>>>>>>>>>>>>>>>>>>>>>>>>>>>>>>>>>>>>>>
------------------------------
  Time: 1157.0
   {'type': 1, 'time': 1157.0, 'prio': 1, 'para': [2, 24]}
------------------------------
  Wait: [35, 36, 40, 42, 45, 49, 50, 51, 56, 57, 59, 60, 61, 62, 63, 64, 66, 67, 68, 69]
  Run : [15, 16, 24, 43, 53, 31, 65, 54, 32, 55, 58, 34]
------------------------------
  Tot:60 Idle:0 Avail:0 
------------------------------
[Finish]  24
  Release[24] Req:3 Avail:3 
 [24] Req:3 Run:866.0 
[Start]  64
  Allocate[64] Req:3 Avail:0 
 [64] Req:3 Run:268.0 
   {'date': 1157.0, 'time': 1157.0, 'event': 'E', 'uti': 1.0, 'waitNum': 19, 'waitSize': 115, 'inter': 14.0, 'extend': None}
               
>>>>>>>>>>>>>>>>>>>>>>>>>>>>>>>>>>>>>>>>>>>>>
------------------------------
  Time: 1171.0
   {'type': 1, 'time': 1171.0, 'prio': 1, 'para': [2, 43]}
------------------------------
  Wait: [35, 36, 40, 42, 45, 49, 50, 51, 56, 57, 59, 60, 61, 62, 63, 66, 67, 68, 69]
  Run : [15, 16, 43, 53, 31, 65, 54, 32, 55, 58, 34, 64]
------------------------------
  Tot:60 Idle:0 Avail:0 
------------------------------
[Finish]  43
  Release[43] Req:3 Avail:3 
 [43] Req:3 Run:669.0 
[Start]  66
  Allocate[66] Req:3 Avail:0 
 [66] Req:3 Run:124.0 
   {'date': 1171.0, 'time': 1171.0, 'event': 'E', 'uti': 1.0, 'waitNum': 18, 'waitSize': 112, 'inter': 6.0, 'extend': None}
               
>>>>>>>>>>>>>>>>>>>>>>>>>>>>>>>>>>>>>>>>>>>>>
------------------------------
  Time: 1177.0
   {'type': 1, 'time': 1177.0, 'prio': 1, 'para': [2, 55]}
------------------------------
  Wait: [35, 36, 40, 42, 45, 49, 50, 51, 56, 57, 59, 60, 61, 62, 63, 67, 68, 69]
  Run : [15, 16, 53, 31, 65, 54, 32, 55, 58, 34, 64, 66]
------------------------------
  Tot:60 Idle:0 Avail:0 
------------------------------
[Finish]  55
  Release[55] Req:4 Avail:4 
 [55] Req:4 Run:179.0 
[Start]  56
  Allocate[56] Req:4 Avail:0 
 [56] Req:4 Run:122.0 
   {'date': 1177.0, 'time': 1177.0, 'event': 'E', 'uti': 1.0, 'waitNum': 17, 'waitSize': 108, 'inter': 59.0, 'extend': None}
               
>>>>>>>>>>>>>>>>>>>>>>>>>>>>>>>>>>>>>>>>>>>>>
------------------------------
  Time: 1236.0
   {'type': 1, 'time': 1236.0, 'prio': 1, 'para': [2, 32]}
------------------------------
  Wait: [35, 36, 40, 42, 45, 49, 50, 51, 57, 59, 60, 61, 62, 63, 67, 68, 69]
  Run : [15, 16, 53, 31, 65, 54, 32, 58, 34, 64, 66, 56]
------------------------------
  Tot:60 Idle:0 Avail:0 
------------------------------
[Finish]  32
  Release[32] Req:6 Avail:6 
 [32] Req:6 Run:273.0 
[Start]  36
  Allocate[36] Req:6 Avail:0 
 [36] Req:6 Run:11.0 
   {'date': 1236.0, 'time': 1236.0, 'event': 'E', 'uti': 1.0, 'waitNum': 16, 'waitSize': 102, 'inter': 11.0, 'extend': None}
               
>>>>>>>>>>>>>>>>>>>>>>>>>>>>>>>>>>>>>>>>>>>>>
------------------------------
  Time: 1247.0
   {'type': 1, 'time': 1247.0, 'prio': 1, 'para': [2, 36]}
------------------------------
  Wait: [35, 40, 42, 45, 49, 50, 51, 57, 59, 60, 61, 62, 63, 67, 68, 69]
  Run : [15, 16, 53, 31, 65, 54, 58, 34, 64, 66, 56, 36]
------------------------------
  Tot:60 Idle:0 Avail:0 
------------------------------
[Finish]  36
  Release[36] Req:6 Avail:6 
 [36] Req:6 Run:11.0 
[Start]  45
  Allocate[45] Req:5 Avail:1 
 [45] Req:5 Run:86.0 
   {'date': 1247.0, 'time': 1247.0, 'event': 'E', 'uti': 0.9833333333333333, 'waitNum': 15, 'waitSize': 97, 'inter': 48.0, 'extend': None}
               
>>>>>>>>>>>>>>>>>>>>>>>>>>>>>>>>>>>>>>>>>>>>>
------------------------------
  Time: 1295.0
   {'type': 1, 'time': 1295.0, 'prio': 1, 'para': [2, 66]}
------------------------------
  Wait: [35, 40, 42, 49, 50, 51, 57, 59, 60, 61, 62, 63, 67, 68, 69]
  Run : [15, 16, 53, 31, 65, 54, 58, 34, 64, 66, 56, 45]
------------------------------
  Tot:60 Idle:1 Avail:1 
------------------------------
[Finish]  66
  Release[66] Req:3 Avail:4 
 [66] Req:3 Run:124.0 
[Start]  67
  Allocate[67] Req:3 Avail:1 
 [67] Req:3 Run:104.0 
   {'date': 1295.0, 'time': 1295.0, 'event': 'E', 'uti': 0.9833333333333333, 'waitNum': 14, 'waitSize': 94, 'inter': 4.0, 'extend': None}
               
>>>>>>>>>>>>>>>>>>>>>>>>>>>>>>>>>>>>>>>>>>>>>
------------------------------
  Time: 1299.0
   {'type': 1, 'time': 1299.0, 'prio': 1, 'para': [2, 56]}
------------------------------
  Wait: [35, 40, 42, 49, 50, 51, 57, 59, 60, 61, 62, 63, 68, 69]
  Run : [15, 16, 53, 31, 65, 54, 58, 34, 64, 56, 45, 67]
------------------------------
  Tot:60 Idle:1 Avail:1 
------------------------------
[Finish]  56
  Release[56] Req:4 Avail:5 
 [56] Req:4 Run:122.0 
[Start]  57
  Allocate[57] Req:2 Avail:3 
 [57] Req:2 Run:1637.0 
[Start]  69
  Allocate[69] Req:3 Avail:0 
 [69] Req:3 Run:40.0 
   {'date': 1299.0, 'time': 1299.0, 'event': 'E', 'uti': 1.0, 'waitNum': 12, 'waitSize': 89, 'inter': 1.0, 'extend': None}
               
>>>>>>>>>>>>>>>>>>>>>>>>>>>>>>>>>>>>>>>>>>>>>
------------------------------
  Time: 1300.0
   {'type': 1, 'time': 1300.0, 'prio': 1, 'para': [2, 53]}
------------------------------
  Wait: [35, 40, 42, 49, 50, 51, 59, 60, 61, 62, 63, 68]
  Run : [15, 16, 53, 31, 65, 54, 58, 34, 64, 45, 67, 57, 69]
------------------------------
  Tot:60 Idle:0 Avail:0 
------------------------------
[Finish]  53
  Release[53] Req:3 Avail:3 
 [53] Req:3 Run:401.0 
   {'date': 1300.0, 'time': 1300.0, 'event': 'E', 'uti': 0.95, 'waitNum': 12, 'waitSize': 89, 'inter': 33.0, 'extend': None}
               
>>>>>>>>>>>>>>>>>>>>>>>>>>>>>>>>>>>>>>>>>>>>>
------------------------------
  Time: 1333.0
   {'type': 1, 'time': 1333.0, 'prio': 1, 'para': [2, 45]}
------------------------------
  Wait: [35, 40, 42, 49, 50, 51, 59, 60, 61, 62, 63, 68]
  Run : [15, 16, 31, 65, 54, 58, 34, 64, 45, 67, 57, 69]
------------------------------
  Tot:60 Idle:3 Avail:3 
------------------------------
[Finish]  45
  Release[45] Req:5 Avail:8 
 [45] Req:5 Run:86.0 
[Start]  49
  Allocate[49] Req:6 Avail:2 
 [49] Req:6 Run:140.0 
   {'date': 1333.0, 'time': 1333.0, 'event': 'E', 'uti': 0.9666666666666667, 'waitNum': 11, 'waitSize': 83, 'inter': 6.0, 'extend': None}
               
>>>>>>>>>>>>>>>>>>>>>>>>>>>>>>>>>>>>>>>>>>>>>
------------------------------
  Time: 1339.0
   {'type': 1, 'time': 1339.0, 'prio': 1, 'para': [2, 69]}
------------------------------
  Wait: [35, 40, 42, 50, 51, 59, 60, 61, 62, 63, 68]
  Run : [15, 16, 31, 65, 54, 58, 34, 64, 67, 57, 69, 49]
------------------------------
  Tot:60 Idle:2 Avail:2 
------------------------------
[Finish]  69
  Release[69] Req:3 Avail:5 
 [69] Req:3 Run:40.0 
[Start]  60
  Allocate[60] Req:5 Avail:0 
 [60] Req:5 Run:285.0 
   {'date': 1339.0, 'time': 1339.0, 'event': 'E', 'uti': 1.0, 'waitNum': 10, 'waitSize': 78, 'inter': 60.0, 'extend': None}
               
>>>>>>>>>>>>>>>>>>>>>>>>>>>>>>>>>>>>>>>>>>>>>
------------------------------
  Time: 1399.0
   {'type': 1, 'time': 1399.0, 'prio': 1, 'para': [2, 67]}
------------------------------
  Wait: [35, 40, 42, 50, 51, 59, 61, 62, 63, 68]
  Run : [15, 16, 31, 65, 54, 58, 34, 64, 67, 57, 49, 60]
------------------------------
  Tot:60 Idle:0 Avail:0 
------------------------------
[Finish]  67
  Release[67] Req:3 Avail:3 
 [67] Req:3 Run:104.0 
   {'date': 1399.0, 'time': 1399.0, 'event': 'E', 'uti': 0.95, 'waitNum': 10, 'waitSize': 78, 'inter': 26.0, 'extend': None}
               
>>>>>>>>>>>>>>>>>>>>>>>>>>>>>>>>>>>>>>>>>>>>>
------------------------------
  Time: 1425.0
   {'type': 1, 'time': 1425.0, 'prio': 1, 'para': [2, 64]}
------------------------------
  Wait: [35, 40, 42, 50, 51, 59, 61, 62, 63, 68]
  Run : [15, 16, 31, 65, 54, 58, 34, 64, 57, 49, 60]
------------------------------
  Tot:60 Idle:3 Avail:3 
------------------------------
[Finish]  64
  Release[64] Req:3 Avail:6 
 [64] Req:3 Run:268.0 
[Start]  51
  Allocate[51] Req:6 Avail:0 
 [51] Req:6 Run:552.0 
   {'date': 1425.0, 'time': 1425.0, 'event': 'E', 'uti': 1.0, 'waitNum': 9, 'waitSize': 72, 'inter': 41.0, 'extend': None}
               
>>>>>>>>>>>>>>>>>>>>>>>>>>>>>>>>>>>>>>>>>>>>>
------------------------------
  Time: 1466.0
   {'type': 1, 'time': 1466.0, 'prio': 1, 'para': [2, 54]}
------------------------------
  Wait: [35, 40, 42, 50, 59, 61, 62, 63, 68]
  Run : [15, 16, 31, 65, 54, 58, 34, 57, 49, 60, 51]
------------------------------
  Tot:60 Idle:0 Avail:0 
------------------------------
[Finish]  54
  Release[54] Req:4 Avail:4 
 [54] Req:4 Run:520.0 
   {'date': 1466.0, 'time': 1466.0, 'event': 'E', 'uti': 0.9333333333333333, 'waitNum': 9, 'waitSize': 72, 'inter': 7.0, 'extend': None}
               
>>>>>>>>>>>>>>>>>>>>>>>>>>>>>>>>>>>>>>>>>>>>>
------------------------------
  Time: 1473.0
   {'type': 1, 'time': 1473.0, 'prio': 1, 'para': [2, 49]}
------------------------------
  Wait: [35, 40, 42, 50, 59, 61, 62, 63, 68]
  Run : [15, 16, 31, 65, 58, 34, 57, 49, 60, 51]
------------------------------
  Tot:60 Idle:4 Avail:4 
------------------------------
[Finish]  49
  Release[49] Req:6 Avail:10 
 [49] Req:6 Run:140.0 
[Start]  40
  Allocate[40] Req:9 Avail:1 
 [40] Req:9 Run:19.0 
   {'date': 1473.0, 'time': 1473.0, 'event': 'E', 'uti': 0.9833333333333333, 'waitNum': 8, 'waitSize': 63, 'inter': 19.0, 'extend': None}
               
>>>>>>>>>>>>>>>>>>>>>>>>>>>>>>>>>>>>>>>>>>>>>
------------------------------
  Time: 1492.0
   {'type': 1, 'time': 1492.0, 'prio': 1, 'para': [2, 40]}
------------------------------
  Wait: [35, 42, 50, 59, 61, 62, 63, 68]
  Run : [15, 16, 31, 65, 58, 34, 57, 60, 51, 40]
------------------------------
  Tot:60 Idle:1 Avail:1 
------------------------------
[Finish]  40
  Release[40] Req:9 Avail:10 
 [40] Req:9 Run:19.0 
[Start]  42
  Allocate[42] Req:10 Avail:0 
 [42] Req:10 Run:367.0 
  Insert mon[5] 1500
   {'date': 1492.0, 'time': 1492.0, 'event': 'E', 'uti': 1.0, 'waitNum': 7, 'waitSize': 53, 'inter': 8.0, 'extend': None}
   {'date': 1500, 'time': 1500, 'event': 'Q', 'uti': 1.0, 'waitNum': 7, 'waitSize': 53, 'inter': 124.0, 'extend': None}
               
>>>>>>>>>>>>>>>>>>>>>>>>>>>>>>>>>>>>>>>>>>>>>
------------------------------
  Time: 1624.0
   {'type': 1, 'time': 1624.0, 'prio': 1, 'para': [2, 60]}
------------------------------
  Wait: [35, 50, 59, 61, 62, 63, 68]
  Run : [15, 16, 31, 65, 58, 34, 57, 60, 51, 42]
------------------------------
  Tot:60 Idle:0 Avail:0 
------------------------------
[Finish]  60
  Release[60] Req:5 Avail:5 
 [60] Req:5 Run:285.0 
   {'date': 1624.0, 'time': 1624.0, 'event': 'E', 'uti': 0.9166666666666666, 'waitNum': 7, 'waitSize': 53, 'inter': 48.0, 'extend': None}
               
>>>>>>>>>>>>>>>>>>>>>>>>>>>>>>>>>>>>>>>>>>>>>
------------------------------
  Time: 1672.0
   {'type': 1, 'time': 1672.0, 'prio': 1, 'para': [2, 65]}
------------------------------
  Wait: [35, 50, 59, 61, 62, 63, 68]
  Run : [15, 16, 31, 65, 58, 34, 57, 51, 42]
------------------------------
  Tot:60 Idle:5 Avail:5 
------------------------------
[Finish]  65
  Release[65] Req:1 Avail:6 
 [65] Req:1 Run:761.0 
[Start]  59
  Allocate[59] Req:6 Avail:0 
 [59] Req:6 Run:234.0 
   {'date': 1672.0, 'time': 1672.0, 'event': 'E', 'uti': 1.0, 'waitNum': 6, 'waitSize': 47, 'inter': 2.0, 'extend': None}
               
>>>>>>>>>>>>>>>>>>>>>>>>>>>>>>>>>>>>>>>>>>>>>
------------------------------
  Time: 1674.0
   {'type': 1, 'time': 1674.0, 'prio': 1, 'para': [2, 34]}
------------------------------
  Wait: [35, 50, 61, 62, 63, 68]
  Run : [15, 16, 31, 58, 34, 57, 51, 42, 59]
------------------------------
  Tot:60 Idle:0 Avail:0 
------------------------------
[Finish]  34
  Release[34] Req:6 Avail:6 
 [34] Req:6 Run:583.0 
[Start]  61
  Allocate[61] Req:6 Avail:0 
 [61] Req:6 Run:93.0 
   {'date': 1674.0, 'time': 1674.0, 'event': 'E', 'uti': 1.0, 'waitNum': 5, 'waitSize': 41, 'inter': 93.0, 'extend': None}
               
>>>>>>>>>>>>>>>>>>>>>>>>>>>>>>>>>>>>>>>>>>>>>
------------------------------
  Time: 1767.0
   {'type': 1, 'time': 1767.0, 'prio': 1, 'para': [2, 61]}
------------------------------
  Wait: [35, 50, 62, 63, 68]
  Run : [15, 16, 31, 58, 57, 51, 42, 59, 61]
------------------------------
  Tot:60 Idle:0 Avail:0 
------------------------------
[Finish]  61
  Release[61] Req:6 Avail:6 
 [61] Req:6 Run:93.0 
[Start]  62
  Allocate[62] Req:6 Avail:0 
 [62] Req:6 Run:14.0 
   {'date': 1767.0, 'time': 1767.0, 'event': 'E', 'uti': 1.0, 'waitNum': 4, 'waitSize': 35, 'inter': 14.0, 'extend': None}
               
>>>>>>>>>>>>>>>>>>>>>>>>>>>>>>>>>>>>>>>>>>>>>
------------------------------
  Time: 1781.0
   {'type': 1, 'time': 1781.0, 'prio': 1, 'para': [2, 62]}
------------------------------
  Wait: [35, 50, 63, 68]
  Run : [15, 16, 31, 58, 57, 51, 42, 59, 62]
------------------------------
  Tot:60 Idle:0 Avail:0 
------------------------------
[Finish]  62
  Release[62] Req:6 Avail:6 
 [62] Req:6 Run:14.0 
[Start]  63
  Allocate[63] Req:6 Avail:0 
 [63] Req:6 Run:148.0 
   {'date': 1781.0, 'time': 1781.0, 'event': 'E', 'uti': 1.0, 'waitNum': 3, 'waitSize': 29, 'inter': 78.0, 'extend': None}
               
>>>>>>>>>>>>>>>>>>>>>>>>>>>>>>>>>>>>>>>>>>>>>
------------------------------
  Time: 1859.0
   {'type': 1, 'time': 1859.0, 'prio': 1, 'para': [2, 42]}
------------------------------
  Wait: [35, 50, 68]
  Run : [15, 16, 31, 58, 57, 51, 42, 59, 63]
------------------------------
  Tot:60 Idle:0 Avail:0 
------------------------------
[Finish]  42
  Release[42] Req:10 Avail:10 
 [42] Req:10 Run:367.0 
[Start]  50
  Allocate[50] Req:9 Avail:1 
 [50] Req:9 Run:3.0 
   {'date': 1859.0, 'time': 1859.0, 'event': 'E', 'uti': 0.9833333333333333, 'waitNum': 2, 'waitSize': 20, 'inter': 3.0, 'extend': None}
               
>>>>>>>>>>>>>>>>>>>>>>>>>>>>>>>>>>>>>>>>>>>>>
------------------------------
  Time: 1862.0
   {'type': 1, 'time': 1862.0, 'prio': 1, 'para': [2, 50]}
------------------------------
  Wait: [35, 68]
  Run : [15, 16, 31, 58, 57, 51, 59, 63, 50]
------------------------------
  Tot:60 Idle:1 Avail:1 
------------------------------
[Finish]  50
  Release[50] Req:9 Avail:10 
 [50] Req:9 Run:3.0 
[Start]  68
  Allocate[68] Req:8 Avail:2 
 [68] Req:8 Run:8.0 
   {'date': 1862.0, 'time': 1862.0, 'event': 'E', 'uti': 0.9666666666666667, 'waitNum': 1, 'waitSize': 12, 'inter': 8.0, 'extend': None}
               
>>>>>>>>>>>>>>>>>>>>>>>>>>>>>>>>>>>>>>>>>>>>>
------------------------------
  Time: 1870.0
   {'type': 1, 'time': 1870.0, 'prio': 1, 'para': [2, 68]}
------------------------------
  Wait: [35]
  Run : [15, 16, 31, 58, 57, 51, 59, 63, 68]
------------------------------
  Tot:60 Idle:2 Avail:2 
------------------------------
[Finish]  68
  Release[68] Req:8 Avail:10 
 [68] Req:8 Run:8.0 
   {'date': 1870.0, 'time': 1870.0, 'event': 'E', 'uti': 0.8333333333333334, 'waitNum': 1, 'waitSize': 12, 'inter': 36.0, 'extend': None}
               
>>>>>>>>>>>>>>>>>>>>>>>>>>>>>>>>>>>>>>>>>>>>>
------------------------------
  Time: 1906.0
   {'type': 1, 'time': 1906.0, 'prio': 1, 'para': [2, 59]}
------------------------------
  Wait: [35]
  Run : [15, 16, 31, 58, 57, 51, 59, 63]
------------------------------
  Tot:60 Idle:10 Avail:10 
------------------------------
[Finish]  59
  Release[59] Req:6 Avail:16 
 [59] Req:6 Run:234.0 
[Start]  35
  Allocate[35] Req:12 Avail:4 
 [35] Req:12 Run:238.0 
   {'date': 1906.0, 'time': 1906.0, 'event': 'E', 'uti': 0.9333333333333333, 'waitNum': 0, 'waitSize': 0, 'inter': 2.0, 'extend': None}
               
>>>>>>>>>>>>>>>>>>>>>>>>>>>>>>>>>>>>>>>>>>>>>
------------------------------
  Time: 1908.0
   {'type': 1, 'time': 1908.0, 'prio': 1, 'para': [2, 58]}
------------------------------
  Wait: []
  Run : [15, 16, 31, 58, 57, 51, 63, 35]
------------------------------
  Tot:60 Idle:4 Avail:4 
------------------------------
[Finish]  58
  Release[58] Req:2 Avail:6 
 [58] Req:2 Run:864.0 
   {'date': 1908.0, 'time': 1908.0, 'event': 'E', 'uti': 0.9, 'waitNum': 0, 'waitSize': 0, 'inter': 21.0, 'extend': None}
               
>>>>>>>>>>>>>>>>>>>>>>>>>>>>>>>>>>>>>>>>>>>>>
------------------------------
  Time: 1929.0
   {'type': 1, 'time': 1929.0, 'prio': 1, 'para': [2, 63]}
------------------------------
  Wait: []
  Run : [15, 16, 31, 57, 51, 63, 35]
------------------------------
  Tot:60 Idle:6 Avail:6 
------------------------------
[Finish]  63
  Release[63] Req:6 Avail:12 
 [63] Req:6 Run:148.0 
   {'date': 1929.0, 'time': 1929.0, 'event': 'E', 'uti': 0.8, 'waitNum': 0, 'waitSize': 0, 'inter': 48.0, 'extend': None}
               
>>>>>>>>>>>>>>>>>>>>>>>>>>>>>>>>>>>>>>>>>>>>>
------------------------------
  Time: 1977.0
   {'type': 1, 'time': 1977.0, 'prio': 1, 'para': [2, 51]}
------------------------------
  Wait: []
  Run : [15, 16, 31, 57, 51, 35]
------------------------------
  Tot:60 Idle:12 Avail:12 
------------------------------
[Finish]  51
  Release[51] Req:6 Avail:18 
 [51] Req:6 Run:552.0 
   {'date': 1977.0, 'time': 1977.0, 'event': 'E', 'uti': 0.7, 'waitNum': 0, 'waitSize': 0, 'inter': 14.0, 'extend': None}
               
>>>>>>>>>>>>>>>>>>>>>>>>>>>>>>>>>>>>>>>>>>>>>
------------------------------
  Time: 1991.0
   {'type': 1, 'time': 1991.0, 'prio': 1, 'para': [2, 15]}
------------------------------
  Wait: []
  Run : [15, 16, 31, 57, 35]
------------------------------
  Tot:60 Idle:18 Avail:18 
------------------------------
[Finish]  15
  Release[15] Req:15 Avail:33 
 [15] Req:15 Run:1800.0 
  Insert mon[5] 2000
   {'date': 1991.0, 'time': 1991.0, 'event': 'E', 'uti': 0.45, 'waitNum': 0, 'waitSize': 0, 'inter': 9.0, 'extend': None}
   {'date': 2000, 'time': 2000, 'event': 'Q', 'uti': 0.45, 'waitNum': 0, 'waitSize': 0, 'inter': 1.0, 'extend': None}
               
>>>>>>>>>>>>>>>>>>>>>>>>>>>>>>>>>>>>>>>>>>>>>
------------------------------
  Time: 2001.0
   {'type': 1, 'time': 2001.0, 'prio': 1, 'para': [2, 16]}
------------------------------
  Wait: []
  Run : [16, 31, 57, 35]
------------------------------
  Tot:60 Idle:33 Avail:33 
------------------------------
[Finish]  16
  Release[16] Req:4 Avail:37 
 [16] Req:4 Run:1800.0 
   {'date': 2001.0, 'time': 2001.0, 'event': 'E', 'uti': 0.38333333333333336, 'waitNum': 0, 'waitSize': 0, 'inter': 143.0, 'extend': None}
               
>>>>>>>>>>>>>>>>>>>>>>>>>>>>>>>>>>>>>>>>>>>>>
------------------------------
  Time: 2144.0
   {'type': 1, 'time': 2144.0, 'prio': 1, 'para': [2, 35]}
------------------------------
  Wait: []
  Run : [31, 57, 35]
------------------------------
  Tot:60 Idle:37 Avail:37 
------------------------------
[Finish]  35
  Release[35] Req:12 Avail:49 
 [35] Req:12 Run:238.0 
  Insert mon[5] 2500
   {'date': 2144.0, 'time': 2144.0, 'event': 'E', 'uti': 0.18333333333333332, 'waitNum': 0, 'waitSize': 0, 'inter': 356.0, 'extend': None}
   {'date': 2500, 'time': 2500, 'event': 'Q', 'uti': 0.18333333333333332, 'waitNum': 0, 'waitSize': 0, 'inter': 397.0, 'extend': None}
               
>>>>>>>>>>>>>>>>>>>>>>>>>>>>>>>>>>>>>>>>>>>>>
------------------------------
  Time: 2897.0
   {'type': 1, 'time': 2897.0, 'prio': 1, 'para': [2, 31]}
------------------------------
  Wait: []
  Run : [31, 57]
------------------------------
  Tot:60 Idle:49 Avail:49 
------------------------------
[Finish]  31
  Release[31] Req:9 Avail:58 
 [31] Req:9 Run:1986.0 
   {'date': 2897.0, 'time': 2897.0, 'event': 'E', 'uti': 0.03333333333333333, 'waitNum': 0, 'waitSize': 0, 'inter': 39.0, 'extend': None}
               
>>>>>>>>>>>>>>>>>>>>>>>>>>>>>>>>>>>>>>>>>>>>>
------------------------------
  Time: 2936.0
   {'type': 1, 'time': 2936.0, 'prio': 1, 'para': [2, 57]}
------------------------------
  Wait: []
  Run : [57]
------------------------------
  Tot:60 Idle:58 Avail:58 
------------------------------
[Finish]  57
  Release[57] Req:2 Avail:60 
 [57] Req:2 Run:1637.0 
   {'date': 2936.0, 'time': 2936.0, 'event': 'E', 'uti': 0.0, 'waitNum': 0, 'waitSize': 0, 'inter': 0, 'extend': None}
===============
===============
               
------ Simulating Done!
