               
###############
# Filter Job
###############
               
###############
# Filter Node
###############
               
###############
# Job Trace
###############
---------------
---------------
date: 
start_offset: 0.0
---------------
               
###############
# Node Structure
###############
  node[0]: ['1', '[1]', '1', '-1', '1']
  node[1]: ['2', '[1]', '1', '-1', '1']
  node[2]: ['3', '[1]', '1', '-1', '1']
  node[3]: ['4', '[1]', '1', '-1', '1']
  node[4]: ['5', '[1]', '1', '-1', '1']
  node[5]: ['6', '[1]', '1', '-1', '1']
  node[6]: ['7', '[1]', '1', '-1', '1']
  node[7]: ['8', '[1]', '1', '-1', '1']
  node[8]: ['9', '[1]', '1', '-1', '1']
  node[9]: ['10', '[1]', '1', '-1', '1']
  node[10]: ['11', '[1]', '1', '-1', '1']
  node[11]: ['12', '[1]', '1', '-1', '1']
  node[12]: ['13', '[1]', '1', '-1', '1']
  node[13]: ['14', '[1]', '1', '-1', '1']
  node[14]: ['15', '[1]', '1', '-1', '1']
  node[15]: ['16', '[1]', '1', '-1', '1']
  node[16]: ['17', '[1]', '1', '-1', '1']
  node[17]: ['18', '[1]', '1', '-1', '1']
  node[18]: ['19', '[1]', '1', '-1', '1']
  node[19]: ['20', '[1]', '1', '-1', '1']
  node[20]: ['21', '[1]', '1', '-1', '1']
  node[21]: ['22', '[1]', '1', '-1', '1']
  node[22]: ['23', '[1]', '1', '-1', '1']
  node[23]: ['24', '[1]', '1', '-1', '1']
  node[24]: ['25', '[1]', '1', '-1', '1']
  node[25]: ['26', '[1]', '1', '-1', '1']
  node[26]: ['27', '[1]', '1', '-1', '1']
  node[27]: ['28', '[1]', '1', '-1', '1']
  node[28]: ['29', '[1]', '1', '-1', '1']
  node[29]: ['30', '[1]', '1', '-1', '1']
  node[30]: ['31', '[1]', '1', '-1', '1']
  node[31]: ['32', '[1]', '1', '-1', '1']
  node[32]: ['33', '[1]', '1', '-1', '1']
  node[33]: ['34', '[1]', '1', '-1', '1']
  node[34]: ['35', '[1]', '1', '-1', '1']
  node[35]: ['36', '[1]', '1', '-1', '1']
  node[36]: ['37', '[1]', '1', '-1', '1']
  node[37]: ['38', '[1]', '1', '-1', '1']
  node[38]: ['39', '[1]', '1', '-1', '1']
  node[39]: ['40', '[1]', '1', '-1', '1']
  node[40]: ['41', '[1]', '1', '-1', '1']
  node[41]: ['42', '[1]', '1', '-1', '1']
  node[42]: ['43', '[1]', '1', '-1', '1']
  node[43]: ['44', '[1]', '1', '-1', '1']
  node[44]: ['45', '[1]', '1', '-1', '1']
  node[45]: ['46', '[1]', '1', '-1', '1']
  node[46]: ['47', '[1]', '1', '-1', '1']
  node[47]: ['48', '[1]', '1', '-1', '1']
  node[48]: ['49', '[1]', '1', '-1', '1']
  node[49]: ['50', '[1]', '1', '-1', '1']
  node[50]: ['51', '[1]', '1', '-1', '1']
  node[51]: ['52', '[1]', '1', '-1', '1']
  node[52]: ['53', '[1]', '1', '-1', '1']
  node[53]: ['54', '[1]', '1', '-1', '1']
  node[54]: ['55', '[1]', '1', '-1', '1']
  node[55]: ['56', '[1]', '1', '-1', '1']
  node[56]: ['57', '[1]', '1', '-1', '1']
  node[57]: ['58', '[1]', '1', '-1', '1']
  node[58]: ['59', '[1]', '1', '-1', '1']
  node[59]: ['60', '[1]', '1', '-1', '1']
  Tot:60 Idle:60 Avail:60 
---------------
MaxNodes: 15
MaxProcs: 60
---------------
               
###############
# Backfill
###############
               
###############
# Start Window
###############
               
###############
# Basic Algorithm
###############
               
###############
# Info Collect
###############
               
###############
# Cqsim Sim
###############
---------------
Job Trace ................... Load
---------------
Node Structure ................... Load
---------------
Backfill ................... Load
---------------
Start Window ................... Load
---------------
Basic Algorithm ................... Load
---------------
Info Collect ................... Load
---------------
Output_log ................... Load
---------------
['1', '1708676358.0', '0.0', '4.0', '5', '-1.0', '-1.0', '5', '5400.0', '-1.0', '-1', '-1', '-1', '-1', '-1', '-1', '-1', '0']
  Insert job[2] 0.0
               
===============
===============
['3', '1708676378.0', '0.0', '3.0', '10', '-1.0', '-1.0', '10', '5400.0', '-1.0', '-1', '-1', '-1', '-1', '-1', '-1', '-1', '0']
  Insert job[2] 20.0
               
>>>>>>>>>>>>>>>>>>>>>>>>>>>>>>>>>>>>>>>>>>>>>
------------------------------
  Time: 0.0
   {'type': 1, 'time': 0.0, 'prio': 2, 'para': [1, 0]}
------------------------------
  Wait: []
  Run : []
------------------------------
  Tot:60 Idle:60 Avail:60 
------------------------------
[Submit]  0
[Start]  0
  Allocate[0] Req:5 Avail:55 
 [0] Req:5 Run:4.0 
  Insert mon[5] 0
   {'date': 0.0, 'time': 0.0, 'event': 'S', 'uti': 0.08333333333333333, 'waitNum': 0, 'waitSize': 0, 'inter': 0.0, 'extend': None}
   {'date': 0, 'time': 0, 'event': 'Q', 'uti': 0.08333333333333333, 'waitNum': 0, 'waitSize': 0, 'inter': 4.0, 'extend': None}
               
>>>>>>>>>>>>>>>>>>>>>>>>>>>>>>>>>>>>>>>>>>>>>
------------------------------
  Time: 4.0
   {'type': 1, 'time': 4.0, 'prio': 1, 'para': [2, 0]}
------------------------------
  Wait: []
  Run : [0]
------------------------------
  Tot:60 Idle:55 Avail:55 
------------------------------
[Finish]  0
  Release[0] Req:5 Avail:60 
 [0] Req:5 Run:4.0 
   {'date': 4.0, 'time': 4.0, 'event': 'E', 'uti': 0.0, 'waitNum': 0, 'waitSize': 0, 'inter': 16.0, 'extend': None}
['4', '1708676388.0', '0.0', '227.0', '12', '-1.0', '-1.0', '12', '1800.0', '-1.0', '-1', '-1', '-1', '-1', '-1', '-1', '-1', '0']
  Insert job[2] 30.0
               
>>>>>>>>>>>>>>>>>>>>>>>>>>>>>>>>>>>>>>>>>>>>>
------------------------------
  Time: 20.0
   {'type': 1, 'time': 20.0, 'prio': 2, 'para': [1, 1]}
------------------------------
  Wait: []
  Run : []
------------------------------
  Tot:60 Idle:60 Avail:60 
------------------------------
[Submit]  1
[Start]  1
  Allocate[1] Req:10 Avail:50 
 [1] Req:10 Run:3.0 
   {'date': 20.0, 'time': 20.0, 'event': 'S', 'uti': 0.16666666666666666, 'waitNum': 0, 'waitSize': 0, 'inter': 3.0, 'extend': None}
               
>>>>>>>>>>>>>>>>>>>>>>>>>>>>>>>>>>>>>>>>>>>>>
------------------------------
  Time: 23.0
   {'type': 1, 'time': 23.0, 'prio': 1, 'para': [2, 1]}
------------------------------
  Wait: []
  Run : [1]
------------------------------
  Tot:60 Idle:50 Avail:50 
------------------------------
[Finish]  1
  Release[1] Req:10 Avail:60 
 [1] Req:10 Run:3.0 
   {'date': 23.0, 'time': 23.0, 'event': 'E', 'uti': 0.0, 'waitNum': 0, 'waitSize': 0, 'inter': 7.0, 'extend': None}
['5', '1708676398.0', '0.0', '592.0', '4', '-1.0', '-1.0', '4', '1800.0', '-1.0', '-1', '-1', '-1', '-1', '-1', '-1', '-1', '0']
  Insert job[2] 40.0
               
>>>>>>>>>>>>>>>>>>>>>>>>>>>>>>>>>>>>>>>>>>>>>
------------------------------
  Time: 30.0
   {'type': 1, 'time': 30.0, 'prio': 2, 'para': [1, 2]}
------------------------------
  Wait: []
  Run : []
------------------------------
  Tot:60 Idle:60 Avail:60 
------------------------------
[Submit]  2
[Start]  2
  Allocate[2] Req:12 Avail:48 
 [2] Req:12 Run:227.0 
   {'date': 30.0, 'time': 30.0, 'event': 'S', 'uti': 0.2, 'waitNum': 0, 'waitSize': 0, 'inter': 10.0, 'extend': None}
['6', '1708676408.0', '0.0', '626.0', '2', '-1.0', '-1.0', '2', '3600.0', '-1.0', '-1', '-1', '-1', '-1', '-1', '-1', '-1', '0']
  Insert job[2] 50.0
               
>>>>>>>>>>>>>>>>>>>>>>>>>>>>>>>>>>>>>>>>>>>>>
------------------------------
  Time: 40.0
   {'type': 1, 'time': 40.0, 'prio': 2, 'para': [1, 3]}
------------------------------
  Wait: []
  Run : [2]
------------------------------
  Tot:60 Idle:48 Avail:48 
------------------------------
[Submit]  3
[Start]  3
  Allocate[3] Req:4 Avail:44 
 [3] Req:4 Run:592.0 
   {'date': 40.0, 'time': 40.0, 'event': 'S', 'uti': 0.26666666666666666, 'waitNum': 0, 'waitSize': 0, 'inter': 10.0, 'extend': None}
['7', '1708676418.0', '0.0', '4.0', '5', '-1.0', '-1.0', '5', '5400.0', '-1.0', '-1', '-1', '-1', '-1', '-1', '-1', '-1', '0']
  Insert job[2] 60.0
               
>>>>>>>>>>>>>>>>>>>>>>>>>>>>>>>>>>>>>>>>>>>>>
------------------------------
  Time: 50.0
   {'type': 1, 'time': 50.0, 'prio': 2, 'para': [1, 4]}
------------------------------
  Wait: []
  Run : [2, 3]
------------------------------
  Tot:60 Idle:44 Avail:44 
------------------------------
[Submit]  4
[Start]  4
  Allocate[4] Req:2 Avail:42 
 [4] Req:2 Run:626.0 
   {'date': 50.0, 'time': 50.0, 'event': 'S', 'uti': 0.3, 'waitNum': 0, 'waitSize': 0, 'inter': 10.0, 'extend': None}
['8', '1708676428.0', '0.0', '12.0', '8', '-1.0', '-1.0', '8', '5400.0', '-1.0', '-1', '-1', '-1', '-1', '-1', '-1', '-1', '0']
  Insert job[2] 70.0
               
>>>>>>>>>>>>>>>>>>>>>>>>>>>>>>>>>>>>>>>>>>>>>
------------------------------
  Time: 60.0
   {'type': 1, 'time': 60.0, 'prio': 2, 'para': [1, 5]}
------------------------------
  Wait: []
  Run : [2, 3, 4]
------------------------------
  Tot:60 Idle:42 Avail:42 
------------------------------
[Submit]  5
[Start]  5
  Allocate[5] Req:5 Avail:37 
 [5] Req:5 Run:4.0 
   {'date': 60.0, 'time': 60.0, 'event': 'S', 'uti': 0.38333333333333336, 'waitNum': 0, 'waitSize': 0, 'inter': 4.0, 'extend': None}
               
>>>>>>>>>>>>>>>>>>>>>>>>>>>>>>>>>>>>>>>>>>>>>
------------------------------
  Time: 64.0
   {'type': 1, 'time': 64.0, 'prio': 1, 'para': [2, 5]}
------------------------------
  Wait: []
  Run : [2, 3, 4, 5]
------------------------------
  Tot:60 Idle:37 Avail:37 
------------------------------
[Finish]  5
  Release[5] Req:5 Avail:42 
 [5] Req:5 Run:4.0 
   {'date': 64.0, 'time': 64.0, 'event': 'E', 'uti': 0.3, 'waitNum': 0, 'waitSize': 0, 'inter': 6.0, 'extend': None}
['9', '1708676438.0', '1.0', '4.0', '6', '-1.0', '-1.0', '6', '1800.0', '-1.0', '-1', '-1', '-1', '-1', '-1', '-1', '-1', '0']
  Insert job[2] 80.0
               
>>>>>>>>>>>>>>>>>>>>>>>>>>>>>>>>>>>>>>>>>>>>>
------------------------------
  Time: 70.0
   {'type': 1, 'time': 70.0, 'prio': 2, 'para': [1, 6]}
------------------------------
  Wait: []
  Run : [2, 3, 4]
------------------------------
  Tot:60 Idle:42 Avail:42 
------------------------------
[Submit]  6
[Start]  6
  Allocate[6] Req:8 Avail:34 
 [6] Req:8 Run:12.0 
   {'date': 70.0, 'time': 70.0, 'event': 'S', 'uti': 0.43333333333333335, 'waitNum': 0, 'waitSize': 0, 'inter': 10.0, 'extend': None}
['10', '1708676449.0', '0.0', '29.0', '4', '-1.0', '-1.0', '4', '1800.0', '-1.0', '-1', '-1', '-1', '-1', '-1', '-1', '-1', '0']
  Insert job[2] 91.0
               
>>>>>>>>>>>>>>>>>>>>>>>>>>>>>>>>>>>>>>>>>>>>>
------------------------------
  Time: 80.0
   {'type': 1, 'time': 80.0, 'prio': 2, 'para': [1, 7]}
------------------------------
  Wait: []
  Run : [2, 3, 4, 6]
------------------------------
  Tot:60 Idle:34 Avail:34 
------------------------------
[Submit]  7
[Start]  7
  Allocate[7] Req:6 Avail:28 
 [7] Req:6 Run:4.0 
   {'date': 80.0, 'time': 80.0, 'event': 'S', 'uti': 0.5333333333333333, 'waitNum': 0, 'waitSize': 0, 'inter': 2.0, 'extend': None}
               
>>>>>>>>>>>>>>>>>>>>>>>>>>>>>>>>>>>>>>>>>>>>>
------------------------------
  Time: 82.0
   {'type': 1, 'time': 82.0, 'prio': 1, 'para': [2, 6]}
------------------------------
  Wait: []
  Run : [2, 3, 4, 6, 7]
------------------------------
  Tot:60 Idle:28 Avail:28 
------------------------------
[Finish]  6
  Release[6] Req:8 Avail:36 
 [6] Req:8 Run:12.0 
   {'date': 82.0, 'time': 82.0, 'event': 'E', 'uti': 0.4, 'waitNum': 0, 'waitSize': 0, 'inter': 2.0, 'extend': None}
               
>>>>>>>>>>>>>>>>>>>>>>>>>>>>>>>>>>>>>>>>>>>>>
------------------------------
  Time: 84.0
   {'type': 1, 'time': 84.0, 'prio': 1, 'para': [2, 7]}
------------------------------
  Wait: []
  Run : [2, 3, 4, 7]
------------------------------
  Tot:60 Idle:36 Avail:36 
------------------------------
[Finish]  7
  Release[7] Req:6 Avail:42 
 [7] Req:6 Run:4.0 
   {'date': 84.0, 'time': 84.0, 'event': 'E', 'uti': 0.3, 'waitNum': 0, 'waitSize': 0, 'inter': 7.0, 'extend': None}
['11', '1708676459.0', '0.0', '15.0', '6', '-1.0', '-1.0', '6', '5400.0', '-1.0', '-1', '-1', '-1', '-1', '-1', '-1', '-1', '0']
  Insert job[2] 101.0
               
>>>>>>>>>>>>>>>>>>>>>>>>>>>>>>>>>>>>>>>>>>>>>
------------------------------
  Time: 91.0
   {'type': 1, 'time': 91.0, 'prio': 2, 'para': [1, 8]}
------------------------------
  Wait: []
  Run : [2, 3, 4]
------------------------------
  Tot:60 Idle:42 Avail:42 
------------------------------
[Submit]  8
[Start]  8
  Allocate[8] Req:4 Avail:38 
 [8] Req:4 Run:29.0 
   {'date': 91.0, 'time': 91.0, 'event': 'S', 'uti': 0.36666666666666664, 'waitNum': 0, 'waitSize': 0, 'inter': 10.0, 'extend': None}
['12', '1708676469.0', '128.0', '52.0', '2', '-1.0', '-1.0', '2', '1800.0', '-1.0', '-1', '-1', '-1', '-1', '-1', '-1', '-1', '0']
  Insert job[2] 111.0
               
>>>>>>>>>>>>>>>>>>>>>>>>>>>>>>>>>>>>>>>>>>>>>
------------------------------
  Time: 101.0
   {'type': 1, 'time': 101.0, 'prio': 2, 'para': [1, 9]}
------------------------------
  Wait: []
  Run : [2, 3, 4, 8]
------------------------------
  Tot:60 Idle:38 Avail:38 
------------------------------
[Submit]  9
[Start]  9
  Allocate[9] Req:6 Avail:32 
 [9] Req:6 Run:15.0 
   {'date': 101.0, 'time': 101.0, 'event': 'S', 'uti': 0.4666666666666667, 'waitNum': 0, 'waitSize': 0, 'inter': 10.0, 'extend': None}
['13', '1708676479.0', '0.0', '262.0', '2', '-1.0', '-1.0', '2', '5400.0', '-1.0', '-1', '-1', '-1', '-1', '-1', '-1', '-1', '0']
  Insert job[2] 121.0
               
>>>>>>>>>>>>>>>>>>>>>>>>>>>>>>>>>>>>>>>>>>>>>
------------------------------
  Time: 111.0
   {'type': 1, 'time': 111.0, 'prio': 2, 'para': [1, 10]}
------------------------------
  Wait: []
  Run : [2, 3, 4, 8, 9]
------------------------------
  Tot:60 Idle:32 Avail:32 
------------------------------
[Submit]  10
[Start]  10
  Allocate[10] Req:2 Avail:30 
 [10] Req:2 Run:52.0 
   {'date': 111.0, 'time': 111.0, 'event': 'S', 'uti': 0.5, 'waitNum': 0, 'waitSize': 0, 'inter': 5.0, 'extend': None}
               
>>>>>>>>>>>>>>>>>>>>>>>>>>>>>>>>>>>>>>>>>>>>>
------------------------------
  Time: 116.0
   {'type': 1, 'time': 116.0, 'prio': 1, 'para': [2, 9]}
------------------------------
  Wait: []
  Run : [2, 3, 4, 8, 9, 10]
------------------------------
  Tot:60 Idle:30 Avail:30 
------------------------------
[Finish]  9
  Release[9] Req:6 Avail:36 
 [9] Req:6 Run:15.0 
   {'date': 116.0, 'time': 116.0, 'event': 'E', 'uti': 0.4, 'waitNum': 0, 'waitSize': 0, 'inter': 4.0, 'extend': None}
               
>>>>>>>>>>>>>>>>>>>>>>>>>>>>>>>>>>>>>>>>>>>>>
------------------------------
  Time: 120.0
   {'type': 1, 'time': 120.0, 'prio': 1, 'para': [2, 8]}
------------------------------
  Wait: []
  Run : [2, 3, 4, 8, 10]
------------------------------
  Tot:60 Idle:36 Avail:36 
------------------------------
[Finish]  8
  Release[8] Req:4 Avail:40 
 [8] Req:4 Run:29.0 
   {'date': 120.0, 'time': 120.0, 'event': 'E', 'uti': 0.3333333333333333, 'waitNum': 0, 'waitSize': 0, 'inter': 1.0, 'extend': None}
['15', '1708676499.0', '0.0', '5.0', '9', '-1.0', '-1.0', '9', '3600.0', '-1.0', '-1', '-1', '-1', '-1', '-1', '-1', '-1', '0']
  Insert job[2] 141.0
               
>>>>>>>>>>>>>>>>>>>>>>>>>>>>>>>>>>>>>>>>>>>>>
------------------------------
  Time: 121.0
   {'type': 1, 'time': 121.0, 'prio': 2, 'para': [1, 11]}
------------------------------
  Wait: []
  Run : [2, 3, 4, 10]
------------------------------
  Tot:60 Idle:40 Avail:40 
------------------------------
[Submit]  11
[Start]  11
  Allocate[11] Req:2 Avail:38 
 [11] Req:2 Run:262.0 
   {'date': 121.0, 'time': 121.0, 'event': 'S', 'uti': 0.36666666666666664, 'waitNum': 0, 'waitSize': 0, 'inter': 20.0, 'extend': None}
['16', '1708676509.0', '0.0', '39.0', '15', '-1.0', '-1.0', '15', '3600.0', '-1.0', '-1', '-1', '-1', '-1', '-1', '-1', '-1', '0']
  Insert job[2] 151.0
               
>>>>>>>>>>>>>>>>>>>>>>>>>>>>>>>>>>>>>>>>>>>>>
------------------------------
  Time: 141.0
   {'type': 1, 'time': 141.0, 'prio': 2, 'para': [1, 12]}
------------------------------
  Wait: []
  Run : [2, 3, 4, 10, 11]
------------------------------
  Tot:60 Idle:38 Avail:38 
------------------------------
[Submit]  12
[Start]  12
  Allocate[12] Req:9 Avail:29 
 [12] Req:9 Run:5.0 
   {'date': 141.0, 'time': 141.0, 'event': 'S', 'uti': 0.5166666666666667, 'waitNum': 0, 'waitSize': 0, 'inter': 5.0, 'extend': None}
               
>>>>>>>>>>>>>>>>>>>>>>>>>>>>>>>>>>>>>>>>>>>>>
------------------------------
  Time: 146.0
   {'type': 1, 'time': 146.0, 'prio': 1, 'para': [2, 12]}
------------------------------
  Wait: []
  Run : [2, 3, 4, 10, 11, 12]
------------------------------
  Tot:60 Idle:29 Avail:29 
------------------------------
[Finish]  12
  Release[12] Req:9 Avail:38 
 [12] Req:9 Run:5.0 
   {'date': 146.0, 'time': 146.0, 'event': 'E', 'uti': 0.36666666666666664, 'waitNum': 0, 'waitSize': 0, 'inter': 5.0, 'extend': None}
['17', '1708676519.0', '0.0', '36.0', '18', '-1.0', '-1.0', '18', '3600.0', '-1.0', '-1', '-1', '-1', '-1', '-1', '-1', '-1', '0']
  Insert job[2] 161.0
               
>>>>>>>>>>>>>>>>>>>>>>>>>>>>>>>>>>>>>>>>>>>>>
------------------------------
  Time: 151.0
   {'type': 1, 'time': 151.0, 'prio': 2, 'para': [1, 13]}
------------------------------
  Wait: []
  Run : [2, 3, 4, 10, 11]
------------------------------
  Tot:60 Idle:38 Avail:38 
------------------------------
[Submit]  13
[Start]  13
  Allocate[13] Req:15 Avail:23 
 [13] Req:15 Run:39.0 
   {'date': 151.0, 'time': 151.0, 'event': 'S', 'uti': 0.6166666666666667, 'waitNum': 0, 'waitSize': 0, 'inter': 10.0, 'extend': None}
['22', '1708676569.0', '0.0', '488.0', '3', '-1.0', '-1.0', '3', '1800.0', '-1.0', '-1', '-1', '-1', '-1', '-1', '-1', '-1', '0']
  Insert job[2] 211.0
               
>>>>>>>>>>>>>>>>>>>>>>>>>>>>>>>>>>>>>>>>>>>>>
------------------------------
  Time: 161.0
   {'type': 1, 'time': 161.0, 'prio': 2, 'para': [1, 14]}
------------------------------
  Wait: []
  Run : [2, 3, 4, 10, 11, 13]
------------------------------
  Tot:60 Idle:23 Avail:23 
------------------------------
[Submit]  14
[Start]  14
  Allocate[14] Req:18 Avail:5 
 [14] Req:18 Run:36.0 
   {'date': 161.0, 'time': 161.0, 'event': 'S', 'uti': 0.9166666666666666, 'waitNum': 0, 'waitSize': 0, 'inter': 2.0, 'extend': None}
               
>>>>>>>>>>>>>>>>>>>>>>>>>>>>>>>>>>>>>>>>>>>>>
------------------------------
  Time: 163.0
   {'type': 1, 'time': 163.0, 'prio': 1, 'para': [2, 10]}
------------------------------
  Wait: []
  Run : [2, 3, 4, 10, 11, 13, 14]
------------------------------
  Tot:60 Idle:5 Avail:5 
------------------------------
[Finish]  10
  Release[10] Req:2 Avail:7 
 [10] Req:2 Run:52.0 
   {'date': 163.0, 'time': 163.0, 'event': 'E', 'uti': 0.8833333333333333, 'waitNum': 0, 'waitSize': 0, 'inter': 27.0, 'extend': None}
               
>>>>>>>>>>>>>>>>>>>>>>>>>>>>>>>>>>>>>>>>>>>>>
------------------------------
  Time: 190.0
   {'type': 1, 'time': 190.0, 'prio': 1, 'para': [2, 13]}
------------------------------
  Wait: []
  Run : [2, 3, 4, 11, 13, 14]
------------------------------
  Tot:60 Idle:7 Avail:7 
------------------------------
[Finish]  13
  Release[13] Req:15 Avail:22 
 [13] Req:15 Run:39.0 
   {'date': 190.0, 'time': 190.0, 'event': 'E', 'uti': 0.6333333333333333, 'waitNum': 0, 'waitSize': 0, 'inter': 7.0, 'extend': None}
               
>>>>>>>>>>>>>>>>>>>>>>>>>>>>>>>>>>>>>>>>>>>>>
------------------------------
  Time: 197.0
   {'type': 1, 'time': 197.0, 'prio': 1, 'para': [2, 14]}
------------------------------
  Wait: []
  Run : [2, 3, 4, 11, 14]
------------------------------
  Tot:60 Idle:22 Avail:22 
------------------------------
[Finish]  14
  Release[14] Req:18 Avail:40 
 [14] Req:18 Run:36.0 
   {'date': 197.0, 'time': 197.0, 'event': 'E', 'uti': 0.3333333333333333, 'waitNum': 0, 'waitSize': 0, 'inter': 14.0, 'extend': None}
['23', '1708676579.0', '0.0', '5.0', '5', '-1.0', '-1.0', '5', '3600.0', '-1.0', '-1', '-1', '-1', '-1', '-1', '-1', '-1', '0']
  Insert job[2] 221.0
               
>>>>>>>>>>>>>>>>>>>>>>>>>>>>>>>>>>>>>>>>>>>>>
------------------------------
  Time: 211.0
   {'type': 1, 'time': 211.0, 'prio': 2, 'para': [1, 15]}
------------------------------
  Wait: []
  Run : [2, 3, 4, 11]
------------------------------
  Tot:60 Idle:40 Avail:40 
------------------------------
[Submit]  15
[Start]  15
  Allocate[15] Req:3 Avail:37 
 [15] Req:3 Run:488.0 
   {'date': 211.0, 'time': 211.0, 'event': 'S', 'uti': 0.38333333333333336, 'waitNum': 0, 'waitSize': 0, 'inter': 10.0, 'extend': None}
['25', '1708676599.0', '0.0', '131.0', '1', '-1.0', '-1.0', '1', '1800.0', '-1.0', '-1', '-1', '-1', '-1', '-1', '-1', '-1', '0']
  Insert job[2] 241.0
               
>>>>>>>>>>>>>>>>>>>>>>>>>>>>>>>>>>>>>>>>>>>>>
------------------------------
  Time: 221.0
   {'type': 1, 'time': 221.0, 'prio': 2, 'para': [1, 16]}
------------------------------
  Wait: []
  Run : [2, 3, 4, 11, 15]
------------------------------
  Tot:60 Idle:37 Avail:37 
------------------------------
[Submit]  16
[Start]  16
  Allocate[16] Req:5 Avail:32 
 [16] Req:5 Run:5.0 
   {'date': 221.0, 'time': 221.0, 'event': 'S', 'uti': 0.4666666666666667, 'waitNum': 0, 'waitSize': 0, 'inter': 5.0, 'extend': None}
               
>>>>>>>>>>>>>>>>>>>>>>>>>>>>>>>>>>>>>>>>>>>>>
------------------------------
  Time: 226.0
   {'type': 1, 'time': 226.0, 'prio': 1, 'para': [2, 16]}
------------------------------
  Wait: []
  Run : [2, 3, 4, 11, 15, 16]
------------------------------
  Tot:60 Idle:32 Avail:32 
------------------------------
[Finish]  16
  Release[16] Req:5 Avail:37 
 [16] Req:5 Run:5.0 
   {'date': 226.0, 'time': 226.0, 'event': 'E', 'uti': 0.38333333333333336, 'waitNum': 0, 'waitSize': 0, 'inter': 15.0, 'extend': None}
['26', '1708676609.0', '0.0', '3.0', '2', '-1.0', '-1.0', '2', '1800.0', '-1.0', '-1', '-1', '-1', '-1', '-1', '-1', '-1', '0']
  Insert job[2] 251.0
               
>>>>>>>>>>>>>>>>>>>>>>>>>>>>>>>>>>>>>>>>>>>>>
------------------------------
  Time: 241.0
   {'type': 1, 'time': 241.0, 'prio': 2, 'para': [1, 17]}
------------------------------
  Wait: []
  Run : [2, 3, 4, 11, 15]
------------------------------
  Tot:60 Idle:37 Avail:37 
------------------------------
[Submit]  17
[Start]  17
  Allocate[17] Req:1 Avail:36 
 [17] Req:1 Run:131.0 
   {'date': 241.0, 'time': 241.0, 'event': 'S', 'uti': 0.4, 'waitNum': 0, 'waitSize': 0, 'inter': 10.0, 'extend': None}
['27', '1708676619.0', '0.0', '131.0', '8', '-1.0', '-1.0', '8', '3600.0', '-1.0', '-1', '-1', '-1', '-1', '-1', '-1', '-1', '0']
  Insert job[2] 261.0
               
>>>>>>>>>>>>>>>>>>>>>>>>>>>>>>>>>>>>>>>>>>>>>
------------------------------
  Time: 251.0
   {'type': 1, 'time': 251.0, 'prio': 2, 'para': [1, 18]}
------------------------------
  Wait: []
  Run : [2, 3, 4, 11, 15, 17]
------------------------------
  Tot:60 Idle:36 Avail:36 
------------------------------
[Submit]  18
[Start]  18
  Allocate[18] Req:2 Avail:34 
 [18] Req:2 Run:3.0 
   {'date': 251.0, 'time': 251.0, 'event': 'S', 'uti': 0.43333333333333335, 'waitNum': 0, 'waitSize': 0, 'inter': 3.0, 'extend': None}
               
>>>>>>>>>>>>>>>>>>>>>>>>>>>>>>>>>>>>>>>>>>>>>
------------------------------
  Time: 254.0
   {'type': 1, 'time': 254.0, 'prio': 1, 'para': [2, 18]}
------------------------------
  Wait: []
  Run : [2, 3, 4, 11, 15, 17, 18]
------------------------------
  Tot:60 Idle:34 Avail:34 
------------------------------
[Finish]  18
  Release[18] Req:2 Avail:36 
 [18] Req:2 Run:3.0 
   {'date': 254.0, 'time': 254.0, 'event': 'E', 'uti': 0.4, 'waitNum': 0, 'waitSize': 0, 'inter': 3.0, 'extend': None}
               
>>>>>>>>>>>>>>>>>>>>>>>>>>>>>>>>>>>>>>>>>>>>>
------------------------------
  Time: 257.0
   {'type': 1, 'time': 257.0, 'prio': 1, 'para': [2, 2]}
------------------------------
  Wait: []
  Run : [2, 3, 4, 11, 15, 17]
------------------------------
  Tot:60 Idle:36 Avail:36 
------------------------------
[Finish]  2
  Release[2] Req:12 Avail:48 
 [2] Req:12 Run:227.0 
   {'date': 257.0, 'time': 257.0, 'event': 'E', 'uti': 0.2, 'waitNum': 0, 'waitSize': 0, 'inter': 4.0, 'extend': None}
['29', '1708676639.0', '0.0', '22.0', '9', '-1.0', '-1.0', '9', '1800.0', '-1.0', '-1', '-1', '-1', '-1', '-1', '-1', '-1', '0']
  Insert job[2] 281.0
               
>>>>>>>>>>>>>>>>>>>>>>>>>>>>>>>>>>>>>>>>>>>>>
------------------------------
  Time: 261.0
   {'type': 1, 'time': 261.0, 'prio': 2, 'para': [1, 19]}
------------------------------
  Wait: []
  Run : [3, 4, 11, 15, 17]
------------------------------
  Tot:60 Idle:48 Avail:48 
------------------------------
[Submit]  19
[Start]  19
  Allocate[19] Req:8 Avail:40 
 [19] Req:8 Run:131.0 
   {'date': 261.0, 'time': 261.0, 'event': 'S', 'uti': 0.3333333333333333, 'waitNum': 0, 'waitSize': 0, 'inter': 20.0, 'extend': None}
['31', '1708676659.0', '0.0', '8.0', '6', '-1.0', '-1.0', '6', '1800.0', '-1.0', '-1', '-1', '-1', '-1', '-1', '-1', '-1', '0']
  Insert job[2] 301.0
               
>>>>>>>>>>>>>>>>>>>>>>>>>>>>>>>>>>>>>>>>>>>>>
------------------------------
  Time: 281.0
   {'type': 1, 'time': 281.0, 'prio': 2, 'para': [1, 20]}
------------------------------
  Wait: []
  Run : [3, 4, 11, 15, 17, 19]
------------------------------
  Tot:60 Idle:40 Avail:40 
------------------------------
[Submit]  20
[Start]  20
  Allocate[20] Req:9 Avail:31 
 [20] Req:9 Run:22.0 
   {'date': 281.0, 'time': 281.0, 'event': 'S', 'uti': 0.48333333333333334, 'waitNum': 0, 'waitSize': 0, 'inter': 20.0, 'extend': None}
['32', '1708676669.0', '0.0', '59.0', '12', '-1.0', '-1.0', '12', '3600.0', '-1.0', '-1', '-1', '-1', '-1', '-1', '-1', '-1', '0']
  Insert job[2] 311.0
               
>>>>>>>>>>>>>>>>>>>>>>>>>>>>>>>>>>>>>>>>>>>>>
------------------------------
  Time: 301.0
   {'type': 1, 'time': 301.0, 'prio': 2, 'para': [1, 21]}
------------------------------
  Wait: []
  Run : [3, 4, 11, 15, 17, 19, 20]
------------------------------
  Tot:60 Idle:31 Avail:31 
------------------------------
[Submit]  21
[Start]  21
  Allocate[21] Req:6 Avail:25 
 [21] Req:6 Run:8.0 
   {'date': 301.0, 'time': 301.0, 'event': 'S', 'uti': 0.5833333333333334, 'waitNum': 0, 'waitSize': 0, 'inter': 2.0, 'extend': None}
               
>>>>>>>>>>>>>>>>>>>>>>>>>>>>>>>>>>>>>>>>>>>>>
------------------------------
  Time: 303.0
   {'type': 1, 'time': 303.0, 'prio': 1, 'para': [2, 20]}
------------------------------
  Wait: []
  Run : [3, 4, 11, 15, 17, 19, 20, 21]
------------------------------
  Tot:60 Idle:25 Avail:25 
------------------------------
[Finish]  20
  Release[20] Req:9 Avail:34 
 [20] Req:9 Run:22.0 
   {'date': 303.0, 'time': 303.0, 'event': 'E', 'uti': 0.43333333333333335, 'waitNum': 0, 'waitSize': 0, 'inter': 6.0, 'extend': None}
               
>>>>>>>>>>>>>>>>>>>>>>>>>>>>>>>>>>>>>>>>>>>>>
------------------------------
  Time: 309.0
   {'type': 1, 'time': 309.0, 'prio': 1, 'para': [2, 21]}
------------------------------
  Wait: []
  Run : [3, 4, 11, 15, 17, 19, 21]
------------------------------
  Tot:60 Idle:34 Avail:34 
------------------------------
[Finish]  21
  Release[21] Req:6 Avail:40 
 [21] Req:6 Run:8.0 
   {'date': 309.0, 'time': 309.0, 'event': 'E', 'uti': 0.3333333333333333, 'waitNum': 0, 'waitSize': 0, 'inter': 2.0, 'extend': None}
['34', '1708676689.0', '40.0', '519.0', '10', '-1.0', '-1.0', '10', '3600.0', '-1.0', '-1', '-1', '-1', '-1', '-1', '-1', '-1', '0']
  Insert job[2] 331.0
               
>>>>>>>>>>>>>>>>>>>>>>>>>>>>>>>>>>>>>>>>>>>>>
------------------------------
  Time: 311.0
   {'type': 1, 'time': 311.0, 'prio': 2, 'para': [1, 22]}
------------------------------
  Wait: []
  Run : [3, 4, 11, 15, 17, 19]
------------------------------
  Tot:60 Idle:40 Avail:40 
------------------------------
[Submit]  22
[Start]  22
  Allocate[22] Req:12 Avail:28 
 [22] Req:12 Run:59.0 
   {'date': 311.0, 'time': 311.0, 'event': 'S', 'uti': 0.5333333333333333, 'waitNum': 0, 'waitSize': 0, 'inter': 20.0, 'extend': None}
['35', '1708676699.0', '0.0', '11.0', '4', '-1.0', '-1.0', '4', '1800.0', '-1.0', '-1', '-1', '-1', '-1', '-1', '-1', '-1', '0']
  Insert job[2] 341.0
               
>>>>>>>>>>>>>>>>>>>>>>>>>>>>>>>>>>>>>>>>>>>>>
------------------------------
  Time: 331.0
   {'type': 1, 'time': 331.0, 'prio': 2, 'para': [1, 23]}
------------------------------
  Wait: []
  Run : [3, 4, 11, 15, 17, 19, 22]
------------------------------
  Tot:60 Idle:28 Avail:28 
------------------------------
[Submit]  23
[Start]  23
  Allocate[23] Req:10 Avail:18 
 [23] Req:10 Run:519.0 
   {'date': 331.0, 'time': 331.0, 'event': 'S', 'uti': 0.7, 'waitNum': 0, 'waitSize': 0, 'inter': 10.0, 'extend': None}
['38', '1708676730.0', '0.0', '273.0', '6', '-1.0', '-1.0', '6', '5400.0', '-1.0', '-1', '-1', '-1', '-1', '-1', '-1', '-1', '0']
  Insert job[2] 372.0
               
>>>>>>>>>>>>>>>>>>>>>>>>>>>>>>>>>>>>>>>>>>>>>
------------------------------
  Time: 341.0
   {'type': 1, 'time': 341.0, 'prio': 2, 'para': [1, 24]}
------------------------------
  Wait: []
  Run : [3, 4, 11, 15, 17, 19, 22, 23]
------------------------------
  Tot:60 Idle:18 Avail:18 
------------------------------
[Submit]  24
[Start]  24
  Allocate[24] Req:4 Avail:14 
 [24] Req:4 Run:11.0 
   {'date': 341.0, 'time': 341.0, 'event': 'S', 'uti': 0.7666666666666667, 'waitNum': 0, 'waitSize': 0, 'inter': 11.0, 'extend': None}
               
>>>>>>>>>>>>>>>>>>>>>>>>>>>>>>>>>>>>>>>>>>>>>
------------------------------
  Time: 352.0
   {'type': 1, 'time': 352.0, 'prio': 1, 'para': [2, 24]}
------------------------------
  Wait: []
  Run : [3, 4, 11, 15, 17, 19, 22, 23, 24]
------------------------------
  Tot:60 Idle:14 Avail:14 
------------------------------
[Finish]  24
  Release[24] Req:4 Avail:18 
 [24] Req:4 Run:11.0 
   {'date': 352.0, 'time': 352.0, 'event': 'E', 'uti': 0.7, 'waitNum': 0, 'waitSize': 0, 'inter': 18.0, 'extend': None}
               
>>>>>>>>>>>>>>>>>>>>>>>>>>>>>>>>>>>>>>>>>>>>>
------------------------------
  Time: 370.0
   {'type': 1, 'time': 370.0, 'prio': 1, 'para': [2, 22]}
------------------------------
  Wait: []
  Run : [3, 4, 11, 15, 17, 19, 22, 23]
------------------------------
  Tot:60 Idle:18 Avail:18 
------------------------------
[Finish]  22
  Release[22] Req:12 Avail:30 
 [22] Req:12 Run:59.0 
   {'date': 370.0, 'time': 370.0, 'event': 'E', 'uti': 0.5, 'waitNum': 0, 'waitSize': 0, 'inter': 2.0, 'extend': None}
['39', '1708676740.0', '12.0', '87.0', '6', '-1.0', '-1.0', '6', '1800.0', '-1.0', '-1', '-1', '-1', '-1', '-1', '-1', '-1', '0']
  Insert job[2] 382.0
               
>>>>>>>>>>>>>>>>>>>>>>>>>>>>>>>>>>>>>>>>>>>>>
------------------------------
  Time: 372.0
   {'type': 1, 'time': 372.0, 'prio': 1, 'para': [2, 17]}
------------------------------
  Wait: []
  Run : [3, 4, 11, 15, 17, 19, 23]
------------------------------
  Tot:60 Idle:30 Avail:30 
------------------------------
[Finish]  17
  Release[17] Req:1 Avail:31 
 [17] Req:1 Run:131.0 
   {'date': 372.0, 'time': 372.0, 'event': 'E', 'uti': 0.48333333333333334, 'waitNum': 0, 'waitSize': 0, 'inter': 0.0, 'extend': None}
               
>>>>>>>>>>>>>>>>>>>>>>>>>>>>>>>>>>>>>>>>>>>>>
------------------------------
  Time: 372.0
   {'type': 1, 'time': 372.0, 'prio': 2, 'para': [1, 25]}
------------------------------
  Wait: []
  Run : [3, 4, 11, 15, 19, 23]
------------------------------
  Tot:60 Idle:31 Avail:31 
------------------------------
[Submit]  25
[Start]  25
  Allocate[25] Req:6 Avail:25 
 [25] Req:6 Run:273.0 
   {'date': 372.0, 'time': 372.0, 'event': 'S', 'uti': 0.5833333333333334, 'waitNum': 0, 'waitSize': 0, 'inter': 10.0, 'extend': None}
['42', '1708676770.0', '0.0', '11.0', '6', '-1.0', '-1.0', '6', '5400.0', '-1.0', '-1', '-1', '-1', '-1', '-1', '-1', '-1', '0']
  Insert job[2] 412.0
               
>>>>>>>>>>>>>>>>>>>>>>>>>>>>>>>>>>>>>>>>>>>>>
------------------------------
  Time: 382.0
   {'type': 1, 'time': 382.0, 'prio': 2, 'para': [1, 26]}
------------------------------
  Wait: []
  Run : [3, 4, 11, 15, 19, 23, 25]
------------------------------
  Tot:60 Idle:25 Avail:25 
------------------------------
[Submit]  26
[Start]  26
  Allocate[26] Req:6 Avail:19 
 [26] Req:6 Run:87.0 
   {'date': 382.0, 'time': 382.0, 'event': 'S', 'uti': 0.6833333333333333, 'waitNum': 0, 'waitSize': 0, 'inter': 1.0, 'extend': None}
               
>>>>>>>>>>>>>>>>>>>>>>>>>>>>>>>>>>>>>>>>>>>>>
------------------------------
  Time: 383.0
   {'type': 1, 'time': 383.0, 'prio': 1, 'para': [2, 11]}
------------------------------
  Wait: []
  Run : [3, 4, 11, 15, 19, 23, 25, 26]
------------------------------
  Tot:60 Idle:19 Avail:19 
------------------------------
[Finish]  11
  Release[11] Req:2 Avail:21 
 [11] Req:2 Run:262.0 
   {'date': 383.0, 'time': 383.0, 'event': 'E', 'uti': 0.65, 'waitNum': 0, 'waitSize': 0, 'inter': 9.0, 'extend': None}
               
>>>>>>>>>>>>>>>>>>>>>>>>>>>>>>>>>>>>>>>>>>>>>
------------------------------
  Time: 392.0
   {'type': 1, 'time': 392.0, 'prio': 1, 'para': [2, 19]}
------------------------------
  Wait: []
  Run : [3, 4, 15, 19, 23, 25, 26]
------------------------------
  Tot:60 Idle:21 Avail:21 
------------------------------
[Finish]  19
  Release[19] Req:8 Avail:29 
 [19] Req:8 Run:131.0 
   {'date': 392.0, 'time': 392.0, 'event': 'E', 'uti': 0.5166666666666667, 'waitNum': 0, 'waitSize': 0, 'inter': 20.0, 'extend': None}
['43', '1708676780.0', '185.0', '168.0', '4', '-1.0', '-1.0', '4', '1800.0', '-1.0', '-1', '-1', '-1', '-1', '-1', '-1', '-1', '0']
  Insert job[2] 422.0
               
>>>>>>>>>>>>>>>>>>>>>>>>>>>>>>>>>>>>>>>>>>>>>
------------------------------
  Time: 412.0
   {'type': 1, 'time': 412.0, 'prio': 2, 'para': [1, 27]}
------------------------------
  Wait: []
  Run : [3, 4, 15, 23, 25, 26]
------------------------------
  Tot:60 Idle:29 Avail:29 
------------------------------
[Submit]  27
[Start]  27
  Allocate[27] Req:6 Avail:23 
 [27] Req:6 Run:11.0 
   {'date': 412.0, 'time': 412.0, 'event': 'S', 'uti': 0.6166666666666667, 'waitNum': 0, 'waitSize': 0, 'inter': 10.0, 'extend': None}
['44', '1708676790.0', '0.0', '34.0', '4', '-1.0', '-1.0', '4', '1800.0', '-1.0', '-1', '-1', '-1', '-1', '-1', '-1', '-1', '0']
  Insert job[2] 432.0
               
>>>>>>>>>>>>>>>>>>>>>>>>>>>>>>>>>>>>>>>>>>>>>
------------------------------
  Time: 422.0
   {'type': 1, 'time': 422.0, 'prio': 2, 'para': [1, 28]}
------------------------------
  Wait: []
  Run : [3, 4, 15, 23, 25, 26, 27]
------------------------------
  Tot:60 Idle:23 Avail:23 
------------------------------
[Submit]  28
[Start]  28
  Allocate[28] Req:4 Avail:19 
 [28] Req:4 Run:168.0 
   {'date': 422.0, 'time': 422.0, 'event': 'S', 'uti': 0.6833333333333333, 'waitNum': 0, 'waitSize': 0, 'inter': 1.0, 'extend': None}
               
>>>>>>>>>>>>>>>>>>>>>>>>>>>>>>>>>>>>>>>>>>>>>
------------------------------
  Time: 423.0
   {'type': 1, 'time': 423.0, 'prio': 1, 'para': [2, 27]}
------------------------------
  Wait: []
  Run : [3, 4, 15, 23, 25, 26, 27, 28]
------------------------------
  Tot:60 Idle:19 Avail:19 
------------------------------
[Finish]  27
  Release[27] Req:6 Avail:25 
 [27] Req:6 Run:11.0 
   {'date': 423.0, 'time': 423.0, 'event': 'E', 'uti': 0.5833333333333334, 'waitNum': 0, 'waitSize': 0, 'inter': 9.0, 'extend': None}
['47', '1708676820.0', '185.0', '7.0', '3', '-1.0', '-1.0', '3', '5400.0', '-1.0', '-1', '-1', '-1', '-1', '-1', '-1', '-1', '0']
  Insert job[2] 462.0
               
>>>>>>>>>>>>>>>>>>>>>>>>>>>>>>>>>>>>>>>>>>>>>
------------------------------
  Time: 432.0
   {'type': 1, 'time': 432.0, 'prio': 2, 'para': [1, 29]}
------------------------------
  Wait: []
  Run : [3, 4, 15, 23, 25, 26, 28]
------------------------------
  Tot:60 Idle:25 Avail:25 
------------------------------
[Submit]  29
[Start]  29
  Allocate[29] Req:4 Avail:21 
 [29] Req:4 Run:34.0 
   {'date': 432.0, 'time': 432.0, 'event': 'S', 'uti': 0.65, 'waitNum': 0, 'waitSize': 0, 'inter': 30.0, 'extend': None}
['49', '1708676840.0', '151.0', '62.0', '4', '-1.0', '-1.0', '4', '3600.0', '-1.0', '-1', '-1', '-1', '-1', '-1', '-1', '-1', '0']
  Insert job[2] 482.0
               
>>>>>>>>>>>>>>>>>>>>>>>>>>>>>>>>>>>>>>>>>>>>>
------------------------------
  Time: 462.0
   {'type': 1, 'time': 462.0, 'prio': 2, 'para': [1, 30]}
------------------------------
  Wait: []
  Run : [3, 4, 15, 23, 25, 26, 28, 29]
------------------------------
  Tot:60 Idle:21 Avail:21 
------------------------------
[Submit]  30
[Start]  30
  Allocate[30] Req:3 Avail:18 
 [30] Req:3 Run:7.0 
   {'date': 462.0, 'time': 462.0, 'event': 'S', 'uti': 0.7, 'waitNum': 0, 'waitSize': 0, 'inter': 4.0, 'extend': None}
               
>>>>>>>>>>>>>>>>>>>>>>>>>>>>>>>>>>>>>>>>>>>>>
------------------------------
  Time: 466.0
   {'type': 1, 'time': 466.0, 'prio': 1, 'para': [2, 29]}
------------------------------
  Wait: []
  Run : [3, 4, 15, 23, 25, 26, 28, 29, 30]
------------------------------
  Tot:60 Idle:18 Avail:18 
------------------------------
[Finish]  29
  Release[29] Req:4 Avail:22 
 [29] Req:4 Run:34.0 
   {'date': 466.0, 'time': 466.0, 'event': 'E', 'uti': 0.6333333333333333, 'waitNum': 0, 'waitSize': 0, 'inter': 3.0, 'extend': None}
               
>>>>>>>>>>>>>>>>>>>>>>>>>>>>>>>>>>>>>>>>>>>>>
------------------------------
  Time: 469.0
   {'type': 1, 'time': 469.0, 'prio': 1, 'para': [2, 26]}
------------------------------
  Wait: []
  Run : [3, 4, 15, 23, 25, 26, 28, 30]
------------------------------
  Tot:60 Idle:22 Avail:22 
------------------------------
[Finish]  26
  Release[26] Req:6 Avail:28 
 [26] Req:6 Run:87.0 
   {'date': 469.0, 'time': 469.0, 'event': 'E', 'uti': 0.5333333333333333, 'waitNum': 0, 'waitSize': 0, 'inter': 0.0, 'extend': None}
               
>>>>>>>>>>>>>>>>>>>>>>>>>>>>>>>>>>>>>>>>>>>>>
------------------------------
  Time: 469.0
   {'type': 1, 'time': 469.0, 'prio': 1, 'para': [2, 30]}
------------------------------
  Wait: []
  Run : [3, 4, 15, 23, 25, 28, 30]
------------------------------
  Tot:60 Idle:28 Avail:28 
------------------------------
[Finish]  30
  Release[30] Req:3 Avail:31 
 [30] Req:3 Run:7.0 
   {'date': 469.0, 'time': 469.0, 'event': 'E', 'uti': 0.48333333333333334, 'waitNum': 0, 'waitSize': 0, 'inter': 13.0, 'extend': None}
['52', '1708676870.0', '0.0', '247.0', '3', '-1.0', '-1.0', '3', '1800.0', '-1.0', '-1', '-1', '-1', '-1', '-1', '-1', '-1', '0']
  Insert job[2] 512.0
               
>>>>>>>>>>>>>>>>>>>>>>>>>>>>>>>>>>>>>>>>>>>>>
------------------------------
  Time: 482.0
   {'type': 1, 'time': 482.0, 'prio': 2, 'para': [1, 31]}
------------------------------
  Wait: []
  Run : [3, 4, 15, 23, 25, 28]
------------------------------
  Tot:60 Idle:31 Avail:31 
------------------------------
[Submit]  31
[Start]  31
  Allocate[31] Req:4 Avail:27 
 [31] Req:4 Run:62.0 
  Insert mon[5] 500
   {'date': 482.0, 'time': 482.0, 'event': 'S', 'uti': 0.55, 'waitNum': 0, 'waitSize': 0, 'inter': 18.0, 'extend': None}
   {'date': 500, 'time': 500, 'event': 'Q', 'uti': 0.55, 'waitNum': 0, 'waitSize': 0, 'inter': 12.0, 'extend': None}
['53', '1708676880.0', '178.0', '86.0', '5', '-1.0', '-1.0', '5', '1800.0', '-1.0', '-1', '-1', '-1', '-1', '-1', '-1', '-1', '0']
  Insert job[2] 522.0
               
>>>>>>>>>>>>>>>>>>>>>>>>>>>>>>>>>>>>>>>>>>>>>
------------------------------
  Time: 512.0
   {'type': 1, 'time': 512.0, 'prio': 2, 'para': [1, 32]}
------------------------------
  Wait: []
  Run : [3, 4, 15, 23, 25, 28, 31]
------------------------------
  Tot:60 Idle:27 Avail:27 
------------------------------
[Submit]  32
[Start]  32
  Allocate[32] Req:3 Avail:24 
 [32] Req:3 Run:247.0 
   {'date': 512.0, 'time': 512.0, 'event': 'S', 'uti': 0.6, 'waitNum': 0, 'waitSize': 0, 'inter': 10.0, 'extend': None}
['54', '1708676890.0', '115.0', '3.0', '3', '-1.0', '-1.0', '3', '5400.0', '-1.0', '-1', '-1', '-1', '-1', '-1', '-1', '-1', '0']
  Insert job[2] 532.0
               
>>>>>>>>>>>>>>>>>>>>>>>>>>>>>>>>>>>>>>>>>>>>>
------------------------------
  Time: 522.0
   {'type': 1, 'time': 522.0, 'prio': 2, 'para': [1, 33]}
------------------------------
  Wait: []
  Run : [3, 4, 15, 23, 25, 28, 31, 32]
------------------------------
  Tot:60 Idle:24 Avail:24 
------------------------------
[Submit]  33
[Start]  33
  Allocate[33] Req:5 Avail:19 
 [33] Req:5 Run:86.0 
   {'date': 522.0, 'time': 522.0, 'event': 'S', 'uti': 0.6833333333333333, 'waitNum': 0, 'waitSize': 0, 'inter': 10.0, 'extend': None}
['55', '1708676900.0', '0.0', '20.0', '2', '-1.0', '-1.0', '2', '3600.0', '-1.0', '-1', '-1', '-1', '-1', '-1', '-1', '-1', '0']
  Insert job[2] 542.0
               
>>>>>>>>>>>>>>>>>>>>>>>>>>>>>>>>>>>>>>>>>>>>>
------------------------------
  Time: 532.0
   {'type': 1, 'time': 532.0, 'prio': 2, 'para': [1, 34]}
------------------------------
  Wait: []
  Run : [3, 4, 15, 23, 25, 28, 31, 32, 33]
------------------------------
  Tot:60 Idle:19 Avail:19 
------------------------------
[Submit]  34
[Start]  34
  Allocate[34] Req:3 Avail:16 
 [34] Req:3 Run:3.0 
   {'date': 532.0, 'time': 532.0, 'event': 'S', 'uti': 0.7333333333333333, 'waitNum': 0, 'waitSize': 0, 'inter': 3.0, 'extend': None}
               
>>>>>>>>>>>>>>>>>>>>>>>>>>>>>>>>>>>>>>>>>>>>>
------------------------------
  Time: 535.0
   {'type': 1, 'time': 535.0, 'prio': 1, 'para': [2, 34]}
------------------------------
  Wait: []
  Run : [3, 4, 15, 23, 25, 28, 31, 32, 33, 34]
------------------------------
  Tot:60 Idle:16 Avail:16 
------------------------------
[Finish]  34
  Release[34] Req:3 Avail:19 
 [34] Req:3 Run:3.0 
   {'date': 535.0, 'time': 535.0, 'event': 'E', 'uti': 0.6833333333333333, 'waitNum': 0, 'waitSize': 0, 'inter': 7.0, 'extend': None}
['62', '1708676971.0', '0.0', '15.0', '1', '-1.0', '-1.0', '1', '3600.0', '-1.0', '-1', '-1', '-1', '-1', '-1', '-1', '-1', '0']
  Insert job[2] 613.0
               
>>>>>>>>>>>>>>>>>>>>>>>>>>>>>>>>>>>>>>>>>>>>>
------------------------------
  Time: 542.0
   {'type': 1, 'time': 542.0, 'prio': 2, 'para': [1, 35]}
------------------------------
  Wait: []
  Run : [3, 4, 15, 23, 25, 28, 31, 32, 33]
------------------------------
  Tot:60 Idle:19 Avail:19 
------------------------------
[Submit]  35
[Start]  35
  Allocate[35] Req:2 Avail:17 
 [35] Req:2 Run:20.0 
   {'date': 542.0, 'time': 542.0, 'event': 'S', 'uti': 0.7166666666666667, 'waitNum': 0, 'waitSize': 0, 'inter': 2.0, 'extend': None}
               
>>>>>>>>>>>>>>>>>>>>>>>>>>>>>>>>>>>>>>>>>>>>>
------------------------------
  Time: 544.0
   {'type': 1, 'time': 544.0, 'prio': 1, 'para': [2, 31]}
------------------------------
  Wait: []
  Run : [3, 4, 15, 23, 25, 28, 31, 32, 33, 35]
------------------------------
  Tot:60 Idle:17 Avail:17 
------------------------------
[Finish]  31
  Release[31] Req:4 Avail:21 
 [31] Req:4 Run:62.0 
   {'date': 544.0, 'time': 544.0, 'event': 'E', 'uti': 0.65, 'waitNum': 0, 'waitSize': 0, 'inter': 18.0, 'extend': None}
               
>>>>>>>>>>>>>>>>>>>>>>>>>>>>>>>>>>>>>>>>>>>>>
------------------------------
  Time: 562.0
   {'type': 1, 'time': 562.0, 'prio': 1, 'para': [2, 35]}
------------------------------
  Wait: []
  Run : [3, 4, 15, 23, 25, 28, 32, 33, 35]
------------------------------
  Tot:60 Idle:21 Avail:21 
------------------------------
[Finish]  35
  Release[35] Req:2 Avail:23 
 [35] Req:2 Run:20.0 
   {'date': 562.0, 'time': 562.0, 'event': 'E', 'uti': 0.6166666666666667, 'waitNum': 0, 'waitSize': 0, 'inter': 28.0, 'extend': None}
               
>>>>>>>>>>>>>>>>>>>>>>>>>>>>>>>>>>>>>>>>>>>>>
------------------------------
  Time: 590.0
   {'type': 1, 'time': 590.0, 'prio': 1, 'para': [2, 28]}
------------------------------
  Wait: []
  Run : [3, 4, 15, 23, 25, 28, 32, 33]
------------------------------
  Tot:60 Idle:23 Avail:23 
------------------------------
[Finish]  28
  Release[28] Req:4 Avail:27 
 [28] Req:4 Run:168.0 
   {'date': 590.0, 'time': 590.0, 'event': 'E', 'uti': 0.55, 'waitNum': 0, 'waitSize': 0, 'inter': 18.0, 'extend': None}
               
>>>>>>>>>>>>>>>>>>>>>>>>>>>>>>>>>>>>>>>>>>>>>
------------------------------
  Time: 608.0
   {'type': 1, 'time': 608.0, 'prio': 1, 'para': [2, 33]}
------------------------------
  Wait: []
  Run : [3, 4, 15, 23, 25, 32, 33]
------------------------------
  Tot:60 Idle:27 Avail:27 
------------------------------
[Finish]  33
  Release[33] Req:5 Avail:32 
 [33] Req:5 Run:86.0 
   {'date': 608.0, 'time': 608.0, 'event': 'E', 'uti': 0.4666666666666667, 'waitNum': 0, 'waitSize': 0, 'inter': 5.0, 'extend': None}
               
>>>>>>>>>>>>>>>>>>>>>>>>>>>>>>>>>>>>>>>>>>>>>
------------------------------
  Time: 613.0
   {'type': 1, 'time': 613.0, 'prio': 2, 'para': [1, 36]}
------------------------------
  Wait: []
  Run : [3, 4, 15, 23, 25, 32]
------------------------------
  Tot:60 Idle:32 Avail:32 
------------------------------
[Submit]  36
[Start]  36
  Allocate[36] Req:1 Avail:31 
 [36] Req:1 Run:15.0 
   {'date': 613.0, 'time': 613.0, 'event': 'S', 'uti': 0.48333333333333334, 'waitNum': 0, 'waitSize': 0, 'inter': 15.0, 'extend': None}
               
>>>>>>>>>>>>>>>>>>>>>>>>>>>>>>>>>>>>>>>>>>>>>
------------------------------
  Time: 628.0
   {'type': 1, 'time': 628.0, 'prio': 1, 'para': [2, 36]}
------------------------------
  Wait: []
  Run : [3, 4, 15, 23, 25, 32, 36]
------------------------------
  Tot:60 Idle:31 Avail:31 
------------------------------
[Finish]  36
  Release[36] Req:1 Avail:32 
 [36] Req:1 Run:15.0 
   {'date': 628.0, 'time': 628.0, 'event': 'E', 'uti': 0.4666666666666667, 'waitNum': 0, 'waitSize': 0, 'inter': 4.0, 'extend': None}
               
>>>>>>>>>>>>>>>>>>>>>>>>>>>>>>>>>>>>>>>>>>>>>
------------------------------
  Time: 632.0
   {'type': 1, 'time': 632.0, 'prio': 1, 'para': [2, 3]}
------------------------------
  Wait: []
  Run : [3, 4, 15, 23, 25, 32]
------------------------------
  Tot:60 Idle:32 Avail:32 
------------------------------
[Finish]  3
  Release[3] Req:4 Avail:36 
 [3] Req:4 Run:592.0 
   {'date': 632.0, 'time': 632.0, 'event': 'E', 'uti': 0.4, 'waitNum': 0, 'waitSize': 0, 'inter': 13.0, 'extend': None}
               
>>>>>>>>>>>>>>>>>>>>>>>>>>>>>>>>>>>>>>>>>>>>>
------------------------------
  Time: 645.0
   {'type': 1, 'time': 645.0, 'prio': 1, 'para': [2, 25]}
------------------------------
  Wait: []
  Run : [4, 15, 23, 25, 32]
------------------------------
  Tot:60 Idle:36 Avail:36 
------------------------------
[Finish]  25
  Release[25] Req:6 Avail:42 
 [25] Req:6 Run:273.0 
   {'date': 645.0, 'time': 645.0, 'event': 'E', 'uti': 0.3, 'waitNum': 0, 'waitSize': 0, 'inter': 31.0, 'extend': None}
               
>>>>>>>>>>>>>>>>>>>>>>>>>>>>>>>>>>>>>>>>>>>>>
------------------------------
  Time: 676.0
   {'type': 1, 'time': 676.0, 'prio': 1, 'para': [2, 4]}
------------------------------
  Wait: []
  Run : [4, 15, 23, 32]
------------------------------
  Tot:60 Idle:42 Avail:42 
------------------------------
[Finish]  4
  Release[4] Req:2 Avail:44 
 [4] Req:2 Run:626.0 
   {'date': 676.0, 'time': 676.0, 'event': 'E', 'uti': 0.26666666666666666, 'waitNum': 0, 'waitSize': 0, 'inter': 23.0, 'extend': None}
               
>>>>>>>>>>>>>>>>>>>>>>>>>>>>>>>>>>>>>>>>>>>>>
------------------------------
  Time: 699.0
   {'type': 1, 'time': 699.0, 'prio': 1, 'para': [2, 15]}
------------------------------
  Wait: []
  Run : [15, 23, 32]
------------------------------
  Tot:60 Idle:44 Avail:44 
------------------------------
[Finish]  15
  Release[15] Req:3 Avail:47 
 [15] Req:3 Run:488.0 
   {'date': 699.0, 'time': 699.0, 'event': 'E', 'uti': 0.21666666666666667, 'waitNum': 0, 'waitSize': 0, 'inter': 60.0, 'extend': None}
               
>>>>>>>>>>>>>>>>>>>>>>>>>>>>>>>>>>>>>>>>>>>>>
------------------------------
  Time: 759.0
   {'type': 1, 'time': 759.0, 'prio': 1, 'para': [2, 32]}
------------------------------
  Wait: []
  Run : [23, 32]
------------------------------
  Tot:60 Idle:47 Avail:47 
------------------------------
[Finish]  32
  Release[32] Req:3 Avail:50 
 [32] Req:3 Run:247.0 
   {'date': 759.0, 'time': 759.0, 'event': 'E', 'uti': 0.16666666666666666, 'waitNum': 0, 'waitSize': 0, 'inter': 91.0, 'extend': None}
               
>>>>>>>>>>>>>>>>>>>>>>>>>>>>>>>>>>>>>>>>>>>>>
------------------------------
  Time: 850.0
   {'type': 1, 'time': 850.0, 'prio': 1, 'para': [2, 23]}
------------------------------
  Wait: []
  Run : [23]
------------------------------
  Tot:60 Idle:50 Avail:50 
------------------------------
[Finish]  23
  Release[23] Req:10 Avail:60 
 [23] Req:10 Run:519.0 
   {'date': 850.0, 'time': 850.0, 'event': 'E', 'uti': 0.0, 'waitNum': 0, 'waitSize': 0, 'inter': 0, 'extend': None}
===============
===============
               
------ Simulating Done!
