               
###############
# Filter Job
###############
               
###############
# Filter Node
###############
               
###############
# Job Trace
###############
---------------
---------------
date: 
start_offset: 0.0
---------------
               
###############
# Node Structure
###############
  node[0]: ['1', '[1]', '1', '-1', '1']
  node[1]: ['2', '[1]', '1', '-1', '1']
  node[2]: ['3', '[1]', '1', '-1', '1']
  node[3]: ['4', '[1]', '1', '-1', '1']
  node[4]: ['5', '[1]', '1', '-1', '1']
  node[5]: ['6', '[1]', '1', '-1', '1']
  node[6]: ['7', '[1]', '1', '-1', '1']
  node[7]: ['8', '[1]', '1', '-1', '1']
  node[8]: ['9', '[1]', '1', '-1', '1']
  node[9]: ['10', '[1]', '1', '-1', '1']
  node[10]: ['11', '[1]', '1', '-1', '1']
  node[11]: ['12', '[1]', '1', '-1', '1']
  node[12]: ['13', '[1]', '1', '-1', '1']
  node[13]: ['14', '[1]', '1', '-1', '1']
  node[14]: ['15', '[1]', '1', '-1', '1']
  node[15]: ['16', '[1]', '1', '-1', '1']
  node[16]: ['17', '[1]', '1', '-1', '1']
  node[17]: ['18', '[1]', '1', '-1', '1']
  node[18]: ['19', '[1]', '1', '-1', '1']
  node[19]: ['20', '[1]', '1', '-1', '1']
  node[20]: ['21', '[1]', '1', '-1', '1']
  node[21]: ['22', '[1]', '1', '-1', '1']
  node[22]: ['23', '[1]', '1', '-1', '1']
  node[23]: ['24', '[1]', '1', '-1', '1']
  node[24]: ['25', '[1]', '1', '-1', '1']
  node[25]: ['26', '[1]', '1', '-1', '1']
  node[26]: ['27', '[1]', '1', '-1', '1']
  node[27]: ['28', '[1]', '1', '-1', '1']
  node[28]: ['29', '[1]', '1', '-1', '1']
  node[29]: ['30', '[1]', '1', '-1', '1']
  node[30]: ['31', '[1]', '1', '-1', '1']
  node[31]: ['32', '[1]', '1', '-1', '1']
  node[32]: ['33', '[1]', '1', '-1', '1']
  node[33]: ['34', '[1]', '1', '-1', '1']
  node[34]: ['35', '[1]', '1', '-1', '1']
  node[35]: ['36', '[1]', '1', '-1', '1']
  node[36]: ['37', '[1]', '1', '-1', '1']
  node[37]: ['38', '[1]', '1', '-1', '1']
  node[38]: ['39', '[1]', '1', '-1', '1']
  node[39]: ['40', '[1]', '1', '-1', '1']
  node[40]: ['41', '[1]', '1', '-1', '1']
  node[41]: ['42', '[1]', '1', '-1', '1']
  node[42]: ['43', '[1]', '1', '-1', '1']
  node[43]: ['44', '[1]', '1', '-1', '1']
  node[44]: ['45', '[1]', '1', '-1', '1']
  node[45]: ['46', '[1]', '1', '-1', '1']
  node[46]: ['47', '[1]', '1', '-1', '1']
  node[47]: ['48', '[1]', '1', '-1', '1']
  node[48]: ['49', '[1]', '1', '-1', '1']
  node[49]: ['50', '[1]', '1', '-1', '1']
  node[50]: ['51', '[1]', '1', '-1', '1']
  node[51]: ['52', '[1]', '1', '-1', '1']
  node[52]: ['53', '[1]', '1', '-1', '1']
  node[53]: ['54', '[1]', '1', '-1', '1']
  node[54]: ['55', '[1]', '1', '-1', '1']
  node[55]: ['56', '[1]', '1', '-1', '1']
  node[56]: ['57', '[1]', '1', '-1', '1']
  node[57]: ['58', '[1]', '1', '-1', '1']
  node[58]: ['59', '[1]', '1', '-1', '1']
  node[59]: ['60', '[1]', '1', '-1', '1']
  Tot:60 Idle:60 Avail:60 
---------------
MaxNodes: 15
MaxProcs: 60
---------------
               
###############
# Backfill
###############
               
###############
# Start Window
###############
               
###############
# Basic Algorithm
###############
               
###############
# Info Collect
###############
               
###############
# Cqsim Sim
###############
---------------
Job Trace ................... Load
---------------
Node Structure ................... Load
---------------
Backfill ................... Load
---------------
Start Window ................... Load
---------------
Basic Algorithm ................... Load
---------------
Info Collect ................... Load
---------------
Output_log ................... Load
---------------
               
===============
===============
===============
===============
               
------ Simulating Done!
