               
###############
# Filter Job
###############
               
###############
# Filter Node
###############
               
###############
# Job Trace
###############
---------------
---------------
date: 
start_offset: 0.0
---------------
               
###############
# Node Structure
###############
  node[0]: ['1', '[1]', '1', '-1', '1']
  node[1]: ['2', '[1]', '1', '-1', '1']
  node[2]: ['3', '[1]', '1', '-1', '1']
  node[3]: ['4', '[1]', '1', '-1', '1']
  node[4]: ['5', '[1]', '1', '-1', '1']
  node[5]: ['6', '[1]', '1', '-1', '1']
  node[6]: ['7', '[1]', '1', '-1', '1']
  node[7]: ['8', '[1]', '1', '-1', '1']
  node[8]: ['9', '[1]', '1', '-1', '1']
  node[9]: ['10', '[1]', '1', '-1', '1']
  node[10]: ['11', '[1]', '1', '-1', '1']
  node[11]: ['12', '[1]', '1', '-1', '1']
  node[12]: ['13', '[1]', '1', '-1', '1']
  node[13]: ['14', '[1]', '1', '-1', '1']
  node[14]: ['15', '[1]', '1', '-1', '1']
  node[15]: ['16', '[1]', '1', '-1', '1']
  node[16]: ['17', '[1]', '1', '-1', '1']
  node[17]: ['18', '[1]', '1', '-1', '1']
  node[18]: ['19', '[1]', '1', '-1', '1']
  node[19]: ['20', '[1]', '1', '-1', '1']
  node[20]: ['21', '[1]', '1', '-1', '1']
  node[21]: ['22', '[1]', '1', '-1', '1']
  node[22]: ['23', '[1]', '1', '-1', '1']
  node[23]: ['24', '[1]', '1', '-1', '1']
  node[24]: ['25', '[1]', '1', '-1', '1']
  node[25]: ['26', '[1]', '1', '-1', '1']
  node[26]: ['27', '[1]', '1', '-1', '1']
  node[27]: ['28', '[1]', '1', '-1', '1']
  node[28]: ['29', '[1]', '1', '-1', '1']
  node[29]: ['30', '[1]', '1', '-1', '1']
  node[30]: ['31', '[1]', '1', '-1', '1']
  node[31]: ['32', '[1]', '1', '-1', '1']
  node[32]: ['33', '[1]', '1', '-1', '1']
  node[33]: ['34', '[1]', '1', '-1', '1']
  node[34]: ['35', '[1]', '1', '-1', '1']
  node[35]: ['36', '[1]', '1', '-1', '1']
  node[36]: ['37', '[1]', '1', '-1', '1']
  node[37]: ['38', '[1]', '1', '-1', '1']
  node[38]: ['39', '[1]', '1', '-1', '1']
  node[39]: ['40', '[1]', '1', '-1', '1']
  node[40]: ['41', '[1]', '1', '-1', '1']
  node[41]: ['42', '[1]', '1', '-1', '1']
  node[42]: ['43', '[1]', '1', '-1', '1']
  node[43]: ['44', '[1]', '1', '-1', '1']
  node[44]: ['45', '[1]', '1', '-1', '1']
  node[45]: ['46', '[1]', '1', '-1', '1']
  node[46]: ['47', '[1]', '1', '-1', '1']
  node[47]: ['48', '[1]', '1', '-1', '1']
  node[48]: ['49', '[1]', '1', '-1', '1']
  node[49]: ['50', '[1]', '1', '-1', '1']
  node[50]: ['51', '[1]', '1', '-1', '1']
  node[51]: ['52', '[1]', '1', '-1', '1']
  node[52]: ['53', '[1]', '1', '-1', '1']
  node[53]: ['54', '[1]', '1', '-1', '1']
  node[54]: ['55', '[1]', '1', '-1', '1']
  node[55]: ['56', '[1]', '1', '-1', '1']
  node[56]: ['57', '[1]', '1', '-1', '1']
  node[57]: ['58', '[1]', '1', '-1', '1']
  node[58]: ['59', '[1]', '1', '-1', '1']
  node[59]: ['60', '[1]', '1', '-1', '1']
  Tot:60 Idle:60 Avail:60 
---------------
MaxNodes: 15
MaxProcs: 60
---------------
               
###############
# Backfill
###############
               
###############
# Start Window
###############
               
###############
# Basic Algorithm
###############
               
###############
# Info Collect
###############
               
###############
# Cqsim Sim
###############
---------------
Job Trace ................... Load
---------------
Node Structure ................... Load
---------------
Backfill ................... Load
---------------
Start Window ................... Load
---------------
Basic Algorithm ................... Load
---------------
Info Collect ................... Load
---------------
Output_log ................... Load
---------------
['1', '1708676358.0', '0.0', '4.0', '5', '-1.0', '-1.0', '5', '5400.0', '-1.0', '-1', '-1', '-1', '-1', '-1', '-1', '-1', '0']
  Insert job[2] 0.0
               
===============
===============
['2', '1708676378.0', '0.0', '3.0', '10', '-1.0', '-1.0', '10', '5400.0', '-1.0', '-1', '-1', '-1', '-1', '-1', '-1', '-1', '0']
  Insert job[2] 20.0
               
>>>>>>>>>>>>>>>>>>>>>>>>>>>>>>>>>>>>>>>>>>>>>
------------------------------
  Time: 0.0
   {'type': 1, 'time': 0.0, 'prio': 2, 'para': [1, 0]}
------------------------------
  Wait: []
  Run : []
------------------------------
  Tot:60 Idle:60 Avail:60 
------------------------------
[Submit]  0
[Start]  0
  Allocate[0] Req:5 Avail:55 
 [0] Req:5 Run:4.0 
  Insert mon[5] 0
   {'date': 0.0, 'time': 0.0, 'event': 'S', 'uti': 0.08333333333333333, 'waitNum': 0, 'waitSize': 0, 'inter': 0.0, 'extend': None}
   {'date': 0, 'time': 0, 'event': 'Q', 'uti': 0.08333333333333333, 'waitNum': 0, 'waitSize': 0, 'inter': 4.0, 'extend': None}
               
>>>>>>>>>>>>>>>>>>>>>>>>>>>>>>>>>>>>>>>>>>>>>
------------------------------
  Time: 4.0
   {'type': 1, 'time': 4.0, 'prio': 1, 'para': [2, 0]}
------------------------------
  Wait: []
  Run : [0]
------------------------------
  Tot:60 Idle:55 Avail:55 
------------------------------
[Finish]  0
  Release[0] Req:5 Avail:60 
 [0] Req:5 Run:4.0 
   {'date': 4.0, 'time': 4.0, 'event': 'E', 'uti': 0.0, 'waitNum': 0, 'waitSize': 0, 'inter': 16.0, 'extend': None}
['3', '1708676418.0', '0.0', '4.0', '5', '-1.0', '-1.0', '5', '5400.0', '-1.0', '-1', '-1', '-1', '-1', '-1', '-1', '-1', '0']
  Insert job[2] 60.0
               
>>>>>>>>>>>>>>>>>>>>>>>>>>>>>>>>>>>>>>>>>>>>>
------------------------------
  Time: 20.0
   {'type': 1, 'time': 20.0, 'prio': 2, 'para': [1, 1]}
------------------------------
  Wait: []
  Run : []
------------------------------
  Tot:60 Idle:60 Avail:60 
------------------------------
[Submit]  1
[Start]  1
  Allocate[1] Req:10 Avail:50 
 [1] Req:10 Run:3.0 
   {'date': 20.0, 'time': 20.0, 'event': 'S', 'uti': 0.16666666666666666, 'waitNum': 0, 'waitSize': 0, 'inter': 3.0, 'extend': None}
               
>>>>>>>>>>>>>>>>>>>>>>>>>>>>>>>>>>>>>>>>>>>>>
------------------------------
  Time: 23.0
   {'type': 1, 'time': 23.0, 'prio': 1, 'para': [2, 1]}
------------------------------
  Wait: []
  Run : [1]
------------------------------
  Tot:60 Idle:50 Avail:50 
------------------------------
[Finish]  1
  Release[1] Req:10 Avail:60 
 [1] Req:10 Run:3.0 
   {'date': 23.0, 'time': 23.0, 'event': 'E', 'uti': 0.0, 'waitNum': 0, 'waitSize': 0, 'inter': 37.0, 'extend': None}
['4', '1708676428.0', '0.0', '12.0', '8', '-1.0', '-1.0', '8', '5400.0', '-1.0', '-1', '-1', '-1', '-1', '-1', '-1', '-1', '0']
  Insert job[2] 70.0
               
>>>>>>>>>>>>>>>>>>>>>>>>>>>>>>>>>>>>>>>>>>>>>
------------------------------
  Time: 60.0
   {'type': 1, 'time': 60.0, 'prio': 2, 'para': [1, 2]}
------------------------------
  Wait: []
  Run : []
------------------------------
  Tot:60 Idle:60 Avail:60 
------------------------------
[Submit]  2
[Start]  2
  Allocate[2] Req:5 Avail:55 
 [2] Req:5 Run:4.0 
   {'date': 60.0, 'time': 60.0, 'event': 'S', 'uti': 0.08333333333333333, 'waitNum': 0, 'waitSize': 0, 'inter': 4.0, 'extend': None}
               
>>>>>>>>>>>>>>>>>>>>>>>>>>>>>>>>>>>>>>>>>>>>>
------------------------------
  Time: 64.0
   {'type': 1, 'time': 64.0, 'prio': 1, 'para': [2, 2]}
------------------------------
  Wait: []
  Run : [2]
------------------------------
  Tot:60 Idle:55 Avail:55 
------------------------------
[Finish]  2
  Release[2] Req:5 Avail:60 
 [2] Req:5 Run:4.0 
   {'date': 64.0, 'time': 64.0, 'event': 'E', 'uti': 0.0, 'waitNum': 0, 'waitSize': 0, 'inter': 6.0, 'extend': None}
['5', '1708676438.0', '1.0', '4.0', '6', '-1.0', '-1.0', '6', '1800.0', '-1.0', '-1', '-1', '-1', '-1', '-1', '-1', '-1', '0']
  Insert job[2] 80.0
               
>>>>>>>>>>>>>>>>>>>>>>>>>>>>>>>>>>>>>>>>>>>>>
------------------------------
  Time: 70.0
   {'type': 1, 'time': 70.0, 'prio': 2, 'para': [1, 3]}
------------------------------
  Wait: []
  Run : []
------------------------------
  Tot:60 Idle:60 Avail:60 
------------------------------
[Submit]  3
[Start]  3
  Allocate[3] Req:8 Avail:52 
 [3] Req:8 Run:12.0 
   {'date': 70.0, 'time': 70.0, 'event': 'S', 'uti': 0.13333333333333333, 'waitNum': 0, 'waitSize': 0, 'inter': 10.0, 'extend': None}
['6', '1708676449.0', '0.0', '29.0', '4', '-1.0', '-1.0', '4', '1800.0', '-1.0', '-1', '-1', '-1', '-1', '-1', '-1', '-1', '0']
  Insert job[2] 91.0
               
>>>>>>>>>>>>>>>>>>>>>>>>>>>>>>>>>>>>>>>>>>>>>
------------------------------
  Time: 80.0
   {'type': 1, 'time': 80.0, 'prio': 2, 'para': [1, 4]}
------------------------------
  Wait: []
  Run : [3]
------------------------------
  Tot:60 Idle:52 Avail:52 
------------------------------
[Submit]  4
[Start]  4
  Allocate[4] Req:6 Avail:46 
 [4] Req:6 Run:4.0 
   {'date': 80.0, 'time': 80.0, 'event': 'S', 'uti': 0.23333333333333334, 'waitNum': 0, 'waitSize': 0, 'inter': 2.0, 'extend': None}
               
>>>>>>>>>>>>>>>>>>>>>>>>>>>>>>>>>>>>>>>>>>>>>
------------------------------
  Time: 82.0
   {'type': 1, 'time': 82.0, 'prio': 1, 'para': [2, 3]}
------------------------------
  Wait: []
  Run : [3, 4]
------------------------------
  Tot:60 Idle:46 Avail:46 
------------------------------
[Finish]  3
  Release[3] Req:8 Avail:54 
 [3] Req:8 Run:12.0 
   {'date': 82.0, 'time': 82.0, 'event': 'E', 'uti': 0.1, 'waitNum': 0, 'waitSize': 0, 'inter': 2.0, 'extend': None}
               
>>>>>>>>>>>>>>>>>>>>>>>>>>>>>>>>>>>>>>>>>>>>>
------------------------------
  Time: 84.0
   {'type': 1, 'time': 84.0, 'prio': 1, 'para': [2, 4]}
------------------------------
  Wait: []
  Run : [4]
------------------------------
  Tot:60 Idle:54 Avail:54 
------------------------------
[Finish]  4
  Release[4] Req:6 Avail:60 
 [4] Req:6 Run:4.0 
   {'date': 84.0, 'time': 84.0, 'event': 'E', 'uti': 0.0, 'waitNum': 0, 'waitSize': 0, 'inter': 7.0, 'extend': None}
['7', '1708676459.0', '0.0', '15.0', '6', '-1.0', '-1.0', '6', '5400.0', '-1.0', '-1', '-1', '-1', '-1', '-1', '-1', '-1', '0']
  Insert job[2] 101.0
               
>>>>>>>>>>>>>>>>>>>>>>>>>>>>>>>>>>>>>>>>>>>>>
------------------------------
  Time: 91.0
   {'type': 1, 'time': 91.0, 'prio': 2, 'para': [1, 5]}
------------------------------
  Wait: []
  Run : []
------------------------------
  Tot:60 Idle:60 Avail:60 
------------------------------
[Submit]  5
[Start]  5
  Allocate[5] Req:4 Avail:56 
 [5] Req:4 Run:29.0 
   {'date': 91.0, 'time': 91.0, 'event': 'S', 'uti': 0.06666666666666667, 'waitNum': 0, 'waitSize': 0, 'inter': 10.0, 'extend': None}
['8', '1708676499.0', '0.0', '5.0', '9', '-1.0', '-1.0', '9', '3600.0', '-1.0', '-1', '-1', '-1', '-1', '-1', '-1', '-1', '0']
  Insert job[2] 141.0
               
>>>>>>>>>>>>>>>>>>>>>>>>>>>>>>>>>>>>>>>>>>>>>
------------------------------
  Time: 101.0
   {'type': 1, 'time': 101.0, 'prio': 2, 'para': [1, 6]}
------------------------------
  Wait: []
  Run : [5]
------------------------------
  Tot:60 Idle:56 Avail:56 
------------------------------
[Submit]  6
[Start]  6
  Allocate[6] Req:6 Avail:50 
 [6] Req:6 Run:15.0 
   {'date': 101.0, 'time': 101.0, 'event': 'S', 'uti': 0.16666666666666666, 'waitNum': 0, 'waitSize': 0, 'inter': 15.0, 'extend': None}
               
>>>>>>>>>>>>>>>>>>>>>>>>>>>>>>>>>>>>>>>>>>>>>
------------------------------
  Time: 116.0
   {'type': 1, 'time': 116.0, 'prio': 1, 'para': [2, 6]}
------------------------------
  Wait: []
  Run : [5, 6]
------------------------------
  Tot:60 Idle:50 Avail:50 
------------------------------
[Finish]  6
  Release[6] Req:6 Avail:56 
 [6] Req:6 Run:15.0 
   {'date': 116.0, 'time': 116.0, 'event': 'E', 'uti': 0.06666666666666667, 'waitNum': 0, 'waitSize': 0, 'inter': 4.0, 'extend': None}
               
>>>>>>>>>>>>>>>>>>>>>>>>>>>>>>>>>>>>>>>>>>>>>
------------------------------
  Time: 120.0
   {'type': 1, 'time': 120.0, 'prio': 1, 'para': [2, 5]}
------------------------------
  Wait: []
  Run : [5]
------------------------------
  Tot:60 Idle:56 Avail:56 
------------------------------
[Finish]  5
  Release[5] Req:4 Avail:60 
 [5] Req:4 Run:29.0 
   {'date': 120.0, 'time': 120.0, 'event': 'E', 'uti': 0.0, 'waitNum': 0, 'waitSize': 0, 'inter': 21.0, 'extend': None}
['9', '1708676509.0', '0.0', '39.0', '15', '-1.0', '-1.0', '15', '3600.0', '-1.0', '-1', '-1', '-1', '-1', '-1', '-1', '-1', '0']
  Insert job[2] 151.0
               
>>>>>>>>>>>>>>>>>>>>>>>>>>>>>>>>>>>>>>>>>>>>>
------------------------------
  Time: 141.0
   {'type': 1, 'time': 141.0, 'prio': 2, 'para': [1, 7]}
------------------------------
  Wait: []
  Run : []
------------------------------
  Tot:60 Idle:60 Avail:60 
------------------------------
[Submit]  7
[Start]  7
  Allocate[7] Req:9 Avail:51 
 [7] Req:9 Run:5.0 
   {'date': 141.0, 'time': 141.0, 'event': 'S', 'uti': 0.15, 'waitNum': 0, 'waitSize': 0, 'inter': 5.0, 'extend': None}
               
>>>>>>>>>>>>>>>>>>>>>>>>>>>>>>>>>>>>>>>>>>>>>
------------------------------
  Time: 146.0
   {'type': 1, 'time': 146.0, 'prio': 1, 'para': [2, 7]}
------------------------------
  Wait: []
  Run : [7]
------------------------------
  Tot:60 Idle:51 Avail:51 
------------------------------
[Finish]  7
  Release[7] Req:9 Avail:60 
 [7] Req:9 Run:5.0 
   {'date': 146.0, 'time': 146.0, 'event': 'E', 'uti': 0.0, 'waitNum': 0, 'waitSize': 0, 'inter': 5.0, 'extend': None}
['10', '1708676519.0', '0.0', '36.0', '18', '-1.0', '-1.0', '18', '3600.0', '-1.0', '-1', '-1', '-1', '-1', '-1', '-1', '-1', '0']
  Insert job[2] 161.0
               
>>>>>>>>>>>>>>>>>>>>>>>>>>>>>>>>>>>>>>>>>>>>>
------------------------------
  Time: 151.0
   {'type': 1, 'time': 151.0, 'prio': 2, 'para': [1, 8]}
------------------------------
  Wait: []
  Run : []
------------------------------
  Tot:60 Idle:60 Avail:60 
------------------------------
[Submit]  8
[Start]  8
  Allocate[8] Req:15 Avail:45 
 [8] Req:15 Run:39.0 
   {'date': 151.0, 'time': 151.0, 'event': 'S', 'uti': 0.25, 'waitNum': 0, 'waitSize': 0, 'inter': 10.0, 'extend': None}
['11', '1708676579.0', '0.0', '5.0', '5', '-1.0', '-1.0', '5', '3600.0', '-1.0', '-1', '-1', '-1', '-1', '-1', '-1', '-1', '0']
  Insert job[2] 221.0
               
>>>>>>>>>>>>>>>>>>>>>>>>>>>>>>>>>>>>>>>>>>>>>
------------------------------
  Time: 161.0
   {'type': 1, 'time': 161.0, 'prio': 2, 'para': [1, 9]}
------------------------------
  Wait: []
  Run : [8]
------------------------------
  Tot:60 Idle:45 Avail:45 
------------------------------
[Submit]  9
[Start]  9
  Allocate[9] Req:18 Avail:27 
 [9] Req:18 Run:36.0 
   {'date': 161.0, 'time': 161.0, 'event': 'S', 'uti': 0.55, 'waitNum': 0, 'waitSize': 0, 'inter': 29.0, 'extend': None}
               
>>>>>>>>>>>>>>>>>>>>>>>>>>>>>>>>>>>>>>>>>>>>>
------------------------------
  Time: 190.0
   {'type': 1, 'time': 190.0, 'prio': 1, 'para': [2, 8]}
------------------------------
  Wait: []
  Run : [8, 9]
------------------------------
  Tot:60 Idle:27 Avail:27 
------------------------------
[Finish]  8
  Release[8] Req:15 Avail:42 
 [8] Req:15 Run:39.0 
   {'date': 190.0, 'time': 190.0, 'event': 'E', 'uti': 0.3, 'waitNum': 0, 'waitSize': 0, 'inter': 7.0, 'extend': None}
               
>>>>>>>>>>>>>>>>>>>>>>>>>>>>>>>>>>>>>>>>>>>>>
------------------------------
  Time: 197.0
   {'type': 1, 'time': 197.0, 'prio': 1, 'para': [2, 9]}
------------------------------
  Wait: []
  Run : [9]
------------------------------
  Tot:60 Idle:42 Avail:42 
------------------------------
[Finish]  9
  Release[9] Req:18 Avail:60 
 [9] Req:18 Run:36.0 
   {'date': 197.0, 'time': 197.0, 'event': 'E', 'uti': 0.0, 'waitNum': 0, 'waitSize': 0, 'inter': 24.0, 'extend': None}
               
>>>>>>>>>>>>>>>>>>>>>>>>>>>>>>>>>>>>>>>>>>>>>
------------------------------
  Time: 221.0
   {'type': 1, 'time': 221.0, 'prio': 2, 'para': [1, 10]}
------------------------------
  Wait: []
  Run : []
------------------------------
  Tot:60 Idle:60 Avail:60 
------------------------------
[Submit]  10
[Start]  10
  Allocate[10] Req:5 Avail:55 
 [10] Req:5 Run:5.0 
   {'date': 221.0, 'time': 221.0, 'event': 'S', 'uti': 0.08333333333333333, 'waitNum': 0, 'waitSize': 0, 'inter': 5.0, 'extend': None}
               
>>>>>>>>>>>>>>>>>>>>>>>>>>>>>>>>>>>>>>>>>>>>>
------------------------------
  Time: 226.0
   {'type': 1, 'time': 226.0, 'prio': 1, 'para': [2, 10]}
------------------------------
  Wait: []
  Run : [10]
------------------------------
  Tot:60 Idle:55 Avail:55 
------------------------------
[Finish]  10
  Release[10] Req:5 Avail:60 
 [10] Req:5 Run:5.0 
   {'date': 226.0, 'time': 226.0, 'event': 'E', 'uti': 0.0, 'waitNum': 0, 'waitSize': 0, 'inter': 0, 'extend': None}
===============
===============
               
------ Simulating Done!
