               
###############
# Filter Job
###############
               
###############
# Filter Node
###############
               
###############
# Job Trace
###############
---------------
---------------
date: 
start_offset: 0.0
---------------
               
###############
# Node Structure
###############
  node[0]: ['1', '[1]', '1', '-1', '1']
  node[1]: ['2', '[1]', '1', '-1', '1']
  node[2]: ['3', '[1]', '1', '-1', '1']
  node[3]: ['4', '[1]', '1', '-1', '1']
  node[4]: ['5', '[1]', '1', '-1', '1']
  node[5]: ['6', '[1]', '1', '-1', '1']
  node[6]: ['7', '[1]', '1', '-1', '1']
  node[7]: ['8', '[1]', '1', '-1', '1']
  node[8]: ['9', '[1]', '1', '-1', '1']
  node[9]: ['10', '[1]', '1', '-1', '1']
  node[10]: ['11', '[1]', '1', '-1', '1']
  node[11]: ['12', '[1]', '1', '-1', '1']
  node[12]: ['13', '[1]', '1', '-1', '1']
  node[13]: ['14', '[1]', '1', '-1', '1']
  node[14]: ['15', '[1]', '1', '-1', '1']
  node[15]: ['16', '[1]', '1', '-1', '1']
  node[16]: ['17', '[1]', '1', '-1', '1']
  node[17]: ['18', '[1]', '1', '-1', '1']
  node[18]: ['19', '[1]', '1', '-1', '1']
  node[19]: ['20', '[1]', '1', '-1', '1']
  node[20]: ['21', '[1]', '1', '-1', '1']
  node[21]: ['22', '[1]', '1', '-1', '1']
  node[22]: ['23', '[1]', '1', '-1', '1']
  node[23]: ['24', '[1]', '1', '-1', '1']
  node[24]: ['25', '[1]', '1', '-1', '1']
  node[25]: ['26', '[1]', '1', '-1', '1']
  node[26]: ['27', '[1]', '1', '-1', '1']
  node[27]: ['28', '[1]', '1', '-1', '1']
  node[28]: ['29', '[1]', '1', '-1', '1']
  node[29]: ['30', '[1]', '1', '-1', '1']
  node[30]: ['31', '[1]', '1', '-1', '1']
  node[31]: ['32', '[1]', '1', '-1', '1']
  node[32]: ['33', '[1]', '1', '-1', '1']
  node[33]: ['34', '[1]', '1', '-1', '1']
  node[34]: ['35', '[1]', '1', '-1', '1']
  node[35]: ['36', '[1]', '1', '-1', '1']
  node[36]: ['37', '[1]', '1', '-1', '1']
  node[37]: ['38', '[1]', '1', '-1', '1']
  node[38]: ['39', '[1]', '1', '-1', '1']
  node[39]: ['40', '[1]', '1', '-1', '1']
  node[40]: ['41', '[1]', '1', '-1', '1']
  node[41]: ['42', '[1]', '1', '-1', '1']
  node[42]: ['43', '[1]', '1', '-1', '1']
  node[43]: ['44', '[1]', '1', '-1', '1']
  node[44]: ['45', '[1]', '1', '-1', '1']
  node[45]: ['46', '[1]', '1', '-1', '1']
  node[46]: ['47', '[1]', '1', '-1', '1']
  node[47]: ['48', '[1]', '1', '-1', '1']
  node[48]: ['49', '[1]', '1', '-1', '1']
  node[49]: ['50', '[1]', '1', '-1', '1']
  node[50]: ['51', '[1]', '1', '-1', '1']
  node[51]: ['52', '[1]', '1', '-1', '1']
  node[52]: ['53', '[1]', '1', '-1', '1']
  node[53]: ['54', '[1]', '1', '-1', '1']
  node[54]: ['55', '[1]', '1', '-1', '1']
  node[55]: ['56', '[1]', '1', '-1', '1']
  node[56]: ['57', '[1]', '1', '-1', '1']
  node[57]: ['58', '[1]', '1', '-1', '1']
  node[58]: ['59', '[1]', '1', '-1', '1']
  node[59]: ['60', '[1]', '1', '-1', '1']
  Tot:60 Idle:60 Avail:60 
---------------
MaxNodes: 15
MaxProcs: 60
---------------
               
###############
# Backfill
###############
               
###############
# Start Window
###############
               
###############
# Basic Algorithm
###############
               
###############
# Info Collect
###############
               
###############
# Cqsim Sim
###############
---------------
Job Trace ................... Load
---------------
Node Structure ................... Load
---------------
Backfill ................... Load
---------------
Start Window ................... Load
---------------
Basic Algorithm ................... Load
---------------
Info Collect ................... Load
---------------
Output_log ................... Load
---------------
['1', '1708676358.0', '0.0', '4.0', '5', '-1.0', '-1.0', '5', '5400.0', '-1.0', '-1', '-1', '-1', '-1', '-1', '-1', '-1', '0']
  Insert job[2] 0.0
               
===============
===============
['3', '1708676378.0', '0.0', '3.0', '10', '-1.0', '-1.0', '10', '5400.0', '-1.0', '-1', '-1', '-1', '-1', '-1', '-1', '-1', '0']
  Insert job[2] 20.0
               
>>>>>>>>>>>>>>>>>>>>>>>>>>>>>>>>>>>>>>>>>>>>>
------------------------------
  Time: 0.0
   {'type': 1, 'time': 0.0, 'prio': 2, 'para': [1, 0]}
------------------------------
  Wait: []
  Run : []
------------------------------
  Tot:60 Idle:60 Avail:60 
------------------------------
[Submit]  0
[Start]  0
  Allocate[0] Req:5 Avail:55 
 [0] Req:5 Run:4.0 
  Insert mon[5] 0
   {'date': 0.0, 'time': 0.0, 'event': 'S', 'uti': 0.08333333333333333, 'waitNum': 0, 'waitSize': 0, 'inter': 0.0, 'extend': None}
   {'date': 0, 'time': 0, 'event': 'Q', 'uti': 0.08333333333333333, 'waitNum': 0, 'waitSize': 0, 'inter': 4.0, 'extend': None}
               
>>>>>>>>>>>>>>>>>>>>>>>>>>>>>>>>>>>>>>>>>>>>>
------------------------------
  Time: 4.0
   {'type': 1, 'time': 4.0, 'prio': 1, 'para': [2, 0]}
------------------------------
  Wait: []
  Run : [0]
------------------------------
  Tot:60 Idle:55 Avail:55 
------------------------------
[Finish]  0
  Release[0] Req:5 Avail:60 
 [0] Req:5 Run:4.0 
   {'date': 4.0, 'time': 4.0, 'event': 'E', 'uti': 0.0, 'waitNum': 0, 'waitSize': 0, 'inter': 16.0, 'extend': None}
['4', '1708676388.0', '0.0', '227.0', '12', '-1.0', '-1.0', '12', '1800.0', '-1.0', '-1', '-1', '-1', '-1', '-1', '-1', '-1', '0']
  Insert job[2] 30.0
               
>>>>>>>>>>>>>>>>>>>>>>>>>>>>>>>>>>>>>>>>>>>>>
------------------------------
  Time: 20.0
   {'type': 1, 'time': 20.0, 'prio': 2, 'para': [1, 1]}
------------------------------
  Wait: []
  Run : []
------------------------------
  Tot:60 Idle:60 Avail:60 
------------------------------
[Submit]  1
[Start]  1
  Allocate[1] Req:10 Avail:50 
 [1] Req:10 Run:3.0 
   {'date': 20.0, 'time': 20.0, 'event': 'S', 'uti': 0.16666666666666666, 'waitNum': 0, 'waitSize': 0, 'inter': 3.0, 'extend': None}
               
>>>>>>>>>>>>>>>>>>>>>>>>>>>>>>>>>>>>>>>>>>>>>
------------------------------
  Time: 23.0
   {'type': 1, 'time': 23.0, 'prio': 1, 'para': [2, 1]}
------------------------------
  Wait: []
  Run : [1]
------------------------------
  Tot:60 Idle:50 Avail:50 
------------------------------
[Finish]  1
  Release[1] Req:10 Avail:60 
 [1] Req:10 Run:3.0 
   {'date': 23.0, 'time': 23.0, 'event': 'E', 'uti': 0.0, 'waitNum': 0, 'waitSize': 0, 'inter': 7.0, 'extend': None}
['7', '1708676418.0', '0.0', '4.0', '5', '-1.0', '-1.0', '5', '5400.0', '-1.0', '-1', '-1', '-1', '-1', '-1', '-1', '-1', '0']
  Insert job[2] 60.0
               
>>>>>>>>>>>>>>>>>>>>>>>>>>>>>>>>>>>>>>>>>>>>>
------------------------------
  Time: 30.0
   {'type': 1, 'time': 30.0, 'prio': 2, 'para': [1, 2]}
------------------------------
  Wait: []
  Run : []
------------------------------
  Tot:60 Idle:60 Avail:60 
------------------------------
[Submit]  2
[Start]  2
  Allocate[2] Req:12 Avail:48 
 [2] Req:12 Run:227.0 
   {'date': 30.0, 'time': 30.0, 'event': 'S', 'uti': 0.2, 'waitNum': 0, 'waitSize': 0, 'inter': 30.0, 'extend': None}
['8', '1708676428.0', '0.0', '12.0', '8', '-1.0', '-1.0', '8', '5400.0', '-1.0', '-1', '-1', '-1', '-1', '-1', '-1', '-1', '0']
  Insert job[2] 70.0
               
>>>>>>>>>>>>>>>>>>>>>>>>>>>>>>>>>>>>>>>>>>>>>
------------------------------
  Time: 60.0
   {'type': 1, 'time': 60.0, 'prio': 2, 'para': [1, 3]}
------------------------------
  Wait: []
  Run : [2]
------------------------------
  Tot:60 Idle:48 Avail:48 
------------------------------
[Submit]  3
[Start]  3
  Allocate[3] Req:5 Avail:43 
 [3] Req:5 Run:4.0 
   {'date': 60.0, 'time': 60.0, 'event': 'S', 'uti': 0.2833333333333333, 'waitNum': 0, 'waitSize': 0, 'inter': 4.0, 'extend': None}
               
>>>>>>>>>>>>>>>>>>>>>>>>>>>>>>>>>>>>>>>>>>>>>
------------------------------
  Time: 64.0
   {'type': 1, 'time': 64.0, 'prio': 1, 'para': [2, 3]}
------------------------------
  Wait: []
  Run : [2, 3]
------------------------------
  Tot:60 Idle:43 Avail:43 
------------------------------
[Finish]  3
  Release[3] Req:5 Avail:48 
 [3] Req:5 Run:4.0 
   {'date': 64.0, 'time': 64.0, 'event': 'E', 'uti': 0.2, 'waitNum': 0, 'waitSize': 0, 'inter': 6.0, 'extend': None}
['9', '1708676438.0', '1.0', '4.0', '6', '-1.0', '-1.0', '6', '1800.0', '-1.0', '-1', '-1', '-1', '-1', '-1', '-1', '-1', '0']
  Insert job[2] 80.0
               
>>>>>>>>>>>>>>>>>>>>>>>>>>>>>>>>>>>>>>>>>>>>>
------------------------------
  Time: 70.0
   {'type': 1, 'time': 70.0, 'prio': 2, 'para': [1, 4]}
------------------------------
  Wait: []
  Run : [2]
------------------------------
  Tot:60 Idle:48 Avail:48 
------------------------------
[Submit]  4
[Start]  4
  Allocate[4] Req:8 Avail:40 
 [4] Req:8 Run:12.0 
   {'date': 70.0, 'time': 70.0, 'event': 'S', 'uti': 0.3333333333333333, 'waitNum': 0, 'waitSize': 0, 'inter': 10.0, 'extend': None}
['10', '1708676449.0', '0.0', '29.0', '4', '-1.0', '-1.0', '4', '1800.0', '-1.0', '-1', '-1', '-1', '-1', '-1', '-1', '-1', '0']
  Insert job[2] 91.0
               
>>>>>>>>>>>>>>>>>>>>>>>>>>>>>>>>>>>>>>>>>>>>>
------------------------------
  Time: 80.0
   {'type': 1, 'time': 80.0, 'prio': 2, 'para': [1, 5]}
------------------------------
  Wait: []
  Run : [2, 4]
------------------------------
  Tot:60 Idle:40 Avail:40 
------------------------------
[Submit]  5
[Start]  5
  Allocate[5] Req:6 Avail:34 
 [5] Req:6 Run:4.0 
   {'date': 80.0, 'time': 80.0, 'event': 'S', 'uti': 0.43333333333333335, 'waitNum': 0, 'waitSize': 0, 'inter': 2.0, 'extend': None}
               
>>>>>>>>>>>>>>>>>>>>>>>>>>>>>>>>>>>>>>>>>>>>>
------------------------------
  Time: 82.0
   {'type': 1, 'time': 82.0, 'prio': 1, 'para': [2, 4]}
------------------------------
  Wait: []
  Run : [2, 4, 5]
------------------------------
  Tot:60 Idle:34 Avail:34 
------------------------------
[Finish]  4
  Release[4] Req:8 Avail:42 
 [4] Req:8 Run:12.0 
   {'date': 82.0, 'time': 82.0, 'event': 'E', 'uti': 0.3, 'waitNum': 0, 'waitSize': 0, 'inter': 2.0, 'extend': None}
               
>>>>>>>>>>>>>>>>>>>>>>>>>>>>>>>>>>>>>>>>>>>>>
------------------------------
  Time: 84.0
   {'type': 1, 'time': 84.0, 'prio': 1, 'para': [2, 5]}
------------------------------
  Wait: []
  Run : [2, 5]
------------------------------
  Tot:60 Idle:42 Avail:42 
------------------------------
[Finish]  5
  Release[5] Req:6 Avail:48 
 [5] Req:6 Run:4.0 
   {'date': 84.0, 'time': 84.0, 'event': 'E', 'uti': 0.2, 'waitNum': 0, 'waitSize': 0, 'inter': 7.0, 'extend': None}
['11', '1708676459.0', '0.0', '15.0', '6', '-1.0', '-1.0', '6', '5400.0', '-1.0', '-1', '-1', '-1', '-1', '-1', '-1', '-1', '0']
  Insert job[2] 101.0
               
>>>>>>>>>>>>>>>>>>>>>>>>>>>>>>>>>>>>>>>>>>>>>
------------------------------
  Time: 91.0
   {'type': 1, 'time': 91.0, 'prio': 2, 'para': [1, 6]}
------------------------------
  Wait: []
  Run : [2]
------------------------------
  Tot:60 Idle:48 Avail:48 
------------------------------
[Submit]  6
[Start]  6
  Allocate[6] Req:4 Avail:44 
 [6] Req:4 Run:29.0 
   {'date': 91.0, 'time': 91.0, 'event': 'S', 'uti': 0.26666666666666666, 'waitNum': 0, 'waitSize': 0, 'inter': 10.0, 'extend': None}
['12', '1708676469.0', '128.0', '52.0', '2', '-1.0', '-1.0', '2', '1800.0', '-1.0', '-1', '-1', '-1', '-1', '-1', '-1', '-1', '0']
  Insert job[2] 111.0
               
>>>>>>>>>>>>>>>>>>>>>>>>>>>>>>>>>>>>>>>>>>>>>
------------------------------
  Time: 101.0
   {'type': 1, 'time': 101.0, 'prio': 2, 'para': [1, 7]}
------------------------------
  Wait: []
  Run : [2, 6]
------------------------------
  Tot:60 Idle:44 Avail:44 
------------------------------
[Submit]  7
[Start]  7
  Allocate[7] Req:6 Avail:38 
 [7] Req:6 Run:15.0 
   {'date': 101.0, 'time': 101.0, 'event': 'S', 'uti': 0.36666666666666664, 'waitNum': 0, 'waitSize': 0, 'inter': 10.0, 'extend': None}
['13', '1708676479.0', '0.0', '262.0', '2', '-1.0', '-1.0', '2', '5400.0', '-1.0', '-1', '-1', '-1', '-1', '-1', '-1', '-1', '0']
  Insert job[2] 121.0
               
>>>>>>>>>>>>>>>>>>>>>>>>>>>>>>>>>>>>>>>>>>>>>
------------------------------
  Time: 111.0
   {'type': 1, 'time': 111.0, 'prio': 2, 'para': [1, 8]}
------------------------------
  Wait: []
  Run : [2, 6, 7]
------------------------------
  Tot:60 Idle:38 Avail:38 
------------------------------
[Submit]  8
[Start]  8
  Allocate[8] Req:2 Avail:36 
 [8] Req:2 Run:52.0 
   {'date': 111.0, 'time': 111.0, 'event': 'S', 'uti': 0.4, 'waitNum': 0, 'waitSize': 0, 'inter': 5.0, 'extend': None}
               
>>>>>>>>>>>>>>>>>>>>>>>>>>>>>>>>>>>>>>>>>>>>>
------------------------------
  Time: 116.0
   {'type': 1, 'time': 116.0, 'prio': 1, 'para': [2, 7]}
------------------------------
  Wait: []
  Run : [2, 6, 7, 8]
------------------------------
  Tot:60 Idle:36 Avail:36 
------------------------------
[Finish]  7
  Release[7] Req:6 Avail:42 
 [7] Req:6 Run:15.0 
   {'date': 116.0, 'time': 116.0, 'event': 'E', 'uti': 0.3, 'waitNum': 0, 'waitSize': 0, 'inter': 4.0, 'extend': None}
               
>>>>>>>>>>>>>>>>>>>>>>>>>>>>>>>>>>>>>>>>>>>>>
------------------------------
  Time: 120.0
   {'type': 1, 'time': 120.0, 'prio': 1, 'para': [2, 6]}
------------------------------
  Wait: []
  Run : [2, 6, 8]
------------------------------
  Tot:60 Idle:42 Avail:42 
------------------------------
[Finish]  6
  Release[6] Req:4 Avail:46 
 [6] Req:4 Run:29.0 
   {'date': 120.0, 'time': 120.0, 'event': 'E', 'uti': 0.23333333333333334, 'waitNum': 0, 'waitSize': 0, 'inter': 1.0, 'extend': None}
['15', '1708676499.0', '0.0', '5.0', '9', '-1.0', '-1.0', '9', '3600.0', '-1.0', '-1', '-1', '-1', '-1', '-1', '-1', '-1', '0']
  Insert job[2] 141.0
               
>>>>>>>>>>>>>>>>>>>>>>>>>>>>>>>>>>>>>>>>>>>>>
------------------------------
  Time: 121.0
   {'type': 1, 'time': 121.0, 'prio': 2, 'para': [1, 9]}
------------------------------
  Wait: []
  Run : [2, 8]
------------------------------
  Tot:60 Idle:46 Avail:46 
------------------------------
[Submit]  9
[Start]  9
  Allocate[9] Req:2 Avail:44 
 [9] Req:2 Run:262.0 
   {'date': 121.0, 'time': 121.0, 'event': 'S', 'uti': 0.26666666666666666, 'waitNum': 0, 'waitSize': 0, 'inter': 20.0, 'extend': None}
['16', '1708676509.0', '0.0', '39.0', '15', '-1.0', '-1.0', '15', '3600.0', '-1.0', '-1', '-1', '-1', '-1', '-1', '-1', '-1', '0']
  Insert job[2] 151.0
               
>>>>>>>>>>>>>>>>>>>>>>>>>>>>>>>>>>>>>>>>>>>>>
------------------------------
  Time: 141.0
   {'type': 1, 'time': 141.0, 'prio': 2, 'para': [1, 10]}
------------------------------
  Wait: []
  Run : [2, 8, 9]
------------------------------
  Tot:60 Idle:44 Avail:44 
------------------------------
[Submit]  10
[Start]  10
  Allocate[10] Req:9 Avail:35 
 [10] Req:9 Run:5.0 
   {'date': 141.0, 'time': 141.0, 'event': 'S', 'uti': 0.4166666666666667, 'waitNum': 0, 'waitSize': 0, 'inter': 5.0, 'extend': None}
               
>>>>>>>>>>>>>>>>>>>>>>>>>>>>>>>>>>>>>>>>>>>>>
------------------------------
  Time: 146.0
   {'type': 1, 'time': 146.0, 'prio': 1, 'para': [2, 10]}
------------------------------
  Wait: []
  Run : [2, 8, 9, 10]
------------------------------
  Tot:60 Idle:35 Avail:35 
------------------------------
[Finish]  10
  Release[10] Req:9 Avail:44 
 [10] Req:9 Run:5.0 
   {'date': 146.0, 'time': 146.0, 'event': 'E', 'uti': 0.26666666666666666, 'waitNum': 0, 'waitSize': 0, 'inter': 5.0, 'extend': None}
['17', '1708676519.0', '0.0', '36.0', '18', '-1.0', '-1.0', '18', '3600.0', '-1.0', '-1', '-1', '-1', '-1', '-1', '-1', '-1', '0']
  Insert job[2] 161.0
               
>>>>>>>>>>>>>>>>>>>>>>>>>>>>>>>>>>>>>>>>>>>>>
------------------------------
  Time: 151.0
   {'type': 1, 'time': 151.0, 'prio': 2, 'para': [1, 11]}
------------------------------
  Wait: []
  Run : [2, 8, 9]
------------------------------
  Tot:60 Idle:44 Avail:44 
------------------------------
[Submit]  11
[Start]  11
  Allocate[11] Req:15 Avail:29 
 [11] Req:15 Run:39.0 
   {'date': 151.0, 'time': 151.0, 'event': 'S', 'uti': 0.5166666666666667, 'waitNum': 0, 'waitSize': 0, 'inter': 10.0, 'extend': None}
['23', '1708676579.0', '0.0', '5.0', '5', '-1.0', '-1.0', '5', '3600.0', '-1.0', '-1', '-1', '-1', '-1', '-1', '-1', '-1', '0']
  Insert job[2] 221.0
               
>>>>>>>>>>>>>>>>>>>>>>>>>>>>>>>>>>>>>>>>>>>>>
------------------------------
  Time: 161.0
   {'type': 1, 'time': 161.0, 'prio': 2, 'para': [1, 12]}
------------------------------
  Wait: []
  Run : [2, 8, 9, 11]
------------------------------
  Tot:60 Idle:29 Avail:29 
------------------------------
[Submit]  12
[Start]  12
  Allocate[12] Req:18 Avail:11 
 [12] Req:18 Run:36.0 
   {'date': 161.0, 'time': 161.0, 'event': 'S', 'uti': 0.8166666666666667, 'waitNum': 0, 'waitSize': 0, 'inter': 2.0, 'extend': None}
               
>>>>>>>>>>>>>>>>>>>>>>>>>>>>>>>>>>>>>>>>>>>>>
------------------------------
  Time: 163.0
   {'type': 1, 'time': 163.0, 'prio': 1, 'para': [2, 8]}
------------------------------
  Wait: []
  Run : [2, 8, 9, 11, 12]
------------------------------
  Tot:60 Idle:11 Avail:11 
------------------------------
[Finish]  8
  Release[8] Req:2 Avail:13 
 [8] Req:2 Run:52.0 
   {'date': 163.0, 'time': 163.0, 'event': 'E', 'uti': 0.7833333333333333, 'waitNum': 0, 'waitSize': 0, 'inter': 27.0, 'extend': None}
               
>>>>>>>>>>>>>>>>>>>>>>>>>>>>>>>>>>>>>>>>>>>>>
------------------------------
  Time: 190.0
   {'type': 1, 'time': 190.0, 'prio': 1, 'para': [2, 11]}
------------------------------
  Wait: []
  Run : [2, 9, 11, 12]
------------------------------
  Tot:60 Idle:13 Avail:13 
------------------------------
[Finish]  11
  Release[11] Req:15 Avail:28 
 [11] Req:15 Run:39.0 
   {'date': 190.0, 'time': 190.0, 'event': 'E', 'uti': 0.5333333333333333, 'waitNum': 0, 'waitSize': 0, 'inter': 7.0, 'extend': None}
               
>>>>>>>>>>>>>>>>>>>>>>>>>>>>>>>>>>>>>>>>>>>>>
------------------------------
  Time: 197.0
   {'type': 1, 'time': 197.0, 'prio': 1, 'para': [2, 12]}
------------------------------
  Wait: []
  Run : [2, 9, 12]
------------------------------
  Tot:60 Idle:28 Avail:28 
------------------------------
[Finish]  12
  Release[12] Req:18 Avail:46 
 [12] Req:18 Run:36.0 
   {'date': 197.0, 'time': 197.0, 'event': 'E', 'uti': 0.23333333333333334, 'waitNum': 0, 'waitSize': 0, 'inter': 24.0, 'extend': None}
['25', '1708676599.0', '0.0', '131.0', '1', '-1.0', '-1.0', '1', '1800.0', '-1.0', '-1', '-1', '-1', '-1', '-1', '-1', '-1', '0']
  Insert job[2] 241.0
               
>>>>>>>>>>>>>>>>>>>>>>>>>>>>>>>>>>>>>>>>>>>>>
------------------------------
  Time: 221.0
   {'type': 1, 'time': 221.0, 'prio': 2, 'para': [1, 13]}
------------------------------
  Wait: []
  Run : [2, 9]
------------------------------
  Tot:60 Idle:46 Avail:46 
------------------------------
[Submit]  13
[Start]  13
  Allocate[13] Req:5 Avail:41 
 [13] Req:5 Run:5.0 
   {'date': 221.0, 'time': 221.0, 'event': 'S', 'uti': 0.31666666666666665, 'waitNum': 0, 'waitSize': 0, 'inter': 5.0, 'extend': None}
               
>>>>>>>>>>>>>>>>>>>>>>>>>>>>>>>>>>>>>>>>>>>>>
------------------------------
  Time: 226.0
   {'type': 1, 'time': 226.0, 'prio': 1, 'para': [2, 13]}
------------------------------
  Wait: []
  Run : [2, 9, 13]
------------------------------
  Tot:60 Idle:41 Avail:41 
------------------------------
[Finish]  13
  Release[13] Req:5 Avail:46 
 [13] Req:5 Run:5.0 
   {'date': 226.0, 'time': 226.0, 'event': 'E', 'uti': 0.23333333333333334, 'waitNum': 0, 'waitSize': 0, 'inter': 15.0, 'extend': None}
['26', '1708676609.0', '0.0', '3.0', '2', '-1.0', '-1.0', '2', '1800.0', '-1.0', '-1', '-1', '-1', '-1', '-1', '-1', '-1', '0']
  Insert job[2] 251.0
               
>>>>>>>>>>>>>>>>>>>>>>>>>>>>>>>>>>>>>>>>>>>>>
------------------------------
  Time: 241.0
   {'type': 1, 'time': 241.0, 'prio': 2, 'para': [1, 14]}
------------------------------
  Wait: []
  Run : [2, 9]
------------------------------
  Tot:60 Idle:46 Avail:46 
------------------------------
[Submit]  14
[Start]  14
  Allocate[14] Req:1 Avail:45 
 [14] Req:1 Run:131.0 
   {'date': 241.0, 'time': 241.0, 'event': 'S', 'uti': 0.25, 'waitNum': 0, 'waitSize': 0, 'inter': 10.0, 'extend': None}
['27', '1708676619.0', '0.0', '131.0', '8', '-1.0', '-1.0', '8', '3600.0', '-1.0', '-1', '-1', '-1', '-1', '-1', '-1', '-1', '0']
  Insert job[2] 261.0
               
>>>>>>>>>>>>>>>>>>>>>>>>>>>>>>>>>>>>>>>>>>>>>
------------------------------
  Time: 251.0
   {'type': 1, 'time': 251.0, 'prio': 2, 'para': [1, 15]}
------------------------------
  Wait: []
  Run : [2, 9, 14]
------------------------------
  Tot:60 Idle:45 Avail:45 
------------------------------
[Submit]  15
[Start]  15
  Allocate[15] Req:2 Avail:43 
 [15] Req:2 Run:3.0 
   {'date': 251.0, 'time': 251.0, 'event': 'S', 'uti': 0.2833333333333333, 'waitNum': 0, 'waitSize': 0, 'inter': 3.0, 'extend': None}
               
>>>>>>>>>>>>>>>>>>>>>>>>>>>>>>>>>>>>>>>>>>>>>
------------------------------
  Time: 254.0
   {'type': 1, 'time': 254.0, 'prio': 1, 'para': [2, 15]}
------------------------------
  Wait: []
  Run : [2, 9, 14, 15]
------------------------------
  Tot:60 Idle:43 Avail:43 
------------------------------
[Finish]  15
  Release[15] Req:2 Avail:45 
 [15] Req:2 Run:3.0 
   {'date': 254.0, 'time': 254.0, 'event': 'E', 'uti': 0.25, 'waitNum': 0, 'waitSize': 0, 'inter': 3.0, 'extend': None}
               
>>>>>>>>>>>>>>>>>>>>>>>>>>>>>>>>>>>>>>>>>>>>>
------------------------------
  Time: 257.0
   {'type': 1, 'time': 257.0, 'prio': 1, 'para': [2, 2]}
------------------------------
  Wait: []
  Run : [2, 9, 14]
------------------------------
  Tot:60 Idle:45 Avail:45 
------------------------------
[Finish]  2
  Release[2] Req:12 Avail:57 
 [2] Req:12 Run:227.0 
   {'date': 257.0, 'time': 257.0, 'event': 'E', 'uti': 0.05, 'waitNum': 0, 'waitSize': 0, 'inter': 4.0, 'extend': None}
['29', '1708676639.0', '0.0', '22.0', '9', '-1.0', '-1.0', '9', '1800.0', '-1.0', '-1', '-1', '-1', '-1', '-1', '-1', '-1', '0']
  Insert job[2] 281.0
               
>>>>>>>>>>>>>>>>>>>>>>>>>>>>>>>>>>>>>>>>>>>>>
------------------------------
  Time: 261.0
   {'type': 1, 'time': 261.0, 'prio': 2, 'para': [1, 16]}
------------------------------
  Wait: []
  Run : [9, 14]
------------------------------
  Tot:60 Idle:57 Avail:57 
------------------------------
[Submit]  16
[Start]  16
  Allocate[16] Req:8 Avail:49 
 [16] Req:8 Run:131.0 
   {'date': 261.0, 'time': 261.0, 'event': 'S', 'uti': 0.18333333333333332, 'waitNum': 0, 'waitSize': 0, 'inter': 20.0, 'extend': None}
['31', '1708676659.0', '0.0', '8.0', '6', '-1.0', '-1.0', '6', '1800.0', '-1.0', '-1', '-1', '-1', '-1', '-1', '-1', '-1', '0']
  Insert job[2] 301.0
               
>>>>>>>>>>>>>>>>>>>>>>>>>>>>>>>>>>>>>>>>>>>>>
------------------------------
  Time: 281.0
   {'type': 1, 'time': 281.0, 'prio': 2, 'para': [1, 17]}
------------------------------
  Wait: []
  Run : [9, 14, 16]
------------------------------
  Tot:60 Idle:49 Avail:49 
------------------------------
[Submit]  17
[Start]  17
  Allocate[17] Req:9 Avail:40 
 [17] Req:9 Run:22.0 
   {'date': 281.0, 'time': 281.0, 'event': 'S', 'uti': 0.3333333333333333, 'waitNum': 0, 'waitSize': 0, 'inter': 20.0, 'extend': None}
['32', '1708676669.0', '0.0', '59.0', '12', '-1.0', '-1.0', '12', '3600.0', '-1.0', '-1', '-1', '-1', '-1', '-1', '-1', '-1', '0']
  Insert job[2] 311.0
               
>>>>>>>>>>>>>>>>>>>>>>>>>>>>>>>>>>>>>>>>>>>>>
------------------------------
  Time: 301.0
   {'type': 1, 'time': 301.0, 'prio': 2, 'para': [1, 18]}
------------------------------
  Wait: []
  Run : [9, 14, 16, 17]
------------------------------
  Tot:60 Idle:40 Avail:40 
------------------------------
[Submit]  18
[Start]  18
  Allocate[18] Req:6 Avail:34 
 [18] Req:6 Run:8.0 
   {'date': 301.0, 'time': 301.0, 'event': 'S', 'uti': 0.43333333333333335, 'waitNum': 0, 'waitSize': 0, 'inter': 2.0, 'extend': None}
               
>>>>>>>>>>>>>>>>>>>>>>>>>>>>>>>>>>>>>>>>>>>>>
------------------------------
  Time: 303.0
   {'type': 1, 'time': 303.0, 'prio': 1, 'para': [2, 17]}
------------------------------
  Wait: []
  Run : [9, 14, 16, 17, 18]
------------------------------
  Tot:60 Idle:34 Avail:34 
------------------------------
[Finish]  17
  Release[17] Req:9 Avail:43 
 [17] Req:9 Run:22.0 
   {'date': 303.0, 'time': 303.0, 'event': 'E', 'uti': 0.2833333333333333, 'waitNum': 0, 'waitSize': 0, 'inter': 6.0, 'extend': None}
               
>>>>>>>>>>>>>>>>>>>>>>>>>>>>>>>>>>>>>>>>>>>>>
------------------------------
  Time: 309.0
   {'type': 1, 'time': 309.0, 'prio': 1, 'para': [2, 18]}
------------------------------
  Wait: []
  Run : [9, 14, 16, 18]
------------------------------
  Tot:60 Idle:43 Avail:43 
------------------------------
[Finish]  18
  Release[18] Req:6 Avail:49 
 [18] Req:6 Run:8.0 
   {'date': 309.0, 'time': 309.0, 'event': 'E', 'uti': 0.18333333333333332, 'waitNum': 0, 'waitSize': 0, 'inter': 2.0, 'extend': None}
['35', '1708676699.0', '0.0', '11.0', '4', '-1.0', '-1.0', '4', '1800.0', '-1.0', '-1', '-1', '-1', '-1', '-1', '-1', '-1', '0']
  Insert job[2] 341.0
               
>>>>>>>>>>>>>>>>>>>>>>>>>>>>>>>>>>>>>>>>>>>>>
------------------------------
  Time: 311.0
   {'type': 1, 'time': 311.0, 'prio': 2, 'para': [1, 19]}
------------------------------
  Wait: []
  Run : [9, 14, 16]
------------------------------
  Tot:60 Idle:49 Avail:49 
------------------------------
[Submit]  19
[Start]  19
  Allocate[19] Req:12 Avail:37 
 [19] Req:12 Run:59.0 
   {'date': 311.0, 'time': 311.0, 'event': 'S', 'uti': 0.38333333333333336, 'waitNum': 0, 'waitSize': 0, 'inter': 30.0, 'extend': None}
['42', '1708676770.0', '0.0', '11.0', '6', '-1.0', '-1.0', '6', '5400.0', '-1.0', '-1', '-1', '-1', '-1', '-1', '-1', '-1', '0']
  Insert job[2] 412.0
               
>>>>>>>>>>>>>>>>>>>>>>>>>>>>>>>>>>>>>>>>>>>>>
------------------------------
  Time: 341.0
   {'type': 1, 'time': 341.0, 'prio': 2, 'para': [1, 20]}
------------------------------
  Wait: []
  Run : [9, 14, 16, 19]
------------------------------
  Tot:60 Idle:37 Avail:37 
------------------------------
[Submit]  20
[Start]  20
  Allocate[20] Req:4 Avail:33 
 [20] Req:4 Run:11.0 
   {'date': 341.0, 'time': 341.0, 'event': 'S', 'uti': 0.45, 'waitNum': 0, 'waitSize': 0, 'inter': 11.0, 'extend': None}
               
>>>>>>>>>>>>>>>>>>>>>>>>>>>>>>>>>>>>>>>>>>>>>
------------------------------
  Time: 352.0
   {'type': 1, 'time': 352.0, 'prio': 1, 'para': [2, 20]}
------------------------------
  Wait: []
  Run : [9, 14, 16, 19, 20]
------------------------------
  Tot:60 Idle:33 Avail:33 
------------------------------
[Finish]  20
  Release[20] Req:4 Avail:37 
 [20] Req:4 Run:11.0 
   {'date': 352.0, 'time': 352.0, 'event': 'E', 'uti': 0.38333333333333336, 'waitNum': 0, 'waitSize': 0, 'inter': 18.0, 'extend': None}
               
>>>>>>>>>>>>>>>>>>>>>>>>>>>>>>>>>>>>>>>>>>>>>
------------------------------
  Time: 370.0
   {'type': 1, 'time': 370.0, 'prio': 1, 'para': [2, 19]}
------------------------------
  Wait: []
  Run : [9, 14, 16, 19]
------------------------------
  Tot:60 Idle:37 Avail:37 
------------------------------
[Finish]  19
  Release[19] Req:12 Avail:49 
 [19] Req:12 Run:59.0 
   {'date': 370.0, 'time': 370.0, 'event': 'E', 'uti': 0.18333333333333332, 'waitNum': 0, 'waitSize': 0, 'inter': 2.0, 'extend': None}
               
>>>>>>>>>>>>>>>>>>>>>>>>>>>>>>>>>>>>>>>>>>>>>
------------------------------
  Time: 372.0
   {'type': 1, 'time': 372.0, 'prio': 1, 'para': [2, 14]}
------------------------------
  Wait: []
  Run : [9, 14, 16]
------------------------------
  Tot:60 Idle:49 Avail:49 
------------------------------
[Finish]  14
  Release[14] Req:1 Avail:50 
 [14] Req:1 Run:131.0 
   {'date': 372.0, 'time': 372.0, 'event': 'E', 'uti': 0.16666666666666666, 'waitNum': 0, 'waitSize': 0, 'inter': 11.0, 'extend': None}
               
>>>>>>>>>>>>>>>>>>>>>>>>>>>>>>>>>>>>>>>>>>>>>
------------------------------
  Time: 383.0
   {'type': 1, 'time': 383.0, 'prio': 1, 'para': [2, 9]}
------------------------------
  Wait: []
  Run : [9, 16]
------------------------------
  Tot:60 Idle:50 Avail:50 
------------------------------
[Finish]  9
  Release[9] Req:2 Avail:52 
 [9] Req:2 Run:262.0 
   {'date': 383.0, 'time': 383.0, 'event': 'E', 'uti': 0.13333333333333333, 'waitNum': 0, 'waitSize': 0, 'inter': 9.0, 'extend': None}
               
>>>>>>>>>>>>>>>>>>>>>>>>>>>>>>>>>>>>>>>>>>>>>
------------------------------
  Time: 392.0
   {'type': 1, 'time': 392.0, 'prio': 1, 'para': [2, 16]}
------------------------------
  Wait: []
  Run : [16]
------------------------------
  Tot:60 Idle:52 Avail:52 
------------------------------
[Finish]  16
  Release[16] Req:8 Avail:60 
 [16] Req:8 Run:131.0 
   {'date': 392.0, 'time': 392.0, 'event': 'E', 'uti': 0.0, 'waitNum': 0, 'waitSize': 0, 'inter': 20.0, 'extend': None}
               
>>>>>>>>>>>>>>>>>>>>>>>>>>>>>>>>>>>>>>>>>>>>>
------------------------------
  Time: 412.0
   {'type': 1, 'time': 412.0, 'prio': 2, 'para': [1, 21]}
------------------------------
  Wait: []
  Run : []
------------------------------
  Tot:60 Idle:60 Avail:60 
------------------------------
[Submit]  21
[Start]  21
  Allocate[21] Req:6 Avail:54 
 [21] Req:6 Run:11.0 
   {'date': 412.0, 'time': 412.0, 'event': 'S', 'uti': 0.1, 'waitNum': 0, 'waitSize': 0, 'inter': 11.0, 'extend': None}
               
>>>>>>>>>>>>>>>>>>>>>>>>>>>>>>>>>>>>>>>>>>>>>
------------------------------
  Time: 423.0
   {'type': 1, 'time': 423.0, 'prio': 1, 'para': [2, 21]}
------------------------------
  Wait: []
  Run : [21]
------------------------------
  Tot:60 Idle:54 Avail:54 
------------------------------
[Finish]  21
  Release[21] Req:6 Avail:60 
 [21] Req:6 Run:11.0 
   {'date': 423.0, 'time': 423.0, 'event': 'E', 'uti': 0.0, 'waitNum': 0, 'waitSize': 0, 'inter': 0, 'extend': None}
===============
===============
               
------ Simulating Done!
