               
###############
# Filter Job
###############
               
###############
# Filter Node
###############
               
###############
# Job Trace
###############
---------------
---------------
date: 
start_offset: 0.0
---------------
               
###############
# Node Structure
###############
  node[0]: ['1', '[1]', '1', '-1', '1']
  node[1]: ['2', '[1]', '1', '-1', '1']
  node[2]: ['3', '[1]', '1', '-1', '1']
  node[3]: ['4', '[1]', '1', '-1', '1']
  node[4]: ['5', '[1]', '1', '-1', '1']
  node[5]: ['6', '[1]', '1', '-1', '1']
  node[6]: ['7', '[1]', '1', '-1', '1']
  node[7]: ['8', '[1]', '1', '-1', '1']
  node[8]: ['9', '[1]', '1', '-1', '1']
  node[9]: ['10', '[1]', '1', '-1', '1']
  node[10]: ['11', '[1]', '1', '-1', '1']
  node[11]: ['12', '[1]', '1', '-1', '1']
  node[12]: ['13', '[1]', '1', '-1', '1']
  node[13]: ['14', '[1]', '1', '-1', '1']
  node[14]: ['15', '[1]', '1', '-1', '1']
  node[15]: ['16', '[1]', '1', '-1', '1']
  node[16]: ['17', '[1]', '1', '-1', '1']
  node[17]: ['18', '[1]', '1', '-1', '1']
  node[18]: ['19', '[1]', '1', '-1', '1']
  node[19]: ['20', '[1]', '1', '-1', '1']
  node[20]: ['21', '[1]', '1', '-1', '1']
  node[21]: ['22', '[1]', '1', '-1', '1']
  node[22]: ['23', '[1]', '1', '-1', '1']
  node[23]: ['24', '[1]', '1', '-1', '1']
  node[24]: ['25', '[1]', '1', '-1', '1']
  node[25]: ['26', '[1]', '1', '-1', '1']
  node[26]: ['27', '[1]', '1', '-1', '1']
  node[27]: ['28', '[1]', '1', '-1', '1']
  node[28]: ['29', '[1]', '1', '-1', '1']
  node[29]: ['30', '[1]', '1', '-1', '1']
  node[30]: ['31', '[1]', '1', '-1', '1']
  node[31]: ['32', '[1]', '1', '-1', '1']
  node[32]: ['33', '[1]', '1', '-1', '1']
  node[33]: ['34', '[1]', '1', '-1', '1']
  node[34]: ['35', '[1]', '1', '-1', '1']
  node[35]: ['36', '[1]', '1', '-1', '1']
  node[36]: ['37', '[1]', '1', '-1', '1']
  node[37]: ['38', '[1]', '1', '-1', '1']
  node[38]: ['39', '[1]', '1', '-1', '1']
  node[39]: ['40', '[1]', '1', '-1', '1']
  node[40]: ['41', '[1]', '1', '-1', '1']
  node[41]: ['42', '[1]', '1', '-1', '1']
  node[42]: ['43', '[1]', '1', '-1', '1']
  node[43]: ['44', '[1]', '1', '-1', '1']
  node[44]: ['45', '[1]', '1', '-1', '1']
  node[45]: ['46', '[1]', '1', '-1', '1']
  node[46]: ['47', '[1]', '1', '-1', '1']
  node[47]: ['48', '[1]', '1', '-1', '1']
  node[48]: ['49', '[1]', '1', '-1', '1']
  node[49]: ['50', '[1]', '1', '-1', '1']
  node[50]: ['51', '[1]', '1', '-1', '1']
  node[51]: ['52', '[1]', '1', '-1', '1']
  node[52]: ['53', '[1]', '1', '-1', '1']
  node[53]: ['54', '[1]', '1', '-1', '1']
  node[54]: ['55', '[1]', '1', '-1', '1']
  node[55]: ['56', '[1]', '1', '-1', '1']
  node[56]: ['57', '[1]', '1', '-1', '1']
  node[57]: ['58', '[1]', '1', '-1', '1']
  node[58]: ['59', '[1]', '1', '-1', '1']
  node[59]: ['60', '[1]', '1', '-1', '1']
  Tot:60 Idle:60 Avail:60 
---------------
MaxNodes: 15
MaxProcs: 60
---------------
               
###############
# Backfill
###############
               
###############
# Start Window
###############
               
###############
# Basic Algorithm
###############
               
###############
# Info Collect
###############
               
###############
# Cqsim Sim
###############
---------------
Job Trace ................... Load
---------------
Node Structure ................... Load
---------------
Backfill ................... Load
---------------
Start Window ................... Load
---------------
Basic Algorithm ................... Load
---------------
Info Collect ................... Load
---------------
Output_log ................... Load
---------------
['1', '1708676358.0', '0.0', '4.0', '5', '-1.0', '-1.0', '5', '5400.0', '-1.0', '-1', '-1', '-1', '-1', '-1', '-1', '-1', '0']
  Insert job[2] 0.0
               
===============
===============
['2', '1708676378.0', '0.0', '3.0', '10', '-1.0', '-1.0', '10', '5400.0', '-1.0', '-1', '-1', '-1', '-1', '-1', '-1', '-1', '0']
  Insert job[2] 20.0
               
>>>>>>>>>>>>>>>>>>>>>>>>>>>>>>>>>>>>>>>>>>>>>
------------------------------
  Time: 0.0
   {'type': 1, 'time': 0.0, 'prio': 2, 'para': [1, 0]}
------------------------------
  Wait: []
  Run : []
------------------------------
  Tot:60 Idle:60 Avail:60 
------------------------------
[Submit]  0
[Start]  0
  Allocate[0] Req:5 Avail:55 
 [0] Req:5 Run:4.0 
  Insert mon[5] 0
   {'date': 0.0, 'time': 0.0, 'event': 'S', 'uti': 0.08333333333333333, 'waitNum': 0, 'waitSize': 0, 'inter': 0.0, 'extend': None}
   {'date': 0, 'time': 0, 'event': 'Q', 'uti': 0.08333333333333333, 'waitNum': 0, 'waitSize': 0, 'inter': 4.0, 'extend': None}
               
>>>>>>>>>>>>>>>>>>>>>>>>>>>>>>>>>>>>>>>>>>>>>
------------------------------
  Time: 4.0
   {'type': 1, 'time': 4.0, 'prio': 1, 'para': [2, 0]}
------------------------------
  Wait: []
  Run : [0]
------------------------------
  Tot:60 Idle:55 Avail:55 
------------------------------
[Finish]  0
  Release[0] Req:5 Avail:60 
 [0] Req:5 Run:4.0 
   {'date': 4.0, 'time': 4.0, 'event': 'E', 'uti': 0.0, 'waitNum': 0, 'waitSize': 0, 'inter': 16.0, 'extend': None}
['3', '1708676388.0', '0.0', '227.0', '12', '-1.0', '-1.0', '12', '1800.0', '-1.0', '-1', '-1', '-1', '-1', '-1', '-1', '-1', '0']
  Insert job[2] 30.0
               
>>>>>>>>>>>>>>>>>>>>>>>>>>>>>>>>>>>>>>>>>>>>>
------------------------------
  Time: 20.0
   {'type': 1, 'time': 20.0, 'prio': 2, 'para': [1, 1]}
------------------------------
  Wait: []
  Run : []
------------------------------
  Tot:60 Idle:60 Avail:60 
------------------------------
[Submit]  1
[Start]  1
  Allocate[1] Req:10 Avail:50 
 [1] Req:10 Run:3.0 
   {'date': 20.0, 'time': 20.0, 'event': 'S', 'uti': 0.16666666666666666, 'waitNum': 0, 'waitSize': 0, 'inter': 3.0, 'extend': None}
               
>>>>>>>>>>>>>>>>>>>>>>>>>>>>>>>>>>>>>>>>>>>>>
------------------------------
  Time: 23.0
   {'type': 1, 'time': 23.0, 'prio': 1, 'para': [2, 1]}
------------------------------
  Wait: []
  Run : [1]
------------------------------
  Tot:60 Idle:50 Avail:50 
------------------------------
[Finish]  1
  Release[1] Req:10 Avail:60 
 [1] Req:10 Run:3.0 
   {'date': 23.0, 'time': 23.0, 'event': 'E', 'uti': 0.0, 'waitNum': 0, 'waitSize': 0, 'inter': 7.0, 'extend': None}
['4', '1708676398.0', '0.0', '592.0', '4', '-1.0', '-1.0', '4', '1800.0', '-1.0', '-1', '-1', '-1', '-1', '-1', '-1', '-1', '0']
  Insert job[2] 40.0
               
>>>>>>>>>>>>>>>>>>>>>>>>>>>>>>>>>>>>>>>>>>>>>
------------------------------
  Time: 30.0
   {'type': 1, 'time': 30.0, 'prio': 2, 'para': [1, 2]}
------------------------------
  Wait: []
  Run : []
------------------------------
  Tot:60 Idle:60 Avail:60 
------------------------------
[Submit]  2
[Start]  2
  Allocate[2] Req:12 Avail:48 
 [2] Req:12 Run:227.0 
   {'date': 30.0, 'time': 30.0, 'event': 'S', 'uti': 0.2, 'waitNum': 0, 'waitSize': 0, 'inter': 10.0, 'extend': None}
['5', '1708676408.0', '0.0', '626.0', '2', '-1.0', '-1.0', '2', '3600.0', '-1.0', '-1', '-1', '-1', '-1', '-1', '-1', '-1', '0']
  Insert job[2] 50.0
               
>>>>>>>>>>>>>>>>>>>>>>>>>>>>>>>>>>>>>>>>>>>>>
------------------------------
  Time: 40.0
   {'type': 1, 'time': 40.0, 'prio': 2, 'para': [1, 3]}
------------------------------
  Wait: []
  Run : [2]
------------------------------
  Tot:60 Idle:48 Avail:48 
------------------------------
[Submit]  3
[Start]  3
  Allocate[3] Req:4 Avail:44 
 [3] Req:4 Run:592.0 
   {'date': 40.0, 'time': 40.0, 'event': 'S', 'uti': 0.26666666666666666, 'waitNum': 0, 'waitSize': 0, 'inter': 10.0, 'extend': None}
['6', '1708676418.0', '0.0', '4.0', '5', '-1.0', '-1.0', '5', '5400.0', '-1.0', '-1', '-1', '-1', '-1', '-1', '-1', '-1', '0']
  Insert job[2] 60.0
               
>>>>>>>>>>>>>>>>>>>>>>>>>>>>>>>>>>>>>>>>>>>>>
------------------------------
  Time: 50.0
   {'type': 1, 'time': 50.0, 'prio': 2, 'para': [1, 4]}
------------------------------
  Wait: []
  Run : [2, 3]
------------------------------
  Tot:60 Idle:44 Avail:44 
------------------------------
[Submit]  4
[Start]  4
  Allocate[4] Req:2 Avail:42 
 [4] Req:2 Run:626.0 
   {'date': 50.0, 'time': 50.0, 'event': 'S', 'uti': 0.3, 'waitNum': 0, 'waitSize': 0, 'inter': 10.0, 'extend': None}
['7', '1708676428.0', '0.0', '12.0', '8', '-1.0', '-1.0', '8', '5400.0', '-1.0', '-1', '-1', '-1', '-1', '-1', '-1', '-1', '0']
  Insert job[2] 70.0
               
>>>>>>>>>>>>>>>>>>>>>>>>>>>>>>>>>>>>>>>>>>>>>
------------------------------
  Time: 60.0
   {'type': 1, 'time': 60.0, 'prio': 2, 'para': [1, 5]}
------------------------------
  Wait: []
  Run : [2, 3, 4]
------------------------------
  Tot:60 Idle:42 Avail:42 
------------------------------
[Submit]  5
[Start]  5
  Allocate[5] Req:5 Avail:37 
 [5] Req:5 Run:4.0 
   {'date': 60.0, 'time': 60.0, 'event': 'S', 'uti': 0.38333333333333336, 'waitNum': 0, 'waitSize': 0, 'inter': 4.0, 'extend': None}
               
>>>>>>>>>>>>>>>>>>>>>>>>>>>>>>>>>>>>>>>>>>>>>
------------------------------
  Time: 64.0
   {'type': 1, 'time': 64.0, 'prio': 1, 'para': [2, 5]}
------------------------------
  Wait: []
  Run : [2, 3, 4, 5]
------------------------------
  Tot:60 Idle:37 Avail:37 
------------------------------
[Finish]  5
  Release[5] Req:5 Avail:42 
 [5] Req:5 Run:4.0 
   {'date': 64.0, 'time': 64.0, 'event': 'E', 'uti': 0.3, 'waitNum': 0, 'waitSize': 0, 'inter': 6.0, 'extend': None}
['8', '1708676438.0', '1.0', '4.0', '6', '-1.0', '-1.0', '6', '1800.0', '-1.0', '-1', '-1', '-1', '-1', '-1', '-1', '-1', '0']
  Insert job[2] 80.0
               
>>>>>>>>>>>>>>>>>>>>>>>>>>>>>>>>>>>>>>>>>>>>>
------------------------------
  Time: 70.0
   {'type': 1, 'time': 70.0, 'prio': 2, 'para': [1, 6]}
------------------------------
  Wait: []
  Run : [2, 3, 4]
------------------------------
  Tot:60 Idle:42 Avail:42 
------------------------------
[Submit]  6
[Start]  6
  Allocate[6] Req:8 Avail:34 
 [6] Req:8 Run:12.0 
   {'date': 70.0, 'time': 70.0, 'event': 'S', 'uti': 0.43333333333333335, 'waitNum': 0, 'waitSize': 0, 'inter': 10.0, 'extend': None}
['9', '1708676449.0', '0.0', '29.0', '4', '-1.0', '-1.0', '4', '1800.0', '-1.0', '-1', '-1', '-1', '-1', '-1', '-1', '-1', '0']
  Insert job[2] 91.0
               
>>>>>>>>>>>>>>>>>>>>>>>>>>>>>>>>>>>>>>>>>>>>>
------------------------------
  Time: 80.0
   {'type': 1, 'time': 80.0, 'prio': 2, 'para': [1, 7]}
------------------------------
  Wait: []
  Run : [2, 3, 4, 6]
------------------------------
  Tot:60 Idle:34 Avail:34 
------------------------------
[Submit]  7
[Start]  7
  Allocate[7] Req:6 Avail:28 
 [7] Req:6 Run:4.0 
   {'date': 80.0, 'time': 80.0, 'event': 'S', 'uti': 0.5333333333333333, 'waitNum': 0, 'waitSize': 0, 'inter': 2.0, 'extend': None}
               
>>>>>>>>>>>>>>>>>>>>>>>>>>>>>>>>>>>>>>>>>>>>>
------------------------------
  Time: 82.0
   {'type': 1, 'time': 82.0, 'prio': 1, 'para': [2, 6]}
------------------------------
  Wait: []
  Run : [2, 3, 4, 6, 7]
------------------------------
  Tot:60 Idle:28 Avail:28 
------------------------------
[Finish]  6
  Release[6] Req:8 Avail:36 
 [6] Req:8 Run:12.0 
   {'date': 82.0, 'time': 82.0, 'event': 'E', 'uti': 0.4, 'waitNum': 0, 'waitSize': 0, 'inter': 2.0, 'extend': None}
               
>>>>>>>>>>>>>>>>>>>>>>>>>>>>>>>>>>>>>>>>>>>>>
------------------------------
  Time: 84.0
   {'type': 1, 'time': 84.0, 'prio': 1, 'para': [2, 7]}
------------------------------
  Wait: []
  Run : [2, 3, 4, 7]
------------------------------
  Tot:60 Idle:36 Avail:36 
------------------------------
[Finish]  7
  Release[7] Req:6 Avail:42 
 [7] Req:6 Run:4.0 
   {'date': 84.0, 'time': 84.0, 'event': 'E', 'uti': 0.3, 'waitNum': 0, 'waitSize': 0, 'inter': 7.0, 'extend': None}
['10', '1708676459.0', '0.0', '15.0', '6', '-1.0', '-1.0', '6', '5400.0', '-1.0', '-1', '-1', '-1', '-1', '-1', '-1', '-1', '0']
  Insert job[2] 101.0
               
>>>>>>>>>>>>>>>>>>>>>>>>>>>>>>>>>>>>>>>>>>>>>
------------------------------
  Time: 91.0
   {'type': 1, 'time': 91.0, 'prio': 2, 'para': [1, 8]}
------------------------------
  Wait: []
  Run : [2, 3, 4]
------------------------------
  Tot:60 Idle:42 Avail:42 
------------------------------
[Submit]  8
[Start]  8
  Allocate[8] Req:4 Avail:38 
 [8] Req:4 Run:29.0 
   {'date': 91.0, 'time': 91.0, 'event': 'S', 'uti': 0.36666666666666664, 'waitNum': 0, 'waitSize': 0, 'inter': 10.0, 'extend': None}
['11', '1708676469.0', '128.0', '52.0', '2', '-1.0', '-1.0', '2', '1800.0', '-1.0', '-1', '-1', '-1', '-1', '-1', '-1', '-1', '0']
  Insert job[2] 111.0
               
>>>>>>>>>>>>>>>>>>>>>>>>>>>>>>>>>>>>>>>>>>>>>
------------------------------
  Time: 101.0
   {'type': 1, 'time': 101.0, 'prio': 2, 'para': [1, 9]}
------------------------------
  Wait: []
  Run : [2, 3, 4, 8]
------------------------------
  Tot:60 Idle:38 Avail:38 
------------------------------
[Submit]  9
[Start]  9
  Allocate[9] Req:6 Avail:32 
 [9] Req:6 Run:15.0 
   {'date': 101.0, 'time': 101.0, 'event': 'S', 'uti': 0.4666666666666667, 'waitNum': 0, 'waitSize': 0, 'inter': 10.0, 'extend': None}
['12', '1708676479.0', '0.0', '262.0', '2', '-1.0', '-1.0', '2', '5400.0', '-1.0', '-1', '-1', '-1', '-1', '-1', '-1', '-1', '0']
  Insert job[2] 121.0
               
>>>>>>>>>>>>>>>>>>>>>>>>>>>>>>>>>>>>>>>>>>>>>
------------------------------
  Time: 111.0
   {'type': 1, 'time': 111.0, 'prio': 2, 'para': [1, 10]}
------------------------------
  Wait: []
  Run : [2, 3, 4, 8, 9]
------------------------------
  Tot:60 Idle:32 Avail:32 
------------------------------
[Submit]  10
[Start]  10
  Allocate[10] Req:2 Avail:30 
 [10] Req:2 Run:52.0 
   {'date': 111.0, 'time': 111.0, 'event': 'S', 'uti': 0.5, 'waitNum': 0, 'waitSize': 0, 'inter': 5.0, 'extend': None}
               
>>>>>>>>>>>>>>>>>>>>>>>>>>>>>>>>>>>>>>>>>>>>>
------------------------------
  Time: 116.0
   {'type': 1, 'time': 116.0, 'prio': 1, 'para': [2, 9]}
------------------------------
  Wait: []
  Run : [2, 3, 4, 8, 9, 10]
------------------------------
  Tot:60 Idle:30 Avail:30 
------------------------------
[Finish]  9
  Release[9] Req:6 Avail:36 
 [9] Req:6 Run:15.0 
   {'date': 116.0, 'time': 116.0, 'event': 'E', 'uti': 0.4, 'waitNum': 0, 'waitSize': 0, 'inter': 4.0, 'extend': None}
               
>>>>>>>>>>>>>>>>>>>>>>>>>>>>>>>>>>>>>>>>>>>>>
------------------------------
  Time: 120.0
   {'type': 1, 'time': 120.0, 'prio': 1, 'para': [2, 8]}
------------------------------
  Wait: []
  Run : [2, 3, 4, 8, 10]
------------------------------
  Tot:60 Idle:36 Avail:36 
------------------------------
[Finish]  8
  Release[8] Req:4 Avail:40 
 [8] Req:4 Run:29.0 
   {'date': 120.0, 'time': 120.0, 'event': 'E', 'uti': 0.3333333333333333, 'waitNum': 0, 'waitSize': 0, 'inter': 1.0, 'extend': None}
['13', '1708676499.0', '0.0', '5.0', '9', '-1.0', '-1.0', '9', '3600.0', '-1.0', '-1', '-1', '-1', '-1', '-1', '-1', '-1', '0']
  Insert job[2] 141.0
               
>>>>>>>>>>>>>>>>>>>>>>>>>>>>>>>>>>>>>>>>>>>>>
------------------------------
  Time: 121.0
   {'type': 1, 'time': 121.0, 'prio': 2, 'para': [1, 11]}
------------------------------
  Wait: []
  Run : [2, 3, 4, 10]
------------------------------
  Tot:60 Idle:40 Avail:40 
------------------------------
[Submit]  11
[Start]  11
  Allocate[11] Req:2 Avail:38 
 [11] Req:2 Run:262.0 
   {'date': 121.0, 'time': 121.0, 'event': 'S', 'uti': 0.36666666666666664, 'waitNum': 0, 'waitSize': 0, 'inter': 20.0, 'extend': None}
['14', '1708676509.0', '0.0', '39.0', '15', '-1.0', '-1.0', '15', '3600.0', '-1.0', '-1', '-1', '-1', '-1', '-1', '-1', '-1', '0']
  Insert job[2] 151.0
               
>>>>>>>>>>>>>>>>>>>>>>>>>>>>>>>>>>>>>>>>>>>>>
------------------------------
  Time: 141.0
   {'type': 1, 'time': 141.0, 'prio': 2, 'para': [1, 12]}
------------------------------
  Wait: []
  Run : [2, 3, 4, 10, 11]
------------------------------
  Tot:60 Idle:38 Avail:38 
------------------------------
[Submit]  12
[Start]  12
  Allocate[12] Req:9 Avail:29 
 [12] Req:9 Run:5.0 
   {'date': 141.0, 'time': 141.0, 'event': 'S', 'uti': 0.5166666666666667, 'waitNum': 0, 'waitSize': 0, 'inter': 5.0, 'extend': None}
               
>>>>>>>>>>>>>>>>>>>>>>>>>>>>>>>>>>>>>>>>>>>>>
------------------------------
  Time: 146.0
   {'type': 1, 'time': 146.0, 'prio': 1, 'para': [2, 12]}
------------------------------
  Wait: []
  Run : [2, 3, 4, 10, 11, 12]
------------------------------
  Tot:60 Idle:29 Avail:29 
------------------------------
[Finish]  12
  Release[12] Req:9 Avail:38 
 [12] Req:9 Run:5.0 
   {'date': 146.0, 'time': 146.0, 'event': 'E', 'uti': 0.36666666666666664, 'waitNum': 0, 'waitSize': 0, 'inter': 5.0, 'extend': None}
['15', '1708676519.0', '0.0', '36.0', '18', '-1.0', '-1.0', '18', '3600.0', '-1.0', '-1', '-1', '-1', '-1', '-1', '-1', '-1', '0']
  Insert job[2] 161.0
               
>>>>>>>>>>>>>>>>>>>>>>>>>>>>>>>>>>>>>>>>>>>>>
------------------------------
  Time: 151.0
   {'type': 1, 'time': 151.0, 'prio': 2, 'para': [1, 13]}
------------------------------
  Wait: []
  Run : [2, 3, 4, 10, 11]
------------------------------
  Tot:60 Idle:38 Avail:38 
------------------------------
[Submit]  13
[Start]  13
  Allocate[13] Req:15 Avail:23 
 [13] Req:15 Run:39.0 
   {'date': 151.0, 'time': 151.0, 'event': 'S', 'uti': 0.6166666666666667, 'waitNum': 0, 'waitSize': 0, 'inter': 10.0, 'extend': None}
['16', '1708676549.0', '1.0', '1800.0', '15', '-1.0', '-1.0', '15', '1800.0', '-1.0', '-1', '-1', '-1', '-1', '-1', '-1', '-1', '0']
  Insert job[2] 191.0
               
>>>>>>>>>>>>>>>>>>>>>>>>>>>>>>>>>>>>>>>>>>>>>
------------------------------
  Time: 161.0
   {'type': 1, 'time': 161.0, 'prio': 2, 'para': [1, 14]}
------------------------------
  Wait: []
  Run : [2, 3, 4, 10, 11, 13]
------------------------------
  Tot:60 Idle:23 Avail:23 
------------------------------
[Submit]  14
[Start]  14
  Allocate[14] Req:18 Avail:5 
 [14] Req:18 Run:36.0 
   {'date': 161.0, 'time': 161.0, 'event': 'S', 'uti': 0.9166666666666666, 'waitNum': 0, 'waitSize': 0, 'inter': 2.0, 'extend': None}
               
>>>>>>>>>>>>>>>>>>>>>>>>>>>>>>>>>>>>>>>>>>>>>
------------------------------
  Time: 163.0
   {'type': 1, 'time': 163.0, 'prio': 1, 'para': [2, 10]}
------------------------------
  Wait: []
  Run : [2, 3, 4, 10, 11, 13, 14]
------------------------------
  Tot:60 Idle:5 Avail:5 
------------------------------
[Finish]  10
  Release[10] Req:2 Avail:7 
 [10] Req:2 Run:52.0 
   {'date': 163.0, 'time': 163.0, 'event': 'E', 'uti': 0.8833333333333333, 'waitNum': 0, 'waitSize': 0, 'inter': 27.0, 'extend': None}
               
>>>>>>>>>>>>>>>>>>>>>>>>>>>>>>>>>>>>>>>>>>>>>
------------------------------
  Time: 190.0
   {'type': 1, 'time': 190.0, 'prio': 1, 'para': [2, 13]}
------------------------------
  Wait: []
  Run : [2, 3, 4, 11, 13, 14]
------------------------------
  Tot:60 Idle:7 Avail:7 
------------------------------
[Finish]  13
  Release[13] Req:15 Avail:22 
 [13] Req:15 Run:39.0 
   {'date': 190.0, 'time': 190.0, 'event': 'E', 'uti': 0.6333333333333333, 'waitNum': 0, 'waitSize': 0, 'inter': 1.0, 'extend': None}
['17', '1708676569.0', '0.0', '488.0', '3', '-1.0', '-1.0', '3', '1800.0', '-1.0', '-1', '-1', '-1', '-1', '-1', '-1', '-1', '0']
  Insert job[2] 211.0
               
>>>>>>>>>>>>>>>>>>>>>>>>>>>>>>>>>>>>>>>>>>>>>
------------------------------
  Time: 191.0
   {'type': 1, 'time': 191.0, 'prio': 2, 'para': [1, 15]}
------------------------------
  Wait: []
  Run : [2, 3, 4, 11, 14]
------------------------------
  Tot:60 Idle:22 Avail:22 
------------------------------
[Submit]  15
[Start]  15
  Allocate[15] Req:15 Avail:7 
 [15] Req:15 Run:1800.0 
   {'date': 191.0, 'time': 191.0, 'event': 'S', 'uti': 0.8833333333333333, 'waitNum': 0, 'waitSize': 0, 'inter': 6.0, 'extend': None}
               
>>>>>>>>>>>>>>>>>>>>>>>>>>>>>>>>>>>>>>>>>>>>>
------------------------------
  Time: 197.0
   {'type': 1, 'time': 197.0, 'prio': 1, 'para': [2, 14]}
------------------------------
  Wait: []
  Run : [2, 3, 4, 11, 14, 15]
------------------------------
  Tot:60 Idle:7 Avail:7 
------------------------------
[Finish]  14
  Release[14] Req:18 Avail:25 
 [14] Req:18 Run:36.0 
   {'date': 197.0, 'time': 197.0, 'event': 'E', 'uti': 0.5833333333333334, 'waitNum': 0, 'waitSize': 0, 'inter': 14.0, 'extend': None}
['18', '1708676579.0', '0.0', '5.0', '5', '-1.0', '-1.0', '5', '3600.0', '-1.0', '-1', '-1', '-1', '-1', '-1', '-1', '-1', '0']
  Insert job[2] 221.0
               
>>>>>>>>>>>>>>>>>>>>>>>>>>>>>>>>>>>>>>>>>>>>>
------------------------------
  Time: 211.0
   {'type': 1, 'time': 211.0, 'prio': 2, 'para': [1, 16]}
------------------------------
  Wait: []
  Run : [2, 3, 4, 11, 15]
------------------------------
  Tot:60 Idle:25 Avail:25 
------------------------------
[Submit]  16
[Start]  16
  Allocate[16] Req:3 Avail:22 
 [16] Req:3 Run:488.0 
   {'date': 211.0, 'time': 211.0, 'event': 'S', 'uti': 0.6333333333333333, 'waitNum': 0, 'waitSize': 0, 'inter': 10.0, 'extend': None}
['19', '1708676599.0', '0.0', '131.0', '1', '-1.0', '-1.0', '1', '1800.0', '-1.0', '-1', '-1', '-1', '-1', '-1', '-1', '-1', '0']
  Insert job[2] 241.0
               
>>>>>>>>>>>>>>>>>>>>>>>>>>>>>>>>>>>>>>>>>>>>>
------------------------------
  Time: 221.0
   {'type': 1, 'time': 221.0, 'prio': 2, 'para': [1, 17]}
------------------------------
  Wait: []
  Run : [2, 3, 4, 11, 15, 16]
------------------------------
  Tot:60 Idle:22 Avail:22 
------------------------------
[Submit]  17
[Start]  17
  Allocate[17] Req:5 Avail:17 
 [17] Req:5 Run:5.0 
   {'date': 221.0, 'time': 221.0, 'event': 'S', 'uti': 0.7166666666666667, 'waitNum': 0, 'waitSize': 0, 'inter': 5.0, 'extend': None}
               
>>>>>>>>>>>>>>>>>>>>>>>>>>>>>>>>>>>>>>>>>>>>>
------------------------------
  Time: 226.0
   {'type': 1, 'time': 226.0, 'prio': 1, 'para': [2, 17]}
------------------------------
  Wait: []
  Run : [2, 3, 4, 11, 15, 16, 17]
------------------------------
  Tot:60 Idle:17 Avail:17 
------------------------------
[Finish]  17
  Release[17] Req:5 Avail:22 
 [17] Req:5 Run:5.0 
   {'date': 226.0, 'time': 226.0, 'event': 'E', 'uti': 0.6333333333333333, 'waitNum': 0, 'waitSize': 0, 'inter': 15.0, 'extend': None}
['20', '1708676609.0', '0.0', '3.0', '2', '-1.0', '-1.0', '2', '1800.0', '-1.0', '-1', '-1', '-1', '-1', '-1', '-1', '-1', '0']
  Insert job[2] 251.0
               
>>>>>>>>>>>>>>>>>>>>>>>>>>>>>>>>>>>>>>>>>>>>>
------------------------------
  Time: 241.0
   {'type': 1, 'time': 241.0, 'prio': 2, 'para': [1, 18]}
------------------------------
  Wait: []
  Run : [2, 3, 4, 11, 15, 16]
------------------------------
  Tot:60 Idle:22 Avail:22 
------------------------------
[Submit]  18
[Start]  18
  Allocate[18] Req:1 Avail:21 
 [18] Req:1 Run:131.0 
   {'date': 241.0, 'time': 241.0, 'event': 'S', 'uti': 0.65, 'waitNum': 0, 'waitSize': 0, 'inter': 10.0, 'extend': None}
['21', '1708676619.0', '0.0', '131.0', '8', '-1.0', '-1.0', '8', '3600.0', '-1.0', '-1', '-1', '-1', '-1', '-1', '-1', '-1', '0']
  Insert job[2] 261.0
               
>>>>>>>>>>>>>>>>>>>>>>>>>>>>>>>>>>>>>>>>>>>>>
------------------------------
  Time: 251.0
   {'type': 1, 'time': 251.0, 'prio': 2, 'para': [1, 19]}
------------------------------
  Wait: []
  Run : [2, 3, 4, 11, 15, 16, 18]
------------------------------
  Tot:60 Idle:21 Avail:21 
------------------------------
[Submit]  19
[Start]  19
  Allocate[19] Req:2 Avail:19 
 [19] Req:2 Run:3.0 
   {'date': 251.0, 'time': 251.0, 'event': 'S', 'uti': 0.6833333333333333, 'waitNum': 0, 'waitSize': 0, 'inter': 3.0, 'extend': None}
               
>>>>>>>>>>>>>>>>>>>>>>>>>>>>>>>>>>>>>>>>>>>>>
------------------------------
  Time: 254.0
   {'type': 1, 'time': 254.0, 'prio': 1, 'para': [2, 19]}
------------------------------
  Wait: []
  Run : [2, 3, 4, 11, 15, 16, 18, 19]
------------------------------
  Tot:60 Idle:19 Avail:19 
------------------------------
[Finish]  19
  Release[19] Req:2 Avail:21 
 [19] Req:2 Run:3.0 
   {'date': 254.0, 'time': 254.0, 'event': 'E', 'uti': 0.65, 'waitNum': 0, 'waitSize': 0, 'inter': 3.0, 'extend': None}
               
>>>>>>>>>>>>>>>>>>>>>>>>>>>>>>>>>>>>>>>>>>>>>
------------------------------
  Time: 257.0
   {'type': 1, 'time': 257.0, 'prio': 1, 'para': [2, 2]}
------------------------------
  Wait: []
  Run : [2, 3, 4, 11, 15, 16, 18]
------------------------------
  Tot:60 Idle:21 Avail:21 
------------------------------
[Finish]  2
  Release[2] Req:12 Avail:33 
 [2] Req:12 Run:227.0 
   {'date': 257.0, 'time': 257.0, 'event': 'E', 'uti': 0.45, 'waitNum': 0, 'waitSize': 0, 'inter': 4.0, 'extend': None}
['22', '1708676629.0', '0.0', '727.0', '4', '-1.0', '-1.0', '4', '3600.0', '-1.0', '-1', '-1', '-1', '-1', '-1', '-1', '-1', '0']
  Insert job[2] 271.0
               
>>>>>>>>>>>>>>>>>>>>>>>>>>>>>>>>>>>>>>>>>>>>>
------------------------------
  Time: 261.0
   {'type': 1, 'time': 261.0, 'prio': 2, 'para': [1, 20]}
------------------------------
  Wait: []
  Run : [3, 4, 11, 15, 16, 18]
------------------------------
  Tot:60 Idle:33 Avail:33 
------------------------------
[Submit]  20
[Start]  20
  Allocate[20] Req:8 Avail:25 
 [20] Req:8 Run:131.0 
   {'date': 261.0, 'time': 261.0, 'event': 'S', 'uti': 0.5833333333333334, 'waitNum': 0, 'waitSize': 0, 'inter': 10.0, 'extend': None}
['23', '1708676639.0', '0.0', '22.0', '9', '-1.0', '-1.0', '9', '1800.0', '-1.0', '-1', '-1', '-1', '-1', '-1', '-1', '-1', '0']
  Insert job[2] 281.0
               
>>>>>>>>>>>>>>>>>>>>>>>>>>>>>>>>>>>>>>>>>>>>>
------------------------------
  Time: 271.0
   {'type': 1, 'time': 271.0, 'prio': 2, 'para': [1, 21]}
------------------------------
  Wait: []
  Run : [3, 4, 11, 15, 16, 18, 20]
------------------------------
  Tot:60 Idle:25 Avail:25 
------------------------------
[Submit]  21
[Start]  21
  Allocate[21] Req:4 Avail:21 
 [21] Req:4 Run:727.0 
   {'date': 271.0, 'time': 271.0, 'event': 'S', 'uti': 0.65, 'waitNum': 0, 'waitSize': 0, 'inter': 10.0, 'extend': None}
['24', '1708676649.0', '0.0', '866.0', '3', '-1.0', '-1.0', '3', '3600.0', '-1.0', '-1', '-1', '-1', '-1', '-1', '-1', '-1', '0']
  Insert job[2] 291.0
               
>>>>>>>>>>>>>>>>>>>>>>>>>>>>>>>>>>>>>>>>>>>>>
------------------------------
  Time: 281.0
   {'type': 1, 'time': 281.0, 'prio': 2, 'para': [1, 22]}
------------------------------
  Wait: []
  Run : [3, 4, 11, 15, 16, 18, 20, 21]
------------------------------
  Tot:60 Idle:21 Avail:21 
------------------------------
[Submit]  22
[Start]  22
  Allocate[22] Req:9 Avail:12 
 [22] Req:9 Run:22.0 
   {'date': 281.0, 'time': 281.0, 'event': 'S', 'uti': 0.8, 'waitNum': 0, 'waitSize': 0, 'inter': 10.0, 'extend': None}
['25', '1708676659.0', '0.0', '8.0', '6', '-1.0', '-1.0', '6', '1800.0', '-1.0', '-1', '-1', '-1', '-1', '-1', '-1', '-1', '0']
  Insert job[2] 301.0
               
>>>>>>>>>>>>>>>>>>>>>>>>>>>>>>>>>>>>>>>>>>>>>
------------------------------
  Time: 291.0
   {'type': 1, 'time': 291.0, 'prio': 2, 'para': [1, 23]}
------------------------------
  Wait: []
  Run : [3, 4, 11, 15, 16, 18, 20, 21, 22]
------------------------------
  Tot:60 Idle:12 Avail:12 
------------------------------
[Submit]  23
[Start]  23
  Allocate[23] Req:3 Avail:9 
 [23] Req:3 Run:866.0 
   {'date': 291.0, 'time': 291.0, 'event': 'S', 'uti': 0.85, 'waitNum': 0, 'waitSize': 0, 'inter': 10.0, 'extend': None}
['26', '1708676669.0', '0.0', '59.0', '12', '-1.0', '-1.0', '12', '3600.0', '-1.0', '-1', '-1', '-1', '-1', '-1', '-1', '-1', '0']
  Insert job[2] 311.0
               
>>>>>>>>>>>>>>>>>>>>>>>>>>>>>>>>>>>>>>>>>>>>>
------------------------------
  Time: 301.0
   {'type': 1, 'time': 301.0, 'prio': 2, 'para': [1, 24]}
------------------------------
  Wait: []
  Run : [3, 4, 11, 15, 16, 18, 20, 21, 22, 23]
------------------------------
  Tot:60 Idle:9 Avail:9 
------------------------------
[Submit]  24
[Start]  24
  Allocate[24] Req:6 Avail:3 
 [24] Req:6 Run:8.0 
   {'date': 301.0, 'time': 301.0, 'event': 'S', 'uti': 0.95, 'waitNum': 0, 'waitSize': 0, 'inter': 2.0, 'extend': None}
               
>>>>>>>>>>>>>>>>>>>>>>>>>>>>>>>>>>>>>>>>>>>>>
------------------------------
  Time: 303.0
   {'type': 1, 'time': 303.0, 'prio': 1, 'para': [2, 22]}
------------------------------
  Wait: []
  Run : [3, 4, 11, 15, 16, 18, 20, 21, 22, 23, 24]
------------------------------
  Tot:60 Idle:3 Avail:3 
------------------------------
[Finish]  22
  Release[22] Req:9 Avail:12 
 [22] Req:9 Run:22.0 
   {'date': 303.0, 'time': 303.0, 'event': 'E', 'uti': 0.8, 'waitNum': 0, 'waitSize': 0, 'inter': 6.0, 'extend': None}
               
>>>>>>>>>>>>>>>>>>>>>>>>>>>>>>>>>>>>>>>>>>>>>
------------------------------
  Time: 309.0
   {'type': 1, 'time': 309.0, 'prio': 1, 'para': [2, 24]}
------------------------------
  Wait: []
  Run : [3, 4, 11, 15, 16, 18, 20, 21, 23, 24]
------------------------------
  Tot:60 Idle:12 Avail:12 
------------------------------
[Finish]  24
  Release[24] Req:6 Avail:18 
 [24] Req:6 Run:8.0 
   {'date': 309.0, 'time': 309.0, 'event': 'E', 'uti': 0.7, 'waitNum': 0, 'waitSize': 0, 'inter': 2.0, 'extend': None}
['27', '1708676679.0', '0.0', '634.0', '6', '-1.0', '-1.0', '6', '1800.0', '-1.0', '-1', '-1', '-1', '-1', '-1', '-1', '-1', '0']
  Insert job[2] 321.0
               
>>>>>>>>>>>>>>>>>>>>>>>>>>>>>>>>>>>>>>>>>>>>>
------------------------------
  Time: 311.0
   {'type': 1, 'time': 311.0, 'prio': 2, 'para': [1, 25]}
------------------------------
  Wait: []
  Run : [3, 4, 11, 15, 16, 18, 20, 21, 23]
------------------------------
  Tot:60 Idle:18 Avail:18 
------------------------------
[Submit]  25
[Start]  25
  Allocate[25] Req:12 Avail:6 
 [25] Req:12 Run:59.0 
   {'date': 311.0, 'time': 311.0, 'event': 'S', 'uti': 0.9, 'waitNum': 0, 'waitSize': 0, 'inter': 10.0, 'extend': None}
['28', '1708676689.0', '40.0', '519.0', '10', '-1.0', '-1.0', '10', '3600.0', '-1.0', '-1', '-1', '-1', '-1', '-1', '-1', '-1', '0']
  Insert job[2] 331.0
               
>>>>>>>>>>>>>>>>>>>>>>>>>>>>>>>>>>>>>>>>>>>>>
------------------------------
  Time: 321.0
   {'type': 1, 'time': 321.0, 'prio': 2, 'para': [1, 26]}
------------------------------
  Wait: []
  Run : [3, 4, 11, 15, 16, 18, 20, 21, 23, 25]
------------------------------
  Tot:60 Idle:6 Avail:6 
------------------------------
[Submit]  26
[Start]  26
  Allocate[26] Req:6 Avail:0 
 [26] Req:6 Run:634.0 
   {'date': 321.0, 'time': 321.0, 'event': 'S', 'uti': 1.0, 'waitNum': 0, 'waitSize': 0, 'inter': 10.0, 'extend': None}
['29', '1708676699.0', '0.0', '11.0', '4', '-1.0', '-1.0', '4', '1800.0', '-1.0', '-1', '-1', '-1', '-1', '-1', '-1', '-1', '0']
  Insert job[2] 341.0
               
>>>>>>>>>>>>>>>>>>>>>>>>>>>>>>>>>>>>>>>>>>>>>
------------------------------
  Time: 331.0
   {'type': 1, 'time': 331.0, 'prio': 2, 'para': [1, 27]}
------------------------------
  Wait: []
  Run : [3, 4, 11, 15, 16, 18, 20, 21, 23, 25, 26]
------------------------------
  Tot:60 Idle:0 Avail:0 
------------------------------
[Submit]  27
   {'date': 331.0, 'time': 331.0, 'event': 'S', 'uti': 1.0, 'waitNum': 1, 'waitSize': 10, 'inter': 10.0, 'extend': None}
['30', '1708676709.0', '1.0', '582.0', '6', '-1.0', '-1.0', '6', '3600.0', '-1.0', '-1', '-1', '-1', '-1', '-1', '-1', '-1', '0']
  Insert job[2] 351.0
               
>>>>>>>>>>>>>>>>>>>>>>>>>>>>>>>>>>>>>>>>>>>>>
------------------------------
  Time: 341.0
   {'type': 1, 'time': 341.0, 'prio': 2, 'para': [1, 28]}
------------------------------
  Wait: [27]
  Run : [3, 4, 11, 15, 16, 18, 20, 21, 23, 25, 26]
------------------------------
  Tot:60 Idle:0 Avail:0 
------------------------------
[Submit]  28
   {'date': 341.0, 'time': 341.0, 'event': 'S', 'uti': 1.0, 'waitNum': 2, 'waitSize': 14, 'inter': 10.0, 'extend': None}
['31', '1708676730.0', '0.0', '273.0', '6', '-1.0', '-1.0', '6', '5400.0', '-1.0', '-1', '-1', '-1', '-1', '-1', '-1', '-1', '0']
  Insert job[2] 372.0
               
>>>>>>>>>>>>>>>>>>>>>>>>>>>>>>>>>>>>>>>>>>>>>
------------------------------
  Time: 351.0
   {'type': 1, 'time': 351.0, 'prio': 2, 'para': [1, 29]}
------------------------------
  Wait: [27, 28]
  Run : [3, 4, 11, 15, 16, 18, 20, 21, 23, 25, 26]
------------------------------
  Tot:60 Idle:0 Avail:0 
------------------------------
[Submit]  29
   {'date': 351.0, 'time': 351.0, 'event': 'S', 'uti': 1.0, 'waitNum': 3, 'waitSize': 20, 'inter': 19.0, 'extend': None}
               
>>>>>>>>>>>>>>>>>>>>>>>>>>>>>>>>>>>>>>>>>>>>>
------------------------------
  Time: 370.0
   {'type': 1, 'time': 370.0, 'prio': 1, 'para': [2, 25]}
------------------------------
  Wait: [27, 28, 29]
  Run : [3, 4, 11, 15, 16, 18, 20, 21, 23, 25, 26]
------------------------------
  Tot:60 Idle:0 Avail:0 
------------------------------
[Finish]  25
  Release[25] Req:12 Avail:12 
 [25] Req:12 Run:59.0 
[Start]  27
  Allocate[27] Req:10 Avail:2 
 [27] Req:10 Run:519.0 
   {'date': 370.0, 'time': 370.0, 'event': 'E', 'uti': 0.9666666666666667, 'waitNum': 2, 'waitSize': 10, 'inter': 2.0, 'extend': None}
['32', '1708676740.0', '12.0', '87.0', '6', '-1.0', '-1.0', '6', '1800.0', '-1.0', '-1', '-1', '-1', '-1', '-1', '-1', '-1', '0']
  Insert job[2] 382.0
               
>>>>>>>>>>>>>>>>>>>>>>>>>>>>>>>>>>>>>>>>>>>>>
------------------------------
  Time: 372.0
   {'type': 1, 'time': 372.0, 'prio': 1, 'para': [2, 18]}
------------------------------
  Wait: [28, 29]
  Run : [3, 4, 11, 15, 16, 18, 20, 21, 23, 26, 27]
------------------------------
  Tot:60 Idle:2 Avail:2 
------------------------------
[Finish]  18
  Release[18] Req:1 Avail:3 
 [18] Req:1 Run:131.0 
   {'date': 372.0, 'time': 372.0, 'event': 'E', 'uti': 0.95, 'waitNum': 2, 'waitSize': 10, 'inter': 0.0, 'extend': None}
               
>>>>>>>>>>>>>>>>>>>>>>>>>>>>>>>>>>>>>>>>>>>>>
------------------------------
  Time: 372.0
   {'type': 1, 'time': 372.0, 'prio': 2, 'para': [1, 30]}
------------------------------
  Wait: [28, 29]
  Run : [3, 4, 11, 15, 16, 20, 21, 23, 26, 27]
------------------------------
  Tot:60 Idle:3 Avail:3 
------------------------------
[Submit]  30
   {'date': 372.0, 'time': 372.0, 'event': 'S', 'uti': 0.95, 'waitNum': 3, 'waitSize': 16, 'inter': 10.0, 'extend': None}
['33', '1708676750.0', '2.0', '583.0', '6', '-1.0', '-1.0', '6', '1800.0', '-1.0', '-1', '-1', '-1', '-1', '-1', '-1', '-1', '0']
  Insert job[2] 392.0
               
>>>>>>>>>>>>>>>>>>>>>>>>>>>>>>>>>>>>>>>>>>>>>
------------------------------
  Time: 382.0
   {'type': 1, 'time': 382.0, 'prio': 2, 'para': [1, 31]}
------------------------------
  Wait: [28, 29, 30]
  Run : [3, 4, 11, 15, 16, 20, 21, 23, 26, 27]
------------------------------
  Tot:60 Idle:3 Avail:3 
------------------------------
[Submit]  31
   {'date': 382.0, 'time': 382.0, 'event': 'S', 'uti': 0.95, 'waitNum': 4, 'waitSize': 22, 'inter': 1.0, 'extend': None}
               
>>>>>>>>>>>>>>>>>>>>>>>>>>>>>>>>>>>>>>>>>>>>>
------------------------------
  Time: 383.0
   {'type': 1, 'time': 383.0, 'prio': 1, 'para': [2, 11]}
------------------------------
  Wait: [28, 29, 30, 31]
  Run : [3, 4, 11, 15, 16, 20, 21, 23, 26, 27]
------------------------------
  Tot:60 Idle:3 Avail:3 
------------------------------
[Finish]  11
  Release[11] Req:2 Avail:5 
 [11] Req:2 Run:262.0 
[Start]  28
  Allocate[28] Req:4 Avail:1 
 [28] Req:4 Run:11.0 
   {'date': 383.0, 'time': 383.0, 'event': 'E', 'uti': 0.9833333333333333, 'waitNum': 3, 'waitSize': 18, 'inter': 9.0, 'extend': None}
['34', '1708676760.0', '489.0', '238.0', '12', '-1.0', '-1.0', '12', '3600.0', '-1.0', '-1', '-1', '-1', '-1', '-1', '-1', '-1', '0']
  Insert job[2] 402.0
               
>>>>>>>>>>>>>>>>>>>>>>>>>>>>>>>>>>>>>>>>>>>>>
------------------------------
  Time: 392.0
   {'type': 1, 'time': 392.0, 'prio': 1, 'para': [2, 20]}
------------------------------
  Wait: [29, 30, 31]
  Run : [3, 4, 15, 16, 20, 21, 23, 26, 27, 28]
------------------------------
  Tot:60 Idle:1 Avail:1 
------------------------------
[Finish]  20
  Release[20] Req:8 Avail:9 
 [20] Req:8 Run:131.0 
[Start]  29
  Allocate[29] Req:6 Avail:3 
 [29] Req:6 Run:582.0 
   {'date': 392.0, 'time': 392.0, 'event': 'E', 'uti': 0.95, 'waitNum': 2, 'waitSize': 12, 'inter': 0.0, 'extend': None}
               
>>>>>>>>>>>>>>>>>>>>>>>>>>>>>>>>>>>>>>>>>>>>>
------------------------------
  Time: 392.0
   {'type': 1, 'time': 392.0, 'prio': 2, 'para': [1, 32]}
------------------------------
  Wait: [30, 31]
  Run : [3, 4, 15, 16, 21, 23, 26, 27, 28, 29]
------------------------------
  Tot:60 Idle:3 Avail:3 
------------------------------
[Submit]  32
   {'date': 392.0, 'time': 392.0, 'event': 'S', 'uti': 0.95, 'waitNum': 3, 'waitSize': 18, 'inter': 2.0, 'extend': None}
               
>>>>>>>>>>>>>>>>>>>>>>>>>>>>>>>>>>>>>>>>>>>>>
------------------------------
  Time: 394.0
   {'type': 1, 'time': 394.0, 'prio': 1, 'para': [2, 28]}
------------------------------
  Wait: [30, 31, 32]
  Run : [3, 4, 15, 16, 21, 23, 26, 27, 28, 29]
------------------------------
  Tot:60 Idle:3 Avail:3 
------------------------------
[Finish]  28
  Release[28] Req:4 Avail:7 
 [28] Req:4 Run:11.0 
[Start]  30
  Allocate[30] Req:6 Avail:1 
 [30] Req:6 Run:273.0 
   {'date': 394.0, 'time': 394.0, 'event': 'E', 'uti': 0.9833333333333333, 'waitNum': 2, 'waitSize': 12, 'inter': 8.0, 'extend': None}
['35', '1708676770.0', '0.0', '11.0', '6', '-1.0', '-1.0', '6', '5400.0', '-1.0', '-1', '-1', '-1', '-1', '-1', '-1', '-1', '0']
  Insert job[2] 412.0
               
>>>>>>>>>>>>>>>>>>>>>>>>>>>>>>>>>>>>>>>>>>>>>
------------------------------
  Time: 402.0
   {'type': 1, 'time': 402.0, 'prio': 2, 'para': [1, 33]}
------------------------------
  Wait: [31, 32]
  Run : [3, 4, 15, 16, 21, 23, 26, 27, 29, 30]
------------------------------
  Tot:60 Idle:1 Avail:1 
------------------------------
[Submit]  33
   {'date': 402.0, 'time': 402.0, 'event': 'S', 'uti': 0.9833333333333333, 'waitNum': 3, 'waitSize': 24, 'inter': 10.0, 'extend': None}
['36', '1708676780.0', '185.0', '168.0', '4', '-1.0', '-1.0', '4', '1800.0', '-1.0', '-1', '-1', '-1', '-1', '-1', '-1', '-1', '0']
  Insert job[2] 422.0
               
>>>>>>>>>>>>>>>>>>>>>>>>>>>>>>>>>>>>>>>>>>>>>
------------------------------
  Time: 412.0
   {'type': 1, 'time': 412.0, 'prio': 2, 'para': [1, 34]}
------------------------------
  Wait: [31, 32, 33]
  Run : [3, 4, 15, 16, 21, 23, 26, 27, 29, 30]
------------------------------
  Tot:60 Idle:1 Avail:1 
------------------------------
[Submit]  34
   {'date': 412.0, 'time': 412.0, 'event': 'S', 'uti': 0.9833333333333333, 'waitNum': 4, 'waitSize': 30, 'inter': 10.0, 'extend': None}
['37', '1708676790.0', '0.0', '34.0', '4', '-1.0', '-1.0', '4', '1800.0', '-1.0', '-1', '-1', '-1', '-1', '-1', '-1', '-1', '0']
  Insert job[2] 432.0
               
>>>>>>>>>>>>>>>>>>>>>>>>>>>>>>>>>>>>>>>>>>>>>
------------------------------
  Time: 422.0
   {'type': 1, 'time': 422.0, 'prio': 2, 'para': [1, 35]}
------------------------------
  Wait: [31, 32, 33, 34]
  Run : [3, 4, 15, 16, 21, 23, 26, 27, 29, 30]
------------------------------
  Tot:60 Idle:1 Avail:1 
------------------------------
[Submit]  35
   {'date': 422.0, 'time': 422.0, 'event': 'S', 'uti': 0.9833333333333333, 'waitNum': 5, 'waitSize': 34, 'inter': 10.0, 'extend': None}
['38', '1708676820.0', '185.0', '7.0', '3', '-1.0', '-1.0', '3', '5400.0', '-1.0', '-1', '-1', '-1', '-1', '-1', '-1', '-1', '0']
  Insert job[2] 462.0
               
>>>>>>>>>>>>>>>>>>>>>>>>>>>>>>>>>>>>>>>>>>>>>
------------------------------
  Time: 432.0
   {'type': 1, 'time': 432.0, 'prio': 2, 'para': [1, 36]}
------------------------------
  Wait: [31, 32, 33, 34, 35]
  Run : [3, 4, 15, 16, 21, 23, 26, 27, 29, 30]
------------------------------
  Tot:60 Idle:1 Avail:1 
------------------------------
[Submit]  36
   {'date': 432.0, 'time': 432.0, 'event': 'S', 'uti': 0.9833333333333333, 'waitNum': 6, 'waitSize': 38, 'inter': 30.0, 'extend': None}
['39', '1708676840.0', '151.0', '62.0', '4', '-1.0', '-1.0', '4', '3600.0', '-1.0', '-1', '-1', '-1', '-1', '-1', '-1', '-1', '0']
  Insert job[2] 482.0
               
>>>>>>>>>>>>>>>>>>>>>>>>>>>>>>>>>>>>>>>>>>>>>
------------------------------
  Time: 462.0
   {'type': 1, 'time': 462.0, 'prio': 2, 'para': [1, 37]}
------------------------------
  Wait: [31, 32, 33, 34, 35, 36]
  Run : [3, 4, 15, 16, 21, 23, 26, 27, 29, 30]
------------------------------
  Tot:60 Idle:1 Avail:1 
------------------------------
[Submit]  37
   {'date': 462.0, 'time': 462.0, 'event': 'S', 'uti': 0.9833333333333333, 'waitNum': 7, 'waitSize': 41, 'inter': 20.0, 'extend': None}
['40', '1708676860.0', '0.0', '669.0', '3', '-1.0', '-1.0', '3', '1800.0', '-1.0', '-1', '-1', '-1', '-1', '-1', '-1', '-1', '0']
  Insert job[2] 502.0
               
>>>>>>>>>>>>>>>>>>>>>>>>>>>>>>>>>>>>>>>>>>>>>
------------------------------
  Time: 482.0
   {'type': 1, 'time': 482.0, 'prio': 2, 'para': [1, 38]}
------------------------------
  Wait: [31, 32, 33, 34, 35, 36, 37]
  Run : [3, 4, 15, 16, 21, 23, 26, 27, 29, 30]
------------------------------
  Tot:60 Idle:1 Avail:1 
------------------------------
[Submit]  38
  Insert mon[5] 500
   {'date': 482.0, 'time': 482.0, 'event': 'S', 'uti': 0.9833333333333333, 'waitNum': 8, 'waitSize': 45, 'inter': 18.0, 'extend': None}
   {'date': 500, 'time': 500, 'event': 'Q', 'uti': 0.9833333333333333, 'waitNum': 8, 'waitSize': 45, 'inter': 2.0, 'extend': None}
['41', '1708676870.0', '0.0', '247.0', '3', '-1.0', '-1.0', '3', '1800.0', '-1.0', '-1', '-1', '-1', '-1', '-1', '-1', '-1', '0']
  Insert job[2] 512.0
               
>>>>>>>>>>>>>>>>>>>>>>>>>>>>>>>>>>>>>>>>>>>>>
------------------------------
  Time: 502.0
   {'type': 1, 'time': 502.0, 'prio': 2, 'para': [1, 39]}
------------------------------
  Wait: [31, 32, 33, 34, 35, 36, 37, 38]
  Run : [3, 4, 15, 16, 21, 23, 26, 27, 29, 30]
------------------------------
  Tot:60 Idle:1 Avail:1 
------------------------------
[Submit]  39
   {'date': 502.0, 'time': 502.0, 'event': 'S', 'uti': 0.9833333333333333, 'waitNum': 9, 'waitSize': 48, 'inter': 10.0, 'extend': None}
['42', '1708676880.0', '178.0', '86.0', '5', '-1.0', '-1.0', '5', '1800.0', '-1.0', '-1', '-1', '-1', '-1', '-1', '-1', '-1', '0']
  Insert job[2] 522.0
               
>>>>>>>>>>>>>>>>>>>>>>>>>>>>>>>>>>>>>>>>>>>>>
------------------------------
  Time: 512.0
   {'type': 1, 'time': 512.0, 'prio': 2, 'para': [1, 40]}
------------------------------
  Wait: [31, 32, 33, 34, 35, 36, 37, 38, 39]
  Run : [3, 4, 15, 16, 21, 23, 26, 27, 29, 30]
------------------------------
  Tot:60 Idle:1 Avail:1 
------------------------------
[Submit]  40
   {'date': 512.0, 'time': 512.0, 'event': 'S', 'uti': 0.9833333333333333, 'waitNum': 10, 'waitSize': 51, 'inter': 10.0, 'extend': None}
['43', '1708676890.0', '115.0', '3.0', '3', '-1.0', '-1.0', '3', '5400.0', '-1.0', '-1', '-1', '-1', '-1', '-1', '-1', '-1', '0']
  Insert job[2] 532.0
               
>>>>>>>>>>>>>>>>>>>>>>>>>>>>>>>>>>>>>>>>>>>>>
------------------------------
  Time: 522.0
   {'type': 1, 'time': 522.0, 'prio': 2, 'para': [1, 41]}
------------------------------
  Wait: [31, 32, 33, 34, 35, 36, 37, 38, 39, 40]
  Run : [3, 4, 15, 16, 21, 23, 26, 27, 29, 30]
------------------------------
  Tot:60 Idle:1 Avail:1 
------------------------------
[Submit]  41
   {'date': 522.0, 'time': 522.0, 'event': 'S', 'uti': 0.9833333333333333, 'waitNum': 11, 'waitSize': 56, 'inter': 10.0, 'extend': None}
['44', '1708676900.0', '0.0', '20.0', '2', '-1.0', '-1.0', '2', '3600.0', '-1.0', '-1', '-1', '-1', '-1', '-1', '-1', '-1', '0']
  Insert job[2] 542.0
               
>>>>>>>>>>>>>>>>>>>>>>>>>>>>>>>>>>>>>>>>>>>>>
------------------------------
  Time: 532.0
   {'type': 1, 'time': 532.0, 'prio': 2, 'para': [1, 42]}
------------------------------
  Wait: [31, 32, 33, 34, 35, 36, 37, 38, 39, 40, 41]
  Run : [3, 4, 15, 16, 21, 23, 26, 27, 29, 30]
------------------------------
  Tot:60 Idle:1 Avail:1 
------------------------------
[Submit]  42
   {'date': 532.0, 'time': 532.0, 'event': 'S', 'uti': 0.9833333333333333, 'waitNum': 12, 'waitSize': 59, 'inter': 10.0, 'extend': None}
['45', '1708676920.0', '93.0', '348.0', '2', '-1.0', '-1.0', '2', '1800.0', '-1.0', '-1', '-1', '-1', '-1', '-1', '-1', '-1', '0']
  Insert job[2] 562.0
               
>>>>>>>>>>>>>>>>>>>>>>>>>>>>>>>>>>>>>>>>>>>>>
------------------------------
  Time: 542.0
   {'type': 1, 'time': 542.0, 'prio': 2, 'para': [1, 43]}
------------------------------
  Wait: [31, 32, 33, 34, 35, 36, 37, 38, 39, 40, 41, 42]
  Run : [3, 4, 15, 16, 21, 23, 26, 27, 29, 30]
------------------------------
  Tot:60 Idle:1 Avail:1 
------------------------------
[Submit]  43
   {'date': 542.0, 'time': 542.0, 'event': 'S', 'uti': 0.9833333333333333, 'waitNum': 13, 'waitSize': 61, 'inter': 20.0, 'extend': None}
['46', '1708676961.0', '185.0', '552.0', '6', '-1.0', '-1.0', '6', '5400.0', '-1.0', '-1', '-1', '-1', '-1', '-1', '-1', '-1', '0']
  Insert job[2] 603.0
               
>>>>>>>>>>>>>>>>>>>>>>>>>>>>>>>>>>>>>>>>>>>>>
------------------------------
  Time: 562.0
   {'type': 1, 'time': 562.0, 'prio': 2, 'para': [1, 44]}
------------------------------
  Wait: [31, 32, 33, 34, 35, 36, 37, 38, 39, 40, 41, 42, 43]
  Run : [3, 4, 15, 16, 21, 23, 26, 27, 29, 30]
------------------------------
  Tot:60 Idle:1 Avail:1 
------------------------------
[Submit]  44
   {'date': 562.0, 'time': 562.0, 'event': 'S', 'uti': 0.9833333333333333, 'waitNum': 14, 'waitSize': 63, 'inter': 41.0, 'extend': None}
['47', '1708676971.0', '0.0', '15.0', '1', '-1.0', '-1.0', '1', '3600.0', '-1.0', '-1', '-1', '-1', '-1', '-1', '-1', '-1', '0']
  Insert job[2] 613.0
               
>>>>>>>>>>>>>>>>>>>>>>>>>>>>>>>>>>>>>>>>>>>>>
------------------------------
  Time: 603.0
   {'type': 1, 'time': 603.0, 'prio': 2, 'para': [1, 45]}
------------------------------
  Wait: [31, 32, 33, 34, 35, 36, 37, 38, 39, 40, 41, 42, 43, 44]
  Run : [3, 4, 15, 16, 21, 23, 26, 27, 29, 30]
------------------------------
  Tot:60 Idle:1 Avail:1 
------------------------------
[Submit]  45
   {'date': 603.0, 'time': 603.0, 'event': 'S', 'uti': 0.9833333333333333, 'waitNum': 15, 'waitSize': 69, 'inter': 10.0, 'extend': None}
['48', '1708676981.0', '94.0', '401.0', '3', '-1.0', '-1.0', '3', '5400.0', '-1.0', '-1', '-1', '-1', '-1', '-1', '-1', '-1', '0']
  Insert job[2] 623.0
               
>>>>>>>>>>>>>>>>>>>>>>>>>>>>>>>>>>>>>>>>>>>>>
------------------------------
  Time: 613.0
   {'type': 1, 'time': 613.0, 'prio': 2, 'para': [1, 46]}
------------------------------
  Wait: [31, 32, 33, 34, 35, 36, 37, 38, 39, 40, 41, 42, 43, 44, 45]
  Run : [3, 4, 15, 16, 21, 23, 26, 27, 29, 30]
------------------------------
  Tot:60 Idle:1 Avail:1 
------------------------------
[Submit]  46
[Start]  46
  Allocate[46] Req:1 Avail:0 
 [46] Req:1 Run:15.0 
   {'date': 613.0, 'time': 613.0, 'event': 'S', 'uti': 1.0, 'waitNum': 15, 'waitSize': 69, 'inter': 10.0, 'extend': None}
['49', '1708677001.0', '74.0', '520.0', '4', '-1.0', '-1.0', '4', '3600.0', '-1.0', '-1', '-1', '-1', '-1', '-1', '-1', '-1', '0']
  Insert job[2] 643.0
               
>>>>>>>>>>>>>>>>>>>>>>>>>>>>>>>>>>>>>>>>>>>>>
------------------------------
  Time: 623.0
   {'type': 1, 'time': 623.0, 'prio': 2, 'para': [1, 47]}
------------------------------
  Wait: [31, 32, 33, 34, 35, 36, 37, 38, 39, 40, 41, 42, 43, 44, 45]
  Run : [3, 4, 15, 16, 21, 23, 26, 27, 29, 30, 46]
------------------------------
  Tot:60 Idle:0 Avail:0 
------------------------------
[Submit]  47
   {'date': 623.0, 'time': 623.0, 'event': 'S', 'uti': 1.0, 'waitNum': 16, 'waitSize': 72, 'inter': 5.0, 'extend': None}
               
>>>>>>>>>>>>>>>>>>>>>>>>>>>>>>>>>>>>>>>>>>>>>
------------------------------
  Time: 628.0
   {'type': 1, 'time': 628.0, 'prio': 1, 'para': [2, 46]}
------------------------------
  Wait: [31, 32, 33, 34, 35, 36, 37, 38, 39, 40, 41, 42, 43, 44, 45, 47]
  Run : [3, 4, 15, 16, 21, 23, 26, 27, 29, 30, 46]
------------------------------
  Tot:60 Idle:0 Avail:0 
------------------------------
[Finish]  46
  Release[46] Req:1 Avail:1 
 [46] Req:1 Run:15.0 
   {'date': 628.0, 'time': 628.0, 'event': 'E', 'uti': 0.9833333333333333, 'waitNum': 16, 'waitSize': 72, 'inter': 4.0, 'extend': None}
               
>>>>>>>>>>>>>>>>>>>>>>>>>>>>>>>>>>>>>>>>>>>>>
------------------------------
  Time: 632.0
   {'type': 1, 'time': 632.0, 'prio': 1, 'para': [2, 3]}
------------------------------
  Wait: [31, 32, 33, 34, 35, 36, 37, 38, 39, 40, 41, 42, 43, 44, 45, 47]
  Run : [3, 4, 15, 16, 21, 23, 26, 27, 29, 30]
------------------------------
  Tot:60 Idle:1 Avail:1 
------------------------------
[Finish]  3
  Release[3] Req:4 Avail:5 
 [3] Req:4 Run:592.0 
[Start]  35
  Allocate[35] Req:4 Avail:1 
 [35] Req:4 Run:168.0 
   {'date': 632.0, 'time': 632.0, 'event': 'E', 'uti': 0.9833333333333333, 'waitNum': 15, 'waitSize': 68, 'inter': 11.0, 'extend': None}
['50', '1708677061.0', '299.0', '179.0', '4', '-1.0', '-1.0', '4', '1800.0', '-1.0', '-1', '-1', '-1', '-1', '-1', '-1', '-1', '0']
  Insert job[2] 703.0
               
>>>>>>>>>>>>>>>>>>>>>>>>>>>>>>>>>>>>>>>>>>>>>
------------------------------
  Time: 643.0
   {'type': 1, 'time': 643.0, 'prio': 2, 'para': [1, 48]}
------------------------------
  Wait: [31, 32, 33, 34, 36, 37, 38, 39, 40, 41, 42, 43, 44, 45, 47]
  Run : [4, 15, 16, 21, 23, 26, 27, 29, 30, 35]
------------------------------
  Tot:60 Idle:1 Avail:1 
------------------------------
[Submit]  48
   {'date': 643.0, 'time': 643.0, 'event': 'S', 'uti': 0.9833333333333333, 'waitNum': 16, 'waitSize': 72, 'inter': 24.0, 'extend': None}
               
>>>>>>>>>>>>>>>>>>>>>>>>>>>>>>>>>>>>>>>>>>>>>
------------------------------
  Time: 667.0
   {'type': 1, 'time': 667.0, 'prio': 1, 'para': [2, 30]}
------------------------------
  Wait: [31, 32, 33, 34, 36, 37, 38, 39, 40, 41, 42, 43, 44, 45, 47, 48]
  Run : [4, 15, 16, 21, 23, 26, 27, 29, 30, 35]
------------------------------
  Tot:60 Idle:1 Avail:1 
------------------------------
[Finish]  30
  Release[30] Req:6 Avail:7 
 [30] Req:6 Run:273.0 
[Start]  31
  Allocate[31] Req:6 Avail:1 
 [31] Req:6 Run:87.0 
   {'date': 667.0, 'time': 667.0, 'event': 'E', 'uti': 0.9833333333333333, 'waitNum': 15, 'waitSize': 66, 'inter': 9.0, 'extend': None}
               
>>>>>>>>>>>>>>>>>>>>>>>>>>>>>>>>>>>>>>>>>>>>>
------------------------------
  Time: 676.0
   {'type': 1, 'time': 676.0, 'prio': 1, 'para': [2, 4]}
------------------------------
  Wait: [32, 33, 34, 36, 37, 38, 39, 40, 41, 42, 43, 44, 45, 47, 48]
  Run : [4, 15, 16, 21, 23, 26, 27, 29, 35, 31]
------------------------------
  Tot:60 Idle:1 Avail:1 
------------------------------
[Finish]  4
  Release[4] Req:2 Avail:3 
 [4] Req:2 Run:626.0 
[Start]  37
  Allocate[37] Req:3 Avail:0 
 [37] Req:3 Run:7.0 
   {'date': 676.0, 'time': 676.0, 'event': 'E', 'uti': 1.0, 'waitNum': 14, 'waitSize': 63, 'inter': 7.0, 'extend': None}
               
>>>>>>>>>>>>>>>>>>>>>>>>>>>>>>>>>>>>>>>>>>>>>
------------------------------
  Time: 683.0
   {'type': 1, 'time': 683.0, 'prio': 1, 'para': [2, 37]}
------------------------------
  Wait: [32, 33, 34, 36, 38, 39, 40, 41, 42, 43, 44, 45, 47, 48]
  Run : [15, 16, 21, 23, 26, 27, 29, 35, 31, 37]
------------------------------
  Tot:60 Idle:0 Avail:0 
------------------------------
[Finish]  37
  Release[37] Req:3 Avail:3 
 [37] Req:3 Run:7.0 
[Start]  39
  Allocate[39] Req:3 Avail:0 
 [39] Req:3 Run:669.0 
   {'date': 683.0, 'time': 683.0, 'event': 'E', 'uti': 1.0, 'waitNum': 13, 'waitSize': 60, 'inter': 16.0, 'extend': None}
               
>>>>>>>>>>>>>>>>>>>>>>>>>>>>>>>>>>>>>>>>>>>>>
------------------------------
  Time: 699.0
   {'type': 1, 'time': 699.0, 'prio': 1, 'para': [2, 16]}
------------------------------
  Wait: [32, 33, 34, 36, 38, 40, 41, 42, 43, 44, 45, 47, 48]
  Run : [15, 16, 21, 23, 26, 27, 29, 35, 31, 39]
------------------------------
  Tot:60 Idle:0 Avail:0 
------------------------------
[Finish]  16
  Release[16] Req:3 Avail:3 
 [16] Req:3 Run:488.0 
[Start]  40
  Allocate[40] Req:3 Avail:0 
 [40] Req:3 Run:247.0 
   {'date': 699.0, 'time': 699.0, 'event': 'E', 'uti': 1.0, 'waitNum': 12, 'waitSize': 57, 'inter': 4.0, 'extend': None}
['51', '1708677071.0', '289.0', '122.0', '4', '-1.0', '-1.0', '4', '5400.0', '-1.0', '-1', '-1', '-1', '-1', '-1', '-1', '-1', '0']
  Insert job[2] 713.0
               
>>>>>>>>>>>>>>>>>>>>>>>>>>>>>>>>>>>>>>>>>>>>>
------------------------------
  Time: 703.0
   {'type': 1, 'time': 703.0, 'prio': 2, 'para': [1, 49]}
------------------------------
  Wait: [32, 33, 34, 36, 38, 41, 42, 43, 44, 45, 47, 48]
  Run : [15, 21, 23, 26, 27, 29, 35, 31, 39, 40]
------------------------------
  Tot:60 Idle:0 Avail:0 
------------------------------
[Submit]  49
   {'date': 703.0, 'time': 703.0, 'event': 'S', 'uti': 1.0, 'waitNum': 13, 'waitSize': 61, 'inter': 10.0, 'extend': None}
['52', '1708677121.0', '29.0', '864.0', '2', '-1.0', '-1.0', '2', '5400.0', '-1.0', '-1', '-1', '-1', '-1', '-1', '-1', '-1', '0']
  Insert job[2] 763.0
               
>>>>>>>>>>>>>>>>>>>>>>>>>>>>>>>>>>>>>>>>>>>>>
------------------------------
  Time: 713.0
   {'type': 1, 'time': 713.0, 'prio': 2, 'para': [1, 50]}
------------------------------
  Wait: [32, 33, 34, 36, 38, 41, 42, 43, 44, 45, 47, 48, 49]
  Run : [15, 21, 23, 26, 27, 29, 35, 31, 39, 40]
------------------------------
  Tot:60 Idle:0 Avail:0 
------------------------------
[Submit]  50
   {'date': 713.0, 'time': 713.0, 'event': 'S', 'uti': 1.0, 'waitNum': 14, 'waitSize': 65, 'inter': 41.0, 'extend': None}
               
>>>>>>>>>>>>>>>>>>>>>>>>>>>>>>>>>>>>>>>>>>>>>
------------------------------
  Time: 754.0
   {'type': 1, 'time': 754.0, 'prio': 1, 'para': [2, 31]}
------------------------------
  Wait: [32, 33, 34, 36, 38, 41, 42, 43, 44, 45, 47, 48, 49, 50]
  Run : [15, 21, 23, 26, 27, 29, 35, 31, 39, 40]
------------------------------
  Tot:60 Idle:0 Avail:0 
------------------------------
[Finish]  31
  Release[31] Req:6 Avail:6 
 [31] Req:6 Run:87.0 
[Start]  32
  Allocate[32] Req:6 Avail:0 
 [32] Req:6 Run:583.0 
   {'date': 754.0, 'time': 754.0, 'event': 'E', 'uti': 1.0, 'waitNum': 13, 'waitSize': 59, 'inter': 9.0, 'extend': None}
['53', '1708677141.0', '559.0', '234.0', '6', '-1.0', '-1.0', '6', '3600.0', '-1.0', '-1', '-1', '-1', '-1', '-1', '-1', '-1', '0']
  Insert job[2] 783.0
               
>>>>>>>>>>>>>>>>>>>>>>>>>>>>>>>>>>>>>>>>>>>>>
------------------------------
  Time: 763.0
   {'type': 1, 'time': 763.0, 'prio': 2, 'para': [1, 51]}
------------------------------
  Wait: [33, 34, 36, 38, 41, 42, 43, 44, 45, 47, 48, 49, 50]
  Run : [15, 21, 23, 26, 27, 29, 35, 39, 40, 32]
------------------------------
  Tot:60 Idle:0 Avail:0 
------------------------------
[Submit]  51
   {'date': 763.0, 'time': 763.0, 'event': 'S', 'uti': 1.0, 'waitNum': 14, 'waitSize': 61, 'inter': 20.0, 'extend': None}
['54', '1708677161.0', '355.0', '285.0', '5', '-1.0', '-1.0', '5', '1800.0', '-1.0', '-1', '-1', '-1', '-1', '-1', '-1', '-1', '0']
  Insert job[2] 803.0
               
>>>>>>>>>>>>>>>>>>>>>>>>>>>>>>>>>>>>>>>>>>>>>
------------------------------
  Time: 783.0
   {'type': 1, 'time': 783.0, 'prio': 2, 'para': [1, 52]}
------------------------------
  Wait: [33, 34, 36, 38, 41, 42, 43, 44, 45, 47, 48, 49, 50, 51]
  Run : [15, 21, 23, 26, 27, 29, 35, 39, 40, 32]
------------------------------
  Tot:60 Idle:0 Avail:0 
------------------------------
[Submit]  52
   {'date': 783.0, 'time': 783.0, 'event': 'S', 'uti': 1.0, 'waitNum': 15, 'waitSize': 67, 'inter': 17.0, 'extend': None}
               
>>>>>>>>>>>>>>>>>>>>>>>>>>>>>>>>>>>>>>>>>>>>>
------------------------------
  Time: 800.0
   {'type': 1, 'time': 800.0, 'prio': 1, 'para': [2, 35]}
------------------------------
  Wait: [33, 34, 36, 38, 41, 42, 43, 44, 45, 47, 48, 49, 50, 51, 52]
  Run : [15, 21, 23, 26, 27, 29, 35, 39, 40, 32]
------------------------------
  Tot:60 Idle:0 Avail:0 
------------------------------
[Finish]  35
  Release[35] Req:4 Avail:4 
 [35] Req:4 Run:168.0 
[Start]  36
  Allocate[36] Req:4 Avail:0 
 [36] Req:4 Run:34.0 
   {'date': 800.0, 'time': 800.0, 'event': 'E', 'uti': 1.0, 'waitNum': 14, 'waitSize': 63, 'inter': 3.0, 'extend': None}
['55', '1708677171.0', '659.0', '93.0', '6', '-1.0', '-1.0', '6', '5400.0', '-1.0', '-1', '-1', '-1', '-1', '-1', '-1', '-1', '0']
  Insert job[2] 813.0
               
>>>>>>>>>>>>>>>>>>>>>>>>>>>>>>>>>>>>>>>>>>>>>
------------------------------
  Time: 803.0
   {'type': 1, 'time': 803.0, 'prio': 2, 'para': [1, 53]}
------------------------------
  Wait: [33, 34, 38, 41, 42, 43, 44, 45, 47, 48, 49, 50, 51, 52]
  Run : [15, 21, 23, 26, 27, 29, 39, 40, 32, 36]
------------------------------
  Tot:60 Idle:0 Avail:0 
------------------------------
[Submit]  53
   {'date': 803.0, 'time': 803.0, 'event': 'S', 'uti': 1.0, 'waitNum': 15, 'waitSize': 68, 'inter': 10.0, 'extend': None}
['56', '1708677181.0', '161.0', '14.0', '6', '-1.0', '-1.0', '6', '3600.0', '-1.0', '-1', '-1', '-1', '-1', '-1', '-1', '-1', '0']
  Insert job[2] 823.0
               
>>>>>>>>>>>>>>>>>>>>>>>>>>>>>>>>>>>>>>>>>>>>>
------------------------------
  Time: 813.0
   {'type': 1, 'time': 813.0, 'prio': 2, 'para': [1, 54]}
------------------------------
  Wait: [33, 34, 38, 41, 42, 43, 44, 45, 47, 48, 49, 50, 51, 52, 53]
  Run : [15, 21, 23, 26, 27, 29, 39, 40, 32, 36]
------------------------------
  Tot:60 Idle:0 Avail:0 
------------------------------
[Submit]  54
   {'date': 813.0, 'time': 813.0, 'event': 'S', 'uti': 1.0, 'waitNum': 16, 'waitSize': 74, 'inter': 10.0, 'extend': None}
['57', '1708677201.0', '659.0', '148.0', '6', '-1.0', '-1.0', '6', '5400.0', '-1.0', '-1', '-1', '-1', '-1', '-1', '-1', '-1', '0']
  Insert job[2] 843.0
               
>>>>>>>>>>>>>>>>>>>>>>>>>>>>>>>>>>>>>>>>>>>>>
------------------------------
  Time: 823.0
   {'type': 1, 'time': 823.0, 'prio': 2, 'para': [1, 55]}
------------------------------
  Wait: [33, 34, 38, 41, 42, 43, 44, 45, 47, 48, 49, 50, 51, 52, 53, 54]
  Run : [15, 21, 23, 26, 27, 29, 39, 40, 32, 36]
------------------------------
  Tot:60 Idle:0 Avail:0 
------------------------------
[Submit]  55
   {'date': 823.0, 'time': 823.0, 'event': 'S', 'uti': 1.0, 'waitNum': 17, 'waitSize': 80, 'inter': 11.0, 'extend': None}
               
>>>>>>>>>>>>>>>>>>>>>>>>>>>>>>>>>>>>>>>>>>>>>
------------------------------
  Time: 834.0
   {'type': 1, 'time': 834.0, 'prio': 1, 'para': [2, 36]}
------------------------------
  Wait: [33, 34, 38, 41, 42, 43, 44, 45, 47, 48, 49, 50, 51, 52, 53, 54, 55]
  Run : [15, 21, 23, 26, 27, 29, 39, 40, 32, 36]
------------------------------
  Tot:60 Idle:0 Avail:0 
------------------------------
[Finish]  36
  Release[36] Req:4 Avail:4 
 [36] Req:4 Run:34.0 
[Start]  38
  Allocate[38] Req:4 Avail:0 
 [38] Req:4 Run:62.0 
   {'date': 834.0, 'time': 834.0, 'event': 'E', 'uti': 1.0, 'waitNum': 16, 'waitSize': 76, 'inter': 9.0, 'extend': None}
['58', '1708677212.0', '318.0', '268.0', '3', '-1.0', '-1.0', '3', '5400.0', '-1.0', '-1', '-1', '-1', '-1', '-1', '-1', '-1', '0']
  Insert job[2] 854.0
               
>>>>>>>>>>>>>>>>>>>>>>>>>>>>>>>>>>>>>>>>>>>>>
------------------------------
  Time: 843.0
   {'type': 1, 'time': 843.0, 'prio': 2, 'para': [1, 56]}
------------------------------
  Wait: [33, 34, 41, 42, 43, 44, 45, 47, 48, 49, 50, 51, 52, 53, 54, 55]
  Run : [15, 21, 23, 26, 27, 29, 39, 40, 32, 38]
------------------------------
  Tot:60 Idle:0 Avail:0 
------------------------------
[Submit]  56
   {'date': 843.0, 'time': 843.0, 'event': 'S', 'uti': 1.0, 'waitNum': 17, 'waitSize': 82, 'inter': 11.0, 'extend': None}
['59', '1708677262.0', '59.0', '761.0', '1', '-1.0', '-1.0', '1', '3600.0', '-1.0', '-1', '-1', '-1', '-1', '-1', '-1', '-1', '0']
  Insert job[2] 904.0
               
>>>>>>>>>>>>>>>>>>>>>>>>>>>>>>>>>>>>>>>>>>>>>
------------------------------
  Time: 854.0
   {'type': 1, 'time': 854.0, 'prio': 2, 'para': [1, 57]}
------------------------------
  Wait: [33, 34, 41, 42, 43, 44, 45, 47, 48, 49, 50, 51, 52, 53, 54, 55, 56]
  Run : [15, 21, 23, 26, 27, 29, 39, 40, 32, 38]
------------------------------
  Tot:60 Idle:0 Avail:0 
------------------------------
[Submit]  57
   {'date': 854.0, 'time': 854.0, 'event': 'S', 'uti': 1.0, 'waitNum': 18, 'waitSize': 85, 'inter': 35.0, 'extend': None}
               
>>>>>>>>>>>>>>>>>>>>>>>>>>>>>>>>>>>>>>>>>>>>>
------------------------------
  Time: 889.0
   {'type': 1, 'time': 889.0, 'prio': 1, 'para': [2, 27]}
------------------------------
  Wait: [33, 34, 41, 42, 43, 44, 45, 47, 48, 49, 50, 51, 52, 53, 54, 55, 56, 57]
  Run : [15, 21, 23, 26, 27, 29, 39, 40, 32, 38]
------------------------------
  Tot:60 Idle:0 Avail:0 
------------------------------
[Finish]  27
  Release[27] Req:10 Avail:10 
 [27] Req:10 Run:519.0 
[Start]  34
  Allocate[34] Req:6 Avail:4 
 [34] Req:6 Run:11.0 
[Start]  42
  Allocate[42] Req:3 Avail:1 
 [42] Req:3 Run:3.0 
   {'date': 889.0, 'time': 889.0, 'event': 'E', 'uti': 0.9833333333333333, 'waitNum': 16, 'waitSize': 76, 'inter': 3.0, 'extend': None}
               
>>>>>>>>>>>>>>>>>>>>>>>>>>>>>>>>>>>>>>>>>>>>>
------------------------------
  Time: 892.0
   {'type': 1, 'time': 892.0, 'prio': 1, 'para': [2, 42]}
------------------------------
  Wait: [33, 41, 43, 44, 45, 47, 48, 49, 50, 51, 52, 53, 54, 55, 56, 57]
  Run : [15, 21, 23, 26, 29, 39, 40, 32, 38, 34, 42]
------------------------------
  Tot:60 Idle:1 Avail:1 
------------------------------
[Finish]  42
  Release[42] Req:3 Avail:4 
 [42] Req:3 Run:3.0 
[Start]  43
  Allocate[43] Req:2 Avail:2 
 [43] Req:2 Run:20.0 
[Start]  44
  Allocate[44] Req:2 Avail:0 
 [44] Req:2 Run:348.0 
   {'date': 892.0, 'time': 892.0, 'event': 'E', 'uti': 1.0, 'waitNum': 14, 'waitSize': 72, 'inter': 4.0, 'extend': None}
               
>>>>>>>>>>>>>>>>>>>>>>>>>>>>>>>>>>>>>>>>>>>>>
------------------------------
  Time: 896.0
   {'type': 1, 'time': 896.0, 'prio': 1, 'para': [2, 38]}
------------------------------
  Wait: [33, 41, 45, 47, 48, 49, 50, 51, 52, 53, 54, 55, 56, 57]
  Run : [15, 21, 23, 26, 29, 39, 40, 32, 38, 34, 43, 44]
------------------------------
  Tot:60 Idle:0 Avail:0 
------------------------------
[Finish]  38
  Release[38] Req:4 Avail:4 
 [38] Req:4 Run:62.0 
[Start]  47
  Allocate[47] Req:3 Avail:1 
 [47] Req:3 Run:401.0 
   {'date': 896.0, 'time': 896.0, 'event': 'E', 'uti': 0.9833333333333333, 'waitNum': 13, 'waitSize': 69, 'inter': 4.0, 'extend': None}
               
>>>>>>>>>>>>>>>>>>>>>>>>>>>>>>>>>>>>>>>>>>>>>
------------------------------
  Time: 900.0
   {'type': 1, 'time': 900.0, 'prio': 1, 'para': [2, 34]}
------------------------------
  Wait: [33, 41, 45, 48, 49, 50, 51, 52, 53, 54, 55, 56, 57]
  Run : [15, 21, 23, 26, 29, 39, 40, 32, 34, 43, 44, 47]
------------------------------
  Tot:60 Idle:1 Avail:1 
------------------------------
[Finish]  34
  Release[34] Req:6 Avail:7 
 [34] Req:6 Run:11.0 
[Start]  41
  Allocate[41] Req:5 Avail:2 
 [41] Req:5 Run:86.0 
   {'date': 900.0, 'time': 900.0, 'event': 'E', 'uti': 0.9666666666666667, 'waitNum': 12, 'waitSize': 64, 'inter': 4.0, 'extend': None}
['60', '1708677272.0', '206.0', '124.0', '3', '-1.0', '-1.0', '3', '3600.0', '-1.0', '-1', '-1', '-1', '-1', '-1', '-1', '-1', '0']
  Insert job[2] 914.0
               
>>>>>>>>>>>>>>>>>>>>>>>>>>>>>>>>>>>>>>>>>>>>>
------------------------------
  Time: 904.0
   {'type': 1, 'time': 904.0, 'prio': 2, 'para': [1, 58]}
------------------------------
  Wait: [33, 45, 48, 49, 50, 51, 52, 53, 54, 55, 56, 57]
  Run : [15, 21, 23, 26, 29, 39, 40, 32, 43, 44, 47, 41]
------------------------------
  Tot:60 Idle:2 Avail:2 
------------------------------
[Submit]  58
[Start]  51
  Allocate[51] Req:2 Avail:0 
 [51] Req:2 Run:864.0 
   {'date': 904.0, 'time': 904.0, 'event': 'S', 'uti': 1.0, 'waitNum': 12, 'waitSize': 63, 'inter': 8.0, 'extend': None}
               
>>>>>>>>>>>>>>>>>>>>>>>>>>>>>>>>>>>>>>>>>>>>>
------------------------------
  Time: 912.0
   {'type': 1, 'time': 912.0, 'prio': 1, 'para': [2, 43]}
------------------------------
  Wait: [33, 45, 48, 49, 50, 52, 53, 54, 55, 56, 57, 58]
  Run : [15, 21, 23, 26, 29, 39, 40, 32, 43, 44, 47, 41, 51]
------------------------------
  Tot:60 Idle:0 Avail:0 
------------------------------
[Finish]  43
  Release[43] Req:2 Avail:2 
 [43] Req:2 Run:20.0 
[Start]  58
  Allocate[58] Req:1 Avail:1 
 [58] Req:1 Run:761.0 
   {'date': 912.0, 'time': 912.0, 'event': 'E', 'uti': 0.9833333333333333, 'waitNum': 11, 'waitSize': 62, 'inter': 2.0, 'extend': None}
['61', '1708677312.0', '228.0', '104.0', '3', '-1.0', '-1.0', '3', '5400.0', '-1.0', '-1', '-1', '-1', '-1', '-1', '-1', '-1', '0']
  Insert job[2] 954.0
               
>>>>>>>>>>>>>>>>>>>>>>>>>>>>>>>>>>>>>>>>>>>>>
------------------------------
  Time: 914.0
   {'type': 1, 'time': 914.0, 'prio': 2, 'para': [1, 59]}
------------------------------
  Wait: [33, 45, 48, 49, 50, 52, 53, 54, 55, 56, 57]
  Run : [15, 21, 23, 26, 29, 39, 40, 32, 44, 47, 41, 51, 58]
------------------------------
  Tot:60 Idle:1 Avail:1 
------------------------------
[Submit]  59
   {'date': 914.0, 'time': 914.0, 'event': 'S', 'uti': 0.9833333333333333, 'waitNum': 12, 'waitSize': 65, 'inter': 32.0, 'extend': None}
               
>>>>>>>>>>>>>>>>>>>>>>>>>>>>>>>>>>>>>>>>>>>>>
------------------------------
  Time: 946.0
   {'type': 1, 'time': 946.0, 'prio': 1, 'para': [2, 40]}
------------------------------
  Wait: [33, 45, 48, 49, 50, 52, 53, 54, 55, 56, 57, 59]
  Run : [15, 21, 23, 26, 29, 39, 40, 32, 44, 47, 41, 51, 58]
------------------------------
  Tot:60 Idle:1 Avail:1 
------------------------------
[Finish]  40
  Release[40] Req:3 Avail:4 
 [40] Req:3 Run:247.0 
[Start]  48
  Allocate[48] Req:4 Avail:0 
 [48] Req:4 Run:520.0 
   {'date': 946.0, 'time': 946.0, 'event': 'E', 'uti': 1.0, 'waitNum': 11, 'waitSize': 61, 'inter': 8.0, 'extend': None}
['62', '1708677322.0', '762.0', '8.0', '8', '-1.0', '-1.0', '8', '1800.0', '-1.0', '-1', '-1', '-1', '-1', '-1', '-1', '-1', '0']
  Insert job[2] 964.0
               
>>>>>>>>>>>>>>>>>>>>>>>>>>>>>>>>>>>>>>>>>>>>>
------------------------------
  Time: 954.0
   {'type': 1, 'time': 954.0, 'prio': 2, 'para': [1, 60]}
------------------------------
  Wait: [33, 45, 49, 50, 52, 53, 54, 55, 56, 57, 59]
  Run : [15, 21, 23, 26, 29, 39, 32, 44, 47, 41, 51, 58, 48]
------------------------------
  Tot:60 Idle:0 Avail:0 
------------------------------
[Submit]  60
   {'date': 954.0, 'time': 954.0, 'event': 'S', 'uti': 1.0, 'waitNum': 12, 'waitSize': 64, 'inter': 1.0, 'extend': None}
               
>>>>>>>>>>>>>>>>>>>>>>>>>>>>>>>>>>>>>>>>>>>>>
------------------------------
  Time: 955.0
   {'type': 1, 'time': 955.0, 'prio': 1, 'para': [2, 26]}
------------------------------
  Wait: [33, 45, 49, 50, 52, 53, 54, 55, 56, 57, 59, 60]
  Run : [15, 21, 23, 26, 29, 39, 32, 44, 47, 41, 51, 58, 48]
------------------------------
  Tot:60 Idle:0 Avail:0 
------------------------------
[Finish]  26
  Release[26] Req:6 Avail:6 
 [26] Req:6 Run:634.0 
[Start]  45
  Allocate[45] Req:6 Avail:0 
 [45] Req:6 Run:552.0 
   {'date': 955.0, 'time': 955.0, 'event': 'E', 'uti': 1.0, 'waitNum': 11, 'waitSize': 58, 'inter': 9.0, 'extend': None}
['63', '1708677332.0', '264.0', '40.0', '3', '-1.0', '-1.0', '3', '5400.0', '-1.0', '-1', '-1', '-1', '-1', '-1', '-1', '-1', '0']
  Insert job[2] 974.0
               
>>>>>>>>>>>>>>>>>>>>>>>>>>>>>>>>>>>>>>>>>>>>>
------------------------------
  Time: 964.0
   {'type': 1, 'time': 964.0, 'prio': 2, 'para': [1, 61]}
------------------------------
  Wait: [33, 49, 50, 52, 53, 54, 55, 56, 57, 59, 60]
  Run : [15, 21, 23, 29, 39, 32, 44, 47, 41, 51, 58, 48, 45]
------------------------------
  Tot:60 Idle:0 Avail:0 
------------------------------
[Submit]  61
   {'date': 964.0, 'time': 964.0, 'event': 'S', 'uti': 1.0, 'waitNum': 12, 'waitSize': 66, 'inter': 10.0, 'extend': None}
               
>>>>>>>>>>>>>>>>>>>>>>>>>>>>>>>>>>>>>>>>>>>>>
------------------------------
  Time: 974.0
   {'type': 1, 'time': 974.0, 'prio': 1, 'para': [2, 29]}
------------------------------
  Wait: [33, 49, 50, 52, 53, 54, 55, 56, 57, 59, 60, 61]
  Run : [15, 21, 23, 29, 39, 32, 44, 47, 41, 51, 58, 48, 45]
------------------------------
  Tot:60 Idle:0 Avail:0 
------------------------------
[Finish]  29
  Release[29] Req:6 Avail:6 
 [29] Req:6 Run:582.0 
[Start]  49
  Allocate[49] Req:4 Avail:2 
 [49] Req:4 Run:179.0 
   {'date': 974.0, 'time': 974.0, 'event': 'E', 'uti': 0.9666666666666667, 'waitNum': 11, 'waitSize': 62, 'inter': 0.0, 'extend': None}
               
>>>>>>>>>>>>>>>>>>>>>>>>>>>>>>>>>>>>>>>>>>>>>
------------------------------
  Time: 974.0
   {'type': 1, 'time': 974.0, 'prio': 2, 'para': [1, 62]}
------------------------------
  Wait: [33, 50, 52, 53, 54, 55, 56, 57, 59, 60, 61]
  Run : [15, 21, 23, 39, 32, 44, 47, 41, 51, 58, 48, 45, 49]
------------------------------
  Tot:60 Idle:2 Avail:2 
------------------------------
[Submit]  62
   {'date': 974.0, 'time': 974.0, 'event': 'S', 'uti': 0.9666666666666667, 'waitNum': 12, 'waitSize': 65, 'inter': 12.0, 'extend': None}
               
>>>>>>>>>>>>>>>>>>>>>>>>>>>>>>>>>>>>>>>>>>>>>
------------------------------
  Time: 986.0
   {'type': 1, 'time': 986.0, 'prio': 1, 'para': [2, 41]}
------------------------------
  Wait: [33, 50, 52, 53, 54, 55, 56, 57, 59, 60, 61, 62]
  Run : [15, 21, 23, 39, 32, 44, 47, 41, 51, 58, 48, 45, 49]
------------------------------
  Tot:60 Idle:2 Avail:2 
------------------------------
[Finish]  41
  Release[41] Req:5 Avail:7 
 [41] Req:5 Run:86.0 
[Start]  50
  Allocate[50] Req:4 Avail:3 
 [50] Req:4 Run:122.0 
[Start]  60
  Allocate[60] Req:3 Avail:0 
 [60] Req:3 Run:104.0 
   {'date': 986.0, 'time': 986.0, 'event': 'E', 'uti': 1.0, 'waitNum': 10, 'waitSize': 58, 'inter': 12.0, 'extend': None}
               
>>>>>>>>>>>>>>>>>>>>>>>>>>>>>>>>>>>>>>>>>>>>>
------------------------------
  Time: 998.0
   {'type': 1, 'time': 998.0, 'prio': 1, 'para': [2, 21]}
------------------------------
  Wait: [33, 52, 53, 54, 55, 56, 57, 59, 61, 62]
  Run : [15, 21, 23, 39, 32, 44, 47, 51, 58, 48, 45, 49, 50, 60]
------------------------------
  Tot:60 Idle:0 Avail:0 
------------------------------
[Finish]  21
  Release[21] Req:4 Avail:4 
 [21] Req:4 Run:727.0 
[Start]  57
  Allocate[57] Req:3 Avail:1 
 [57] Req:3 Run:268.0 
  Insert mon[5] 1000
   {'date': 998.0, 'time': 998.0, 'event': 'E', 'uti': 0.9833333333333333, 'waitNum': 9, 'waitSize': 55, 'inter': 2.0, 'extend': None}
   {'date': 1000, 'time': 1000, 'event': 'Q', 'uti': 0.9833333333333333, 'waitNum': 9, 'waitSize': 55, 'inter': 90.0, 'extend': None}
               
>>>>>>>>>>>>>>>>>>>>>>>>>>>>>>>>>>>>>>>>>>>>>
------------------------------
  Time: 1090.0
   {'type': 1, 'time': 1090.0, 'prio': 1, 'para': [2, 60]}
------------------------------
  Wait: [33, 52, 53, 54, 55, 56, 59, 61, 62]
  Run : [15, 23, 39, 32, 44, 47, 51, 58, 48, 45, 49, 50, 60, 57]
------------------------------
  Tot:60 Idle:1 Avail:1 
------------------------------
[Finish]  60
  Release[60] Req:3 Avail:4 
 [60] Req:3 Run:104.0 
[Start]  59
  Allocate[59] Req:3 Avail:1 
 [59] Req:3 Run:124.0 
   {'date': 1090.0, 'time': 1090.0, 'event': 'E', 'uti': 0.9833333333333333, 'waitNum': 8, 'waitSize': 52, 'inter': 18.0, 'extend': None}
               
>>>>>>>>>>>>>>>>>>>>>>>>>>>>>>>>>>>>>>>>>>>>>
------------------------------
  Time: 1108.0
   {'type': 1, 'time': 1108.0, 'prio': 1, 'para': [2, 50]}
------------------------------
  Wait: [33, 52, 53, 54, 55, 56, 61, 62]
  Run : [15, 23, 39, 32, 44, 47, 51, 58, 48, 45, 49, 50, 57, 59]
------------------------------
  Tot:60 Idle:1 Avail:1 
------------------------------
[Finish]  50
  Release[50] Req:4 Avail:5 
 [50] Req:4 Run:122.0 
[Start]  53
  Allocate[53] Req:5 Avail:0 
 [53] Req:5 Run:285.0 
   {'date': 1108.0, 'time': 1108.0, 'event': 'E', 'uti': 1.0, 'waitNum': 7, 'waitSize': 47, 'inter': 45.0, 'extend': None}
               
>>>>>>>>>>>>>>>>>>>>>>>>>>>>>>>>>>>>>>>>>>>>>
------------------------------
  Time: 1153.0
   {'type': 1, 'time': 1153.0, 'prio': 1, 'para': [2, 49]}
------------------------------
  Wait: [33, 52, 54, 55, 56, 61, 62]
  Run : [15, 23, 39, 32, 44, 47, 51, 58, 48, 45, 49, 57, 59, 53]
------------------------------
  Tot:60 Idle:0 Avail:0 
------------------------------
[Finish]  49
  Release[49] Req:4 Avail:4 
 [49] Req:4 Run:179.0 
[Start]  62
  Allocate[62] Req:3 Avail:1 
 [62] Req:3 Run:40.0 
   {'date': 1153.0, 'time': 1153.0, 'event': 'E', 'uti': 0.9833333333333333, 'waitNum': 6, 'waitSize': 44, 'inter': 4.0, 'extend': None}
               
>>>>>>>>>>>>>>>>>>>>>>>>>>>>>>>>>>>>>>>>>>>>>
------------------------------
  Time: 1157.0
   {'type': 1, 'time': 1157.0, 'prio': 1, 'para': [2, 23]}
------------------------------
  Wait: [33, 52, 54, 55, 56, 61]
  Run : [15, 23, 39, 32, 44, 47, 51, 58, 48, 45, 57, 59, 53, 62]
------------------------------
  Tot:60 Idle:1 Avail:1 
------------------------------
[Finish]  23
  Release[23] Req:3 Avail:4 
 [23] Req:3 Run:866.0 
   {'date': 1157.0, 'time': 1157.0, 'event': 'E', 'uti': 0.9333333333333333, 'waitNum': 6, 'waitSize': 44, 'inter': 36.0, 'extend': None}
               
>>>>>>>>>>>>>>>>>>>>>>>>>>>>>>>>>>>>>>>>>>>>>
------------------------------
  Time: 1193.0
   {'type': 1, 'time': 1193.0, 'prio': 1, 'para': [2, 62]}
------------------------------
  Wait: [33, 52, 54, 55, 56, 61]
  Run : [15, 39, 32, 44, 47, 51, 58, 48, 45, 57, 59, 53, 62]
------------------------------
  Tot:60 Idle:4 Avail:4 
------------------------------
[Finish]  62
  Release[62] Req:3 Avail:7 
 [62] Req:3 Run:40.0 
[Start]  52
  Allocate[52] Req:6 Avail:1 
 [52] Req:6 Run:234.0 
   {'date': 1193.0, 'time': 1193.0, 'event': 'E', 'uti': 0.9833333333333333, 'waitNum': 5, 'waitSize': 38, 'inter': 21.0, 'extend': None}
               
>>>>>>>>>>>>>>>>>>>>>>>>>>>>>>>>>>>>>>>>>>>>>
------------------------------
  Time: 1214.0
   {'type': 1, 'time': 1214.0, 'prio': 1, 'para': [2, 59]}
------------------------------
  Wait: [33, 54, 55, 56, 61]
  Run : [15, 39, 32, 44, 47, 51, 58, 48, 45, 57, 59, 53, 52]
------------------------------
  Tot:60 Idle:1 Avail:1 
------------------------------
[Finish]  59
  Release[59] Req:3 Avail:4 
 [59] Req:3 Run:124.0 
   {'date': 1214.0, 'time': 1214.0, 'event': 'E', 'uti': 0.9333333333333333, 'waitNum': 5, 'waitSize': 38, 'inter': 26.0, 'extend': None}
               
>>>>>>>>>>>>>>>>>>>>>>>>>>>>>>>>>>>>>>>>>>>>>
------------------------------
  Time: 1240.0
   {'type': 1, 'time': 1240.0, 'prio': 1, 'para': [2, 44]}
------------------------------
  Wait: [33, 54, 55, 56, 61]
  Run : [15, 39, 32, 44, 47, 51, 58, 48, 45, 57, 53, 52]
------------------------------
  Tot:60 Idle:4 Avail:4 
------------------------------
[Finish]  44
  Release[44] Req:2 Avail:6 
 [44] Req:2 Run:348.0 
[Start]  54
  Allocate[54] Req:6 Avail:0 
 [54] Req:6 Run:93.0 
   {'date': 1240.0, 'time': 1240.0, 'event': 'E', 'uti': 1.0, 'waitNum': 4, 'waitSize': 32, 'inter': 26.0, 'extend': None}
               
>>>>>>>>>>>>>>>>>>>>>>>>>>>>>>>>>>>>>>>>>>>>>
------------------------------
  Time: 1266.0
   {'type': 1, 'time': 1266.0, 'prio': 1, 'para': [2, 57]}
------------------------------
  Wait: [33, 55, 56, 61]
  Run : [15, 39, 32, 47, 51, 58, 48, 45, 57, 53, 52, 54]
------------------------------
  Tot:60 Idle:0 Avail:0 
------------------------------
[Finish]  57
  Release[57] Req:3 Avail:3 
 [57] Req:3 Run:268.0 
   {'date': 1266.0, 'time': 1266.0, 'event': 'E', 'uti': 0.95, 'waitNum': 4, 'waitSize': 32, 'inter': 31.0, 'extend': None}
               
>>>>>>>>>>>>>>>>>>>>>>>>>>>>>>>>>>>>>>>>>>>>>
------------------------------
  Time: 1297.0
   {'type': 1, 'time': 1297.0, 'prio': 1, 'para': [2, 47]}
------------------------------
  Wait: [33, 55, 56, 61]
  Run : [15, 39, 32, 47, 51, 58, 48, 45, 53, 52, 54]
------------------------------
  Tot:60 Idle:3 Avail:3 
------------------------------
[Finish]  47
  Release[47] Req:3 Avail:6 
 [47] Req:3 Run:401.0 
[Start]  55
  Allocate[55] Req:6 Avail:0 
 [55] Req:6 Run:14.0 
   {'date': 1297.0, 'time': 1297.0, 'event': 'E', 'uti': 1.0, 'waitNum': 3, 'waitSize': 26, 'inter': 14.0, 'extend': None}
               
>>>>>>>>>>>>>>>>>>>>>>>>>>>>>>>>>>>>>>>>>>>>>
------------------------------
  Time: 1311.0
   {'type': 1, 'time': 1311.0, 'prio': 1, 'para': [2, 55]}
------------------------------
  Wait: [33, 56, 61]
  Run : [15, 39, 32, 51, 58, 48, 45, 53, 52, 54, 55]
------------------------------
  Tot:60 Idle:0 Avail:0 
------------------------------
[Finish]  55
  Release[55] Req:6 Avail:6 
 [55] Req:6 Run:14.0 
[Start]  56
  Allocate[56] Req:6 Avail:0 
 [56] Req:6 Run:148.0 
   {'date': 1311.0, 'time': 1311.0, 'event': 'E', 'uti': 1.0, 'waitNum': 2, 'waitSize': 20, 'inter': 22.0, 'extend': None}
               
>>>>>>>>>>>>>>>>>>>>>>>>>>>>>>>>>>>>>>>>>>>>>
------------------------------
  Time: 1333.0
   {'type': 1, 'time': 1333.0, 'prio': 1, 'para': [2, 54]}
------------------------------
  Wait: [33, 61]
  Run : [15, 39, 32, 51, 58, 48, 45, 53, 52, 54, 56]
------------------------------
  Tot:60 Idle:0 Avail:0 
------------------------------
[Finish]  54
  Release[54] Req:6 Avail:6 
 [54] Req:6 Run:93.0 
   {'date': 1333.0, 'time': 1333.0, 'event': 'E', 'uti': 0.9, 'waitNum': 2, 'waitSize': 20, 'inter': 4.0, 'extend': None}
               
>>>>>>>>>>>>>>>>>>>>>>>>>>>>>>>>>>>>>>>>>>>>>
------------------------------
  Time: 1337.0
   {'type': 1, 'time': 1337.0, 'prio': 1, 'para': [2, 32]}
------------------------------
  Wait: [33, 61]
  Run : [15, 39, 32, 51, 58, 48, 45, 53, 52, 56]
------------------------------
  Tot:60 Idle:6 Avail:6 
------------------------------
[Finish]  32
  Release[32] Req:6 Avail:12 
 [32] Req:6 Run:583.0 
[Start]  33
  Allocate[33] Req:12 Avail:0 
 [33] Req:12 Run:238.0 
   {'date': 1337.0, 'time': 1337.0, 'event': 'E', 'uti': 1.0, 'waitNum': 1, 'waitSize': 8, 'inter': 15.0, 'extend': None}
               
>>>>>>>>>>>>>>>>>>>>>>>>>>>>>>>>>>>>>>>>>>>>>
------------------------------
  Time: 1352.0
   {'type': 1, 'time': 1352.0, 'prio': 1, 'para': [2, 39]}
------------------------------
  Wait: [61]
  Run : [15, 39, 51, 58, 48, 45, 53, 52, 56, 33]
------------------------------
  Tot:60 Idle:0 Avail:0 
------------------------------
[Finish]  39
  Release[39] Req:3 Avail:3 
 [39] Req:3 Run:669.0 
   {'date': 1352.0, 'time': 1352.0, 'event': 'E', 'uti': 0.95, 'waitNum': 1, 'waitSize': 8, 'inter': 41.0, 'extend': None}
               
>>>>>>>>>>>>>>>>>>>>>>>>>>>>>>>>>>>>>>>>>>>>>
------------------------------
  Time: 1393.0
   {'type': 1, 'time': 1393.0, 'prio': 1, 'para': [2, 53]}
------------------------------
  Wait: [61]
  Run : [15, 51, 58, 48, 45, 53, 52, 56, 33]
------------------------------
  Tot:60 Idle:3 Avail:3 
------------------------------
[Finish]  53
  Release[53] Req:5 Avail:8 
 [53] Req:5 Run:285.0 
[Start]  61
  Allocate[61] Req:8 Avail:0 
 [61] Req:8 Run:8.0 
   {'date': 1393.0, 'time': 1393.0, 'event': 'E', 'uti': 1.0, 'waitNum': 0, 'waitSize': 0, 'inter': 8.0, 'extend': None}
               
>>>>>>>>>>>>>>>>>>>>>>>>>>>>>>>>>>>>>>>>>>>>>
------------------------------
  Time: 1401.0
   {'type': 1, 'time': 1401.0, 'prio': 1, 'para': [2, 61]}
------------------------------
  Wait: []
  Run : [15, 51, 58, 48, 45, 52, 56, 33, 61]
------------------------------
  Tot:60 Idle:0 Avail:0 
------------------------------
[Finish]  61
  Release[61] Req:8 Avail:8 
 [61] Req:8 Run:8.0 
   {'date': 1401.0, 'time': 1401.0, 'event': 'E', 'uti': 0.8666666666666667, 'waitNum': 0, 'waitSize': 0, 'inter': 26.0, 'extend': None}
               
>>>>>>>>>>>>>>>>>>>>>>>>>>>>>>>>>>>>>>>>>>>>>
------------------------------
  Time: 1427.0
   {'type': 1, 'time': 1427.0, 'prio': 1, 'para': [2, 52]}
------------------------------
  Wait: []
  Run : [15, 51, 58, 48, 45, 52, 56, 33]
------------------------------
  Tot:60 Idle:8 Avail:8 
------------------------------
[Finish]  52
  Release[52] Req:6 Avail:14 
 [52] Req:6 Run:234.0 
   {'date': 1427.0, 'time': 1427.0, 'event': 'E', 'uti': 0.7666666666666667, 'waitNum': 0, 'waitSize': 0, 'inter': 32.0, 'extend': None}
               
>>>>>>>>>>>>>>>>>>>>>>>>>>>>>>>>>>>>>>>>>>>>>
------------------------------
  Time: 1459.0
   {'type': 1, 'time': 1459.0, 'prio': 1, 'para': [2, 56]}
------------------------------
  Wait: []
  Run : [15, 51, 58, 48, 45, 56, 33]
------------------------------
  Tot:60 Idle:14 Avail:14 
------------------------------
[Finish]  56
  Release[56] Req:6 Avail:20 
 [56] Req:6 Run:148.0 
   {'date': 1459.0, 'time': 1459.0, 'event': 'E', 'uti': 0.6666666666666666, 'waitNum': 0, 'waitSize': 0, 'inter': 7.0, 'extend': None}
               
>>>>>>>>>>>>>>>>>>>>>>>>>>>>>>>>>>>>>>>>>>>>>
------------------------------
  Time: 1466.0
   {'type': 1, 'time': 1466.0, 'prio': 1, 'para': [2, 48]}
------------------------------
  Wait: []
  Run : [15, 51, 58, 48, 45, 33]
------------------------------
  Tot:60 Idle:20 Avail:20 
------------------------------
[Finish]  48
  Release[48] Req:4 Avail:24 
 [48] Req:4 Run:520.0 
  Insert mon[5] 1500
   {'date': 1466.0, 'time': 1466.0, 'event': 'E', 'uti': 0.6, 'waitNum': 0, 'waitSize': 0, 'inter': 34.0, 'extend': None}
   {'date': 1500, 'time': 1500, 'event': 'Q', 'uti': 0.6, 'waitNum': 0, 'waitSize': 0, 'inter': 7.0, 'extend': None}
               
>>>>>>>>>>>>>>>>>>>>>>>>>>>>>>>>>>>>>>>>>>>>>
------------------------------
  Time: 1507.0
   {'type': 1, 'time': 1507.0, 'prio': 1, 'para': [2, 45]}
------------------------------
  Wait: []
  Run : [15, 51, 58, 45, 33]
------------------------------
  Tot:60 Idle:24 Avail:24 
------------------------------
[Finish]  45
  Release[45] Req:6 Avail:30 
 [45] Req:6 Run:552.0 
   {'date': 1507.0, 'time': 1507.0, 'event': 'E', 'uti': 0.5, 'waitNum': 0, 'waitSize': 0, 'inter': 68.0, 'extend': None}
               
>>>>>>>>>>>>>>>>>>>>>>>>>>>>>>>>>>>>>>>>>>>>>
------------------------------
  Time: 1575.0
   {'type': 1, 'time': 1575.0, 'prio': 1, 'para': [2, 33]}
------------------------------
  Wait: []
  Run : [15, 51, 58, 33]
------------------------------
  Tot:60 Idle:30 Avail:30 
------------------------------
[Finish]  33
  Release[33] Req:12 Avail:42 
 [33] Req:12 Run:238.0 
   {'date': 1575.0, 'time': 1575.0, 'event': 'E', 'uti': 0.3, 'waitNum': 0, 'waitSize': 0, 'inter': 98.0, 'extend': None}
               
>>>>>>>>>>>>>>>>>>>>>>>>>>>>>>>>>>>>>>>>>>>>>
------------------------------
  Time: 1673.0
   {'type': 1, 'time': 1673.0, 'prio': 1, 'para': [2, 58]}
------------------------------
  Wait: []
  Run : [15, 51, 58]
------------------------------
  Tot:60 Idle:42 Avail:42 
------------------------------
[Finish]  58
  Release[58] Req:1 Avail:43 
 [58] Req:1 Run:761.0 
   {'date': 1673.0, 'time': 1673.0, 'event': 'E', 'uti': 0.2833333333333333, 'waitNum': 0, 'waitSize': 0, 'inter': 95.0, 'extend': None}
               
>>>>>>>>>>>>>>>>>>>>>>>>>>>>>>>>>>>>>>>>>>>>>
------------------------------
  Time: 1768.0
   {'type': 1, 'time': 1768.0, 'prio': 1, 'para': [2, 51]}
------------------------------
  Wait: []
  Run : [15, 51]
------------------------------
  Tot:60 Idle:43 Avail:43 
------------------------------
[Finish]  51
  Release[51] Req:2 Avail:45 
 [51] Req:2 Run:864.0 
   {'date': 1768.0, 'time': 1768.0, 'event': 'E', 'uti': 0.25, 'waitNum': 0, 'waitSize': 0, 'inter': 223.0, 'extend': None}
               
>>>>>>>>>>>>>>>>>>>>>>>>>>>>>>>>>>>>>>>>>>>>>
------------------------------
  Time: 1991.0
   {'type': 1, 'time': 1991.0, 'prio': 1, 'para': [2, 15]}
------------------------------
  Wait: []
  Run : [15]
------------------------------
  Tot:60 Idle:45 Avail:45 
------------------------------
[Finish]  15
  Release[15] Req:15 Avail:60 
 [15] Req:15 Run:1800.0 
   {'date': 1991.0, 'time': 1991.0, 'event': 'E', 'uti': 0.0, 'waitNum': 0, 'waitSize': 0, 'inter': 0, 'extend': None}
===============
===============
               
------ Simulating Done!
